[2016-01-25 00:32:26,255][INFO ][ActiveMQ Session Task-143][XDRInserterImpl                                   ][  65] jdbc returns successful with result 0. (could be triggered insert)
[2016-01-25 00:32:26,255][INFO ][ActiveMQ Session Task-143][CrceCdrRVMNotificationXDRHandlerImpl              ][  72] ---> sent to revmon: [trafficType=SMSMO, category=null, currency=[currencyId=1, relation=100, currencyName=Pesos, unitName=centavos], revenue=0, RvmEvent=[sessionCreationTimestamp=1424617250025, sessionId=SMS123456XdrComponentTest]]
[2016-01-25 00:32:26,255][ERROR][pool-7-thread-1][RVMJBRPooledNotificationTransportHandlerImpl      ][  75] Error on JBR Transporter: 
java.lang.IndexOutOfBoundsException: Index: 0, Size: 0
	at java.util.ArrayList.rangeCheck(ArrayList.java:635)
	at java.util.ArrayList.get(ArrayList.java:411)
	at com.inewcs.remoting.balancers.FairPlayBalancer.selectLocator(Unknown Source)
	at com.inewcs.remoting.ClusteredTransporterClient.invoke(Unknown Source)
	at com.sun.proxy.$Proxy10.send(Unknown Source)
	at com.inewcs.mvno.xdr.handler.notification.rvm.RVMJBRPooledNotificationTransportHandlerImpl$RvmTask.run(RVMJBRPooledNotificationTransportHandlerImpl.java:65)
	at java.util.concurrent.ThreadPoolExecutor.runWorker(ThreadPoolExecutor.java:1145)
	at java.util.concurrent.ThreadPoolExecutor$Worker.run(ThreadPoolExecutor.java:615)
	at java.lang.Thread.run(Thread.java:744)
[2016-01-25 00:32:26,256][INFO ][ActiveMQ Session Task-143][LcmVoiceTrafficNotificationXDRHandlerImpl         ][ 100] LCM Call Notification enabled but not applicable.
[2016-01-25 00:32:26,256][INFO ][ActiveMQ Session Task-143][XDRConsumerImpl                                   ][ 313] -------- xdr processed successfully --------
[2016-01-25 00:32:26,256][INFO ][ActiveMQ Session Task-143][XDRConsumerImpl                                   ][ 211] ------ finished consuming from queue://inew-cs.crce.cdr -------
[2016-01-25 00:32:26,715][INFO ][Timer-58       ][XDRBackgroundFileWriter                           ][ 115] flushed 9 records to file CRCE_RECHARGE_20160124131226.csv.tmp
[2016-01-25 00:32:27,272][WARN ][Timer-56       ][AbstractXDRFileHandler                            ][ 165] FILE CLOSED::CRCE_MONEYTX_20160125003057.csv.tmp
[2016-01-25 00:32:27,273][INFO ][Timer-56       ][AbstractXDRFileHandler                            ][ 210] deleted zero size file: CRCE_MONEYTX_20160125003057.csv.tmp
[2016-01-25 00:32:27,273][WARN ][Timer-56       ][AbstractXDRFileHandler                            ][ 178] File Writer closed!
[2016-01-25 00:32:27,273][WARN ][Timer-56       ][AbstractXDRFileHandler                            ][  98] CREATING NEW FILE ...
[2016-01-25 00:32:27,273][INFO ][Timer-56       ][AbstractXDRFileHandler                            ][ 110] creationTime: 2016-01-25 00:32:27
[2016-01-25 00:32:27,273][WARN ][Timer-56       ][AbstractXDRFileHandler                            ][ 118] NEW FILE CREATED::/var/opt/inew/xdr/common/etl_export/crce_moneytx/CRCE_MONEYTX_20160125003227.csv.tmp
[2016-01-25 00:32:27,274][INFO ][Timer-56       ][AbstractXDRFileHandler                            ][ 126] expirationTime: 2016-01-25 00:33:27
[2016-01-25 00:32:27,274][INFO ][Timer-56       ][AbstractXDRFileHandler                            ][  78] --- started file handler ---
[2016-01-25 00:32:35,374][WARN ][Timer-50       ][AbstractXDRFileHandler                            ][ 165] FILE CLOSED::CRCE_CDR_20160125003135.csv.tmp
[2016-01-25 00:32:35,374][INFO ][Timer-50       ][AbstractXDRFileHandler                            ][ 199] file renamed from: CRCE_CDR_20160125003135.csv.tmp to: CRCE_CDR_20160125003135.csv
[2016-01-25 00:32:35,375][WARN ][Timer-50       ][AbstractXDRFileHandler                            ][ 178] File Writer closed!
[2016-01-25 00:32:35,375][WARN ][Timer-50       ][AbstractXDRFileHandler                            ][  98] CREATING NEW FILE ...
[2016-01-25 00:32:35,375][INFO ][Timer-50       ][AbstractXDRFileHandler                            ][ 110] creationTime: 2016-01-25 00:32:35
[2016-01-25 00:32:35,375][WARN ][Timer-50       ][AbstractXDRFileHandler                            ][ 118] NEW FILE CREATED::/var/opt/inew/xdr/common/etl_export/crce_cdr/CRCE_CDR_20160125003235.csv.tmp
[2016-01-25 00:32:35,375][INFO ][Timer-50       ][AbstractXDRFileHandler                            ][ 126] expirationTime: 2016-01-25 00:33:35
[2016-01-25 00:32:35,376][INFO ][Timer-50       ][AbstractXDRFileHandler                            ][  78] --- started file handler ---
[2016-01-25 00:32:35,376][INFO ][Timer-50       ][XDRBackgroundFileWriter                           ][ 115] flushed 2 records to file CRCE_CDR_20160125003235.csv.tmp