[2016-01-24 00:32:23,410][INFO ][ActiveMQ Session Task-141][XDRConsumerImpl                                   ][ 194] ------ start consuming from queue://inew-cs.crce.cdr -------
[2016-01-24 00:32:23,410][INFO ][ActiveMQ Session Task-141][HealthMonitor                                     ][ 115] it is time for next active db check.
[2016-01-24 00:32:23,410][INFO ][ActiveMQ Session Task-141][XDRConsumerImpl                                   ][ 308] --------- start processing record ---------
[2016-01-24 00:32:23,410][INFO ][ActiveMQ Session Task-141][XDRConsumerImpl                                   ][ 309] 1.4|101|true|1|CRCE|CDR|crce01.xxxx|2015-02-23T09:37:42.312+0000|2015-02-23T09:37:06.000+0000|DATA123456XdrComponentTest|1|1|74456|573190001000|PREPAID|ACTIVE||0|NONE|OK||1.2|FinalCommit|BasicSession|732123710001000|573190001000|false||||Data|web.vmc.net.cl|1||GPRS|false|||2015-02-23T09:37:06.000+0000|0|35509|10284|20481|20481|815390348|false|101026|15734488|101026|25600|MB Whatsapp|74754400|PREPAID|OK||
[2016-01-24 00:32:23,410][INFO ][pool-1-thread-1][HealthMonitor                                     ][ 167] performing db health check . . .
[2016-01-24 00:32:23,412][INFO ][pool-1-thread-1][HealthMonitor                                     ][ 175] connection is valid.
[2016-01-24 00:32:23,417][INFO ][ActiveMQ Session Task-141][XDRInserterImpl                                   ][  65] jdbc returns successful with result 0. (could be triggered insert)
[2016-01-24 00:32:23,418][INFO ][ActiveMQ Session Task-141][CrceCdrRVMNotificationXDRHandlerImpl              ][  72] ---> sent to revmon: [trafficType=DATA, category=null, currency=[currencyId=101009, relation=1048576, currencyName=MB Whatsapp, unitName=byte], revenue=25600, RvmEvent=[sessionCreationTimestamp=1424684226000, sessionId=DATA123456XdrComponentTest]]
[2016-01-24 00:32:23,418][ERROR][pool-7-thread-2][RVMJBRPooledNotificationTransportHandlerImpl      ][  75] Error on JBR Transporter: 
java.lang.IndexOutOfBoundsException: Index: 0, Size: 0
	at java.util.ArrayList.rangeCheck(ArrayList.java:635)
	at java.util.ArrayList.get(ArrayList.java:411)
	at com.inewcs.remoting.balancers.FairPlayBalancer.selectLocator(Unknown Source)
	at com.inewcs.remoting.ClusteredTransporterClient.invoke(Unknown Source)
	at com.sun.proxy.$Proxy10.send(Unknown Source)
	at com.inewcs.mvno.xdr.handler.notification.rvm.RVMJBRPooledNotificationTransportHandlerImpl$RvmTask.run(RVMJBRPooledNotificationTransportHandlerImpl.java:65)
	at java.util.concurrent.ThreadPoolExecutor.runWorker(ThreadPoolExecutor.java:1145)
	at java.util.concurrent.ThreadPoolExecutor$Worker.run(ThreadPoolExecutor.java:615)
	at java.lang.Thread.run(Thread.java:744)
[2016-01-24 00:32:23,418][INFO ][ActiveMQ Session Task-141][LcmVoiceTrafficNotificationXDRHandlerImpl         ][ 100] LCM Call Notification enabled but not applicable.
[2016-01-24 00:32:23,418][INFO ][ActiveMQ Session Task-141][XDRConsumerImpl                                   ][ 313] -------- xdr processed successfully --------
[2016-01-24 00:32:23,419][INFO ][ActiveMQ Session Task-141][XDRConsumerImpl                                   ][ 211] ------ finished consuming from queue://inew-cs.crce.cdr -------
[2016-01-24 00:32:26,427][INFO ][Timer-58       ][XDRBackgroundFileWriter                           ][ 115] flushed 5 records to file CRCE_RECHARGE_20160123131226.csv.tmp
[2016-01-24 00:32:26,683][WARN ][Timer-56       ][AbstractXDRFileHandler                            ][ 165] FILE CLOSED::CRCE_MONEYTX_20160124003056.csv.tmp
[2016-01-24 00:32:26,683][INFO ][Timer-56       ][AbstractXDRFileHandler                            ][ 210] deleted zero size file: CRCE_MONEYTX_20160124003056.csv.tmp
[2016-01-24 00:32:26,683][WARN ][Timer-56       ][AbstractXDRFileHandler                            ][ 178] File Writer closed!
[2016-01-24 00:32:26,684][WARN ][Timer-56       ][AbstractXDRFileHandler                            ][  98] CREATING NEW FILE ...
[2016-01-24 00:32:26,684][INFO ][Timer-56       ][AbstractXDRFileHandler                            ][ 110] creationTime: 2016-01-24 00:32:26
[2016-01-24 00:32:26,684][WARN ][Timer-56       ][AbstractXDRFileHandler                            ][ 118] NEW FILE CREATED::/var/opt/inew/xdr/common/etl_export/crce_moneytx/CRCE_MONEYTX_20160124003226.csv.tmp
[2016-01-24 00:32:26,684][INFO ][Timer-56       ][AbstractXDRFileHandler                            ][ 126] expirationTime: 2016-01-24 00:33:26
[2016-01-24 00:32:26,684][INFO ][Timer-56       ][AbstractXDRFileHandler                            ][  78] --- started file handler ---