[2014-03-24 15:00:11,365][INFO ][root][Application.main()                                ] Application START: I-New Calls Generator 4.0.0 using command line args: /opt/robot/robotworkspace/external_tests/CG_unified_workspace/sessions/IN-sessions/SingleMoc30s.cgs /opt/robot/robotworkspace/external_tests/CG_unified_workspace/ -i /opt/robot/robotworkspace/robot_testsuites/basic/MOC_International_1s/workspace.ini -s /opt/robot/robotworkspace/robot_testsuites/basic/MOC_International_1s/SingleMocSubscriber.csv -f /opt/robot/robotworkspace/robot_testsuites/basic/MOC_International_1s/MOCFlex.csv  
[2014-03-24 15:00:11,379][INFO ][root][WorkspacesUtility.setCurrentWorkspace()           ] Switching to workspace /opt/robot/robotworkspace/external_tests/CG_unified_workspace 
[2014-03-24 15:00:45,946][INFO ][root][CmdLineExecutorUtility.processCmdLine()           ] Application END with ReturnCode=0 
[2014-03-24 15:00:49,688][INFO ][root][Application.main()                                ] Application START: I-New Calls Generator 4.0.0 using command line args: /opt/robot/robotworkspace/external_tests/CG_unified_workspace/sessions/IN-sessions/SingleMoc30s.cgs /opt/robot/robotworkspace/external_tests/CG_unified_workspace/ -i /opt/robot/robotworkspace/robot_testsuites/basic/MOC_OffNet_1s/workspace.ini -s /opt/robot/robotworkspace/robot_testsuites/basic/MOC_OffNet_1s/SingleMocSubscriber.csv -f /opt/robot/robotworkspace/robot_testsuites/basic/MOC_OffNet_1s/MOCFlex.csv  
[2014-03-24 15:00:49,700][INFO ][root][WorkspacesUtility.setCurrentWorkspace()           ] Switching to workspace /opt/robot/robotworkspace/external_tests/CG_unified_workspace 
[2014-03-24 15:01:24,928][INFO ][root][CmdLineExecutorUtility.processCmdLine()           ] Application END with ReturnCode=0 
[2014-03-24 15:01:28,296][INFO ][root][Application.main()                                ] Application START: I-New Calls Generator 4.0.0 using command line args: /opt/robot/robotworkspace/external_tests/CG_unified_workspace/sessions/IN-sessions/SingleMoc30s.cgs /opt/robot/robotworkspace/external_tests/CG_unified_workspace/ -i /opt/robot/robotworkspace/robot_testsuites/basic/MOC_OnNet_1s/workspace.ini -s /opt/robot/robotworkspace/robot_testsuites/basic/MOC_OnNet_1s/SingleMocSubscriber.csv -f /opt/robot/robotworkspace/robot_testsuites/basic/MOC_OnNet_1s/MOCFlex.csv  
[2014-03-24 15:01:28,315][INFO ][root][WorkspacesUtility.setCurrentWorkspace()           ] Switching to workspace /opt/robot/robotworkspace/external_tests/CG_unified_workspace 
[2014-03-24 15:02:03,214][INFO ][root][CmdLineExecutorUtility.processCmdLine()           ] Application END with ReturnCode=0 
[2014-03-24 15:02:06,219][INFO ][root][Application.main()                                ] Application START: I-New Calls Generator 4.0.0 using command line args: /opt/robot/robotworkspace/external_tests/CG_unified_workspace/sessions/IN-sessions/SingleMoc30s.cgs /opt/robot/robotworkspace/external_tests/CG_unified_workspace/ -i /opt/robot/robotworkspace/robot_testsuites/basic/rMOC_International_1s/workspace.ini -s /opt/robot/robotworkspace/robot_testsuites/basic/rMOC_International_1s/SingleMocSubscriber.csv -f /opt/robot/robotworkspace/robot_testsuites/basic/rMOC_International_1s/MOCFlex.csv  
[2014-03-24 15:02:06,229][INFO ][root][WorkspacesUtility.setCurrentWorkspace()           ] Switching to workspace /opt/robot/robotworkspace/external_tests/CG_unified_workspace 
[2014-03-24 15:02:40,783][INFO ][root][CmdLineExecutorUtility.processCmdLine()           ] Application END with ReturnCode=0 
[2014-03-24 15:02:44,259][INFO ][root][Application.main()                                ] Application START: I-New Calls Generator 4.0.0 using command line args: /opt/robot/robotworkspace/external_tests/CG_unified_workspace/sessions/IN-sessions/SingleMoc30s.cgs /opt/robot/robotworkspace/external_tests/CG_unified_workspace/ -i /opt/robot/robotworkspace/robot_testsuites/basic/rMOC_OffNet_1s/workspace.ini -s /opt/robot/robotworkspace/robot_testsuites/basic/rMOC_OffNet_1s/SingleMocSubscriber.csv -f /opt/robot/robotworkspace/robot_testsuites/basic/rMOC_OffNet_1s/MOCFlex.csv  
[2014-03-24 15:02:44,269][INFO ][root][WorkspacesUtility.setCurrentWorkspace()           ] Switching to workspace /opt/robot/robotworkspace/external_tests/CG_unified_workspace 
[2014-03-24 15:03:18,824][INFO ][root][CmdLineExecutorUtility.processCmdLine()           ] Application END with ReturnCode=0 
[2014-03-24 15:03:21,791][INFO ][root][Application.main()                                ] Application START: I-New Calls Generator 4.0.0 using command line args: /opt/robot/robotworkspace/external_tests/CG_unified_workspace/sessions/IN-sessions/SingleMoc30s.cgs /opt/robot/robotworkspace/external_tests/CG_unified_workspace/ -i /opt/robot/robotworkspace/robot_testsuites/basic/rMOC_OnNet_1s/workspace.ini -s /opt/robot/robotworkspace/robot_testsuites/basic/rMOC_OnNet_1s/SingleMocSubscriber.csv -f /opt/robot/robotworkspace/robot_testsuites/basic/rMOC_OnNet_1s/MOCFlex.csv  
[2014-03-24 15:03:21,805][INFO ][root][WorkspacesUtility.setCurrentWorkspace()           ] Switching to workspace /opt/robot/robotworkspace/external_tests/CG_unified_workspace 
[2014-03-24 15:03:56,380][INFO ][root][CmdLineExecutorUtility.processCmdLine()           ] Application END with ReturnCode=0 
[2014-03-25 09:23:34,997][INFO ][root][Application.main()                                ] Application START: I-New Calls Generator 4.0.0 using command line args: /opt/robot/robotworkspace/external_tests/CG_unified_workspace/sessions/IN-sessions/SingleMoc30s.cgs /opt/robot/robotworkspace/external_tests/CG_unified_workspace/ -i /opt/robot/robotworkspace/robot_testsuites/basic/MOC_International_30s/workspace.ini -s /opt/robot/robotworkspace/robot_testsuites/basic/MOC_International_30s/SingleMocSubscriber.csv -f /opt/robot/robotworkspace/robot_testsuites/basic/MOC_International_30s/MOCFlex.csv  
[2014-03-25 09:23:35,007][INFO ][root][WorkspacesUtility.setCurrentWorkspace()           ] Switching to workspace /opt/robot/robotworkspace/external_tests/CG_unified_workspace 
[2014-03-25 09:23:43,586][INFO ][root][CmdLineExecutorUtility.processCmdLine()           ] Application END with ReturnCode=1 
[2014-03-25 09:23:47,306][INFO ][root][Application.main()                                ] Application START: I-New Calls Generator 4.0.0 using command line args: /opt/robot/robotworkspace/external_tests/CG_unified_workspace/sessions/IN-sessions/SingleMoc30s.cgs /opt/robot/robotworkspace/external_tests/CG_unified_workspace/ -i /opt/robot/robotworkspace/robot_testsuites/basic/MOC_OffNet_30s/workspace.ini -s /opt/robot/robotworkspace/robot_testsuites/basic/MOC_OffNet_30s/SingleMocSubscriber.csv -f /opt/robot/robotworkspace/robot_testsuites/basic/MOC_OffNet_30s/MOCFlex.csv  
[2014-03-25 09:23:47,318][INFO ][root][WorkspacesUtility.setCurrentWorkspace()           ] Switching to workspace /opt/robot/robotworkspace/external_tests/CG_unified_workspace 
[2014-03-25 09:24:26,284][INFO ][root][CmdLineExecutorUtility.processCmdLine()           ] Application END with ReturnCode=0 
[2014-03-25 09:24:30,740][INFO ][root][Application.main()                                ] Application START: I-New Calls Generator 4.0.0 using command line args: /opt/robot/robotworkspace/external_tests/CG_unified_workspace/sessions/IN-sessions/SingleMoc30s.cgs /opt/robot/robotworkspace/external_tests/CG_unified_workspace/ -i /opt/robot/robotworkspace/robot_testsuites/basic/MOC_OnNet_30s/workspace.ini -s /opt/robot/robotworkspace/robot_testsuites/basic/MOC_OnNet_30s/SingleMocSubscriber.csv -f /opt/robot/robotworkspace/robot_testsuites/basic/MOC_OnNet_30s/MOCFlex.csv  
[2014-03-25 09:24:30,752][INFO ][root][WorkspacesUtility.setCurrentWorkspace()           ] Switching to workspace /opt/robot/robotworkspace/external_tests/CG_unified_workspace 
[2014-03-25 09:25:06,692][INFO ][root][CmdLineExecutorUtility.processCmdLine()           ] Application END with ReturnCode=0 
[2014-03-25 09:25:10,197][INFO ][root][Application.main()                                ] Application START: I-New Calls Generator 4.0.0 using command line args: /opt/robot/robotworkspace/external_tests/CG_unified_workspace/sessions/IN-sessions/SingleMoc30s.cgs /opt/robot/robotworkspace/external_tests/CG_unified_workspace/ -i /opt/robot/robotworkspace/robot_testsuites/basic/rMOC_International_30s/workspace.ini -s /opt/robot/robotworkspace/robot_testsuites/basic/rMOC_International_30s/SingleMocSubscriber.csv -f /opt/robot/robotworkspace/robot_testsuites/basic/rMOC_International_30s/MOCFlex.csv  
[2014-03-25 09:25:10,207][INFO ][root][WorkspacesUtility.setCurrentWorkspace()           ] Switching to workspace /opt/robot/robotworkspace/external_tests/CG_unified_workspace 
[2014-03-25 09:25:44,760][INFO ][root][CmdLineExecutorUtility.processCmdLine()           ] Application END with ReturnCode=0 
[2014-03-25 09:25:49,402][INFO ][root][Application.main()                                ] Application START: I-New Calls Generator 4.0.0 using command line args: /opt/robot/robotworkspace/external_tests/CG_unified_workspace/sessions/IN-sessions/SingleMoc30s.cgs /opt/robot/robotworkspace/external_tests/CG_unified_workspace/ -i /opt/robot/robotworkspace/robot_testsuites/basic/rMOC_OffNet_30s/workspace.ini -s /opt/robot/robotworkspace/robot_testsuites/basic/rMOC_OffNet_30s/SingleMocSubscriber.csv -f /opt/robot/robotworkspace/robot_testsuites/basic/rMOC_OffNet_30s/MOCFlex.csv  
[2014-03-25 09:25:49,411][INFO ][root][WorkspacesUtility.setCurrentWorkspace()           ] Switching to workspace /opt/robot/robotworkspace/external_tests/CG_unified_workspace 
[2014-03-25 09:26:23,969][INFO ][root][CmdLineExecutorUtility.processCmdLine()           ] Application END with ReturnCode=0 
[2014-03-25 09:26:27,391][INFO ][root][Application.main()                                ] Application START: I-New Calls Generator 4.0.0 using command line args: /opt/robot/robotworkspace/external_tests/CG_unified_workspace/sessions/IN-sessions/SingleMoc30s.cgs /opt/robot/robotworkspace/external_tests/CG_unified_workspace/ -i /opt/robot/robotworkspace/robot_testsuites/basic/rMOC_OnNet_30s/workspace.ini -s /opt/robot/robotworkspace/robot_testsuites/basic/rMOC_OnNet_30s/SingleMocSubscriber.csv -f /opt/robot/robotworkspace/robot_testsuites/basic/rMOC_OnNet_30s/MOCFlex.csv  
[2014-03-25 09:26:27,400][INFO ][root][WorkspacesUtility.setCurrentWorkspace()           ] Switching to workspace /opt/robot/robotworkspace/external_tests/CG_unified_workspace 
[2014-03-25 09:27:02,130][INFO ][root][CmdLineExecutorUtility.processCmdLine()           ] Application END with ReturnCode=0 
[2014-03-25 09:29:07,538][INFO ][root][Application.main()                                ] Application START: I-New Calls Generator 4.0.0 using command line args: /opt/robot/robotworkspace/external_tests/CG_unified_workspace/sessions/IN-sessions/SingleMoc30s.cgs /opt/robot/robotworkspace/external_tests/CG_unified_workspace/ -i /opt/robot/robotworkspace/robot_testsuites/basic/MOC_International_30s/workspace.ini -s /opt/robot/robotworkspace/robot_testsuites/basic/MOC_International_30s/SingleMocSubscriber.csv -f /opt/robot/robotworkspace/robot_testsuites/basic/MOC_International_30s/MOCFlex.csv  
[2014-03-25 09:29:07,548][INFO ][root][WorkspacesUtility.setCurrentWorkspace()           ] Switching to workspace /opt/robot/robotworkspace/external_tests/CG_unified_workspace 
[2014-03-25 09:29:42,141][INFO ][root][CmdLineExecutorUtility.processCmdLine()           ] Application END with ReturnCode=0 
[2014-03-25 09:29:46,425][INFO ][root][Application.main()                                ] Application START: I-New Calls Generator 4.0.0 using command line args: /opt/robot/robotworkspace/external_tests/CG_unified_workspace/sessions/IN-sessions/SingleMoc30s.cgs /opt/robot/robotworkspace/external_tests/CG_unified_workspace/ -i /opt/robot/robotworkspace/robot_testsuites/basic/MOC_OffNet_30s/workspace.ini -s /opt/robot/robotworkspace/robot_testsuites/basic/MOC_OffNet_30s/SingleMocSubscriber.csv -f /opt/robot/robotworkspace/robot_testsuites/basic/MOC_OffNet_30s/MOCFlex.csv  
[2014-03-25 09:29:46,437][INFO ][root][WorkspacesUtility.setCurrentWorkspace()           ] Switching to workspace /opt/robot/robotworkspace/external_tests/CG_unified_workspace 
[2014-03-25 09:30:21,769][INFO ][root][CmdLineExecutorUtility.processCmdLine()           ] Application END with ReturnCode=0 
[2014-03-25 09:30:25,273][INFO ][root][Application.main()                                ] Application START: I-New Calls Generator 4.0.0 using command line args: /opt/robot/robotworkspace/external_tests/CG_unified_workspace/sessions/IN-sessions/SingleMoc30s.cgs /opt/robot/robotworkspace/external_tests/CG_unified_workspace/ -i /opt/robot/robotworkspace/robot_testsuites/basic/MOC_OnNet_30s/workspace.ini -s /opt/robot/robotworkspace/robot_testsuites/basic/MOC_OnNet_30s/SingleMocSubscriber.csv -f /opt/robot/robotworkspace/robot_testsuites/basic/MOC_OnNet_30s/MOCFlex.csv  
[2014-03-25 09:30:25,283][INFO ][root][WorkspacesUtility.setCurrentWorkspace()           ] Switching to workspace /opt/robot/robotworkspace/external_tests/CG_unified_workspace 
[2014-03-25 09:30:29,870][INFO ][root][CmdLineExecutorUtility.processCmdLine()           ] Application END with ReturnCode=1 
[2014-03-25 09:30:32,522][INFO ][root][Application.main()                                ] Application START: I-New Calls Generator 4.0.0 using command line args: /opt/robot/robotworkspace/external_tests/CG_unified_workspace/sessions/IN-sessions/SingleMoc30s.cgs /opt/robot/robotworkspace/external_tests/CG_unified_workspace/ -i /opt/robot/robotworkspace/robot_testsuites/basic/rMOC_International_30s/workspace.ini -s /opt/robot/robotworkspace/robot_testsuites/basic/rMOC_International_30s/SingleMocSubscriber.csv -f /opt/robot/robotworkspace/robot_testsuites/basic/rMOC_International_30s/MOCFlex.csv  
[2014-03-25 09:30:32,532][INFO ][root][WorkspacesUtility.setCurrentWorkspace()           ] Switching to workspace /opt/robot/robotworkspace/external_tests/CG_unified_workspace 
[2014-03-25 09:30:45,082][INFO ][root][CmdLineExecutorUtility.processCmdLine()           ] Application END with ReturnCode=1 
[2014-03-25 09:30:48,039][INFO ][root][Application.main()                                ] Application START: I-New Calls Generator 4.0.0 using command line args: /opt/robot/robotworkspace/external_tests/CG_unified_workspace/sessions/IN-sessions/SingleMoc30s.cgs /opt/robot/robotworkspace/external_tests/CG_unified_workspace/ -i /opt/robot/robotworkspace/robot_testsuites/basic/rMOC_OffNet_30s/workspace.ini -s /opt/robot/robotworkspace/robot_testsuites/basic/rMOC_OffNet_30s/SingleMocSubscriber.csv -f /opt/robot/robotworkspace/robot_testsuites/basic/rMOC_OffNet_30s/MOCFlex.csv  
[2014-03-25 09:30:48,049][INFO ][root][WorkspacesUtility.setCurrentWorkspace()           ] Switching to workspace /opt/robot/robotworkspace/external_tests/CG_unified_workspace 
[2014-03-25 09:31:00,613][INFO ][root][CmdLineExecutorUtility.processCmdLine()           ] Application END with ReturnCode=1 
[2014-03-25 09:31:03,692][INFO ][root][Application.main()                                ] Application START: I-New Calls Generator 4.0.0 using command line args: /opt/robot/robotworkspace/external_tests/CG_unified_workspace/sessions/IN-sessions/SingleMoc30s.cgs /opt/robot/robotworkspace/external_tests/CG_unified_workspace/ -i /opt/robot/robotworkspace/robot_testsuites/basic/rMOC_OnNet_30s/workspace.ini -s /opt/robot/robotworkspace/robot_testsuites/basic/rMOC_OnNet_30s/SingleMocSubscriber.csv -f /opt/robot/robotworkspace/robot_testsuites/basic/rMOC_OnNet_30s/MOCFlex.csv  
[2014-03-25 09:31:03,706][INFO ][root][WorkspacesUtility.setCurrentWorkspace()           ] Switching to workspace /opt/robot/robotworkspace/external_tests/CG_unified_workspace 
[2014-03-25 09:31:16,260][INFO ][root][CmdLineExecutorUtility.processCmdLine()           ] Application END with ReturnCode=1 
[2014-03-25 11:11:03,784][INFO ][root][Application.main()                                ] Application START: I-New Calls Generator 4.0.0 using command line args: /opt/robot/robotworkspace/external_tests/CG_unified_workspace/sessions/IN-sessions/SingleMoc30s.cgs /opt/robot/robotworkspace/external_tests/CG_unified_workspace/ -i /opt/robot/robotworkspace/robot_testsuites/basic/MOC_International_30s/workspace.ini -s /opt/robot/robotworkspace/robot_testsuites/basic/MOC_International_30s/SingleMocSubscriber.csv -f /opt/robot/robotworkspace/robot_testsuites/basic/MOC_International_30s/MOCFlex.csv  
[2014-03-25 11:11:03,794][INFO ][root][WorkspacesUtility.setCurrentWorkspace()           ] Switching to workspace /opt/robot/robotworkspace/external_tests/CG_unified_workspace 
[2014-03-25 11:11:14,378][INFO ][root][CmdLineExecutorUtility.processCmdLine()           ] Application END with ReturnCode=1 
[2014-03-25 11:11:18,168][INFO ][root][Application.main()                                ] Application START: I-New Calls Generator 4.0.0 using command line args: /opt/robot/robotworkspace/external_tests/CG_unified_workspace/sessions/IN-sessions/SingleMoc30s.cgs /opt/robot/robotworkspace/external_tests/CG_unified_workspace/ -i /opt/robot/robotworkspace/robot_testsuites/basic/MOC_OffNet_30s/workspace.ini -s /opt/robot/robotworkspace/robot_testsuites/basic/MOC_OffNet_30s/SingleMocSubscriber.csv -f /opt/robot/robotworkspace/robot_testsuites/basic/MOC_OffNet_30s/MOCFlex.csv  
[2014-03-25 11:11:18,180][INFO ][root][WorkspacesUtility.setCurrentWorkspace()           ] Switching to workspace /opt/robot/robotworkspace/external_tests/CG_unified_workspace 
[2014-03-25 11:11:21,748][INFO ][root][CmdLineExecutorUtility.processCmdLine()           ] Application END with ReturnCode=1 
[2014-03-25 11:11:24,605][INFO ][root][Application.main()                                ] Application START: I-New Calls Generator 4.0.0 using command line args: /opt/robot/robotworkspace/external_tests/CG_unified_workspace/sessions/IN-sessions/SingleMoc30s.cgs /opt/robot/robotworkspace/external_tests/CG_unified_workspace/ -i /opt/robot/robotworkspace/robot_testsuites/basic/MOC_OnNet_30s/workspace.ini -s /opt/robot/robotworkspace/robot_testsuites/basic/MOC_OnNet_30s/SingleMocSubscriber.csv -f /opt/robot/robotworkspace/robot_testsuites/basic/MOC_OnNet_30s/MOCFlex.csv  
[2014-03-25 11:11:24,617][INFO ][root][WorkspacesUtility.setCurrentWorkspace()           ] Switching to workspace /opt/robot/robotworkspace/external_tests/CG_unified_workspace 
[2014-03-25 11:11:28,425][INFO ][root][CmdLineExecutorUtility.processCmdLine()           ] Application END with ReturnCode=1 
[2014-03-25 11:11:31,876][INFO ][root][Application.main()                                ] Application START: I-New Calls Generator 4.0.0 using command line args: /opt/robot/robotworkspace/external_tests/CG_unified_workspace/sessions/IN-sessions/SingleMoc30s.cgs /opt/robot/robotworkspace/external_tests/CG_unified_workspace/ -i /opt/robot/robotworkspace/robot_testsuites/basic/rMOC_International_30s/workspace.ini -s /opt/robot/robotworkspace/robot_testsuites/basic/rMOC_International_30s/SingleMocSubscriber.csv -f /opt/robot/robotworkspace/robot_testsuites/basic/rMOC_International_30s/MOCFlex.csv  
[2014-03-25 11:11:31,890][INFO ][root][WorkspacesUtility.setCurrentWorkspace()           ] Switching to workspace /opt/robot/robotworkspace/external_tests/CG_unified_workspace 
[2014-03-25 11:11:45,118][INFO ][root][CmdLineExecutorUtility.processCmdLine()           ] Application END with ReturnCode=1 
[2014-03-25 11:11:48,320][INFO ][root][Application.main()                                ] Application START: I-New Calls Generator 4.0.0 using command line args: /opt/robot/robotworkspace/external_tests/CG_unified_workspace/sessions/IN-sessions/SingleMoc30s.cgs /opt/robot/robotworkspace/external_tests/CG_unified_workspace/ -i /opt/robot/robotworkspace/robot_testsuites/basic/rMOC_OffNet_30s/workspace.ini -s /opt/robot/robotworkspace/robot_testsuites/basic/rMOC_OffNet_30s/SingleMocSubscriber.csv -f /opt/robot/robotworkspace/robot_testsuites/basic/rMOC_OffNet_30s/MOCFlex.csv  
[2014-03-25 11:11:48,330][INFO ][root][WorkspacesUtility.setCurrentWorkspace()           ] Switching to workspace /opt/robot/robotworkspace/external_tests/CG_unified_workspace 
[2014-03-25 11:12:00,888][INFO ][root][CmdLineExecutorUtility.processCmdLine()           ] Application END with ReturnCode=1 
[2014-03-25 11:12:03,974][INFO ][root][Application.main()                                ] Application START: I-New Calls Generator 4.0.0 using command line args: /opt/robot/robotworkspace/external_tests/CG_unified_workspace/sessions/IN-sessions/SingleMoc30s.cgs /opt/robot/robotworkspace/external_tests/CG_unified_workspace/ -i /opt/robot/robotworkspace/robot_testsuites/basic/rMOC_OnNet_30s/workspace.ini -s /opt/robot/robotworkspace/robot_testsuites/basic/rMOC_OnNet_30s/SingleMocSubscriber.csv -f /opt/robot/robotworkspace/robot_testsuites/basic/rMOC_OnNet_30s/MOCFlex.csv  
[2014-03-25 11:12:03,988][INFO ][root][WorkspacesUtility.setCurrentWorkspace()           ] Switching to workspace /opt/robot/robotworkspace/external_tests/CG_unified_workspace 
[2014-03-25 11:12:16,540][INFO ][root][CmdLineExecutorUtility.processCmdLine()           ] Application END with ReturnCode=1 
[2014-03-25 11:15:24,423][INFO ][root][Application.main()                                ] Application START: I-New Calls Generator 4.0.0 using command line args: /opt/robot/robotworkspace/external_tests/CG_unified_workspace/sessions/IN-sessions/SingleMoc30s.cgs /opt/robot/robotworkspace/external_tests/CG_unified_workspace/ -i /opt/robot/robotworkspace/robot_testsuites/basic/MOC_International_30s/workspace.ini -s /opt/robot/robotworkspace/robot_testsuites/basic/MOC_International_30s/SingleMocSubscriber.csv -f /opt/robot/robotworkspace/robot_testsuites/basic/MOC_International_30s/MOCFlex.csv  
[2014-03-25 11:15:24,433][INFO ][root][WorkspacesUtility.setCurrentWorkspace()           ] Switching to workspace /opt/robot/robotworkspace/external_tests/CG_unified_workspace 
[2014-03-25 11:16:01,942][INFO ][root][CmdLineExecutorUtility.processCmdLine()           ] Application END with ReturnCode=0 
[2014-03-25 11:16:05,824][INFO ][root][Application.main()                                ] Application START: I-New Calls Generator 4.0.0 using command line args: /opt/robot/robotworkspace/external_tests/CG_unified_workspace/sessions/IN-sessions/SingleMoc30s.cgs /opt/robot/robotworkspace/external_tests/CG_unified_workspace/ -i /opt/robot/robotworkspace/robot_testsuites/basic/MOC_OffNet_30s/workspace.ini -s /opt/robot/robotworkspace/robot_testsuites/basic/MOC_OffNet_30s/SingleMocSubscriber.csv -f /opt/robot/robotworkspace/robot_testsuites/basic/MOC_OffNet_30s/MOCFlex.csv  
[2014-03-25 11:16:05,839][INFO ][root][WorkspacesUtility.setCurrentWorkspace()           ] Switching to workspace /opt/robot/robotworkspace/external_tests/CG_unified_workspace 
[2014-03-25 11:16:40,828][INFO ][root][CmdLineExecutorUtility.processCmdLine()           ] Application END with ReturnCode=0 
[2014-03-25 11:16:45,430][INFO ][root][Application.main()                                ] Application START: I-New Calls Generator 4.0.0 using command line args: /opt/robot/robotworkspace/external_tests/CG_unified_workspace/sessions/IN-sessions/SingleMoc30s.cgs /opt/robot/robotworkspace/external_tests/CG_unified_workspace/ -i /opt/robot/robotworkspace/robot_testsuites/basic/MOC_OnNet_30s/workspace.ini -s /opt/robot/robotworkspace/robot_testsuites/basic/MOC_OnNet_30s/SingleMocSubscriber.csv -f /opt/robot/robotworkspace/robot_testsuites/basic/MOC_OnNet_30s/MOCFlex.csv  
[2014-03-25 11:16:45,442][INFO ][root][WorkspacesUtility.setCurrentWorkspace()           ] Switching to workspace /opt/robot/robotworkspace/external_tests/CG_unified_workspace 
[2014-03-25 11:17:20,612][INFO ][root][CmdLineExecutorUtility.processCmdLine()           ] Application END with ReturnCode=0 
[2014-03-25 11:17:24,309][INFO ][root][Application.main()                                ] Application START: I-New Calls Generator 4.0.0 using command line args: /opt/robot/robotworkspace/external_tests/CG_unified_workspace/sessions/IN-sessions/SingleMoc30s.cgs /opt/robot/robotworkspace/external_tests/CG_unified_workspace/ -i /opt/robot/robotworkspace/robot_testsuites/basic/rMOC_International_30s/workspace.ini -s /opt/robot/robotworkspace/robot_testsuites/basic/rMOC_International_30s/SingleMocSubscriber.csv -f /opt/robot/robotworkspace/robot_testsuites/basic/rMOC_International_30s/MOCFlex.csv  
[2014-03-25 11:17:24,319][INFO ][root][WorkspacesUtility.setCurrentWorkspace()           ] Switching to workspace /opt/robot/robotworkspace/external_tests/CG_unified_workspace 
[2014-03-25 11:17:58,877][INFO ][root][CmdLineExecutorUtility.processCmdLine()           ] Application END with ReturnCode=0 
[2014-03-25 11:18:01,941][INFO ][root][Application.main()                                ] Application START: I-New Calls Generator 4.0.0 using command line args: /opt/robot/robotworkspace/external_tests/CG_unified_workspace/sessions/IN-sessions/SingleMoc30s.cgs /opt/robot/robotworkspace/external_tests/CG_unified_workspace/ -i /opt/robot/robotworkspace/robot_testsuites/basic/rMOC_OffNet_30s/workspace.ini -s /opt/robot/robotworkspace/robot_testsuites/basic/rMOC_OffNet_30s/SingleMocSubscriber.csv -f /opt/robot/robotworkspace/robot_testsuites/basic/rMOC_OffNet_30s/MOCFlex.csv  
[2014-03-25 11:18:01,951][INFO ][root][WorkspacesUtility.setCurrentWorkspace()           ] Switching to workspace /opt/robot/robotworkspace/external_tests/CG_unified_workspace 
[2014-03-25 11:18:36,505][INFO ][root][CmdLineExecutorUtility.processCmdLine()           ] Application END with ReturnCode=0 
[2014-03-25 11:18:40,445][INFO ][root][Application.main()                                ] Application START: I-New Calls Generator 4.0.0 using command line args: /opt/robot/robotworkspace/external_tests/CG_unified_workspace/sessions/IN-sessions/SingleMoc30s.cgs /opt/robot/robotworkspace/external_tests/CG_unified_workspace/ -i /opt/robot/robotworkspace/robot_testsuites/basic/rMOC_OnNet_30s/workspace.ini -s /opt/robot/robotworkspace/robot_testsuites/basic/rMOC_OnNet_30s/SingleMocSubscriber.csv -f /opt/robot/robotworkspace/robot_testsuites/basic/rMOC_OnNet_30s/MOCFlex.csv  
[2014-03-25 11:18:40,455][INFO ][root][WorkspacesUtility.setCurrentWorkspace()           ] Switching to workspace /opt/robot/robotworkspace/external_tests/CG_unified_workspace 
[2014-03-25 11:19:15,051][INFO ][root][CmdLineExecutorUtility.processCmdLine()           ] Application END with ReturnCode=0 
[2014-03-25 16:27:21,973][INFO ][root][Application.main()                                ] Application START: I-New Calls Generator 4.0.0 using command line args: /opt/robot/robotworkspace/external_tests/CG_unified_workspace/sessions/IN-sessions/SingleMoc30s.cgs /opt/robot/robotworkspace/external_tests/CG_unified_workspace/ -i /opt/robot/robotworkspace/robot_testsuites/basic/MOC_International_30s/workspace.ini -s /opt/robot/robotworkspace/robot_testsuites/basic/MOC_International_30s/SingleMocSubscriber.csv -f /opt/robot/robotworkspace/robot_testsuites/basic/MOC_International_30s/MOCFlex.csv  
[2014-03-25 16:27:21,983][INFO ][root][WorkspacesUtility.setCurrentWorkspace()           ] Switching to workspace /opt/robot/robotworkspace/external_tests/CG_unified_workspace 
[2014-03-25 16:27:56,632][INFO ][root][CmdLineExecutorUtility.processCmdLine()           ] Application END with ReturnCode=0 
[2014-03-25 16:27:59,589][INFO ][root][Application.main()                                ] Application START: I-New Calls Generator 4.0.0 using command line args: /opt/robot/robotworkspace/external_tests/CG_unified_workspace/sessions/IN-sessions/SingleMoc30s.cgs /opt/robot/robotworkspace/external_tests/CG_unified_workspace/ -i /opt/robot/robotworkspace/robot_testsuites/basic/MOC_OffNet_30s/workspace.ini -s /opt/robot/robotworkspace/robot_testsuites/basic/MOC_OffNet_30s/SingleMocSubscriber.csv -f /opt/robot/robotworkspace/robot_testsuites/basic/MOC_OffNet_30s/MOCFlex.csv  
[2014-03-25 16:27:59,599][INFO ][root][WorkspacesUtility.setCurrentWorkspace()           ] Switching to workspace /opt/robot/robotworkspace/external_tests/CG_unified_workspace 
[2014-03-25 16:28:34,212][INFO ][root][CmdLineExecutorUtility.processCmdLine()           ] Application END with ReturnCode=0 
[2014-03-25 16:28:37,067][INFO ][root][Application.main()                                ] Application START: I-New Calls Generator 4.0.0 using command line args: /opt/robot/robotworkspace/external_tests/CG_unified_workspace/sessions/IN-sessions/SingleMoc30s.cgs /opt/robot/robotworkspace/external_tests/CG_unified_workspace/ -i /opt/robot/robotworkspace/robot_testsuites/basic/MOC_OnNet_30s/workspace.ini -s /opt/robot/robotworkspace/robot_testsuites/basic/MOC_OnNet_30s/SingleMocSubscriber.csv -f /opt/robot/robotworkspace/robot_testsuites/basic/MOC_OnNet_30s/MOCFlex.csv  
[2014-03-25 16:28:37,079][INFO ][root][WorkspacesUtility.setCurrentWorkspace()           ] Switching to workspace /opt/robot/robotworkspace/external_tests/CG_unified_workspace 
[2014-03-25 16:29:11,989][INFO ][root][CmdLineExecutorUtility.processCmdLine()           ] Application END with ReturnCode=0 
[2014-03-25 16:29:15,169][INFO ][root][Application.main()                                ] Application START: I-New Calls Generator 4.0.0 using command line args: /opt/robot/robotworkspace/external_tests/CG_unified_workspace/sessions/IN-sessions/SingleMoc30s.cgs /opt/robot/robotworkspace/external_tests/CG_unified_workspace/ -i /opt/robot/robotworkspace/robot_testsuites/basic/rMOC_International_30s/workspace.ini -s /opt/robot/robotworkspace/robot_testsuites/basic/rMOC_International_30s/SingleMocSubscriber.csv -f /opt/robot/robotworkspace/robot_testsuites/basic/rMOC_International_30s/MOCFlex.csv  
[2014-03-25 16:29:15,184][INFO ][root][WorkspacesUtility.setCurrentWorkspace()           ] Switching to workspace /opt/robot/robotworkspace/external_tests/CG_unified_workspace 
[2014-03-25 16:29:49,734][INFO ][root][CmdLineExecutorUtility.processCmdLine()           ] Application END with ReturnCode=0 
[2014-03-25 16:29:53,205][INFO ][root][Application.main()                                ] Application START: I-New Calls Generator 4.0.0 using command line args: /opt/robot/robotworkspace/external_tests/CG_unified_workspace/sessions/IN-sessions/SingleMoc30s.cgs /opt/robot/robotworkspace/external_tests/CG_unified_workspace/ -i /opt/robot/robotworkspace/robot_testsuites/basic/rMOC_OffNet_30s/workspace.ini -s /opt/robot/robotworkspace/robot_testsuites/basic/rMOC_OffNet_30s/SingleMocSubscriber.csv -f /opt/robot/robotworkspace/robot_testsuites/basic/rMOC_OffNet_30s/MOCFlex.csv  
[2014-03-25 16:29:53,220][INFO ][root][WorkspacesUtility.setCurrentWorkspace()           ] Switching to workspace /opt/robot/robotworkspace/external_tests/CG_unified_workspace 
[2014-03-25 16:30:27,777][INFO ][root][CmdLineExecutorUtility.processCmdLine()           ] Application END with ReturnCode=0 
[2014-03-25 16:30:31,920][INFO ][root][Application.main()                                ] Application START: I-New Calls Generator 4.0.0 using command line args: /opt/robot/robotworkspace/external_tests/CG_unified_workspace/sessions/IN-sessions/SingleMoc30s.cgs /opt/robot/robotworkspace/external_tests/CG_unified_workspace/ -i /opt/robot/robotworkspace/robot_testsuites/basic/rMOC_OnNet_30s/workspace.ini -s /opt/robot/robotworkspace/robot_testsuites/basic/rMOC_OnNet_30s/SingleMocSubscriber.csv -f /opt/robot/robotworkspace/robot_testsuites/basic/rMOC_OnNet_30s/MOCFlex.csv  
[2014-03-25 16:30:31,934][INFO ][root][WorkspacesUtility.setCurrentWorkspace()           ] Switching to workspace /opt/robot/robotworkspace/external_tests/CG_unified_workspace 
[2014-03-25 16:31:06,482][INFO ][root][CmdLineExecutorUtility.processCmdLine()           ] Application END with ReturnCode=0 
[2014-03-31 07:31:17,628][INFO ][root][Application.main()                                ] Application START: I-New Calls Generator 4.0.0 using command line args: /opt/robot/robotworkspace/external_tests/CG_unified_workspace/sessions/IN-sessions/SingleMfc30s.cgs /opt/robot/robotworkspace/external_tests/CG_unified_workspace/ -i /opt/robot/robotworkspace/robot_testsuites/basic/MFC_OffNet_30s/workspace.ini -s /opt/robot/robotworkspace/robot_testsuites/basic/MFC_OffNet_30s/SingleMfcSubscriber.csv -f /opt/robot/robotworkspace/robot_testsuites/basic/MFC_OffNet_30s/MFCFlex.csv  
[2014-03-31 07:31:17,640][INFO ][root][WorkspacesUtility.setCurrentWorkspace()           ] Switching to workspace /opt/robot/robotworkspace/external_tests/CG_unified_workspace 
[2014-03-31 07:31:54,287][INFO ][root][CmdLineExecutorUtility.processCmdLine()           ] Application END with ReturnCode=0 
[2014-03-31 07:31:57,769][INFO ][root][Application.main()                                ] Application START: I-New Calls Generator 4.0.0 using command line args: /opt/robot/robotworkspace/external_tests/CG_unified_workspace/sessions/IN-sessions/SingleMfc30s.cgs /opt/robot/robotworkspace/external_tests/CG_unified_workspace/ -i /opt/robot/robotworkspace/robot_testsuites/basic/MFC_OnNet_30s/workspace.ini -s /opt/robot/robotworkspace/robot_testsuites/basic/MFC_OnNet_30s/SingleMfcSubscriber.csv -f /opt/robot/robotworkspace/robot_testsuites/basic/MFC_OnNet_30s/MFCFlex.csv  
[2014-03-31 07:31:57,780][INFO ][root][WorkspacesUtility.setCurrentWorkspace()           ] Switching to workspace /opt/robot/robotworkspace/external_tests/CG_unified_workspace 
[2014-03-31 07:32:33,039][INFO ][root][CmdLineExecutorUtility.processCmdLine()           ] Application END with ReturnCode=0 
[2014-03-31 07:32:36,753][INFO ][root][Application.main()                                ] Application START: I-New Calls Generator 4.0.0 using command line args: /opt/robot/robotworkspace/external_tests/CG_unified_workspace/sessions/IN-sessions/SingleMoc30s.cgs /opt/robot/robotworkspace/external_tests/CG_unified_workspace/ -i /opt/robot/robotworkspace/robot_testsuites/basic/MOC_International_30s/workspace.ini -s /opt/robot/robotworkspace/robot_testsuites/basic/MOC_International_30s/SingleMocSubscriber.csv -f /opt/robot/robotworkspace/robot_testsuites/basic/MOC_International_30s/MOCFlex.csv  
[2014-03-31 07:32:36,763][INFO ][root][WorkspacesUtility.setCurrentWorkspace()           ] Switching to workspace /opt/robot/robotworkspace/external_tests/CG_unified_workspace 
[2014-03-31 07:33:14,295][INFO ][root][CmdLineExecutorUtility.processCmdLine()           ] Application END with ReturnCode=0 
[2014-03-31 07:33:18,023][INFO ][root][Application.main()                                ] Application START: I-New Calls Generator 4.0.0 using command line args: /opt/robot/robotworkspace/external_tests/CG_unified_workspace/sessions/IN-sessions/SingleMoc30s.cgs /opt/robot/robotworkspace/external_tests/CG_unified_workspace/ -i /opt/robot/robotworkspace/robot_testsuites/basic/MOC_OffNet_30s/workspace.ini -s /opt/robot/robotworkspace/robot_testsuites/basic/MOC_OffNet_30s/SingleMocSubscriber.csv -f /opt/robot/robotworkspace/robot_testsuites/basic/MOC_OffNet_30s/MOCFlex.csv  
[2014-03-31 07:33:18,033][INFO ][root][WorkspacesUtility.setCurrentWorkspace()           ] Switching to workspace /opt/robot/robotworkspace/external_tests/CG_unified_workspace 
[2014-03-31 07:33:54,572][INFO ][root][CmdLineExecutorUtility.processCmdLine()           ] Application END with ReturnCode=0 
[2014-03-31 07:33:58,188][INFO ][root][Application.main()                                ] Application START: I-New Calls Generator 4.0.0 using command line args: /opt/robot/robotworkspace/external_tests/CG_unified_workspace/sessions/IN-sessions/SingleMoc30s.cgs /opt/robot/robotworkspace/external_tests/CG_unified_workspace/ -i /opt/robot/robotworkspace/robot_testsuites/basic/MOC_OnNet_30s/workspace.ini -s /opt/robot/robotworkspace/robot_testsuites/basic/MOC_OnNet_30s/SingleMocSubscriber.csv -f /opt/robot/robotworkspace/robot_testsuites/basic/MOC_OnNet_30s/MOCFlex.csv  
[2014-03-31 07:33:58,198][INFO ][root][WorkspacesUtility.setCurrentWorkspace()           ] Switching to workspace /opt/robot/robotworkspace/external_tests/CG_unified_workspace 
[2014-03-31 07:34:32,767][INFO ][root][CmdLineExecutorUtility.processCmdLine()           ] Application END with ReturnCode=0 
[2014-03-31 07:34:36,179][INFO ][root][Application.main()                                ] Application START: I-New Calls Generator 4.0.0 using command line args: /opt/robot/robotworkspace/external_tests/CG_unified_workspace/sessions/IN-sessions/SingleMtc30s.cgs /opt/robot/robotworkspace/external_tests/CG_unified_workspace/ -i /opt/robot/robotworkspace/robot_testsuites/basic/MTC_OnNet_30s/workspace.ini -s /opt/robot/robotworkspace/robot_testsuites/basic/MTC_OnNet_30s/SingleMtcSubscriber.csv -f /opt/robot/robotworkspace/robot_testsuites/basic/MTC_OnNet_30s/MTCFlex.csv  
[2014-03-31 07:34:36,189][INFO ][root][WorkspacesUtility.setCurrentWorkspace()           ] Switching to workspace /opt/robot/robotworkspace/external_tests/CG_unified_workspace 
[2014-03-31 07:35:17,798][INFO ][root][CmdLineExecutorUtility.processCmdLine()           ] Application END with ReturnCode=0 
[2014-03-31 07:35:20,674][INFO ][root][Application.main()                                ] Application START: I-New Calls Generator 4.0.0 using command line args: /opt/robot/robotworkspace/external_tests/CG_unified_workspace/sessions/IN-sessions/SingleMfc30s.cgs /opt/robot/robotworkspace/external_tests/CG_unified_workspace/ -i /opt/robot/robotworkspace/robot_testsuites/basic/rMFC_OnNet_30s/workspace.ini -s /opt/robot/robotworkspace/robot_testsuites/basic/rMFC_OnNet_30s/SingleMfcSubscriber.csv -f /opt/robot/robotworkspace/robot_testsuites/basic/rMFC_OnNet_30s/MFCFlex.csv  
[2014-03-31 07:35:20,684][INFO ][root][WorkspacesUtility.setCurrentWorkspace()           ] Switching to workspace /opt/robot/robotworkspace/external_tests/CG_unified_workspace 
[2014-03-31 07:35:55,239][INFO ][root][CmdLineExecutorUtility.processCmdLine()           ] Application END with ReturnCode=0 
[2014-03-31 07:35:58,827][INFO ][root][Application.main()                                ] Application START: I-New Calls Generator 4.0.0 using command line args: /opt/robot/robotworkspace/external_tests/CG_unified_workspace/sessions/IN-sessions/SingleMoc30s.cgs /opt/robot/robotworkspace/external_tests/CG_unified_workspace/ -i /opt/robot/robotworkspace/robot_testsuites/basic/rMOC_International_30s/workspace.ini -s /opt/robot/robotworkspace/robot_testsuites/basic/rMOC_International_30s/SingleMocSubscriber.csv -f /opt/robot/robotworkspace/robot_testsuites/basic/rMOC_International_30s/MOCFlex.csv  
[2014-03-31 07:35:58,841][INFO ][root][WorkspacesUtility.setCurrentWorkspace()           ] Switching to workspace /opt/robot/robotworkspace/external_tests/CG_unified_workspace 
[2014-03-31 07:36:33,452][INFO ][root][CmdLineExecutorUtility.processCmdLine()           ] Application END with ReturnCode=0 
[2014-03-31 07:36:36,457][INFO ][root][Application.main()                                ] Application START: I-New Calls Generator 4.0.0 using command line args: /opt/robot/robotworkspace/external_tests/CG_unified_workspace/sessions/IN-sessions/SingleMoc30s.cgs /opt/robot/robotworkspace/external_tests/CG_unified_workspace/ -i /opt/robot/robotworkspace/robot_testsuites/basic/rMOC_OffNet_30s/workspace.ini -s /opt/robot/robotworkspace/robot_testsuites/basic/rMOC_OffNet_30s/SingleMocSubscriber.csv -f /opt/robot/robotworkspace/robot_testsuites/basic/rMOC_OffNet_30s/MOCFlex.csv  
[2014-03-31 07:36:36,471][INFO ][root][WorkspacesUtility.setCurrentWorkspace()           ] Switching to workspace /opt/robot/robotworkspace/external_tests/CG_unified_workspace 
[2014-03-31 07:37:11,051][INFO ][root][CmdLineExecutorUtility.processCmdLine()           ] Application END with ReturnCode=0 
[2014-03-31 07:37:13,931][INFO ][root][Application.main()                                ] Application START: I-New Calls Generator 4.0.0 using command line args: /opt/robot/robotworkspace/external_tests/CG_unified_workspace/sessions/IN-sessions/SingleMoc30s.cgs /opt/robot/robotworkspace/external_tests/CG_unified_workspace/ -i /opt/robot/robotworkspace/robot_testsuites/basic/rMOC_OnNet_30s/workspace.ini -s /opt/robot/robotworkspace/robot_testsuites/basic/rMOC_OnNet_30s/SingleMocSubscriber.csv -f /opt/robot/robotworkspace/robot_testsuites/basic/rMOC_OnNet_30s/MOCFlex.csv  
[2014-03-31 07:37:13,940][INFO ][root][WorkspacesUtility.setCurrentWorkspace()           ] Switching to workspace /opt/robot/robotworkspace/external_tests/CG_unified_workspace 
[2014-03-31 07:37:48,518][INFO ][root][CmdLineExecutorUtility.processCmdLine()           ] Application END with ReturnCode=0 
[2014-03-31 07:37:51,376][INFO ][root][Application.main()                                ] Application START: I-New Calls Generator 4.0.0 using command line args: /opt/robot/robotworkspace/external_tests/CG_unified_workspace/sessions/IN-sessions/SingleMtc30s.cgs /opt/robot/robotworkspace/external_tests/CG_unified_workspace/ -i /opt/robot/robotworkspace/robot_testsuites/basic/rMTC_OnNet_30s/workspace.ini -s /opt/robot/robotworkspace/robot_testsuites/basic/rMTC_OnNet_30s/SingleMtcSubscriber.csv -f /opt/robot/robotworkspace/robot_testsuites/basic/rMTC_OnNet_30s/MTCFlex.csv  
[2014-03-31 07:37:51,386][INFO ][root][WorkspacesUtility.setCurrentWorkspace()           ] Switching to workspace /opt/robot/robotworkspace/external_tests/CG_unified_workspace 
[2014-03-31 07:38:32,029][INFO ][root][CmdLineExecutorUtility.processCmdLine()           ] Application END with ReturnCode=0 
