[2016-01-30 00:33:08,161][INFO ][ActiveMQ Session Task-154][XDRInserterImpl                                   ][  65] jdbc returns successful with result 0. (could be triggered insert)
[2016-01-30 00:33:08,161][INFO ][ActiveMQ Session Task-154][CrceCdrRVMNotificationXDRHandlerImpl              ][  72] ---> sent to revmon: [trafficType=SMSMO, category=null, currency=[currencyId=1, relation=100, currencyName=Pesos, unitName=centavos], revenue=0, RvmEvent=[sessionCreationTimestamp=1424617250025, sessionId=SMS123456XdrComponentTest]]
[2016-01-30 00:33:08,161][INFO ][ActiveMQ Session Task-154][LcmVoiceTrafficNotificationXDRHandlerImpl         ][ 100] LCM Call Notification enabled but not applicable.
[2016-01-30 00:33:08,161][INFO ][ActiveMQ Session Task-154][XDRConsumerImpl                                   ][ 313] -------- xdr processed successfully --------
[2016-01-30 00:33:08,161][INFO ][ActiveMQ Session Task-154][XDRConsumerImpl                                   ][ 211] ------ finished consuming from queue://inew-cs.crce.cdr -------
[2016-01-30 00:33:08,161][ERROR][pool-7-thread-1][RVMJBRPooledNotificationTransportHandlerImpl      ][  75] Error on JBR Transporter: 
java.lang.IndexOutOfBoundsException: Index: 0, Size: 0
	at java.util.ArrayList.rangeCheck(ArrayList.java:635)
	at java.util.ArrayList.get(ArrayList.java:411)
	at com.inewcs.remoting.balancers.FairPlayBalancer.selectLocator(Unknown Source)
	at com.inewcs.remoting.ClusteredTransporterClient.invoke(Unknown Source)
	at com.sun.proxy.$Proxy10.send(Unknown Source)
	at com.inewcs.mvno.xdr.handler.notification.rvm.RVMJBRPooledNotificationTransportHandlerImpl$RvmTask.run(RVMJBRPooledNotificationTransportHandlerImpl.java:65)
	at java.util.concurrent.ThreadPoolExecutor.runWorker(ThreadPoolExecutor.java:1145)
	at java.util.concurrent.ThreadPoolExecutor$Worker.run(ThreadPoolExecutor.java:615)
	at java.lang.Thread.run(Thread.java:744)
[2016-01-30 00:33:08,404][INFO ][Timer-50       ][XDRBackgroundFileWriter                           ][ 115] flushed 2 records to file CRCE_CDR_20160130003238.csv.tmp
[2016-01-30 00:33:09,696][WARN ][Timer-62       ][AbstractXDRFileHandler                            ][ 165] FILE CLOSED::CRCE_SIMSWAP_20160130003109.csv.tmp
[2016-01-30 00:33:09,696][INFO ][Timer-62       ][AbstractXDRFileHandler                            ][ 210] deleted zero size file: CRCE_SIMSWAP_20160130003109.csv.tmp
[2016-01-30 00:33:09,696][WARN ][Timer-62       ][AbstractXDRFileHandler                            ][ 178] File Writer closed!
[2016-01-30 00:33:09,697][WARN ][Timer-62       ][AbstractXDRFileHandler                            ][  98] CREATING NEW FILE ...
[2016-01-30 00:33:09,697][INFO ][Timer-62       ][AbstractXDRFileHandler                            ][ 110] creationTime: 2016-01-30 00:33:09
[2016-01-30 00:33:09,697][WARN ][Timer-62       ][AbstractXDRFileHandler                            ][ 118] NEW FILE CREATED::/var/opt/inew/xdr/common/etl_export/crce_simswap/CRCE_SIMSWAP_20160130003309.csv.tmp
[2016-01-30 00:33:09,697][INFO ][Timer-62       ][AbstractXDRFileHandler                            ][ 126] expirationTime: 2016-01-30 00:34:09
[2016-01-30 00:33:09,697][INFO ][Timer-62       ][AbstractXDRFileHandler                            ][  78] --- started file handler ---