[2016-02-03 00:32:54,384][INFO ][ActiveMQ Session Task-161][XDRConsumerImpl                                   ][ 194] ------ start consuming from queue://inew-cs.crce.cdr -------
[2016-02-03 00:32:54,384][INFO ][ActiveMQ Session Task-161][HealthMonitor                                     ][ 115] it is time for next active db check.
[2016-02-03 00:32:54,385][INFO ][ActiveMQ Session Task-161][XDRConsumerImpl                                   ][ 308] --------- start processing record ---------
[2016-02-03 00:32:54,385][INFO ][ActiveMQ Session Task-161][XDRConsumerImpl                                   ][ 309] 1.4|101|true|1|CRCE|CDR|crce01.xxxx|2015-02-23T09:36:19.022+0000|2015-02-22T15:00:50.025+0000|SMS123456XdrComponentTest|1|1|74456|573190001000|PREPAID|ACTIVE||0|NONE|OK||1.0|Charge|BasicEvent|732123710001000|573190001000|false|573190001001|(network) XdrComponentTest|Local (on-net)|ShortMessage|||||false|573190|(network) XdrComponentTest|2015-02-22T15:00:25.025+0000|0|0|0|1|120|1|false|101026|15730641|0|0|Pesos|10000000|PREPAID|OK||
[2016-02-03 00:32:54,385][INFO ][pool-1-thread-1][HealthMonitor                                     ][ 167] performing db health check . . .
[2016-02-03 00:32:54,386][INFO ][pool-1-thread-1][HealthMonitor                                     ][ 175] connection is valid.
[2016-02-03 00:32:54,391][INFO ][ActiveMQ Session Task-161][XDRInserterImpl                                   ][  65] jdbc returns successful with result 0. (could be triggered insert)
[2016-02-03 00:32:54,391][INFO ][ActiveMQ Session Task-161][CrceCdrRVMNotificationXDRHandlerImpl              ][  72] ---> sent to revmon: [trafficType=SMSMO, category=null, currency=[currencyId=1, relation=100, currencyName=Pesos, unitName=centavos], revenue=0, RvmEvent=[sessionCreationTimestamp=1424617250025, sessionId=SMS123456XdrComponentTest]]
[2016-02-03 00:32:54,391][INFO ][ActiveMQ Session Task-161][LcmVoiceTrafficNotificationXDRHandlerImpl         ][ 100] LCM Call Notification enabled but not applicable.
[2016-02-03 00:32:54,392][INFO ][ActiveMQ Session Task-161][XDRConsumerImpl                                   ][ 313] -------- xdr processed successfully --------
[2016-02-03 00:32:54,392][INFO ][ActiveMQ Session Task-161][XDRConsumerImpl                                   ][ 211] ------ finished consuming from queue://inew-cs.crce.cdr -------
[2016-02-03 00:32:54,391][ERROR][pool-7-thread-1][RVMJBRPooledNotificationTransportHandlerImpl      ][  75] Error on JBR Transporter: 
java.lang.IndexOutOfBoundsException: Index: 0, Size: 0
	at java.util.ArrayList.rangeCheck(ArrayList.java:635)
	at java.util.ArrayList.get(ArrayList.java:411)
	at com.inewcs.remoting.balancers.FairPlayBalancer.selectLocator(Unknown Source)
	at com.inewcs.remoting.ClusteredTransporterClient.invoke(Unknown Source)
	at com.sun.proxy.$Proxy10.send(Unknown Source)
	at com.inewcs.mvno.xdr.handler.notification.rvm.RVMJBRPooledNotificationTransportHandlerImpl$RvmTask.run(RVMJBRPooledNotificationTransportHandlerImpl.java:65)
	at java.util.concurrent.ThreadPoolExecutor.runWorker(ThreadPoolExecutor.java:1145)
	at java.util.concurrent.ThreadPoolExecutor$Worker.run(ThreadPoolExecutor.java:615)
	at java.lang.Thread.run(Thread.java:744)
[2016-02-03 00:32:56,658][INFO ][Timer-52       ][XDRBackgroundFileWriter                           ][ 115] flushed 17 records to file CRCE_CONF_20160202131256.csv.tmp
[2016-02-03 00:32:58,841][WARN ][Timer-53       ][AbstractXDRFileHandler                            ][ 165] FILE CLOSED::CRCE_CONF_20160203003058.csv.tmp
[2016-02-03 00:32:58,841][INFO ][Timer-53       ][AbstractXDRFileHandler                            ][ 199] file renamed from: CRCE_CONF_20160203003058.csv.tmp to: CRCE_CONF_20160203003058.csv
[2016-02-03 00:32:58,841][WARN ][Timer-53       ][AbstractXDRFileHandler                            ][ 178] File Writer closed!
[2016-02-03 00:32:58,842][WARN ][Timer-53       ][AbstractXDRFileHandler                            ][  98] CREATING NEW FILE ...
[2016-02-03 00:32:58,842][INFO ][Timer-53       ][AbstractXDRFileHandler                            ][ 110] creationTime: 2016-02-03 00:32:58
[2016-02-03 00:32:58,842][WARN ][Timer-53       ][AbstractXDRFileHandler                            ][ 118] NEW FILE CREATED::/var/opt/inew/xdr/common/etl_export/crce_conf/CRCE_CONF_20160203003258.csv.tmp
[2016-02-03 00:32:58,842][INFO ][Timer-53       ][AbstractXDRFileHandler                            ][ 126] expirationTime: 2016-02-03 00:33:58
[2016-02-03 00:32:58,842][INFO ][Timer-53       ][AbstractXDRFileHandler                            ][  78] --- started file handler ---
[2016-02-03 00:32:58,842][INFO ][Timer-53       ][XDRBackgroundFileWriter                           ][ 115] flushed 17 records to file CRCE_CONF_20160203003258.csv.tmp
[2016-02-03 00:33:02,546][WARN ][Timer-56       ][AbstractXDRFileHandler                            ][ 165] FILE CLOSED::CRCE_MONEYTX_20160203003132.csv.tmp
[2016-02-03 00:33:02,547][INFO ][Timer-56       ][AbstractXDRFileHandler                            ][ 210] deleted zero size file: CRCE_MONEYTX_20160203003132.csv.tmp
[2016-02-03 00:33:02,547][WARN ][Timer-56       ][AbstractXDRFileHandler                            ][ 178] File Writer closed!
[2016-02-03 00:33:02,547][WARN ][Timer-56       ][AbstractXDRFileHandler                            ][  98] CREATING NEW FILE ...
[2016-02-03 00:33:02,547][INFO ][Timer-56       ][AbstractXDRFileHandler                            ][ 110] creationTime: 2016-02-03 00:33:02
[2016-02-03 00:33:02,547][WARN ][Timer-56       ][AbstractXDRFileHandler                            ][ 118] NEW FILE CREATED::/var/opt/inew/xdr/common/etl_export/crce_moneytx/CRCE_MONEYTX_20160203003302.csv.tmp
[2016-02-03 00:33:02,548][INFO ][Timer-56       ][AbstractXDRFileHandler                            ][ 126] expirationTime: 2016-02-03 00:34:02
[2016-02-03 00:33:02,548][INFO ][Timer-56       ][AbstractXDRFileHandler                            ][  78] --- started file handler ---
[2016-02-03 00:33:04,481][WARN ][Timer-47       ][AbstractXDRFileHandler                            ][ 165] FILE CLOSED::CRCE_ACCOUNTCHANGE_20160203003134.csv.tmp
[2016-02-03 00:33:04,481][INFO ][Timer-47       ][AbstractXDRFileHandler                            ][ 199] file renamed from: CRCE_ACCOUNTCHANGE_20160203003134.csv.tmp to: CRCE_ACCOUNTCHANGE_20160203003134.csv
[2016-02-03 00:33:04,481][WARN ][Timer-47       ][AbstractXDRFileHandler                            ][ 178] File Writer closed!
[2016-02-03 00:33:04,481][WARN ][Timer-47       ][AbstractXDRFileHandler                            ][  98] CREATING NEW FILE ...
[2016-02-03 00:33:04,481][INFO ][Timer-47       ][AbstractXDRFileHandler                            ][ 110] creationTime: 2016-02-03 00:33:04
[2016-02-03 00:33:04,482][WARN ][Timer-47       ][AbstractXDRFileHandler                            ][ 118] NEW FILE CREATED::/var/opt/inew/xdr/common/etl_export/crce_accountchange/CRCE_ACCOUNTCHANGE_20160203003304.csv.tmp
[2016-02-03 00:33:04,482][INFO ][Timer-47       ][AbstractXDRFileHandler                            ][ 126] expirationTime: 2016-02-03 00:34:04
[2016-02-03 00:33:04,482][INFO ][Timer-47       ][AbstractXDRFileHandler                            ][  78] --- started file handler ---