[2016-01-23 00:32:59,038][INFO ][ActiveMQ Session Task-139][XDRConsumerImpl                                   ][ 194] ------ start consuming from queue://inew-cs.crce.cdr -------
[2016-01-23 00:32:59,038][INFO ][ActiveMQ Session Task-139][HealthMonitor                                     ][ 115] it is time for next active db check.
[2016-01-23 00:32:59,039][INFO ][ActiveMQ Session Task-139][XDRConsumerImpl                                   ][ 308] --------- start processing record ---------
[2016-01-23 00:32:59,039][INFO ][ActiveMQ Session Task-139][XDRConsumerImpl                                   ][ 309] 5.3|101|true|1|CRCE|CDR|crce01.tb13|2015-02-23T11:06:11.236+0000|2015-02-22T09:15:50.025+0000|MOC_NOK_ASCII123456XdrComponentTest|1|1|74456|573190001000|PREPAID|ACTIVE||0|NONE|OK||fdgdfgdüu|Y&quot;Y&apos;&apos;&apos;{}fdfdfd@|#kk,,1111111111111111111122222222222222|khjflkd8|9^^6fdgkj||||fklgjlkhjlkhlklhasdk;|klf;ldskf;sdl
[2016-01-23 00:32:59,039][INFO ][pool-1-thread-1][HealthMonitor                                     ][ 167] performing db health check . . .
[2016-01-23 00:32:59,039][ERROR][ActiveMQ Session Task-139][XDRConsumerImpl                                   ][ 353] [ERROR] on parsing XDR. 
com.inewcs.mvno.xdr.api.XDRException: [Error] XDR is not valid! xdrType=crce_cdr. current size=31
	at com.inewcs.mvno.xdr.XDRConsumerImpl$XdrTask.doProcess(XDRConsumerImpl.java:348)
	at com.inewcs.mvno.xdr.XDRConsumerImpl$XdrTask.process(XDRConsumerImpl.java:311)
	at com.inewcs.mvno.xdr.XDRConsumerImpl.receiveMessage(XDRConsumerImpl.java:208)
	at com.inewcs.mvno.xdr.XDRConsumerImpl.receiveMessage(XDRConsumerImpl.java:30)
	at com.inewcs.mvno.protocol.AbstractIProtConnectorConsumerJMS.onMessage(AbstractIProtConnectorConsumerJMS.java:174)
	at org.apache.activemq.ActiveMQMessageConsumer.dispatch(ActiveMQMessageConsumer.java:1321)
	at org.apache.activemq.ActiveMQSessionExecutor.dispatch(ActiveMQSessionExecutor.java:131)
	at org.apache.activemq.ActiveMQSessionExecutor.iterate(ActiveMQSessionExecutor.java:202)
	at org.apache.activemq.thread.PooledTaskRunner.runTask(PooledTaskRunner.java:129)
	at org.apache.activemq.thread.PooledTaskRunner$1.run(PooledTaskRunner.java:47)
	at java.util.concurrent.ThreadPoolExecutor.runWorker(ThreadPoolExecutor.java:1145)
	at java.util.concurrent.ThreadPoolExecutor$Worker.run(ThreadPoolExecutor.java:615)
	at java.lang.Thread.run(Thread.java:744)
[2016-01-23 00:32:59,043][INFO ][ActiveMQ Session Task-139][XDRConsumerImpl                                   ][ 313] -------- xdr processed successfully --------
[2016-01-23 00:32:59,043][INFO ][ActiveMQ Session Task-139][XDRConsumerImpl                                   ][ 211] ------ finished consuming from queue://inew-cs.crce.cdr -------
[2016-01-23 00:32:59,043][INFO ][pool-1-thread-1][HealthMonitor                                     ][ 175] connection is valid.
[2016-01-23 00:33:04,189][WARN ][Timer-50       ][AbstractXDRFileHandler                            ][ 165] FILE CLOSED::CRCE_CDR_20160123003134.csv.tmp
[2016-01-23 00:33:04,190][INFO ][Timer-50       ][AbstractXDRFileHandler                            ][ 199] file renamed from: CRCE_CDR_20160123003134.csv.tmp to: CRCE_CDR_20160123003134.csv
[2016-01-23 00:33:04,190][WARN ][Timer-50       ][AbstractXDRFileHandler                            ][ 178] File Writer closed!
[2016-01-23 00:33:04,190][WARN ][Timer-50       ][AbstractXDRFileHandler                            ][  98] CREATING NEW FILE ...
[2016-01-23 00:33:04,190][INFO ][Timer-50       ][AbstractXDRFileHandler                            ][ 110] creationTime: 2016-01-23 00:33:04
[2016-01-23 00:33:04,190][WARN ][Timer-50       ][AbstractXDRFileHandler                            ][ 118] NEW FILE CREATED::/var/opt/inew/xdr/common/etl_export/crce_cdr/CRCE_CDR_20160123003304.csv.tmp
[2016-01-23 00:33:04,191][INFO ][Timer-50       ][AbstractXDRFileHandler                            ][ 126] expirationTime: 2016-01-23 00:34:04
[2016-01-23 00:33:04,191][INFO ][Timer-50       ][AbstractXDRFileHandler                            ][  78] --- started file handler ---
[2016-01-23 00:33:07,576][WARN ][Timer-62       ][AbstractXDRFileHandler                            ][ 165] FILE CLOSED::CRCE_SIMSWAP_20160123003107.csv.tmp
[2016-01-23 00:33:07,576][INFO ][Timer-62       ][AbstractXDRFileHandler                            ][ 210] deleted zero size file: CRCE_SIMSWAP_20160123003107.csv.tmp
[2016-01-23 00:33:07,577][WARN ][Timer-62       ][AbstractXDRFileHandler                            ][ 178] File Writer closed!
[2016-01-23 00:33:07,577][WARN ][Timer-62       ][AbstractXDRFileHandler                            ][  98] CREATING NEW FILE ...
[2016-01-23 00:33:07,577][INFO ][Timer-62       ][AbstractXDRFileHandler                            ][ 110] creationTime: 2016-01-23 00:33:07
[2016-01-23 00:33:07,577][WARN ][Timer-62       ][AbstractXDRFileHandler                            ][ 118] NEW FILE CREATED::/var/opt/inew/xdr/common/etl_export/crce_simswap/CRCE_SIMSWAP_20160123003307.csv.tmp
[2016-01-23 00:33:07,577][INFO ][Timer-62       ][AbstractXDRFileHandler                            ][ 126] expirationTime: 2016-01-23 00:34:07
[2016-01-23 00:33:07,578][INFO ][Timer-62       ][AbstractXDRFileHandler                            ][  78] --- started file handler ---