[2016-01-27 00:33:39,202][INFO ][ActiveMQ Session Task-149][XDRConsumerImpl                                   ][ 194] ------ start consuming from queue://inew-cs.crce.cdr -------
[2016-01-27 00:33:39,202][INFO ][ActiveMQ Session Task-149][HealthMonitor                                     ][ 115] it is time for next active db check.
[2016-01-27 00:33:39,202][INFO ][ActiveMQ Session Task-149][XDRConsumerImpl                                   ][ 308] --------- start processing record ---------
[2016-01-27 00:33:39,202][INFO ][ActiveMQ Session Task-149][XDRConsumerImpl                                   ][ 309] 5.3|101|true|1|CRCE|CDR|crce01.tb13|2015-02-23T11:06:11.236+0000|2015-02-22T09:15:50.025+0000|MOC_NOK_ASCII123456XdrComponentTest|1|1|74456|573190001000|PREPAID|ACTIVE||0|NONE|OK||fdgdfgdüu|Y&quot;Y&apos;&apos;&apos;{}fdfdfd@|#kk,,1111111111111111111122222222222222|khjflkd8|9^^6fdgkj||||fklgjlkhjlkhlklhasdk;|klf;ldskf;sdl
[2016-01-27 00:33:39,202][INFO ][pool-1-thread-1][HealthMonitor                                     ][ 167] performing db health check . . .
[2016-01-27 00:33:39,203][ERROR][ActiveMQ Session Task-149][XDRConsumerImpl                                   ][ 353] [ERROR] on parsing XDR. 
com.inewcs.mvno.xdr.api.XDRException: [Error] XDR is not valid! xdrType=crce_cdr. current size=31
	at com.inewcs.mvno.xdr.XDRConsumerImpl$XdrTask.doProcess(XDRConsumerImpl.java:348)
	at com.inewcs.mvno.xdr.XDRConsumerImpl$XdrTask.process(XDRConsumerImpl.java:311)
	at com.inewcs.mvno.xdr.XDRConsumerImpl.receiveMessage(XDRConsumerImpl.java:208)
	at com.inewcs.mvno.xdr.XDRConsumerImpl.receiveMessage(XDRConsumerImpl.java:30)
	at com.inewcs.mvno.protocol.AbstractIProtConnectorConsumerJMS.onMessage(AbstractIProtConnectorConsumerJMS.java:174)
	at org.apache.activemq.ActiveMQMessageConsumer.dispatch(ActiveMQMessageConsumer.java:1321)
	at org.apache.activemq.ActiveMQSessionExecutor.dispatch(ActiveMQSessionExecutor.java:131)
	at org.apache.activemq.ActiveMQSessionExecutor.iterate(ActiveMQSessionExecutor.java:202)
	at org.apache.activemq.thread.PooledTaskRunner.runTask(PooledTaskRunner.java:129)
	at org.apache.activemq.thread.PooledTaskRunner$1.run(PooledTaskRunner.java:47)
	at java.util.concurrent.ThreadPoolExecutor.runWorker(ThreadPoolExecutor.java:1145)
	at java.util.concurrent.ThreadPoolExecutor$Worker.run(ThreadPoolExecutor.java:615)
	at java.lang.Thread.run(Thread.java:744)
[2016-01-27 00:33:39,203][INFO ][ActiveMQ Session Task-149][XDRConsumerImpl                                   ][ 313] -------- xdr processed successfully --------
[2016-01-27 00:33:39,203][INFO ][ActiveMQ Session Task-149][XDRConsumerImpl                                   ][ 211] ------ finished consuming from queue://inew-cs.crce.cdr -------
[2016-01-27 00:33:39,204][INFO ][pool-1-thread-1][HealthMonitor                                     ][ 175] connection is valid.
[2016-01-27 00:33:46,385][INFO ][Timer-49       ][XDRBackgroundFileWriter                           ][ 115] flushed 1 records to file CRCE_CDR_20160126131246.csv.tmp
[2016-01-27 00:33:48,401][WARN ][Timer-71       ][AbstractXDRFileHandler                            ][ 165] FILE CLOSED::IN_MOC_20160127002748.csv.tmp
[2016-01-27 00:33:48,401][INFO ][Timer-71       ][AbstractXDRFileHandler                            ][ 210] deleted zero size file: IN_MOC_20160127002748.csv.tmp
[2016-01-27 00:33:48,401][WARN ][Timer-71       ][AbstractXDRFileHandler                            ][ 178] File Writer closed!
[2016-01-27 00:33:48,401][WARN ][Timer-71       ][AbstractXDRFileHandler                            ][  98] CREATING NEW FILE ...
[2016-01-27 00:33:48,401][WARN ][Timer-81       ][AbstractXDRFileHandler                            ][ 165] FILE CLOSED::PROV_SDR_20160127003148.csv.tmp
[2016-01-27 00:33:48,402][INFO ][Timer-71       ][AbstractXDRFileHandler                            ][ 110] creationTime: 2016-01-27 00:33:48
[2016-01-27 00:33:48,402][INFO ][Timer-81       ][AbstractXDRFileHandler                            ][ 210] deleted zero size file: PROV_SDR_20160127003148.csv.tmp
[2016-01-27 00:33:48,402][WARN ][Timer-81       ][AbstractXDRFileHandler                            ][ 178] File Writer closed!
[2016-01-27 00:33:48,402][WARN ][Timer-81       ][AbstractXDRFileHandler                            ][  98] CREATING NEW FILE ...
[2016-01-27 00:33:48,402][WARN ][Timer-71       ][AbstractXDRFileHandler                            ][ 118] NEW FILE CREATED::/var/opt/inew/xdr/common/olc_export/in_sdr/IN_MOC_20160127003348.csv.tmp
[2016-01-27 00:33:48,402][INFO ][Timer-81       ][AbstractXDRFileHandler                            ][ 110] creationTime: 2016-01-27 00:33:48
[2016-01-27 00:33:48,402][INFO ][Timer-71       ][AbstractXDRFileHandler                            ][ 126] expirationTime: 2016-01-27 00:38:48
[2016-01-27 00:33:48,402][INFO ][Timer-71       ][AbstractXDRFileHandler                            ][  78] --- started file handler ---
[2016-01-27 00:33:48,403][WARN ][Timer-81       ][AbstractXDRFileHandler                            ][ 118] NEW FILE CREATED::/var/opt/inew/xdr/common/etl_export/prov_sdr/PROV_SDR_20160127003348.csv.tmp
[2016-01-27 00:33:48,403][INFO ][Timer-81       ][AbstractXDRFileHandler                            ][ 126] expirationTime: 2016-01-27 00:34:48
[2016-01-27 00:33:48,403][INFO ][Timer-81       ][AbstractXDRFileHandler                            ][  78] --- started file handler ---