D         bulk_execution_scripts/logs/output-20150507-162623.xml
D         external_tests/CG_unified_workspace/logs/callsGen_2015-06-18_15-18-26.log
D         external_tests/CG_unified_workspace/logs/callsGen_2015-06-18_15-52-23.log
D         external_tests/CG_unified_workspace/logs/callsGen_2015-06-18_15-54-23.log
D         external_tests/CG_unified_workspace/logs/callsGen_2015-06-18_15-55-36.log
D         external_tests/CG_unified_workspace/logs/callsGen_2015-06-18_15-57-09.log
D         external_tests/CG_unified_workspace/logs/callsGen_2015-06-18_15-58-31.log
D         external_tests/CG_unified_workspace/logs/callsGen_2015-06-18_16-06-28.log
D         external_tests/CG_unified_workspace/logs/callsGen_2015-06-18_16-07-23.log
D         external_tests/CG_unified_workspace/logs/callsGen_2015-06-18_16-10-13.log
D         external_tests/CG_unified_workspace/logs/callsGen_2015-06-19_07-52-37.log
D         external_tests/CG_unified_workspace/logs/callsGen_2015-06-19_07-52-49.log
D         external_tests/CG_unified_workspace/logs/callsGen_2015-06-19_07-53-02.log
D         external_tests/CG_unified_workspace/logs/callsGen_2015-06-19_07-53-49.log
D         external_tests/CG_unified_workspace/logs/callsGen_2015-06-19_07-54-01.log
D         external_tests/CG_unified_workspace/logs/callsGen_2015-06-19_14-48-21.log
D         external_tests/CG_unified_workspace/logs/callsGen_2015-06-19_14-54-08.log
D         external_tests/CG_unified_workspace/logs/callsGen_2015-06-20_07-52-32.log
D         external_tests/CG_unified_workspace/logs/callsGen_2015-06-20_07-52-45.log
D         external_tests/CG_unified_workspace/logs/callsGen_2015-06-20_07-52-58.log
D         external_tests/CG_unified_workspace/logs/callsGen_2015-06-20_07-53-46.log
D         external_tests/CG_unified_workspace/logs/callsGen_2015-06-20_07-53-59.log
D         external_tests/CG_unified_workspace/logs/callsGen_2015-06-21_07-52-29.log
D         external_tests/CG_unified_workspace/logs/callsGen_2015-06-21_07-52-42.log
D         external_tests/CG_unified_workspace/logs/callsGen_2015-06-21_07-52-55.log
D         external_tests/CG_unified_workspace/logs/callsGen_2015-06-21_07-53-44.log
D         external_tests/CG_unified_workspace/logs/callsGen_2015-06-21_07-53-57.log
D         external_tests/CG_unified_workspace/logs/callsGen_2015-06-22_07-52-33.log
D         external_tests/CG_unified_workspace/logs/callsGen_2015-06-22_07-52-47.log
D         external_tests/CG_unified_workspace/logs/callsGen_2015-06-22_07-53-00.log
D         external_tests/CG_unified_workspace/logs/callsGen_2015-06-22_07-53-50.log
D         external_tests/CG_unified_workspace/logs/callsGen_2015-06-22_07-54-05.log
D         external_tests/CG_unified_workspace/logs/callsGen_2015-06-22_09-12-48.log
D         external_tests/CG_unified_workspace/logs/callsGen_2015-06-22_09-16-59.log
D         external_tests/CG_unified_workspace/logs/callsGen_2015-06-22_09-17-49.log
D         external_tests/CG_unified_workspace/logs/callsGen_2015-06-22_09-20-55.log
D         external_tests/CG_unified_workspace/logs/callsGen_2015-06-22_09-21-45.log
D         external_tests/CG_unified_workspace/logs/callsGen_2015-06-22_09-22-36.log
D         external_tests/CG_unified_workspace/logs/callsGen_2015-06-22_11-31-18.log
D         external_tests/CG_unified_workspace/logs/callsGen_2015-06-22_11-31-32.log
D         external_tests/CG_unified_workspace/logs/callsGen_2015-06-22_11-31-46.log
D         external_tests/CG_unified_workspace/logs/callsGen_2015-06-22_11-32-38.log
D         external_tests/CG_unified_workspace/logs/callsGen_2015-06-22_11-32-52.log
D         external_tests/CG_unified_workspace/logs/callsGen_2015-06-22_11-51-18.log
D         external_tests/CG_unified_workspace/logs/callsGen_2015-06-22_11-52-08.log
D         external_tests/CG_unified_workspace/logs/callsGen_2015-06-22_11-55-15.log
D         external_tests/CG_unified_workspace/logs/callsGen_2015-06-22_11-56-05.log
D         external_tests/CG_unified_workspace/logs/callsGen_2015-06-22_11-56-56.log
D         external_tests/CG_unified_workspace/logs/callsGen_2015-06-23_06-52-36.log
D         external_tests/CG_unified_workspace/logs/callsGen_2015-06-23_06-53-28.log
D         external_tests/CG_unified_workspace/logs/callsGen_2015-06-23_06-56-35.log
D         external_tests/CG_unified_workspace/logs/callsGen_2015-06-23_06-57-25.log
D         external_tests/CG_unified_workspace/logs/callsGen_2015-06-23_06-58-16.log
D         external_tests/CG_unified_workspace/logs/callsGen_2015-06-23_09-49-26.log
D         external_tests/CG_unified_workspace/logs/callsGen_2015-06-23_09-49-59.log
D         external_tests/CG_unified_workspace/logs/callsGen_2015-06-23_09-52-49.log
D         external_tests/CG_unified_workspace/logs/callsGen_2015-06-23_09-53-19.log
D         external_tests/CG_unified_workspace/logs/callsGen_2015-06-23_09-53-47.log
D         external_tests/CG_unified_workspace/logs/callsGen_2015-06-23_10-03-58.log
D         external_tests/CG_unified_workspace/logs/callsGen_2015-06-23_10-04-13.log
D         external_tests/CG_unified_workspace/logs/callsGen_2015-06-23_10-04-27.log
D         external_tests/CG_unified_workspace/logs/callsGen_2015-06-23_10-04-58.log
D         external_tests/CG_unified_workspace/logs/callsGen_2015-06-23_10-05-28.log
A         bulk_execution_scripts/TNZ/HighLevelOps-createTestSubscribers-cancel_on_deletion_error-0-FAILED.txt
A         bulk_execution_scripts/TNZ/global-groovy.log
A         bulk_execution_scripts/TNZ/logfile.log
A         bulk_execution_scripts/TNZ/run-calls-tests.sh
A         bulk_execution_scripts/TNZ/run-default-tests.sh
A         bulk_execution_scripts/TNZ/soapui-errors.log
A  (bin)  bulk_execution_scripts/TNZ/soapui.log
A         bulk_execution_scripts/nightly-cronjob.sh.old
A         robot_testsuites/basic
A         robot_testsuites/basic/PrePaid
A         robot_testsuites/basic/PrePaid/suite-global-keyword-resource.txt
A         robot_testsuites/basic/PrePaid/MOC
A         robot_testsuites/basic/PrePaid/MOC/OnNet
A         robot_testsuites/basic/PrePaid/MOC/OnNet/MOC_PREPAID_ONNET-ShortDuration
A         robot_testsuites/basic/PrePaid/MOC/OnNet/MOC_PREPAID_ONNET-ShortDuration/MOC_PREPAID_ONNET-ShortDuration-robot-suite.txt
A         robot_testsuites/basic/PrePaid/MOC/OnNet/MOC_PREPAID_ONNET-ShortDuration/run-MOC-short-robot-suite.sh
A         robot_testsuites/basic/PrePaid/MOC/OnNet/MOC_PREPAID_ONNET-ShortDuration/log
A         robot_testsuites/basic/PrePaid/MOC/OnNet/MOC_PREPAID_ONNET-ShortDuration/log/output.xml
A         robot_testsuites/basic/PrePaid/MOC/OnNet/MOC_PREPAID_ONNET-ShortDuration/log/log.html
A         robot_testsuites/basic/PrePaid/MOC/OnNet/MOC_PREPAID_ONNET-ShortDuration/log/report.html
A         robot_testsuites/basic/PrePaid/MOC/OnNet/MOC_PREPAID_ONNET-LongDuration
A         robot_testsuites/basic/PrePaid/MOC/OnNet/MOC_PREPAID_ONNET-LongDuration/run-MOC-long-robot-suite.sh
A         robot_testsuites/basic/PrePaid/MOC/OnNet/MOC_PREPAID_ONNET-LongDuration/MOC_PREPAID_ONNET-LongDuration-robot-suite.txt
A         robot_testsuites/basic/PrePaid/MOC/OnNet/MOC_PREPAID_ONNET-LongDuration/log
A         robot_testsuites/basic/PrePaid/MOC/OnNet/MOC_PREPAID_ONNET-LongDuration/log/output.xml
A         robot_testsuites/basic/PrePaid/MOC/OnNet/MOC_PREPAID_ONNET-LongDuration/log/log.html
A         robot_testsuites/basic/PrePaid/MOC/OnNet/MOC_PREPAID_ONNET-LongDuration/log/report.html
A         robot_testsuites/basic/PrePaid/MOC/OnNet/MOC_PREPAID_ONNET-NoCredit
A         robot_testsuites/basic/PrePaid/MOC/OnNet/MOC_PREPAID_ONNET-NoCredit/log
A         robot_testsuites/basic/PrePaid/MOC/OnNet/MOC_PREPAID_ONNET-NoCredit/log/output.xml
A         robot_testsuites/basic/PrePaid/MOC/OnNet/MOC_PREPAID_ONNET-NoCredit/log/log.html
A         robot_testsuites/basic/PrePaid/MOC/OnNet/MOC_PREPAID_ONNET-NoCredit/log/report.html
A         robot_testsuites/basic/PrePaid/MOC/OnNet/MOC_PREPAID_ONNET-NoCredit/MOC_PREPAID_ONNET-NoCredit-robot-suite.txt
A         robot_testsuites/basic/PrePaid/MOC/OnNet/MOC_PREPAID_ONNET-NoCredit/run-MOC-NoCredit-robot-suite.sh
A         robot_testsuites/experimental/matko.sanseovic/basic/PrePaid/MOC/OnNet/MOC_PREPAID_ONNET-NoCredit/log
A         robot_testsuites/experimental/matko.sanseovic/basic/PrePaid/MOC/OnNet/MOC_PREPAID_ONNET-NoCredit/log/output.xml
A         robot_testsuites/experimental/matko.sanseovic/basic/PrePaid/MOC/OnNet/MOC_PREPAID_ONNET-NoCredit/log/log.html
A         robot_testsuites/experimental/matko.sanseovic/basic/PrePaid/MOC/OnNet/MOC_PREPAID_ONNET-NoCredit/log/report.html
A         robot_testsuites/experimental/matko.sanseovic/basic/PrePaid/MOC/OnNet/log
A         robot_testsuites/experimental/matko.sanseovic/basic/PrePaid/MOC/OnNet/log/output.xml
A         robot_testsuites/experimental/matko.sanseovic/basic/PrePaid/MOC/OnNet/log/log.html
A         robot_testsuites/experimental/matko.sanseovic/basic/PrePaid/MOC/OnNet/log/report.html
A         robot_testsuites/experimental/matko.sanseovic/basic/PrePaid/MOC/OnNet/run-calls.sh
Adding         bulk_execution_scripts/TNZ/HighLevelOps-createTestSubscribers-cancel_on_deletion_error-0-FAILED.txt
Adding         bulk_execution_scripts/TNZ/global-groovy.log
Adding         bulk_execution_scripts/TNZ/logfile.log
Adding         bulk_execution_scripts/TNZ/run-calls-tests.sh
Adding         bulk_execution_scripts/TNZ/run-default-tests.sh
Adding         bulk_execution_scripts/TNZ/soapui-errors.log
Adding  (bin)  bulk_execution_scripts/TNZ/soapui.log
Deleting       bulk_execution_scripts/logs/output-20150507-162623.xml
Sending        bulk_execution_scripts/nightly-cronjob.sh
Adding         bulk_execution_scripts/nightly-cronjob.sh.old
Deleting       external_tests/CG_unified_workspace/logs/callsGen_2015-06-18_15-18-26.log
Deleting       external_tests/CG_unified_workspace/logs/callsGen_2015-06-18_15-52-23.log
Deleting       external_tests/CG_unified_workspace/logs/callsGen_2015-06-18_15-54-23.log
Deleting       external_tests/CG_unified_workspace/logs/callsGen_2015-06-18_15-55-36.log
Deleting       external_tests/CG_unified_workspace/logs/callsGen_2015-06-18_15-57-09.log
Deleting       external_tests/CG_unified_workspace/logs/callsGen_2015-06-18_15-58-31.log
Deleting       external_tests/CG_unified_workspace/logs/callsGen_2015-06-18_16-06-28.log
Deleting       external_tests/CG_unified_workspace/logs/callsGen_2015-06-18_16-07-23.log
Deleting       external_tests/CG_unified_workspace/logs/callsGen_2015-06-18_16-10-13.log
Deleting       external_tests/CG_unified_workspace/logs/callsGen_2015-06-19_07-52-37.log
Deleting       external_tests/CG_unified_workspace/logs/callsGen_2015-06-19_07-52-49.log
Deleting       external_tests/CG_unified_workspace/logs/callsGen_2015-06-19_07-53-02.log
Deleting       external_tests/CG_unified_workspace/logs/callsGen_2015-06-19_07-53-49.log
Deleting       external_tests/CG_unified_workspace/logs/callsGen_2015-06-19_07-54-01.log
Deleting       external_tests/CG_unified_workspace/logs/callsGen_2015-06-19_14-48-21.log
Deleting       external_tests/CG_unified_workspace/logs/callsGen_2015-06-19_14-54-08.log
Deleting       external_tests/CG_unified_workspace/logs/callsGen_2015-06-20_07-52-32.log
Deleting       external_tests/CG_unified_workspace/logs/callsGen_2015-06-20_07-52-45.log
Deleting       external_tests/CG_unified_workspace/logs/callsGen_2015-06-20_07-52-58.log
Deleting       external_tests/CG_unified_workspace/logs/callsGen_2015-06-20_07-53-46.log
Deleting       external_tests/CG_unified_workspace/logs/callsGen_2015-06-20_07-53-59.log
Deleting       external_tests/CG_unified_workspace/logs/callsGen_2015-06-21_07-52-29.log
Deleting       external_tests/CG_unified_workspace/logs/callsGen_2015-06-21_07-52-42.log
Deleting       external_tests/CG_unified_workspace/logs/callsGen_2015-06-21_07-52-55.log
Deleting       external_tests/CG_unified_workspace/logs/callsGen_2015-06-21_07-53-44.log
Deleting       external_tests/CG_unified_workspace/logs/callsGen_2015-06-21_07-53-57.log
Deleting       external_tests/CG_unified_workspace/logs/callsGen_2015-06-22_07-52-33.log
Deleting       external_tests/CG_unified_workspace/logs/callsGen_2015-06-22_07-52-47.log
Deleting       external_tests/CG_unified_workspace/logs/callsGen_2015-06-22_07-53-00.log
Deleting       external_tests/CG_unified_workspace/logs/callsGen_2015-06-22_07-53-50.log
Deleting       external_tests/CG_unified_workspace/logs/callsGen_2015-06-22_07-54-05.log
Deleting       external_tests/CG_unified_workspace/logs/callsGen_2015-06-22_09-12-48.log
Deleting       external_tests/CG_unified_workspace/logs/callsGen_2015-06-22_09-16-59.log
Deleting       external_tests/CG_unified_workspace/logs/callsGen_2015-06-22_09-17-49.log
Deleting       external_tests/CG_unified_workspace/logs/callsGen_2015-06-22_09-20-55.log
Deleting       external_tests/CG_unified_workspace/logs/callsGen_2015-06-22_09-21-45.log
Deleting       external_tests/CG_unified_workspace/logs/callsGen_2015-06-22_09-22-36.log
Deleting       external_tests/CG_unified_workspace/logs/callsGen_2015-06-22_11-31-18.log
Deleting       external_tests/CG_unified_workspace/logs/callsGen_2015-06-22_11-31-32.log
Deleting       external_tests/CG_unified_workspace/logs/callsGen_2015-06-22_11-31-46.log
Deleting       external_tests/CG_unified_workspace/logs/callsGen_2015-06-22_11-32-38.log
Deleting       external_tests/CG_unified_workspace/logs/callsGen_2015-06-22_11-32-52.log
Deleting       external_tests/CG_unified_workspace/logs/callsGen_2015-06-22_11-51-18.log
Deleting       external_tests/CG_unified_workspace/logs/callsGen_2015-06-22_11-52-08.log
Deleting       external_tests/CG_unified_workspace/logs/callsGen_2015-06-22_11-55-15.log
Deleting       external_tests/CG_unified_workspace/logs/callsGen_2015-06-22_11-56-05.log
Deleting       external_tests/CG_unified_workspace/logs/callsGen_2015-06-22_11-56-56.log
Deleting       external_tests/CG_unified_workspace/logs/callsGen_2015-06-23_06-52-36.log
Deleting       external_tests/CG_unified_workspace/logs/callsGen_2015-06-23_06-53-28.log
Deleting       external_tests/CG_unified_workspace/logs/callsGen_2015-06-23_06-56-35.log
Deleting       external_tests/CG_unified_workspace/logs/callsGen_2015-06-23_06-57-25.log
Deleting       external_tests/CG_unified_workspace/logs/callsGen_2015-06-23_06-58-16.log
Deleting       external_tests/CG_unified_workspace/logs/callsGen_2015-06-23_09-49-26.log
Deleting       external_tests/CG_unified_workspace/logs/callsGen_2015-06-23_09-49-59.log
Deleting       external_tests/CG_unified_workspace/logs/callsGen_2015-06-23_09-52-49.log
Deleting       external_tests/CG_unified_workspace/logs/callsGen_2015-06-23_09-53-19.log
Deleting       external_tests/CG_unified_workspace/logs/callsGen_2015-06-23_09-53-47.log
Deleting       external_tests/CG_unified_workspace/logs/callsGen_2015-06-23_10-03-58.log
Deleting       external_tests/CG_unified_workspace/logs/callsGen_2015-06-23_10-04-13.log
Deleting       external_tests/CG_unified_workspace/logs/callsGen_2015-06-23_10-04-27.log
Deleting       external_tests/CG_unified_workspace/logs/callsGen_2015-06-23_10-04-58.log
Deleting       external_tests/CG_unified_workspace/logs/callsGen_2015-06-23_10-05-28.log
Sending        libs/global-keyword-resources/cg-support/tmp/moc-final-rerouting-fleXml.csv
Sending        libs/global-keyword-resources/cg-support/tmp/moc-final-rerouting-workspace.ini
Adding         robot_testsuites/basic
Adding         robot_testsuites/basic/PrePaid
Adding         robot_testsuites/basic/PrePaid/MOC
Adding         robot_testsuites/basic/PrePaid/MOC/OnNet
Adding         robot_testsuites/basic/PrePaid/MOC/OnNet/MOC_PREPAID_ONNET-LongDuration
Adding         robot_testsuites/basic/PrePaid/MOC/OnNet/MOC_PREPAID_ONNET-LongDuration/MOC_PREPAID_ONNET-LongDuration-robot-suite.txt
Adding         robot_testsuites/basic/PrePaid/MOC/OnNet/MOC_PREPAID_ONNET-LongDuration/log
Adding         robot_testsuites/basic/PrePaid/MOC/OnNet/MOC_PREPAID_ONNET-LongDuration/log/log.html
Adding         robot_testsuites/basic/PrePaid/MOC/OnNet/MOC_PREPAID_ONNET-LongDuration/log/output.xml
Adding         robot_testsuites/basic/PrePaid/MOC/OnNet/MOC_PREPAID_ONNET-LongDuration/log/report.html
Adding         robot_testsuites/basic/PrePaid/MOC/OnNet/MOC_PREPAID_ONNET-LongDuration/run-MOC-long-robot-suite.sh
Adding         robot_testsuites/basic/PrePaid/MOC/OnNet/MOC_PREPAID_ONNET-NoCredit
Adding         robot_testsuites/basic/PrePaid/MOC/OnNet/MOC_PREPAID_ONNET-NoCredit/MOC_PREPAID_ONNET-NoCredit-robot-suite.txt
Adding         robot_testsuites/basic/PrePaid/MOC/OnNet/MOC_PREPAID_ONNET-NoCredit/log
Adding         robot_testsuites/basic/PrePaid/MOC/OnNet/MOC_PREPAID_ONNET-NoCredit/log/log.html
Adding         robot_testsuites/basic/PrePaid/MOC/OnNet/MOC_PREPAID_ONNET-NoCredit/log/output.xml
Adding         robot_testsuites/basic/PrePaid/MOC/OnNet/MOC_PREPAID_ONNET-NoCredit/log/report.html
Adding         robot_testsuites/basic/PrePaid/MOC/OnNet/MOC_PREPAID_ONNET-NoCredit/run-MOC-NoCredit-robot-suite.sh
Adding         robot_testsuites/basic/PrePaid/MOC/OnNet/MOC_PREPAID_ONNET-ShortDuration
Adding         robot_testsuites/basic/PrePaid/MOC/OnNet/MOC_PREPAID_ONNET-ShortDuration/MOC_PREPAID_ONNET-ShortDuration-robot-suite.txt
Adding         robot_testsuites/basic/PrePaid/MOC/OnNet/MOC_PREPAID_ONNET-ShortDuration/log
Adding         robot_testsuites/basic/PrePaid/MOC/OnNet/MOC_PREPAID_ONNET-ShortDuration/log/log.html
Adding         robot_testsuites/basic/PrePaid/MOC/OnNet/MOC_PREPAID_ONNET-ShortDuration/log/output.xml
Adding         robot_testsuites/basic/PrePaid/MOC/OnNet/MOC_PREPAID_ONNET-ShortDuration/log/report.html
Adding         robot_testsuites/basic/PrePaid/MOC/OnNet/MOC_PREPAID_ONNET-ShortDuration/run-MOC-short-robot-suite.sh
Adding         robot_testsuites/basic/PrePaid/suite-global-keyword-resource.txt
Sending        robot_testsuites/experimental/hew/vitality-checking/vitality-checking-resource.txt
Deleting       robot_testsuites/experimental/matko.sanseovic/basic/MOC
