A         libs/global-keyword-resources/cg-support/tmp/mfc30s-fleXml.csv
A         libs/global-keyword-resources/cg-support/tmp/mfc30s-subscribers.csv
A         libs/global-keyword-resources/cg-support/tmp/mfc30s-workspace.ini
A         robot_testsuites/basic/PrePaid/MFC
A         robot_testsuites/basic/PrePaid/MFC/MFC_PREPAID-ShortDuration
A         robot_testsuites/basic/PrePaid/MFC/MFC_PREPAID-ShortDuration/log
A         robot_testsuites/basic/PrePaid/MFC/MFC_PREPAID-ShortDuration/log/output.xml
A         robot_testsuites/basic/PrePaid/MFC/MFC_PREPAID-ShortDuration/log/log.html
A         robot_testsuites/basic/PrePaid/MFC/MFC_PREPAID-ShortDuration/log/report.html
A         robot_testsuites/basic/PrePaid/MFC/MFC_PREPAID-ShortDuration/MFC_PREPAID-ShortDuration-robot-suite.txt
A         robot_testsuites/basic/PrePaid/MFC/MFC_PREPAID-ShortDuration/run-MFC-short-robot-suite.sh
A         robot_testsuites/basic/PrePaid/MOC/OnNet/MOC_PREPAID_ONNET-Abandon
A         robot_testsuites/basic/PrePaid/MOC/OnNet/MOC_PREPAID_ONNET-Abandon/log
A         robot_testsuites/basic/PrePaid/MOC/OnNet/MOC_PREPAID_ONNET-Abandon/log/output.xml
A         robot_testsuites/basic/PrePaid/MOC/OnNet/MOC_PREPAID_ONNET-Abandon/log/log.html
A         robot_testsuites/basic/PrePaid/MOC/OnNet/MOC_PREPAID_ONNET-Abandon/log/report.html
A         robot_testsuites/basic/PrePaid/MOC/OnNet/MOC_PREPAID_ONNET-Abandon/run-MOC-abandon-robot-suite.sh
A         robot_testsuites/basic/PrePaid/MOC/OnNet/MOC_PREPAID_ONNET-Abandon/MOC_PREPAID_ONNET-Abandon-robot-suite.txt
A         robot_testsuites/basic/PrePaid/MOC/OnNet/MOC_PREPAID_ONNET-Busy
A         robot_testsuites/basic/PrePaid/MOC/OnNet/MOC_PREPAID_ONNET-Busy/log
A         robot_testsuites/basic/PrePaid/MOC/OnNet/MOC_PREPAID_ONNET-Busy/log/output.xml
A         robot_testsuites/basic/PrePaid/MOC/OnNet/MOC_PREPAID_ONNET-Busy/log/log.html
A         robot_testsuites/basic/PrePaid/MOC/OnNet/MOC_PREPAID_ONNET-Busy/log/report.html
A         robot_testsuites/basic/PrePaid/MOC/OnNet/MOC_PREPAID_ONNET-Busy/run-MOC-busy-robot-suite.sh
A         robot_testsuites/basic/PrePaid/MOC/OnNet/MOC_PREPAID_ONNET-Busy/MOC_PREPAID_ONNET-Busy-robot-suite.txt
A         robot_testsuites/basic/PrePaid/MOC/OnNet/MOC_PREPAID_ONNET-NoAnswer
A         robot_testsuites/basic/PrePaid/MOC/OnNet/MOC_PREPAID_ONNET-NoAnswer/log
A         robot_testsuites/basic/PrePaid/MOC/OnNet/MOC_PREPAID_ONNET-NoAnswer/log/output.xml
A         robot_testsuites/basic/PrePaid/MOC/OnNet/MOC_PREPAID_ONNET-NoAnswer/log/log.html
A         robot_testsuites/basic/PrePaid/MOC/OnNet/MOC_PREPAID_ONNET-NoAnswer/log/report.html
A         robot_testsuites/basic/PrePaid/MOC/OnNet/MOC_PREPAID_ONNET-NoAnswer/MOC_PREPAID_ONNET-NoAnswer-robot-suite.txt
A         robot_testsuites/basic/PrePaid/MOC/OnNet/MOC_PREPAID_ONNET-NoAnswer/run-MOC-noAnswer-robot-suite.sh
A         robot_testsuites/basic/PrePaid/MTC
A         robot_testsuites/basic/PrePaid/MTC/MTC_PREPAID-NoAnswer
A         robot_testsuites/basic/PrePaid/MTC/MTC_PREPAID-NoAnswer/log
A         robot_testsuites/basic/PrePaid/MTC/MTC_PREPAID-NoAnswer/log/output.xml
A         robot_testsuites/basic/PrePaid/MTC/MTC_PREPAID-NoAnswer/log/log.html
A         robot_testsuites/basic/PrePaid/MTC/MTC_PREPAID-NoAnswer/log/report.html
A         robot_testsuites/basic/PrePaid/MTC/MTC_PREPAID-NoAnswer/run-MTC-noAnswer-robot-suite.sh
A         robot_testsuites/basic/PrePaid/MTC/MTC_PREPAID-NoAnswer/MTC_PREPAID-NoAnswer-robot-suite.txt
A         robot_testsuites/basic/PrePaid/MTC/MTC_PREPAID-Busy
A         robot_testsuites/basic/PrePaid/MTC/MTC_PREPAID-Busy/MTC_PREPAID-Busy-robot-suite.txt
A         robot_testsuites/basic/PrePaid/MTC/MTC_PREPAID-Busy/log
A         robot_testsuites/basic/PrePaid/MTC/MTC_PREPAID-Busy/run-MTC-busy-robot-suite.sh
A         robot_testsuites/basic/PrePaid/MTC/MTC_PREPAID-Abandon
A         robot_testsuites/basic/PrePaid/MTC/MTC_PREPAID-Abandon/MTC_PREPAID-Abandon-robot-suite.txt
A         robot_testsuites/basic/PrePaid/MTC/MTC_PREPAID-Abandon/log
A         robot_testsuites/basic/PrePaid/MTC/MTC_PREPAID-Abandon/log/output.xml
A         robot_testsuites/basic/PrePaid/MTC/MTC_PREPAID-Abandon/log/log.html
A         robot_testsuites/basic/PrePaid/MTC/MTC_PREPAID-Abandon/log/report.html
A         robot_testsuites/basic/PrePaid/MTC/MTC_PREPAID-Abandon/run-MTC-abandon-robot-suite.sh
A         robot_testsuites/basic/PrePaid/MTC/MTC_PREPAID-ShortDuration
A         robot_testsuites/basic/PrePaid/MTC/MTC_PREPAID-ShortDuration/log
A         robot_testsuites/basic/PrePaid/MTC/MTC_PREPAID-ShortDuration/log/output.xml
A         robot_testsuites/basic/PrePaid/MTC/MTC_PREPAID-ShortDuration/log/log.html
A         robot_testsuites/basic/PrePaid/MTC/MTC_PREPAID-ShortDuration/log/report.html
A         robot_testsuites/basic/PrePaid/MTC/MTC_PREPAID-ShortDuration/MTC_PREPAID-ShortDuration-robot-suite.txt
A         robot_testsuites/basic/PrePaid/MTC/MTC_PREPAID-ShortDuration/run-MTC-short-robot-suite.sh
A         robot_testsuites/experimental/matko.sanseovic/basic/PrePaid/MFC
A         robot_testsuites/experimental/matko.sanseovic/basic/PrePaid/MFC/MFC_PREPAID-ShortDuration
A         robot_testsuites/experimental/matko.sanseovic/basic/PrePaid/MFC/MFC_PREPAID-ShortDuration/log
A         robot_testsuites/experimental/matko.sanseovic/basic/PrePaid/MFC/MFC_PREPAID-ShortDuration/log/output.xml
A         robot_testsuites/experimental/matko.sanseovic/basic/PrePaid/MFC/MFC_PREPAID-ShortDuration/log/log.html
A         robot_testsuites/experimental/matko.sanseovic/basic/PrePaid/MFC/MFC_PREPAID-ShortDuration/log/report.html
A         robot_testsuites/experimental/matko.sanseovic/basic/PrePaid/MFC/MFC_PREPAID-ShortDuration/MFC_PREPAID-ShortDuration-robot-suite.txt
A         robot_testsuites/experimental/matko.sanseovic/basic/PrePaid/MFC/MFC_PREPAID-ShortDuration/run-MFC-short-robot-suite.sh
A         robot_testsuites/experimental/matko.sanseovic/basic/PrePaid/MOC/OnNet/MOC_PREPAID_ONNET-Abandon
A         robot_testsuites/experimental/matko.sanseovic/basic/PrePaid/MOC/OnNet/MOC_PREPAID_ONNET-Abandon/log
A         robot_testsuites/experimental/matko.sanseovic/basic/PrePaid/MOC/OnNet/MOC_PREPAID_ONNET-Abandon/log/output.xml
A         robot_testsuites/experimental/matko.sanseovic/basic/PrePaid/MOC/OnNet/MOC_PREPAID_ONNET-Abandon/log/log.html
A         robot_testsuites/experimental/matko.sanseovic/basic/PrePaid/MOC/OnNet/MOC_PREPAID_ONNET-Abandon/log/report.html
A         robot_testsuites/experimental/matko.sanseovic/basic/PrePaid/MOC/OnNet/MOC_PREPAID_ONNET-Abandon/run-MOC-abandon-robot-suite.sh
A         robot_testsuites/experimental/matko.sanseovic/basic/PrePaid/MOC/OnNet/MOC_PREPAID_ONNET-Abandon/MOC_PREPAID_ONNET-Abandon-robot-suite.txt
A         robot_testsuites/experimental/matko.sanseovic/basic/PrePaid/MOC/OnNet/MOC_PREPAID_ONNET-Busy
A         robot_testsuites/experimental/matko.sanseovic/basic/PrePaid/MOC/OnNet/MOC_PREPAID_ONNET-Busy/log
A         robot_testsuites/experimental/matko.sanseovic/basic/PrePaid/MOC/OnNet/MOC_PREPAID_ONNET-Busy/log/output.xml
A         robot_testsuites/experimental/matko.sanseovic/basic/PrePaid/MOC/OnNet/MOC_PREPAID_ONNET-Busy/log/log.html
A         robot_testsuites/experimental/matko.sanseovic/basic/PrePaid/MOC/OnNet/MOC_PREPAID_ONNET-Busy/log/report.html
A         robot_testsuites/experimental/matko.sanseovic/basic/PrePaid/MOC/OnNet/MOC_PREPAID_ONNET-Busy/run-MOC-busy-robot-suite.sh
A         robot_testsuites/experimental/matko.sanseovic/basic/PrePaid/MOC/OnNet/MOC_PREPAID_ONNET-Busy/MOC_PREPAID_ONNET-Busy-robot-suite.txt
A         robot_testsuites/experimental/matko.sanseovic/basic/PrePaid/MOC/OnNet/MOC_PREPAID_ONNET-NoAnswer
A         robot_testsuites/experimental/matko.sanseovic/basic/PrePaid/MOC/OnNet/MOC_PREPAID_ONNET-NoAnswer/log
A         robot_testsuites/experimental/matko.sanseovic/basic/PrePaid/MOC/OnNet/MOC_PREPAID_ONNET-NoAnswer/log/output.xml
A         robot_testsuites/experimental/matko.sanseovic/basic/PrePaid/MOC/OnNet/MOC_PREPAID_ONNET-NoAnswer/log/log.html
A         robot_testsuites/experimental/matko.sanseovic/basic/PrePaid/MOC/OnNet/MOC_PREPAID_ONNET-NoAnswer/log/report.html
A         robot_testsuites/experimental/matko.sanseovic/basic/PrePaid/MOC/OnNet/MOC_PREPAID_ONNET-NoAnswer/MOC_PREPAID_ONNET-NoAnswer-robot-suite.txt
A         robot_testsuites/experimental/matko.sanseovic/basic/PrePaid/MOC/OnNet/MOC_PREPAID_ONNET-NoAnswer/run-MOC-noAnswer-robot-suite.sh
A         robot_testsuites/experimental/matko.sanseovic/basic/PrePaid/MTC
A         robot_testsuites/experimental/matko.sanseovic/basic/PrePaid/MTC/MTC_PREPAID-NoAnswer
A         robot_testsuites/experimental/matko.sanseovic/basic/PrePaid/MTC/MTC_PREPAID-NoAnswer/log
A         robot_testsuites/experimental/matko.sanseovic/basic/PrePaid/MTC/MTC_PREPAID-NoAnswer/log/output.xml
A         robot_testsuites/experimental/matko.sanseovic/basic/PrePaid/MTC/MTC_PREPAID-NoAnswer/log/log.html
A         robot_testsuites/experimental/matko.sanseovic/basic/PrePaid/MTC/MTC_PREPAID-NoAnswer/log/report.html
A         robot_testsuites/experimental/matko.sanseovic/basic/PrePaid/MTC/MTC_PREPAID-NoAnswer/run-MTC-noAnswer-robot-suite.sh
A         robot_testsuites/experimental/matko.sanseovic/basic/PrePaid/MTC/MTC_PREPAID-NoAnswer/MTC_PREPAID-NoAnswer-robot-suite.txt
A         robot_testsuites/experimental/matko.sanseovic/basic/PrePaid/MTC/log
A         robot_testsuites/experimental/matko.sanseovic/basic/PrePaid/MTC/log/output.xml
A         robot_testsuites/experimental/matko.sanseovic/basic/PrePaid/MTC/log/log.html
A         robot_testsuites/experimental/matko.sanseovic/basic/PrePaid/MTC/log/report.html
A         robot_testsuites/experimental/matko.sanseovic/basic/PrePaid/MTC/MTC_PREPAID-Busy
A         robot_testsuites/experimental/matko.sanseovic/basic/PrePaid/MTC/MTC_PREPAID-Busy/MTC_PREPAID-Busy-robot-suite.txt
A         robot_testsuites/experimental/matko.sanseovic/basic/PrePaid/MTC/MTC_PREPAID-Busy/log
A         robot_testsuites/experimental/matko.sanseovic/basic/PrePaid/MTC/MTC_PREPAID-Busy/run-MTC-busy-robot-suite.sh
A         robot_testsuites/experimental/matko.sanseovic/basic/PrePaid/MTC/MTC_PREPAID-Abandon
A         robot_testsuites/experimental/matko.sanseovic/basic/PrePaid/MTC/MTC_PREPAID-Abandon/MTC_PREPAID-Abandon-robot-suite.txt
A         robot_testsuites/experimental/matko.sanseovic/basic/PrePaid/MTC/MTC_PREPAID-Abandon/log
A         robot_testsuites/experimental/matko.sanseovic/basic/PrePaid/MTC/MTC_PREPAID-Abandon/log/output.xml
A         robot_testsuites/experimental/matko.sanseovic/basic/PrePaid/MTC/MTC_PREPAID-Abandon/log/log.html
A         robot_testsuites/experimental/matko.sanseovic/basic/PrePaid/MTC/MTC_PREPAID-Abandon/log/report.html
A         robot_testsuites/experimental/matko.sanseovic/basic/PrePaid/MTC/MTC_PREPAID-Abandon/run-MTC-abandon-robot-suite.sh
A         robot_testsuites/experimental/matko.sanseovic/basic/PrePaid/MTC/run-calls.sh
A         robot_testsuites/experimental/matko.sanseovic/basic/PrePaid/MTC/MTC_PREPAID-ShortDuration
A         robot_testsuites/experimental/matko.sanseovic/basic/PrePaid/MTC/MTC_PREPAID-ShortDuration/log
A         robot_testsuites/experimental/matko.sanseovic/basic/PrePaid/MTC/MTC_PREPAID-ShortDuration/log/output.xml
A         robot_testsuites/experimental/matko.sanseovic/basic/PrePaid/MTC/MTC_PREPAID-ShortDuration/log/log.html
A         robot_testsuites/experimental/matko.sanseovic/basic/PrePaid/MTC/MTC_PREPAID-ShortDuration/log/report.html
A         robot_testsuites/experimental/matko.sanseovic/basic/PrePaid/MTC/MTC_PREPAID-ShortDuration/MTC_PREPAID-ShortDuration-robot-suite.txt
A         robot_testsuites/experimental/matko.sanseovic/basic/PrePaid/MTC/MTC_PREPAID-ShortDuration/run-MTC-short-robot-suite.sh
A         robot_testsuites/experimental/matko.sanseovic/basic/PrePaid/calls-regression-suite.txt
A         robot_testsuites/experimental/matko.sanseovic/basic/PrePaid/log
A         robot_testsuites/experimental/matko.sanseovic/basic/PrePaid/log/output.xml
A         robot_testsuites/experimental/matko.sanseovic/basic/PrePaid/log/log.html
A         robot_testsuites/experimental/matko.sanseovic/basic/PrePaid/log/report.html
A         robot_testsuites/experimental/matko.sanseovic/basic/PrePaid/run-regression-robot-suite.sh
Adding         bulk_execution_scripts/TNZ/HighLevelOps-createTestSubscribers-cancel_on_deletion_error-0-FAILED.txt
Adding         bulk_execution_scripts/TNZ/global-groovy.log
Adding         bulk_execution_scripts/TNZ/logfile.log
Adding         bulk_execution_scripts/TNZ/run-calls-tests.sh
Adding         bulk_execution_scripts/TNZ/run-default-tests.sh
Adding         bulk_execution_scripts/TNZ/soapui-errors.log
Adding  (bin)  bulk_execution_scripts/TNZ/soapui.log
Deleting       bulk_execution_scripts/logs/output-20150507-162623.xml
Sending        bulk_execution_scripts/nightly-cronjob.sh
Adding         bulk_execution_scripts/nightly-cronjob.sh.old
Deleting       external_tests/CG_unified_workspace/logs/callsGen_2015-06-18_15-18-26.log
Deleting       external_tests/CG_unified_workspace/logs/callsGen_2015-06-18_15-52-23.log
Deleting       external_tests/CG_unified_workspace/logs/callsGen_2015-06-18_15-54-23.log
Deleting       external_tests/CG_unified_workspace/logs/callsGen_2015-06-18_15-55-36.log
Deleting       external_tests/CG_unified_workspace/logs/callsGen_2015-06-18_15-57-09.log
Deleting       external_tests/CG_unified_workspace/logs/callsGen_2015-06-18_15-58-31.log
Deleting       external_tests/CG_unified_workspace/logs/callsGen_2015-06-18_16-06-28.log
Deleting       external_tests/CG_unified_workspace/logs/callsGen_2015-06-18_16-07-23.log
Deleting       external_tests/CG_unified_workspace/logs/callsGen_2015-06-18_16-10-13.log
Deleting       external_tests/CG_unified_workspace/logs/callsGen_2015-06-19_07-52-37.log
Deleting       external_tests/CG_unified_workspace/logs/callsGen_2015-06-19_07-52-49.log
Deleting       external_tests/CG_unified_workspace/logs/callsGen_2015-06-19_07-53-02.log
Deleting       external_tests/CG_unified_workspace/logs/callsGen_2015-06-19_07-53-49.log
Deleting       external_tests/CG_unified_workspace/logs/callsGen_2015-06-19_07-54-01.log
Deleting       external_tests/CG_unified_workspace/logs/callsGen_2015-06-19_14-48-21.log
Deleting       external_tests/CG_unified_workspace/logs/callsGen_2015-06-19_14-54-08.log
Deleting       external_tests/CG_unified_workspace/logs/callsGen_2015-06-20_07-52-32.log
Deleting       external_tests/CG_unified_workspace/logs/callsGen_2015-06-20_07-52-45.log
Deleting       external_tests/CG_unified_workspace/logs/callsGen_2015-06-20_07-52-58.log
Deleting       external_tests/CG_unified_workspace/logs/callsGen_2015-06-20_07-53-46.log
Deleting       external_tests/CG_unified_workspace/logs/callsGen_2015-06-20_07-53-59.log
Deleting       external_tests/CG_unified_workspace/logs/callsGen_2015-06-21_07-52-29.log
Deleting       external_tests/CG_unified_workspace/logs/callsGen_2015-06-21_07-52-42.log
Deleting       external_tests/CG_unified_workspace/logs/callsGen_2015-06-21_07-52-55.log
Deleting       external_tests/CG_unified_workspace/logs/callsGen_2015-06-21_07-53-44.log
Deleting       external_tests/CG_unified_workspace/logs/callsGen_2015-06-21_07-53-57.log
Deleting       external_tests/CG_unified_workspace/logs/callsGen_2015-06-22_07-52-33.log
Deleting       external_tests/CG_unified_workspace/logs/callsGen_2015-06-22_07-52-47.log
Deleting       external_tests/CG_unified_workspace/logs/callsGen_2015-06-22_07-53-00.log
Deleting       external_tests/CG_unified_workspace/logs/callsGen_2015-06-22_07-53-50.log
Deleting       external_tests/CG_unified_workspace/logs/callsGen_2015-06-22_07-54-05.log
Deleting       external_tests/CG_unified_workspace/logs/callsGen_2015-06-22_09-12-48.log
Deleting       external_tests/CG_unified_workspace/logs/callsGen_2015-06-22_09-16-59.log
Deleting       external_tests/CG_unified_workspace/logs/callsGen_2015-06-22_09-17-49.log
Deleting       external_tests/CG_unified_workspace/logs/callsGen_2015-06-22_09-20-55.log
Deleting       external_tests/CG_unified_workspace/logs/callsGen_2015-06-22_09-21-45.log
Deleting       external_tests/CG_unified_workspace/logs/callsGen_2015-06-22_09-22-36.log
Deleting       external_tests/CG_unified_workspace/logs/callsGen_2015-06-22_11-31-18.log
Deleting       external_tests/CG_unified_workspace/logs/callsGen_2015-06-22_11-31-32.log
Deleting       external_tests/CG_unified_workspace/logs/callsGen_2015-06-22_11-31-46.log
Deleting       external_tests/CG_unified_workspace/logs/callsGen_2015-06-22_11-32-38.log
Deleting       external_tests/CG_unified_workspace/logs/callsGen_2015-06-22_11-32-52.log
Deleting       external_tests/CG_unified_workspace/logs/callsGen_2015-06-22_11-51-18.log
Deleting       external_tests/CG_unified_workspace/logs/callsGen_2015-06-22_11-52-08.log
Deleting       external_tests/CG_unified_workspace/logs/callsGen_2015-06-22_11-55-15.log
Deleting       external_tests/CG_unified_workspace/logs/callsGen_2015-06-22_11-56-05.log
Deleting       external_tests/CG_unified_workspace/logs/callsGen_2015-06-22_11-56-56.log
Deleting       external_tests/CG_unified_workspace/logs/callsGen_2015-06-23_06-52-36.log
Deleting       external_tests/CG_unified_workspace/logs/callsGen_2015-06-23_06-53-28.log
Deleting       external_tests/CG_unified_workspace/logs/callsGen_2015-06-23_06-56-35.log
Deleting       external_tests/CG_unified_workspace/logs/callsGen_2015-06-23_06-57-25.log
Deleting       external_tests/CG_unified_workspace/logs/callsGen_2015-06-23_06-58-16.log
Deleting       external_tests/CG_unified_workspace/logs/callsGen_2015-06-23_09-49-26.log
Deleting       external_tests/CG_unified_workspace/logs/callsGen_2015-06-23_09-49-59.log
Deleting       external_tests/CG_unified_workspace/logs/callsGen_2015-06-23_09-52-49.log
Deleting       external_tests/CG_unified_workspace/logs/callsGen_2015-06-23_09-53-19.log
Deleting       external_tests/CG_unified_workspace/logs/callsGen_2015-06-23_09-53-47.log
Deleting       external_tests/CG_unified_workspace/logs/callsGen_2015-06-23_10-03-58.log
Deleting       external_tests/CG_unified_workspace/logs/callsGen_2015-06-23_10-04-13.log
Deleting       external_tests/CG_unified_workspace/logs/callsGen_2015-06-23_10-04-27.log
Deleting       external_tests/CG_unified_workspace/logs/callsGen_2015-06-23_10-04-58.log
Deleting       external_tests/CG_unified_workspace/logs/callsGen_2015-06-23_10-05-28.log
Sending        libs/global-keyword-resources/cg-support/tmp/mfc1s-fleXml.csv
Sending        libs/global-keyword-resources/cg-support/tmp/mfc1s-subscribers.csv
Sending        libs/global-keyword-resources/cg-support/tmp/mfc1s-workspace.ini
Adding         libs/global-keyword-resources/cg-support/tmp/mfc30s-fleXml.csv
Adding         libs/global-keyword-resources/cg-support/tmp/mfc30s-subscribers.csv
Adding         libs/global-keyword-resources/cg-support/tmp/mfc30s-workspace.ini
Sending        libs/global-keyword-resources/cg-support/tmp/moc-abandon-fleXml.csv
Sending        libs/global-keyword-resources/cg-support/tmp/moc-abandon-workspace.ini
Sending        libs/global-keyword-resources/cg-support/tmp/moc-busy-fleXml.csv
Sending        libs/global-keyword-resources/cg-support/tmp/moc-busy-workspace.ini
Sending        libs/global-keyword-resources/cg-support/tmp/moc-final-rerouting-fleXml.csv
Sending        libs/global-keyword-resources/cg-support/tmp/moc-final-rerouting-workspace.ini
Sending        libs/global-keyword-resources/cg-support/tmp/moc-noanswer-fleXml.csv
Sending        libs/global-keyword-resources/cg-support/tmp/moc-noanswer-workspace.ini
Sending        libs/global-keyword-resources/cg-support/tmp/mtc-abandon-workspace.ini
Sending        libs/global-keyword-resources/cg-support/tmp/mtc-busy-workspace.ini
Sending        libs/global-keyword-resources/cg-support/tmp/mtc-noanswer-workspace.ini
Sending        libs/global-keyword-resources/cg-support/tmp/mtc1s-fleXml.csv
Sending        libs/global-keyword-resources/cg-support/tmp/mtc1s-workspace.ini
Adding         robot_testsuites/basic
Adding         robot_testsuites/basic/PrePaid
Adding         robot_testsuites/basic/PrePaid/MFC
Adding         robot_testsuites/basic/PrePaid/MFC/MFC_PREPAID-ShortDuration
Adding         robot_testsuites/basic/PrePaid/MFC/MFC_PREPAID-ShortDuration/MFC_PREPAID-ShortDuration-robot-suite.txt
Adding         robot_testsuites/basic/PrePaid/MFC/MFC_PREPAID-ShortDuration/log
Adding         robot_testsuites/basic/PrePaid/MFC/MFC_PREPAID-ShortDuration/log/log.html
Adding         robot_testsuites/basic/PrePaid/MFC/MFC_PREPAID-ShortDuration/log/output.xml
Adding         robot_testsuites/basic/PrePaid/MFC/MFC_PREPAID-ShortDuration/log/report.html
Adding         robot_testsuites/basic/PrePaid/MFC/MFC_PREPAID-ShortDuration/run-MFC-short-robot-suite.sh
Adding         robot_testsuites/basic/PrePaid/MOC
Adding         robot_testsuites/basic/PrePaid/MOC/OnNet
Adding         robot_testsuites/basic/PrePaid/MOC/OnNet/MOC_PREPAID_ONNET-Abandon
Adding         robot_testsuites/basic/PrePaid/MOC/OnNet/MOC_PREPAID_ONNET-Abandon/MOC_PREPAID_ONNET-Abandon-robot-suite.txt
Adding         robot_testsuites/basic/PrePaid/MOC/OnNet/MOC_PREPAID_ONNET-Abandon/log
Adding         robot_testsuites/basic/PrePaid/MOC/OnNet/MOC_PREPAID_ONNET-Abandon/log/log.html
Adding         robot_testsuites/basic/PrePaid/MOC/OnNet/MOC_PREPAID_ONNET-Abandon/log/output.xml
Adding         robot_testsuites/basic/PrePaid/MOC/OnNet/MOC_PREPAID_ONNET-Abandon/log/report.html
Adding         robot_testsuites/basic/PrePaid/MOC/OnNet/MOC_PREPAID_ONNET-Abandon/run-MOC-abandon-robot-suite.sh
Adding         robot_testsuites/basic/PrePaid/MOC/OnNet/MOC_PREPAID_ONNET-Busy
Adding         robot_testsuites/basic/PrePaid/MOC/OnNet/MOC_PREPAID_ONNET-Busy/MOC_PREPAID_ONNET-Busy-robot-suite.txt
Adding         robot_testsuites/basic/PrePaid/MOC/OnNet/MOC_PREPAID_ONNET-Busy/log
Adding         robot_testsuites/basic/PrePaid/MOC/OnNet/MOC_PREPAID_ONNET-Busy/log/log.html
Adding         robot_testsuites/basic/PrePaid/MOC/OnNet/MOC_PREPAID_ONNET-Busy/log/output.xml
Adding         robot_testsuites/basic/PrePaid/MOC/OnNet/MOC_PREPAID_ONNET-Busy/log/report.html
Adding         robot_testsuites/basic/PrePaid/MOC/OnNet/MOC_PREPAID_ONNET-Busy/run-MOC-busy-robot-suite.sh
Adding         robot_testsuites/basic/PrePaid/MOC/OnNet/MOC_PREPAID_ONNET-LongDuration
Adding         robot_testsuites/basic/PrePaid/MOC/OnNet/MOC_PREPAID_ONNET-LongDuration/MOC_PREPAID_ONNET-LongDuration-robot-suite.txt
Adding         robot_testsuites/basic/PrePaid/MOC/OnNet/MOC_PREPAID_ONNET-LongDuration/log
Adding         robot_testsuites/basic/PrePaid/MOC/OnNet/MOC_PREPAID_ONNET-LongDuration/log/log.html
Adding         robot_testsuites/basic/PrePaid/MOC/OnNet/MOC_PREPAID_ONNET-LongDuration/log/output.xml
Adding         robot_testsuites/basic/PrePaid/MOC/OnNet/MOC_PREPAID_ONNET-LongDuration/log/report.html
Adding         robot_testsuites/basic/PrePaid/MOC/OnNet/MOC_PREPAID_ONNET-LongDuration/run-MOC-long-robot-suite.sh
Adding         robot_testsuites/basic/PrePaid/MOC/OnNet/MOC_PREPAID_ONNET-NoAnswer
Adding         robot_testsuites/basic/PrePaid/MOC/OnNet/MOC_PREPAID_ONNET-NoAnswer/MOC_PREPAID_ONNET-NoAnswer-robot-suite.txt
Adding         robot_testsuites/basic/PrePaid/MOC/OnNet/MOC_PREPAID_ONNET-NoAnswer/log
Adding         robot_testsuites/basic/PrePaid/MOC/OnNet/MOC_PREPAID_ONNET-NoAnswer/log/log.html
Adding         robot_testsuites/basic/PrePaid/MOC/OnNet/MOC_PREPAID_ONNET-NoAnswer/log/output.xml
Adding         robot_testsuites/basic/PrePaid/MOC/OnNet/MOC_PREPAID_ONNET-NoAnswer/log/report.html
Adding         robot_testsuites/basic/PrePaid/MOC/OnNet/MOC_PREPAID_ONNET-NoAnswer/run-MOC-noAnswer-robot-suite.sh
Adding         robot_testsuites/basic/PrePaid/MOC/OnNet/MOC_PREPAID_ONNET-NoCredit
Adding         robot_testsuites/basic/PrePaid/MOC/OnNet/MOC_PREPAID_ONNET-NoCredit/MOC_PREPAID_ONNET-NoCredit-robot-suite.txt
Adding         robot_testsuites/basic/PrePaid/MOC/OnNet/MOC_PREPAID_ONNET-NoCredit/log
Adding         robot_testsuites/basic/PrePaid/MOC/OnNet/MOC_PREPAID_ONNET-NoCredit/log/log.html
Adding         robot_testsuites/basic/PrePaid/MOC/OnNet/MOC_PREPAID_ONNET-NoCredit/log/output.xml
Adding         robot_testsuites/basic/PrePaid/MOC/OnNet/MOC_PREPAID_ONNET-NoCredit/log/report.html
Adding         robot_testsuites/basic/PrePaid/MOC/OnNet/MOC_PREPAID_ONNET-NoCredit/run-MOC-NoCredit-robot-suite.sh
Adding         robot_testsuites/basic/PrePaid/MOC/OnNet/MOC_PREPAID_ONNET-ShortDuration
Adding         robot_testsuites/basic/PrePaid/MOC/OnNet/MOC_PREPAID_ONNET-ShortDuration/MOC_PREPAID_ONNET-ShortDuration-robot-suite.txt
Adding         robot_testsuites/basic/PrePaid/MOC/OnNet/MOC_PREPAID_ONNET-ShortDuration/log
Adding         robot_testsuites/basic/PrePaid/MOC/OnNet/MOC_PREPAID_ONNET-ShortDuration/log/log.html
Adding         robot_testsuites/basic/PrePaid/MOC/OnNet/MOC_PREPAID_ONNET-ShortDuration/log/output.xml
Adding         robot_testsuites/basic/PrePaid/MOC/OnNet/MOC_PREPAID_ONNET-ShortDuration/log/report.html
Adding         robot_testsuites/basic/PrePaid/MOC/OnNet/MOC_PREPAID_ONNET-ShortDuration/run-MOC-short-robot-suite.sh
Adding         robot_testsuites/basic/PrePaid/MTC
Adding         robot_testsuites/basic/PrePaid/MTC/MTC_PREPAID-Abandon
Adding         robot_testsuites/basic/PrePaid/MTC/MTC_PREPAID-Abandon/MTC_PREPAID-Abandon-robot-suite.txt
Adding         robot_testsuites/basic/PrePaid/MTC/MTC_PREPAID-Abandon/log
Adding         robot_testsuites/basic/PrePaid/MTC/MTC_PREPAID-Abandon/log/log.html
Adding         robot_testsuites/basic/PrePaid/MTC/MTC_PREPAID-Abandon/log/output.xml
Adding         robot_testsuites/basic/PrePaid/MTC/MTC_PREPAID-Abandon/log/report.html
Adding         robot_testsuites/basic/PrePaid/MTC/MTC_PREPAID-Abandon/run-MTC-abandon-robot-suite.sh
Adding         robot_testsuites/basic/PrePaid/MTC/MTC_PREPAID-Busy
Adding         robot_testsuites/basic/PrePaid/MTC/MTC_PREPAID-Busy/MTC_PREPAID-Busy-robot-suite.txt
Adding         robot_testsuites/basic/PrePaid/MTC/MTC_PREPAID-Busy/log
Adding         robot_testsuites/basic/PrePaid/MTC/MTC_PREPAID-Busy/run-MTC-busy-robot-suite.sh
Adding         robot_testsuites/basic/PrePaid/MTC/MTC_PREPAID-NoAnswer
Adding         robot_testsuites/basic/PrePaid/MTC/MTC_PREPAID-NoAnswer/MTC_PREPAID-NoAnswer-robot-suite.txt
Adding         robot_testsuites/basic/PrePaid/MTC/MTC_PREPAID-NoAnswer/log
Adding         robot_testsuites/basic/PrePaid/MTC/MTC_PREPAID-NoAnswer/log/log.html
Adding         robot_testsuites/basic/PrePaid/MTC/MTC_PREPAID-NoAnswer/log/output.xml
Adding         robot_testsuites/basic/PrePaid/MTC/MTC_PREPAID-NoAnswer/log/report.html
Adding         robot_testsuites/basic/PrePaid/MTC/MTC_PREPAID-NoAnswer/run-MTC-noAnswer-robot-suite.sh
Adding         robot_testsuites/basic/PrePaid/MTC/MTC_PREPAID-ShortDuration
Adding         robot_testsuites/basic/PrePaid/MTC/MTC_PREPAID-ShortDuration/MTC_PREPAID-ShortDuration-robot-suite.txt
Adding         robot_testsuites/basic/PrePaid/MTC/MTC_PREPAID-ShortDuration/log
Adding         robot_testsuites/basic/PrePaid/MTC/MTC_PREPAID-ShortDuration/log/log.html
Adding         robot_testsuites/basic/PrePaid/MTC/MTC_PREPAID-ShortDuration/log/output.xml
Adding         robot_testsuites/basic/PrePaid/MTC/MTC_PREPAID-ShortDuration/log/report.html
Adding         robot_testsuites/basic/PrePaid/MTC/MTC_PREPAID-ShortDuration/run-MTC-short-robot-suite.sh
Adding         robot_testsuites/basic/PrePaid/suite-global-keyword-resource.txt
Sending        robot_testsuites/experimental/hew/vitality-checking/vitality-checking-resource.txt
Deleting       robot_testsuites/experimental/matko.sanseovic/basic/MOC
