D         bulk_execution_scripts/cronjob_logs/20150619
D         bulk_execution_scripts/cronjob_logs/20150619/log-20150619-133724.html
D         bulk_execution_scripts/cronjob_logs/20150619/log-20150619-143443.html
D         bulk_execution_scripts/cronjob_logs/20150619/output-20150619-131709.xml
D         bulk_execution_scripts/cronjob_logs/20150619/output-20150619-141343.xml
D         bulk_execution_scripts/cronjob_logs/20150619/report-20150619-133724.html
D         bulk_execution_scripts/cronjob_logs/20150619/report-20150619-143443.html
D         bulk_execution_scripts/cronjob_logs/20150620
D         bulk_execution_scripts/cronjob_logs/20150620/log-20150620-012118.html
D         bulk_execution_scripts/cronjob_logs/20150620/output-20150620-010009.xml
D         bulk_execution_scripts/cronjob_logs/20150620/report-20150620-012118.html
D         bulk_execution_scripts/cronjob_logs/20150621
D         bulk_execution_scripts/cronjob_logs/20150621/log-20150621-012221.html
D         bulk_execution_scripts/cronjob_logs/20150621/output-20150621-010010.xml
D         bulk_execution_scripts/cronjob_logs/20150621/report-20150621-012221.html
D         bulk_execution_scripts/cronjob_logs/20150622
D         bulk_execution_scripts/cronjob_logs/20150622/log-20150622-012233.html
D         bulk_execution_scripts/cronjob_logs/20150622/output-20150622-010009.xml
D         bulk_execution_scripts/cronjob_logs/20150622/report-20150622-012233.html
D         bulk_execution_scripts/cronjob_logs/20150623
D         bulk_execution_scripts/cronjob_logs/20150623/log-20150623-010200.html
D         bulk_execution_scripts/cronjob_logs/20150623/output-20150623-010009.xml
D         bulk_execution_scripts/cronjob_logs/20150623/report-20150623-010200.html
D         external_tests/experimental/matko.sanseovic/falabella-changes
D         external_tests/experimental/matko.sanseovic/falabella-changes/mfc
D         external_tests/experimental/matko.sanseovic/falabella-changes/mfc/50_mfc_fDisconnect_cgpn_1s_separate_packets
D         external_tests/experimental/matko.sanseovic/falabella-changes/mfc/50_mfc_fDisconnect_cgpn_1s_separate_packets/01_ssp_mfc_hplmn_idp.xml
D         external_tests/experimental/matko.sanseovic/falabella-changes/mfc/50_mfc_fDisconnect_cgpn_1s_separate_packets/02_scp_mfc_hplmn_ac_rrbe_cue.xml
D         external_tests/experimental/matko.sanseovic/falabella-changes/mfc/50_mfc_fDisconnect_cgpn_1s_separate_packets/03_1s_ssp_mfc_hplmn_erb_answer.xml
D         external_tests/experimental/matko.sanseovic/falabella-changes/mfc/50_mfc_fDisconnect_cgpn_1s_separate_packets/04_1s_ssp_mfc_hplmn_acr_erb_discCd.xml
D         external_tests/experimental/matko.sanseovic/falabella-changes/mfc/50_mfc_fDisconnect_cgpn_1s_separate_packets/05_scp_mfc_hplmn_rel.xml
D         external_tests/experimental/matko.sanseovic/falabella-changes/mfc/50_mfc_fDisconnect_cgpn_1s_separate_packets/changelog.txt
D         external_tests/experimental/matko.sanseovic/falabella-changes/mfc/50_mfc_fDisconnect_cgpn_1s_separate_packets/sample-fleXml.csv
D         external_tests/experimental/matko.sanseovic/falabella-changes/moc
D         external_tests/experimental/matko.sanseovic/falabella-changes/moc/03_moc_EDP9_oDisconnect_cgpn_136s_separate_packets
D         external_tests/experimental/matko.sanseovic/falabella-changes/moc/03_moc_EDP9_oDisconnect_cgpn_136s_separate_packets/01_ssp_moc_hplmn_idp.xml
D         external_tests/experimental/matko.sanseovic/falabella-changes/moc/03_moc_EDP9_oDisconnect_cgpn_136s_separate_packets/02_scp_moc_hplmn_ac_rrbe_cue.xml
D         external_tests/experimental/matko.sanseovic/falabella-changes/moc/03_moc_EDP9_oDisconnect_cgpn_136s_separate_packets/03_1s_ssp_moc_hplmn_erb_answer.xml
D         external_tests/experimental/matko.sanseovic/falabella-changes/moc/03_moc_EDP9_oDisconnect_cgpn_136s_separate_packets/04_60s_ssp_moc_hplmn_acr.xml
D         external_tests/experimental/matko.sanseovic/falabella-changes/moc/03_moc_EDP9_oDisconnect_cgpn_136s_separate_packets/05_scp_moc_hplmn_ac.xml
D         external_tests/experimental/matko.sanseovic/falabella-changes/moc/03_moc_EDP9_oDisconnect_cgpn_136s_separate_packets/06_60s_ssp_moc_hplmn_acr.xml
D         external_tests/experimental/matko.sanseovic/falabella-changes/moc/03_moc_EDP9_oDisconnect_cgpn_136s_separate_packets/07_scp_moc_hplmn_ac.xml
D         external_tests/experimental/matko.sanseovic/falabella-changes/moc/03_moc_EDP9_oDisconnect_cgpn_136s_separate_packets/08_16s_ssp_moc_hplmn_acr_erb_discCg.xml
D         external_tests/experimental/matko.sanseovic/falabella-changes/moc/03_moc_EDP9_oDisconnect_cgpn_136s_separate_packets/09_scp_moc_hplmn_rel.xml
D         external_tests/experimental/matko.sanseovic/falabella-changes/moc/03_moc_EDP9_oDisconnect_cgpn_136s_separate_packets/changelog.txt
D         external_tests/experimental/matko.sanseovic/falabella-changes/moc/03_moc_EDP9_oDisconnect_cgpn_136s_separate_packets/sample-fleXml.csv
D         external_tests/experimental/matko.sanseovic/falabella-changes/moc/53_moc_EDP9_oDisconnect_cgpn_1s_separate_packets
D         external_tests/experimental/matko.sanseovic/falabella-changes/moc/53_moc_EDP9_oDisconnect_cgpn_1s_separate_packets/01_ssp_moc_hplmn_idp.xml
D         external_tests/experimental/matko.sanseovic/falabella-changes/moc/53_moc_EDP9_oDisconnect_cgpn_1s_separate_packets/02_scp_moc_hplmn_ac_rrbe_cue.xml
D         external_tests/experimental/matko.sanseovic/falabella-changes/moc/53_moc_EDP9_oDisconnect_cgpn_1s_separate_packets/03_1s_ssp_moc_hplmn_erb_answer.xml
D         external_tests/experimental/matko.sanseovic/falabella-changes/moc/53_moc_EDP9_oDisconnect_cgpn_1s_separate_packets/04_1s_ssp_moc_hplmn_acr_erb_discCg.xml
D         external_tests/experimental/matko.sanseovic/falabella-changes/moc/53_moc_EDP9_oDisconnect_cgpn_1s_separate_packets/05_scp_moc_hplmn_rel.xml
D         external_tests/experimental/matko.sanseovic/falabella-changes/moc/53_moc_EDP9_oDisconnect_cgpn_1s_separate_packets/changelog.txt
D         external_tests/experimental/matko.sanseovic/falabella-changes/moc/53_moc_EDP9_oDisconnect_cgpn_1s_separate_packets/sample-fleXml.csv
A         bulk_execution_scripts/Smartspace
A  (bin)  bulk_execution_scripts/Smartspace/soapui.log
A         bulk_execution_scripts/Smartspace/log
A         bulk_execution_scripts/Smartspace/log/report-20151006-142131.html
A         bulk_execution_scripts/Smartspace/log/log-20151006-142131.html
A         bulk_execution_scripts/Smartspace/log/output-20151006-141608.xml
A         bulk_execution_scripts/Smartspace/LowLevelOps-getMainAccount-cancel_on_SOAP_error-0-FAILED.txt
A         bulk_execution_scripts/Smartspace/HighLevelOps-createTestSubscribers-deleteSubscriber-0-FAILED.txt
A         bulk_execution_scripts/Smartspace/sut-specific.args
A         bulk_execution_scripts/Smartspace/soapui-errors.log
A         bulk_execution_scripts/Smartspace/HighLevelOps-createTestSubscribers-getSubscriberProfileByImsi-0-FAILED.txt
A         bulk_execution_scripts/Smartspace/run-default-tests.sh
A         bulk_execution_scripts/Smartspace/tmp_query_result.txt
A         bulk_execution_scripts/Smartspace/global-groovy.log
A         bulk_execution_scripts/Smartspace/LowLevelOps-getSubscriberProfile-cancel_on_SOAP_error-0-FAILED.txt
A         bulk_execution_scripts/Smartspace/LowLevelOps-getMainAccount-getMainAccount-0-FAILED.txt
A         bulk_execution_scripts/Smartspace/HighLevelOps-createTestSubscribers-cancel_on_SOAP_error-0-FAILED.txt
A         bulk_execution_scripts/Smartspace/run-XDR-tests.sh
A         bulk_execution_scripts/Smartspace/run-calls-tests.sh
A         bulk_execution_scripts/Smartspace/HighLevelOps-createTestSubscribers-2nd_cancel_on_SOAP_error-0-FAILED.txt
A         bulk_execution_scripts/Smartspace/LowLevelOps-getSubscriberProfile-getSubscriberProfile-0-FAILED.txt
A         bulk_execution_scripts/TNZ/HighLevelOps-createTestSubscribers-cancel_on_CRCE_error_OR_skip_delete_on_UnknownSubscriber-0-FAILED.txt
A         bulk_execution_scripts/TNZ/HighLevelOps-createTestSubscribers-cancel_on_activate_error-0-FAILED.txt
A         bulk_execution_scripts/TNZ/HighLevelOps-createTestSubscribers-cancel_on_create_error-0-FAILED.txt
A         bulk_execution_scripts/mTel
A         bulk_execution_scripts/mTel/run-default-tests.sh
A  (bin)  bulk_execution_scripts/mTel/soapui.log
A         bulk_execution_scripts/mTel/tmp_query_result.txt
A         bulk_execution_scripts/mTel/log
A         bulk_execution_scripts/mTel/log/output-20151006-140701.xml
A         bulk_execution_scripts/mTel/log/report-20151006-141252.html
A         bulk_execution_scripts/mTel/log/log-20151006-141252.html
A         bulk_execution_scripts/mTel/global-groovy.log
A         bulk_execution_scripts/mTel/run-XDR-tests.sh
A         bulk_execution_scripts/mTel/sut-specific.args
A         bulk_execution_scripts/mTel/run-calls-tests.sh
A         bulk_execution_scripts/mTel/soapui-errors.log
A         external_tests/experimental/matko.sanseovic/reroute_changes
A         external_tests/experimental/matko.sanseovic/reroute_changes/logs
A         external_tests/experimental/matko.sanseovic/reroute_changes/logs/callsGen_2015-10-06_11-20-20.log
A         external_tests/experimental/matko.sanseovic/reroute_changes/logs/callsGen_2015-10-06_14-12-21.log
A         external_tests/experimental/matko.sanseovic/reroute_changes/logs/callsGen_2015-10-06_10-13-33.log
A         external_tests/experimental/matko.sanseovic/reroute_changes/logs/callsGen_2015-10-06_11-43-14.log
A         external_tests/experimental/matko.sanseovic/reroute_changes/logs/callsGen_2015-10-05_16-20-51.log
A         external_tests/experimental/matko.sanseovic/reroute_changes/logs/callsGen_2015-10-06_12-24-42.log
A         external_tests/experimental/matko.sanseovic/reroute_changes/logs/callsGen_2015-10-06_09-51-20.log
A         external_tests/experimental/matko.sanseovic/reroute_changes/logs/callsGen_2015-10-06_12-28-04.log
A         external_tests/experimental/matko.sanseovic/reroute_changes/logs/callsGen_2015-10-06_11-53-52.log
A         external_tests/experimental/matko.sanseovic/reroute_changes/logs/callsGen_2015-10-06_14-08-40.log
A         external_tests/experimental/matko.sanseovic/reroute_changes/logs/callsGen_2015-10-06_11-36-06.log
A         external_tests/experimental/matko.sanseovic/reroute_changes/logs/callsGen_2015-10-06_11-46-42.log
A         external_tests/experimental/matko.sanseovic/reroute_changes/logs/callsGen_2015-10-06_12-18-42.log
A         external_tests/experimental/matko.sanseovic/reroute_changes/logs/callsGen_2015-10-05_16-21-28.log
A         external_tests/experimental/matko.sanseovic/reroute_changes/logs/callsGen_2015-10-06_11-47-16.log
A         external_tests/experimental/matko.sanseovic/reroute_changes/logs/callsGen_2015-10-06_12-19-16.log
A         external_tests/experimental/matko.sanseovic/reroute_changes/logs/callsGen_2015-10-06_12-19-52.log
A         external_tests/experimental/matko.sanseovic/reroute_changes/logs/callsGen_2015-10-06_11-46-08.log
A         external_tests/experimental/matko.sanseovic/reroute_changes/logs/callsGen_2015-10-06_14-08-09.log
A         external_tests/experimental/matko.sanseovic/reroute_changes/logs/callsGen_2015-10-06_08-54-34.log
A         external_tests/experimental/matko.sanseovic/reroute_changes/logs/callsGen_2015-10-05_16-19-26.log
A         external_tests/experimental/matko.sanseovic/reroute_changes/logs/callsGen_2015-10-06_11-46-48.log
A         external_tests/experimental/matko.sanseovic/reroute_changes/logs/callsGen_2015-10-05_16-46-37.log
A         external_tests/experimental/matko.sanseovic/reroute_changes/logs/callsGen_2015-10-06_09-08-54.log
A         external_tests/experimental/matko.sanseovic/reroute_changes/logs/callsGen_2015-10-06_12-19-59.log
A         external_tests/experimental/matko.sanseovic/reroute_changes/logs/callsGen_2015-10-06_10-13-41.log
A         external_tests/experimental/matko.sanseovic/reroute_changes/logs/callsGen_2015-10-06_10-13-06.log
A         external_tests/experimental/matko.sanseovic/reroute_changes/logs/callsGen_2015-10-05_16-44-20.log
A         external_tests/experimental/matko.sanseovic/reroute_changes/logs/callsGen_2015-10-06_11-43-25.log
A         external_tests/experimental/matko.sanseovic/reroute_changes/logs/callsGen_2015-10-06_14-12-35.log
A         external_tests/experimental/matko.sanseovic/reroute_changes/logs/callsGen_2015-10-06_09-05-30.log
A         external_tests/experimental/matko.sanseovic/reroute_changes/logs/callsGen_2015-10-06_12-28-13.log
A         external_tests/experimental/matko.sanseovic/reroute_changes/logs/callsGen_2015-10-06_09-30-23.log
A         external_tests/experimental/matko.sanseovic/reroute_changes/logs/callsGen_2015-10-06_14-11-28.log
A         external_tests/experimental/matko.sanseovic/reroute_changes/logs/callsGen_2015-10-06_12-28-50.log
A         external_tests/experimental/matko.sanseovic/reroute_changes/logs/callsGen_2015-10-06_12-19-23.log
A         external_tests/experimental/matko.sanseovic/reroute_changes/logs/callsGen_2015-10-06_09-53-10.log
A         external_tests/experimental/matko.sanseovic/reroute_changes/logs/callsGen_2015-10-06_12-27-07.log
A         external_tests/experimental/matko.sanseovic/reroute_changes/logs/callsGen_2015-10-05_15-44-07.log
A         external_tests/experimental/matko.sanseovic/reroute_changes/logs/callsGen_2015-10-05_16-21-38.log
A         external_tests/experimental/matko.sanseovic/reroute_changes/logs/callsGen_2015-10-05_16-45-33.log
A         external_tests/experimental/matko.sanseovic/reroute_changes/logs/callsGen_2015-10-06_11-46-55.log
A         external_tests/experimental/matko.sanseovic/reroute_changes/logs/callsGen_2015-10-05_15-45-17.log
A         external_tests/experimental/matko.sanseovic/reroute_changes/logs/callsGen_2015-10-06_11-54-39.log
A         external_tests/experimental/matko.sanseovic/reroute_changes/logs/callsGen_2015-10-06_09-48-21.log
A         external_tests/experimental/matko.sanseovic/reroute_changes/logs/callsGen_2015-10-05_16-19-38.log
A         external_tests/experimental/matko.sanseovic/reroute_changes/logs/callsGen_2015-10-06_09-07-56.log
A         external_tests/experimental/matko.sanseovic/reroute_changes/logs/callsGen_2015-10-06_09-08-29.log
A         external_tests/experimental/matko.sanseovic/reroute_changes/logs/callsGen_2015-10-06_08-54-48.log
A         external_tests/experimental/matko.sanseovic/reroute_changes/logs/callsGen_2015-10-06_11-21-11.log
A         external_tests/experimental/matko.sanseovic/reroute_changes/logs/callsGen_2015-10-06_10-10-24.log
A         external_tests/experimental/matko.sanseovic/reroute_changes/logs/callsGen_2015-10-06_14-12-01.log
A         external_tests/experimental/matko.sanseovic/reroute_changes/logs/callsGen_2015-10-05_16-21-00.log
A         external_tests/experimental/matko.sanseovic/reroute_changes/logs/callsGen_2015-10-06_12-16-00.log
A         external_tests/experimental/matko.sanseovic/reroute_changes/logs/callsGen_2015-10-06_12-13-15.log
A         external_tests/experimental/matko.sanseovic/reroute_changes/logs/callsGen_2015-10-06_11-38-01.log
A         external_tests/experimental/matko.sanseovic/reroute_changes/logs/callsGen_2015-10-06_11-20-46.log
A         external_tests/experimental/matko.sanseovic/reroute_changes/logs/callsGen_2015-10-06_12-28-21.log
A         external_tests/experimental/matko.sanseovic/reroute_changes/logs/callsGen_2015-10-05_16-46-10.log
A         external_tests/experimental/matko.sanseovic/reroute_changes/logs/callsGen_2015-10-06_12-27-50.log
A         external_tests/experimental/matko.sanseovic/reroute_changes/logs/callsGen_2015-10-06_11-45-51.log
A         external_tests/experimental/matko.sanseovic/reroute_changes/logs/callsGen_2015-10-06_12-19-32.log
A         external_tests/experimental/matko.sanseovic/reroute_changes/logs/callsGen_2015-10-06_10-13-58.log
A         external_tests/experimental/matko.sanseovic/reroute_changes/logs/callsGen_2015-10-06_14-12-46.log
A         external_tests/experimental/matko.sanseovic/reroute_changes/logs/callsGen_2015-10-06_12-18-25.log
A         external_tests/experimental/matko.sanseovic/reroute_changes/logs/callsGen_2015-10-05_16-45-41.log
A         external_tests/experimental/matko.sanseovic/reroute_changes/logs/callsGen_2015-10-06_11-17-37.log
A         external_tests/experimental/matko.sanseovic/reroute_changes/logs/callsGen_2015-10-05_15-59-20.log
A         external_tests/experimental/matko.sanseovic/reroute_changes/logs/callsGen_2015-10-05_16-05-46.log
A         external_tests/experimental/matko.sanseovic/reroute_changes/logs/callsGen_2015-10-06_10-07-59.log
A         external_tests/experimental/matko.sanseovic/reroute_changes/logs/callsGen_2015-10-05_16-07-29.log
A         external_tests/experimental/matko.sanseovic/reroute_changes/logs/callsGen_2015-10-06_14-07-57.log
A         external_tests/experimental/matko.sanseovic/reroute_changes/logs/callsGen_2015-10-05_15-57-07.log
A         external_tests/experimental/matko.sanseovic/reroute_changes/logs/callsGen_2015-10-06_12-27-57.log
A         external_tests/experimental/matko.sanseovic/reroute_changes/logs/callsGen_2015-10-06_08-57-06.log
A         external_tests/experimental/matko.sanseovic/reroute_changes/logs/callsGen_2015-10-06_09-08-37.log
A         external_tests/experimental/matko.sanseovic/reroute_changes/logs/callsGen_2015-10-06_09-55-48.log
A         external_tests/experimental/matko.sanseovic/reroute_changes/logs/callsGen_2015-10-06_08-56-39.log
A         external_tests/experimental/matko.sanseovic/reroute_changes/logs/callsGen_2015-10-06_11-20-13.log
A         external_tests/experimental/matko.sanseovic/reroute_changes/logs/callsGen_2015-10-06_10-10-34.log
A         external_tests/experimental/matko.sanseovic/reroute_changes/logs/callsGen_2015-10-06_14-11-40.log
A         external_tests/experimental/matko.sanseovic/reroute_changes/logs/callsGen_2015-10-06_11-20-54.log
A         external_tests/experimental/matko.sanseovic/reroute_changes/logs/callsGen_2015-10-06_12-24-32.log
A         external_tests/experimental/matko.sanseovic/reroute_changes/logs/callsGen_2015-10-06_14-09-01.log
A         external_tests/experimental/matko.sanseovic/reroute_changes/logs/callsGen_2015-10-06_11-47-02.log
A         external_tests/experimental/matko.sanseovic/reroute_changes/logs/callsGen_2015-10-06_11-33-44.log
A         external_tests/experimental/matko.sanseovic/reroute_changes/logs/callsGen_2015-10-06_12-19-40.log
A         external_tests/experimental/matko.sanseovic/reroute_changes/logs/callsGen_2015-10-06_10-12-59.log
A         external_tests/experimental/matko.sanseovic/reroute_changes/logs/callsGen_2015-10-05_16-46-20.log
A         external_tests/experimental/matko.sanseovic/reroute_changes/logs/callsGen_2015-10-06_12-27-24.log
A         external_tests/experimental/matko.sanseovic/reroute_changes/logs/callsGen_2015-10-06_12-28-33.log
A         external_tests/experimental/matko.sanseovic/reroute_changes/logs/callsGen_2015-10-06_11-46-34.log
A         external_tests/experimental/matko.sanseovic/reroute_changes/logs/callsGen_2015-10-06_08-56-00.log
A         external_tests/experimental/matko.sanseovic/reroute_changes/logs/callsGen_2015-10-06_09-08-03.log
A         external_tests/experimental/matko.sanseovic/reroute_changes/logs/callsGen_2015-10-05_16-21-56.log
A         external_tests/experimental/matko.sanseovic/reroute_changes/logs/callsGen_2015-10-06_14-11-49.log
A         external_tests/experimental/matko.sanseovic/reroute_changes/logs/callsGen_2015-10-06_12-15-49.log
A         external_tests/experimental/matko.sanseovic/reroute_changes/logs/callsGen_2015-10-06_11-47-09.log
A         external_tests/experimental/matko.sanseovic/reroute_changes/logs/callsGen_2015-10-06_12-19-09.log
A         external_tests/experimental/matko.sanseovic/reroute_changes/logs/callsGen_2015-10-06_11-17-48.log
A         external_tests/experimental/matko.sanseovic/reroute_changes/logs/callsGen_2015-10-05_16-44-08.log
A         external_tests/experimental/matko.sanseovic/reroute_changes/logs/callsGen_2015-10-06_09-05-18.log
A         external_tests/experimental/matko.sanseovic/reroute_changes/logs/callsGen_2015-10-05_16-05-58.log
A         external_tests/experimental/matko.sanseovic/reroute_changes/logs/callsGen_2015-10-06_08-56-09.log
A         external_tests/experimental/matko.sanseovic/reroute_changes/logs/callsGen_2015-10-06_08-56-48.log
A         external_tests/experimental/matko.sanseovic/reroute_changes/testcases
A         external_tests/experimental/matko.sanseovic/reroute_changes/testcases/iSig
A         external_tests/experimental/matko.sanseovic/reroute_changes/testcases/iSig/CAPv2
A         external_tests/experimental/matko.sanseovic/reroute_changes/testcases/iSig/CAPv2/mtc
A         external_tests/experimental/matko.sanseovic/reroute_changes/testcases/iSig/CAPv2/mtc/51_mtc_EDP18_tAbandon_10s_separate_packets
A         external_tests/experimental/matko.sanseovic/reroute_changes/testcases/iSig/CAPv2/mtc/51_mtc_EDP18_tAbandon_10s_separate_packets/02_scp_mtc_hplmn_ac_rrbe_cue.xml
A         external_tests/experimental/matko.sanseovic/reroute_changes/testcases/iSig/CAPv2/mtc/51_mtc_EDP18_tAbandon_10s_separate_packets/sample-fleXml.csv
A         external_tests/experimental/matko.sanseovic/reroute_changes/testcases/iSig/CAPv2/mtc/51_mtc_EDP18_tAbandon_10s_separate_packets/01_ssp_mtc_hplmn_idp.xml
A         external_tests/experimental/matko.sanseovic/reroute_changes/testcases/iSig/CAPv2/mtc/51_mtc_EDP18_tAbandon_10s_separate_packets/04_scp_mtc_hplmn_cue.xml
A         external_tests/experimental/matko.sanseovic/reroute_changes/testcases/iSig/CAPv2/mtc/51_mtc_EDP18_tAbandon_10s_separate_packets/changelog.txt
A         external_tests/experimental/matko.sanseovic/reroute_changes/testcases/iSig/CAPv2/mtc/51_mtc_EDP18_tAbandon_10s_separate_packets/03_10s_ssp_mtc_hplmn_acr_erb_abandon.xml
A         external_tests/experimental/matko.sanseovic/reroute_changes/testcases/iSig/CAPv2/mtc/52_mtc_EDP13_tBusy_5s_separate_packets
A         external_tests/experimental/matko.sanseovic/reroute_changes/testcases/iSig/CAPv2/mtc/52_mtc_EDP13_tBusy_5s_separate_packets/02_scp_mtc_hplmn_ac_rrbe_cue.xml
A         external_tests/experimental/matko.sanseovic/reroute_changes/testcases/iSig/CAPv2/mtc/52_mtc_EDP13_tBusy_5s_separate_packets/sample-fleXml.csv
A         external_tests/experimental/matko.sanseovic/reroute_changes/testcases/iSig/CAPv2/mtc/52_mtc_EDP13_tBusy_5s_separate_packets/01_ssp_mtc_hplmn_idp.xml
A         external_tests/experimental/matko.sanseovic/reroute_changes/testcases/iSig/CAPv2/mtc/52_mtc_EDP13_tBusy_5s_separate_packets/04_scp_mtc_hplmn_cue.xml
A         external_tests/experimental/matko.sanseovic/reroute_changes/testcases/iSig/CAPv2/mtc/52_mtc_EDP13_tBusy_5s_separate_packets/changelog.txt
A         external_tests/experimental/matko.sanseovic/reroute_changes/testcases/iSig/CAPv2/mtc/52_mtc_EDP13_tBusy_5s_separate_packets/03_5s_ssp_mtc_hplmn_acr_erb_busy.xml
A         external_tests/experimental/matko.sanseovic/reroute_changes/testcases/iSig/CAPv2/mtc/53_mtc_EDP14_noAnswer
A         external_tests/experimental/matko.sanseovic/reroute_changes/testcases/iSig/CAPv2/mtc/53_mtc_EDP14_noAnswer/02_scp_mtc_hplmn_ac_rrbe_cue.xml
A         external_tests/experimental/matko.sanseovic/reroute_changes/testcases/iSig/CAPv2/mtc/53_mtc_EDP14_noAnswer/sample-fleXml.csv
A         external_tests/experimental/matko.sanseovic/reroute_changes/testcases/iSig/CAPv2/mtc/53_mtc_EDP14_noAnswer/01_ssp_mtc_hplmn_idp.xml
A         external_tests/experimental/matko.sanseovic/reroute_changes/testcases/iSig/CAPv2/mtc/53_mtc_EDP14_noAnswer/03_1s_ssp_mtc_hplmn_acr_erb_noAnswer.xml
A         external_tests/experimental/matko.sanseovic/reroute_changes/testcases/iSig/CAPv2/mtc/53_mtc_EDP14_noAnswer/04_scp_mtc_hplmn_cue.xml
A         external_tests/experimental/matko.sanseovic/reroute_changes/testcases/iSig/CAPv2/mtc/53_mtc_EDP14_noAnswer/changelog.txt
A         external_tests/experimental/matko.sanseovic/reroute_changes/testcases/iSig/CAPv2/mtc/50_mtc_EDP17_tDisconnect_cgpn_1s_separate_packets
A         external_tests/experimental/matko.sanseovic/reroute_changes/testcases/iSig/CAPv2/mtc/50_mtc_EDP17_tDisconnect_cgpn_1s_separate_packets/02_scp_mtc_hplmn_ac_rrbe_cue.xml
A         external_tests/experimental/matko.sanseovic/reroute_changes/testcases/iSig/CAPv2/mtc/50_mtc_EDP17_tDisconnect_cgpn_1s_separate_packets/sample-fleXml.csv
A         external_tests/experimental/matko.sanseovic/reroute_changes/testcases/iSig/CAPv2/mtc/50_mtc_EDP17_tDisconnect_cgpn_1s_separate_packets/03_1s_ssp_mtc_hplmn_erb_answer.xml
A         external_tests/experimental/matko.sanseovic/reroute_changes/testcases/iSig/CAPv2/mtc/50_mtc_EDP17_tDisconnect_cgpn_1s_separate_packets/01_ssp_mtc_hplmn_idp.xml
A         external_tests/experimental/matko.sanseovic/reroute_changes/testcases/iSig/CAPv2/mtc/50_mtc_EDP17_tDisconnect_cgpn_1s_separate_packets/04_1s_ssp_mtc_hplmn_acr_erb_discCg.xml
A         external_tests/experimental/matko.sanseovic/reroute_changes/testcases/iSig/CAPv2/mtc/50_mtc_EDP17_tDisconnect_cgpn_1s_separate_packets/changelog.txt
A         external_tests/experimental/matko.sanseovic/reroute_changes/testcases/iSig/CAPv2/mtc/50_mtc_EDP17_tDisconnect_cgpn_1s_separate_packets/05_scp_mtc_hplmn_rel.xml
A         external_tests/experimental/matko.sanseovic/reroute_changes/testcases/iSig/CAPv2/mfc
A         external_tests/experimental/matko.sanseovic/reroute_changes/testcases/iSig/CAPv2/mfc/50_mfc_fDisconnect_cgpn_1s_separate_packets
A         external_tests/experimental/matko.sanseovic/reroute_changes/testcases/iSig/CAPv2/mfc/50_mfc_fDisconnect_cgpn_1s_separate_packets/sample-fleXml.csv
A         external_tests/experimental/matko.sanseovic/reroute_changes/testcases/iSig/CAPv2/mfc/50_mfc_fDisconnect_cgpn_1s_separate_packets/02_scp_mfc_hplmn_ac_rrbe_cue.xml
A         external_tests/experimental/matko.sanseovic/reroute_changes/testcases/iSig/CAPv2/mfc/50_mfc_fDisconnect_cgpn_1s_separate_packets/04_1s_ssp_mfc_hplmn_acr_erb_discCd.xml
A         external_tests/experimental/matko.sanseovic/reroute_changes/testcases/iSig/CAPv2/mfc/50_mfc_fDisconnect_cgpn_1s_separate_packets/01_ssp_mfc_hplmn_idp.xml
A         external_tests/experimental/matko.sanseovic/reroute_changes/testcases/iSig/CAPv2/mfc/50_mfc_fDisconnect_cgpn_1s_separate_packets/03_1s_ssp_mfc_hplmn_erb_answer.xml
A         external_tests/experimental/matko.sanseovic/reroute_changes/testcases/iSig/CAPv2/mfc/50_mfc_fDisconnect_cgpn_1s_separate_packets/changelog.txt
A         external_tests/experimental/matko.sanseovic/reroute_changes/testcases/iSig/CAPv2/mfc/50_mfc_fDisconnect_cgpn_1s_separate_packets/05_scp_mfc_hplmn_rel.xml
A         external_tests/experimental/matko.sanseovic/reroute_changes/testcases/iSig/CAPv2/moc
A         external_tests/experimental/matko.sanseovic/reroute_changes/testcases/iSig/CAPv2/moc/54_moc_EDP6_noAnswer
A         external_tests/experimental/matko.sanseovic/reroute_changes/testcases/iSig/CAPv2/moc/54_moc_EDP6_noAnswer/4_scp_moc_hplmn_cue.xml
A         external_tests/experimental/matko.sanseovic/reroute_changes/testcases/iSig/CAPv2/moc/54_moc_EDP6_noAnswer/sample-fleXml.csv
A         external_tests/experimental/matko.sanseovic/reroute_changes/testcases/iSig/CAPv2/moc/54_moc_EDP6_noAnswer/changelog.txt
A         external_tests/experimental/matko.sanseovic/reroute_changes/testcases/iSig/CAPv2/moc/54_moc_EDP6_noAnswer/2_scp_moc_hplmn_ac_rrbe_cue.xml
A         external_tests/experimental/matko.sanseovic/reroute_changes/testcases/iSig/CAPv2/moc/54_moc_EDP6_noAnswer/1_ssp_moc_hplmn_idp.xml
A         external_tests/experimental/matko.sanseovic/reroute_changes/testcases/iSig/CAPv2/moc/54_moc_EDP6_noAnswer/3_1s_ssp_moc_hplmn_acr_erb_noAnswer.xml
A         external_tests/experimental/matko.sanseovic/reroute_changes/testcases/iSig/CAPv2/moc/07_moc_EDP10_oAbandon_20s_separate_packets
A         external_tests/experimental/matko.sanseovic/reroute_changes/testcases/iSig/CAPv2/moc/07_moc_EDP10_oAbandon_20s_separate_packets/sample-fleXml.csv
A         external_tests/experimental/matko.sanseovic/reroute_changes/testcases/iSig/CAPv2/moc/07_moc_EDP10_oAbandon_20s_separate_packets/changelog.txt
A         external_tests/experimental/matko.sanseovic/reroute_changes/testcases/iSig/CAPv2/moc/07_moc_EDP10_oAbandon_20s_separate_packets/03_20s_ssp_moc_hplmn_acr_erb_abandon.xml
A         external_tests/experimental/matko.sanseovic/reroute_changes/testcases/iSig/CAPv2/moc/07_moc_EDP10_oAbandon_20s_separate_packets/04_scp_mfc_hplmn_cue.xml
A         external_tests/experimental/matko.sanseovic/reroute_changes/testcases/iSig/CAPv2/moc/07_moc_EDP10_oAbandon_20s_separate_packets/02_scp_moc_hplmn_ac_rrbe_cue.xml
A         external_tests/experimental/matko.sanseovic/reroute_changes/testcases/iSig/CAPv2/moc/07_moc_EDP10_oAbandon_20s_separate_packets/01_ssp_moc_hplmn_idp.xml
A         external_tests/experimental/matko.sanseovic/reroute_changes/testcases/iSig/CAPv2/moc/06_moc_EDP5_oBusy_10s_separate_packets
A         external_tests/experimental/matko.sanseovic/reroute_changes/testcases/iSig/CAPv2/moc/06_moc_EDP5_oBusy_10s_separate_packets/04_scp_moc_hplmn_cue.xml
A         external_tests/experimental/matko.sanseovic/reroute_changes/testcases/iSig/CAPv2/moc/06_moc_EDP5_oBusy_10s_separate_packets/sample-fleXml.csv
A         external_tests/experimental/matko.sanseovic/reroute_changes/testcases/iSig/CAPv2/moc/06_moc_EDP5_oBusy_10s_separate_packets/03_10s_ssp_moc_hplmn_acr_erb_busy.xml
A         external_tests/experimental/matko.sanseovic/reroute_changes/testcases/iSig/CAPv2/moc/06_moc_EDP5_oBusy_10s_separate_packets/changelog.txt
A         external_tests/experimental/matko.sanseovic/reroute_changes/testcases/iSig/CAPv2/moc/06_moc_EDP5_oBusy_10s_separate_packets/02_scp_moc_hplmn_ac_rrbe_cue.xml
A         external_tests/experimental/matko.sanseovic/reroute_changes/testcases/iSig/CAPv2/moc/06_moc_EDP5_oBusy_10s_separate_packets/01_ssp_moc_hplmn_idp.xml
A         external_tests/experimental/matko.sanseovic/reroute_changes/testcases/iSig/CAPv2/moc/53_moc_EDP9_oDisconnect_cgpn_1s_separate_packets
A         external_tests/experimental/matko.sanseovic/reroute_changes/testcases/iSig/CAPv2/moc/53_moc_EDP9_oDisconnect_cgpn_1s_separate_packets/04_1s_ssp_moc_hplmn_acr_erb_discCg.xml
A         external_tests/experimental/matko.sanseovic/reroute_changes/testcases/iSig/CAPv2/moc/53_moc_EDP9_oDisconnect_cgpn_1s_separate_packets/sample-fleXml.csv
A         external_tests/experimental/matko.sanseovic/reroute_changes/testcases/iSig/CAPv2/moc/53_moc_EDP9_oDisconnect_cgpn_1s_separate_packets/changelog.txt
A         external_tests/experimental/matko.sanseovic/reroute_changes/testcases/iSig/CAPv2/moc/53_moc_EDP9_oDisconnect_cgpn_1s_separate_packets/05_scp_moc_hplmn_rel.xml
A         external_tests/experimental/matko.sanseovic/reroute_changes/testcases/iSig/CAPv2/moc/53_moc_EDP9_oDisconnect_cgpn_1s_separate_packets/02_scp_moc_hplmn_ac_rrbe_cue.xml
A         external_tests/experimental/matko.sanseovic/reroute_changes/testcases/iSig/CAPv2/moc/53_moc_EDP9_oDisconnect_cgpn_1s_separate_packets/03_1s_ssp_moc_hplmn_erb_answer.xml
A         external_tests/experimental/matko.sanseovic/reroute_changes/testcases/iSig/CAPv2/moc/53_moc_EDP9_oDisconnect_cgpn_1s_separate_packets/01_ssp_moc_hplmn_idp.xml
A         external_tests/experimental/matko.sanseovic/reroute_changes/testcases/iSig/CAPv2/moc/50_moc_final_rerouting
A         external_tests/experimental/matko.sanseovic/reroute_changes/testcases/iSig/CAPv2/moc/50_moc_final_rerouting/sample-fleXml.csv
A         external_tests/experimental/matko.sanseovic/reroute_changes/testcases/iSig/CAPv2/moc/50_moc_final_rerouting/02_scp_moc_hplmn_con.xml
A         external_tests/experimental/matko.sanseovic/reroute_changes/testcases/iSig/CAPv2/moc/50_moc_final_rerouting/changelog.txt
A         external_tests/experimental/matko.sanseovic/reroute_changes/testcases/iSig/CAPv2/moc/50_moc_final_rerouting/01_ssp_moc_hplmn_idp.xml
A         external_tests/experimental/matko.sanseovic/reroute_changes/testcases/iSig/CAPv2/moc/03_moc_EDP9_oDisconnect_cgpn_136s_separate_packets
A         external_tests/experimental/matko.sanseovic/reroute_changes/testcases/iSig/CAPv2/moc/03_moc_EDP9_oDisconnect_cgpn_136s_separate_packets/sample-fleXml.csv
A         external_tests/experimental/matko.sanseovic/reroute_changes/testcases/iSig/CAPv2/moc/03_moc_EDP9_oDisconnect_cgpn_136s_separate_packets/04_60s_ssp_moc_hplmn_acr.xml
A         external_tests/experimental/matko.sanseovic/reroute_changes/testcases/iSig/CAPv2/moc/03_moc_EDP9_oDisconnect_cgpn_136s_separate_packets/06_60s_ssp_moc_hplmn_acr.xml
A         external_tests/experimental/matko.sanseovic/reroute_changes/testcases/iSig/CAPv2/moc/03_moc_EDP9_oDisconnect_cgpn_136s_separate_packets/changelog.txt
A         external_tests/experimental/matko.sanseovic/reroute_changes/testcases/iSig/CAPv2/moc/03_moc_EDP9_oDisconnect_cgpn_136s_separate_packets/05_scp_moc_hplmn_ac.xml
A         external_tests/experimental/matko.sanseovic/reroute_changes/testcases/iSig/CAPv2/moc/03_moc_EDP9_oDisconnect_cgpn_136s_separate_packets/08_16s_ssp_moc_hplmn_acr_erb_discCg.xml
A         external_tests/experimental/matko.sanseovic/reroute_changes/testcases/iSig/CAPv2/moc/03_moc_EDP9_oDisconnect_cgpn_136s_separate_packets/07_scp_moc_hplmn_ac.xml
A         external_tests/experimental/matko.sanseovic/reroute_changes/testcases/iSig/CAPv2/moc/03_moc_EDP9_oDisconnect_cgpn_136s_separate_packets/09_scp_moc_hplmn_rel.xml
A         external_tests/experimental/matko.sanseovic/reroute_changes/testcases/iSig/CAPv2/moc/03_moc_EDP9_oDisconnect_cgpn_136s_separate_packets/02_scp_moc_hplmn_ac_rrbe_cue.xml
A         external_tests/experimental/matko.sanseovic/reroute_changes/testcases/iSig/CAPv2/moc/03_moc_EDP9_oDisconnect_cgpn_136s_separate_packets/03_1s_ssp_moc_hplmn_erb_answer.xml
A         external_tests/experimental/matko.sanseovic/reroute_changes/testcases/iSig/CAPv2/moc/03_moc_EDP9_oDisconnect_cgpn_136s_separate_packets/01_ssp_moc_hplmn_idp.xml
A         libs/global-keyword-resources/ssh-support/inew-ssh-lib.html
A         robot_testsuites/basic/__init__.txt
A         robot_testsuites/experimental/matko.sanseovic/xdr_testsuite/XDR_Test-robot-suite.txt.backup
A         suts/smartspace-resource.txt
Adding         bulk_execution_scripts/Smartspace
Adding         bulk_execution_scripts/Smartspace/HighLevelOps-createTestSubscribers-2nd_cancel_on_SOAP_error-0-FAILED.txt
Adding         bulk_execution_scripts/Smartspace/HighLevelOps-createTestSubscribers-cancel_on_SOAP_error-0-FAILED.txt
Adding         bulk_execution_scripts/Smartspace/HighLevelOps-createTestSubscribers-deleteSubscriber-0-FAILED.txt
Adding         bulk_execution_scripts/Smartspace/HighLevelOps-createTestSubscribers-getSubscriberProfileByImsi-0-FAILED.txt
Adding         bulk_execution_scripts/Smartspace/LowLevelOps-getMainAccount-cancel_on_SOAP_error-0-FAILED.txt
Adding         bulk_execution_scripts/Smartspace/LowLevelOps-getMainAccount-getMainAccount-0-FAILED.txt
Adding         bulk_execution_scripts/Smartspace/LowLevelOps-getSubscriberProfile-cancel_on_SOAP_error-0-FAILED.txt
Adding         bulk_execution_scripts/Smartspace/LowLevelOps-getSubscriberProfile-getSubscriberProfile-0-FAILED.txt
Adding         bulk_execution_scripts/Smartspace/global-groovy.log
Adding         bulk_execution_scripts/Smartspace/log
Adding         bulk_execution_scripts/Smartspace/log/log-20151006-142131.html
Adding         bulk_execution_scripts/Smartspace/log/output-20151006-141608.xml
Adding         bulk_execution_scripts/Smartspace/log/report-20151006-142131.html
Adding         bulk_execution_scripts/Smartspace/run-XDR-tests.sh
Adding         bulk_execution_scripts/Smartspace/run-calls-tests.sh
Adding         bulk_execution_scripts/Smartspace/run-default-tests.sh
Adding         bulk_execution_scripts/Smartspace/soapui-errors.log
Adding  (bin)  bulk_execution_scripts/Smartspace/soapui.log
Adding         bulk_execution_scripts/Smartspace/sut-specific.args
Adding         bulk_execution_scripts/Smartspace/tmp_query_result.txt
Adding         bulk_execution_scripts/TNZ/HighLevelOps-createTestSubscribers-cancel_on_CRCE_error_OR_skip_delete_on_UnknownSubscriber-0-FAILED.txt
Adding         bulk_execution_scripts/TNZ/HighLevelOps-createTestSubscribers-cancel_on_activate_error-0-FAILED.txt
Adding         bulk_execution_scripts/TNZ/HighLevelOps-createTestSubscribers-cancel_on_create_error-0-FAILED.txt
Adding         bulk_execution_scripts/TNZ/HighLevelOps-createTestSubscribers-cancel_on_deletion_error-0-FAILED.txt
Adding         bulk_execution_scripts/TNZ/global-groovy.log
Adding         bulk_execution_scripts/TNZ/logfile.log
Adding         bulk_execution_scripts/TNZ/run-calls-tests.sh
Adding         bulk_execution_scripts/TNZ/run-default-tests.sh
Adding         bulk_execution_scripts/TNZ/soapui-errors.log
Adding  (bin)  bulk_execution_scripts/TNZ/soapui.log
Deleting       bulk_execution_scripts/cronjob_logs/20150619
Deleting       bulk_execution_scripts/cronjob_logs/20150620
Deleting       bulk_execution_scripts/cronjob_logs/20150621
Deleting       bulk_execution_scripts/cronjob_logs/20150622
Deleting       bulk_execution_scripts/cronjob_logs/20150623
Deleting       bulk_execution_scripts/logs/output-20150507-162623.xml
Adding         bulk_execution_scripts/mTel
Adding         bulk_execution_scripts/mTel/global-groovy.log
Adding         bulk_execution_scripts/mTel/log
Adding         bulk_execution_scripts/mTel/log/log-20151006-141252.html
Adding         bulk_execution_scripts/mTel/log/output-20151006-140701.xml
Adding         bulk_execution_scripts/mTel/log/report-20151006-141252.html
Adding         bulk_execution_scripts/mTel/run-XDR-tests.sh
Adding         bulk_execution_scripts/mTel/run-calls-tests.sh
Adding         bulk_execution_scripts/mTel/run-default-tests.sh
Adding         bulk_execution_scripts/mTel/soapui-errors.log
Adding  (bin)  bulk_execution_scripts/mTel/soapui.log
Adding         bulk_execution_scripts/mTel/sut-specific.args
Adding         bulk_execution_scripts/mTel/tmp_query_result.txt
Sending        bulk_execution_scripts/nightly-cronjob.sh
Adding         bulk_execution_scripts/nightly-cronjob.sh.old
Deleting       external_tests/CG_unified_workspace/logs/callsGen_2015-06-18_15-18-26.log
Deleting       external_tests/CG_unified_workspace/logs/callsGen_2015-06-18_15-52-23.log
Deleting       external_tests/CG_unified_workspace/logs/callsGen_2015-06-18_15-54-23.log
Deleting       external_tests/CG_unified_workspace/logs/callsGen_2015-06-18_15-55-36.log
Deleting       external_tests/CG_unified_workspace/logs/callsGen_2015-06-18_15-57-09.log
Deleting       external_tests/CG_unified_workspace/logs/callsGen_2015-06-18_15-58-31.log
Deleting       external_tests/CG_unified_workspace/logs/callsGen_2015-06-18_16-06-28.log
Deleting       external_tests/CG_unified_workspace/logs/callsGen_2015-06-18_16-07-23.log
Deleting       external_tests/CG_unified_workspace/logs/callsGen_2015-06-18_16-10-13.log
Deleting       external_tests/CG_unified_workspace/logs/callsGen_2015-06-19_07-52-37.log
Deleting       external_tests/CG_unified_workspace/logs/callsGen_2015-06-19_07-52-49.log
Deleting       external_tests/CG_unified_workspace/logs/callsGen_2015-06-19_07-53-02.log
Deleting       external_tests/CG_unified_workspace/logs/callsGen_2015-06-19_07-53-49.log
Deleting       external_tests/CG_unified_workspace/logs/callsGen_2015-06-19_07-54-01.log
Deleting       external_tests/CG_unified_workspace/logs/callsGen_2015-06-19_14-48-21.log
Deleting       external_tests/CG_unified_workspace/logs/callsGen_2015-06-19_14-54-08.log
Deleting       external_tests/CG_unified_workspace/logs/callsGen_2015-06-20_07-52-32.log
Deleting       external_tests/CG_unified_workspace/logs/callsGen_2015-06-20_07-52-45.log
Deleting       external_tests/CG_unified_workspace/logs/callsGen_2015-06-20_07-52-58.log
Deleting       external_tests/CG_unified_workspace/logs/callsGen_2015-06-20_07-53-46.log
Deleting       external_tests/CG_unified_workspace/logs/callsGen_2015-06-20_07-53-59.log
Deleting       external_tests/CG_unified_workspace/logs/callsGen_2015-06-21_07-52-29.log
Deleting       external_tests/CG_unified_workspace/logs/callsGen_2015-06-21_07-52-42.log
Deleting       external_tests/CG_unified_workspace/logs/callsGen_2015-06-21_07-52-55.log
Deleting       external_tests/CG_unified_workspace/logs/callsGen_2015-06-21_07-53-44.log
Deleting       external_tests/CG_unified_workspace/logs/callsGen_2015-06-21_07-53-57.log
Deleting       external_tests/CG_unified_workspace/logs/callsGen_2015-06-22_07-52-33.log
Deleting       external_tests/CG_unified_workspace/logs/callsGen_2015-06-22_07-52-47.log
Deleting       external_tests/CG_unified_workspace/logs/callsGen_2015-06-22_07-53-00.log
Deleting       external_tests/CG_unified_workspace/logs/callsGen_2015-06-22_07-53-50.log
Deleting       external_tests/CG_unified_workspace/logs/callsGen_2015-06-22_07-54-05.log
Deleting       external_tests/CG_unified_workspace/logs/callsGen_2015-06-22_09-12-48.log
Deleting       external_tests/CG_unified_workspace/logs/callsGen_2015-06-22_09-16-59.log
Deleting       external_tests/CG_unified_workspace/logs/callsGen_2015-06-22_09-17-49.log
Deleting       external_tests/CG_unified_workspace/logs/callsGen_2015-06-22_09-20-55.log
Deleting       external_tests/CG_unified_workspace/logs/callsGen_2015-06-22_09-21-45.log
Deleting       external_tests/CG_unified_workspace/logs/callsGen_2015-06-22_09-22-36.log
Deleting       external_tests/CG_unified_workspace/logs/callsGen_2015-06-22_11-31-18.log
Deleting       external_tests/CG_unified_workspace/logs/callsGen_2015-06-22_11-31-32.log
Deleting       external_tests/CG_unified_workspace/logs/callsGen_2015-06-22_11-31-46.log
Deleting       external_tests/CG_unified_workspace/logs/callsGen_2015-06-22_11-32-38.log
Deleting       external_tests/CG_unified_workspace/logs/callsGen_2015-06-22_11-32-52.log
Deleting       external_tests/CG_unified_workspace/logs/callsGen_2015-06-22_11-51-18.log
Deleting       external_tests/CG_unified_workspace/logs/callsGen_2015-06-22_11-52-08.log
Deleting       external_tests/CG_unified_workspace/logs/callsGen_2015-06-22_11-55-15.log
Deleting       external_tests/CG_unified_workspace/logs/callsGen_2015-06-22_11-56-05.log
Deleting       external_tests/CG_unified_workspace/logs/callsGen_2015-06-22_11-56-56.log
Deleting       external_tests/CG_unified_workspace/logs/callsGen_2015-06-23_06-52-36.log
Deleting       external_tests/CG_unified_workspace/logs/callsGen_2015-06-23_06-53-28.log
Deleting       external_tests/CG_unified_workspace/logs/callsGen_2015-06-23_06-56-35.log
Deleting       external_tests/CG_unified_workspace/logs/callsGen_2015-06-23_06-57-25.log
Deleting       external_tests/CG_unified_workspace/logs/callsGen_2015-06-23_06-58-16.log
Deleting       external_tests/CG_unified_workspace/logs/callsGen_2015-06-23_09-49-26.log
Deleting       external_tests/CG_unified_workspace/logs/callsGen_2015-06-23_09-49-59.log
Deleting       external_tests/CG_unified_workspace/logs/callsGen_2015-06-23_09-52-49.log
Deleting       external_tests/CG_unified_workspace/logs/callsGen_2015-06-23_09-53-19.log
Deleting       external_tests/CG_unified_workspace/logs/callsGen_2015-06-23_09-53-47.log
Deleting       external_tests/CG_unified_workspace/logs/callsGen_2015-06-23_10-03-58.log
Deleting       external_tests/CG_unified_workspace/logs/callsGen_2015-06-23_10-04-13.log
Deleting       external_tests/CG_unified_workspace/logs/callsGen_2015-06-23_10-04-27.log
Deleting       external_tests/CG_unified_workspace/logs/callsGen_2015-06-23_10-04-58.log
Deleting       external_tests/CG_unified_workspace/logs/callsGen_2015-06-23_10-05-28.log
Deleting       external_tests/experimental/matko.sanseovic/falabella-changes
Adding         external_tests/experimental/matko.sanseovic/reroute_changes
Adding         external_tests/experimental/matko.sanseovic/reroute_changes/logs
Adding         external_tests/experimental/matko.sanseovic/reroute_changes/logs/callsGen_2015-10-05_15-44-07.log
Adding         external_tests/experimental/matko.sanseovic/reroute_changes/logs/callsGen_2015-10-05_15-45-17.log
Adding         external_tests/experimental/matko.sanseovic/reroute_changes/logs/callsGen_2015-10-05_15-57-07.log
Adding         external_tests/experimental/matko.sanseovic/reroute_changes/logs/callsGen_2015-10-05_15-59-20.log
Adding         external_tests/experimental/matko.sanseovic/reroute_changes/logs/callsGen_2015-10-05_16-05-46.log
Adding         external_tests/experimental/matko.sanseovic/reroute_changes/logs/callsGen_2015-10-05_16-05-58.log
Adding         external_tests/experimental/matko.sanseovic/reroute_changes/logs/callsGen_2015-10-05_16-07-29.log
Adding         external_tests/experimental/matko.sanseovic/reroute_changes/logs/callsGen_2015-10-05_16-19-26.log
Adding         external_tests/experimental/matko.sanseovic/reroute_changes/logs/callsGen_2015-10-05_16-19-38.log
Adding         external_tests/experimental/matko.sanseovic/reroute_changes/logs/callsGen_2015-10-05_16-20-51.log
Adding         external_tests/experimental/matko.sanseovic/reroute_changes/logs/callsGen_2015-10-05_16-21-00.log
Adding         external_tests/experimental/matko.sanseovic/reroute_changes/logs/callsGen_2015-10-05_16-21-28.log
Adding         external_tests/experimental/matko.sanseovic/reroute_changes/logs/callsGen_2015-10-05_16-21-38.log
Adding         external_tests/experimental/matko.sanseovic/reroute_changes/logs/callsGen_2015-10-05_16-21-56.log
Adding         external_tests/experimental/matko.sanseovic/reroute_changes/logs/callsGen_2015-10-05_16-44-08.log
Adding         external_tests/experimental/matko.sanseovic/reroute_changes/logs/callsGen_2015-10-05_16-44-20.log
Adding         external_tests/experimental/matko.sanseovic/reroute_changes/logs/callsGen_2015-10-05_16-45-33.log
Adding         external_tests/experimental/matko.sanseovic/reroute_changes/logs/callsGen_2015-10-05_16-45-41.log
Adding         external_tests/experimental/matko.sanseovic/reroute_changes/logs/callsGen_2015-10-05_16-46-10.log
Adding         external_tests/experimental/matko.sanseovic/reroute_changes/logs/callsGen_2015-10-05_16-46-20.log
Adding         external_tests/experimental/matko.sanseovic/reroute_changes/logs/callsGen_2015-10-05_16-46-37.log
Adding         external_tests/experimental/matko.sanseovic/reroute_changes/logs/callsGen_2015-10-06_08-54-34.log
Adding         external_tests/experimental/matko.sanseovic/reroute_changes/logs/callsGen_2015-10-06_08-54-48.log
Adding         external_tests/experimental/matko.sanseovic/reroute_changes/logs/callsGen_2015-10-06_08-56-00.log
Adding         external_tests/experimental/matko.sanseovic/reroute_changes/logs/callsGen_2015-10-06_08-56-09.log
Adding         external_tests/experimental/matko.sanseovic/reroute_changes/logs/callsGen_2015-10-06_08-56-39.log
Adding         external_tests/experimental/matko.sanseovic/reroute_changes/logs/callsGen_2015-10-06_08-56-48.log
Adding         external_tests/experimental/matko.sanseovic/reroute_changes/logs/callsGen_2015-10-06_08-57-06.log
Adding         external_tests/experimental/matko.sanseovic/reroute_changes/logs/callsGen_2015-10-06_09-05-18.log
Adding         external_tests/experimental/matko.sanseovic/reroute_changes/logs/callsGen_2015-10-06_09-05-30.log
Adding         external_tests/experimental/matko.sanseovic/reroute_changes/logs/callsGen_2015-10-06_09-07-56.log
Adding         external_tests/experimental/matko.sanseovic/reroute_changes/logs/callsGen_2015-10-06_09-08-03.log
Adding         external_tests/experimental/matko.sanseovic/reroute_changes/logs/callsGen_2015-10-06_09-08-29.log
Adding         external_tests/experimental/matko.sanseovic/reroute_changes/logs/callsGen_2015-10-06_09-08-37.log
Adding         external_tests/experimental/matko.sanseovic/reroute_changes/logs/callsGen_2015-10-06_09-08-54.log
Adding         external_tests/experimental/matko.sanseovic/reroute_changes/logs/callsGen_2015-10-06_09-30-23.log
Adding         external_tests/experimental/matko.sanseovic/reroute_changes/logs/callsGen_2015-10-06_09-48-21.log
Adding         external_tests/experimental/matko.sanseovic/reroute_changes/logs/callsGen_2015-10-06_09-51-20.log
Adding         external_tests/experimental/matko.sanseovic/reroute_changes/logs/callsGen_2015-10-06_09-53-10.log
Adding         external_tests/experimental/matko.sanseovic/reroute_changes/logs/callsGen_2015-10-06_09-55-48.log
Adding         external_tests/experimental/matko.sanseovic/reroute_changes/logs/callsGen_2015-10-06_10-07-59.log
Adding         external_tests/experimental/matko.sanseovic/reroute_changes/logs/callsGen_2015-10-06_10-10-24.log
Adding         external_tests/experimental/matko.sanseovic/reroute_changes/logs/callsGen_2015-10-06_10-10-34.log
Adding         external_tests/experimental/matko.sanseovic/reroute_changes/logs/callsGen_2015-10-06_10-12-59.log
Adding         external_tests/experimental/matko.sanseovic/reroute_changes/logs/callsGen_2015-10-06_10-13-06.log
Adding         external_tests/experimental/matko.sanseovic/reroute_changes/logs/callsGen_2015-10-06_10-13-33.log
Adding         external_tests/experimental/matko.sanseovic/reroute_changes/logs/callsGen_2015-10-06_10-13-41.log
Adding         external_tests/experimental/matko.sanseovic/reroute_changes/logs/callsGen_2015-10-06_10-13-58.log
Adding         external_tests/experimental/matko.sanseovic/reroute_changes/logs/callsGen_2015-10-06_11-17-37.log
Adding         external_tests/experimental/matko.sanseovic/reroute_changes/logs/callsGen_2015-10-06_11-17-48.log
Adding         external_tests/experimental/matko.sanseovic/reroute_changes/logs/callsGen_2015-10-06_11-20-13.log
Adding         external_tests/experimental/matko.sanseovic/reroute_changes/logs/callsGen_2015-10-06_11-20-20.log
Adding         external_tests/experimental/matko.sanseovic/reroute_changes/logs/callsGen_2015-10-06_11-20-46.log
Adding         external_tests/experimental/matko.sanseovic/reroute_changes/logs/callsGen_2015-10-06_11-20-54.log
Adding         external_tests/experimental/matko.sanseovic/reroute_changes/logs/callsGen_2015-10-06_11-21-11.log
Adding         external_tests/experimental/matko.sanseovic/reroute_changes/logs/callsGen_2015-10-06_11-33-44.log
Adding         external_tests/experimental/matko.sanseovic/reroute_changes/logs/callsGen_2015-10-06_11-36-06.log
Adding         external_tests/experimental/matko.sanseovic/reroute_changes/logs/callsGen_2015-10-06_11-38-01.log
Adding         external_tests/experimental/matko.sanseovic/reroute_changes/logs/callsGen_2015-10-06_11-43-14.log
Adding         external_tests/experimental/matko.sanseovic/reroute_changes/logs/callsGen_2015-10-06_11-43-25.log
Adding         external_tests/experimental/matko.sanseovic/reroute_changes/logs/callsGen_2015-10-06_11-45-51.log
Adding         external_tests/experimental/matko.sanseovic/reroute_changes/logs/callsGen_2015-10-06_11-46-08.log
Adding         external_tests/experimental/matko.sanseovic/reroute_changes/logs/callsGen_2015-10-06_11-46-34.log
Adding         external_tests/experimental/matko.sanseovic/reroute_changes/logs/callsGen_2015-10-06_11-46-42.log
Adding         external_tests/experimental/matko.sanseovic/reroute_changes/logs/callsGen_2015-10-06_11-46-48.log
Adding         external_tests/experimental/matko.sanseovic/reroute_changes/logs/callsGen_2015-10-06_11-46-55.log
Adding         external_tests/experimental/matko.sanseovic/reroute_changes/logs/callsGen_2015-10-06_11-47-02.log
Adding         external_tests/experimental/matko.sanseovic/reroute_changes/logs/callsGen_2015-10-06_11-47-09.log
Adding         external_tests/experimental/matko.sanseovic/reroute_changes/logs/callsGen_2015-10-06_11-47-16.log
Adding         external_tests/experimental/matko.sanseovic/reroute_changes/logs/callsGen_2015-10-06_11-53-52.log
Adding         external_tests/experimental/matko.sanseovic/reroute_changes/logs/callsGen_2015-10-06_11-54-39.log
Adding         external_tests/experimental/matko.sanseovic/reroute_changes/logs/callsGen_2015-10-06_12-13-15.log
Adding         external_tests/experimental/matko.sanseovic/reroute_changes/logs/callsGen_2015-10-06_12-15-49.log
Adding         external_tests/experimental/matko.sanseovic/reroute_changes/logs/callsGen_2015-10-06_12-16-00.log
Adding         external_tests/experimental/matko.sanseovic/reroute_changes/logs/callsGen_2015-10-06_12-18-25.log
Adding         external_tests/experimental/matko.sanseovic/reroute_changes/logs/callsGen_2015-10-06_12-18-42.log
Adding         external_tests/experimental/matko.sanseovic/reroute_changes/logs/callsGen_2015-10-06_12-19-09.log
Adding         external_tests/experimental/matko.sanseovic/reroute_changes/logs/callsGen_2015-10-06_12-19-16.log
Adding         external_tests/experimental/matko.sanseovic/reroute_changes/logs/callsGen_2015-10-06_12-19-23.log
Adding         external_tests/experimental/matko.sanseovic/reroute_changes/logs/callsGen_2015-10-06_12-19-32.log
Adding         external_tests/experimental/matko.sanseovic/reroute_changes/logs/callsGen_2015-10-06_12-19-40.log
Adding         external_tests/experimental/matko.sanseovic/reroute_changes/logs/callsGen_2015-10-06_12-19-52.log
Adding         external_tests/experimental/matko.sanseovic/reroute_changes/logs/callsGen_2015-10-06_12-19-59.log
Adding         external_tests/experimental/matko.sanseovic/reroute_changes/logs/callsGen_2015-10-06_12-24-32.log
Adding         external_tests/experimental/matko.sanseovic/reroute_changes/logs/callsGen_2015-10-06_12-24-42.log
Adding         external_tests/experimental/matko.sanseovic/reroute_changes/logs/callsGen_2015-10-06_12-27-07.log
Adding         external_tests/experimental/matko.sanseovic/reroute_changes/logs/callsGen_2015-10-06_12-27-24.log
Adding         external_tests/experimental/matko.sanseovic/reroute_changes/logs/callsGen_2015-10-06_12-27-50.log
Adding         external_tests/experimental/matko.sanseovic/reroute_changes/logs/callsGen_2015-10-06_12-27-57.log
Adding         external_tests/experimental/matko.sanseovic/reroute_changes/logs/callsGen_2015-10-06_12-28-04.log
Adding         external_tests/experimental/matko.sanseovic/reroute_changes/logs/callsGen_2015-10-06_12-28-13.log
Adding         external_tests/experimental/matko.sanseovic/reroute_changes/logs/callsGen_2015-10-06_12-28-21.log
Adding         external_tests/experimental/matko.sanseovic/reroute_changes/logs/callsGen_2015-10-06_12-28-33.log
Adding         external_tests/experimental/matko.sanseovic/reroute_changes/logs/callsGen_2015-10-06_12-28-50.log
Adding         external_tests/experimental/matko.sanseovic/reroute_changes/logs/callsGen_2015-10-06_14-07-57.log
Adding         external_tests/experimental/matko.sanseovic/reroute_changes/logs/callsGen_2015-10-06_14-08-09.log
Adding         external_tests/experimental/matko.sanseovic/reroute_changes/logs/callsGen_2015-10-06_14-08-40.log
Adding         external_tests/experimental/matko.sanseovic/reroute_changes/logs/callsGen_2015-10-06_14-09-01.log
Adding         external_tests/experimental/matko.sanseovic/reroute_changes/logs/callsGen_2015-10-06_14-11-28.log
Adding         external_tests/experimental/matko.sanseovic/reroute_changes/logs/callsGen_2015-10-06_14-11-40.log
Adding         external_tests/experimental/matko.sanseovic/reroute_changes/logs/callsGen_2015-10-06_14-11-49.log
Adding         external_tests/experimental/matko.sanseovic/reroute_changes/logs/callsGen_2015-10-06_14-12-01.log
Adding         external_tests/experimental/matko.sanseovic/reroute_changes/logs/callsGen_2015-10-06_14-12-21.log
Adding         external_tests/experimental/matko.sanseovic/reroute_changes/logs/callsGen_2015-10-06_14-12-35.log
Adding         external_tests/experimental/matko.sanseovic/reroute_changes/logs/callsGen_2015-10-06_14-12-46.log
Adding         external_tests/experimental/matko.sanseovic/reroute_changes/testcases
Adding         external_tests/experimental/matko.sanseovic/reroute_changes/testcases/iSig
Adding         external_tests/experimental/matko.sanseovic/reroute_changes/testcases/iSig/CAPv2
Adding         external_tests/experimental/matko.sanseovic/reroute_changes/testcases/iSig/CAPv2/mfc
Adding         external_tests/experimental/matko.sanseovic/reroute_changes/testcases/iSig/CAPv2/mfc/50_mfc_fDisconnect_cgpn_1s_separate_packets
Adding         external_tests/experimental/matko.sanseovic/reroute_changes/testcases/iSig/CAPv2/mfc/50_mfc_fDisconnect_cgpn_1s_separate_packets/01_ssp_mfc_hplmn_idp.xml
Adding         external_tests/experimental/matko.sanseovic/reroute_changes/testcases/iSig/CAPv2/mfc/50_mfc_fDisconnect_cgpn_1s_separate_packets/02_scp_mfc_hplmn_ac_rrbe_cue.xml
Adding         external_tests/experimental/matko.sanseovic/reroute_changes/testcases/iSig/CAPv2/mfc/50_mfc_fDisconnect_cgpn_1s_separate_packets/03_1s_ssp_mfc_hplmn_erb_answer.xml
Adding         external_tests/experimental/matko.sanseovic/reroute_changes/testcases/iSig/CAPv2/mfc/50_mfc_fDisconnect_cgpn_1s_separate_packets/04_1s_ssp_mfc_hplmn_acr_erb_discCd.xml
Adding         external_tests/experimental/matko.sanseovic/reroute_changes/testcases/iSig/CAPv2/mfc/50_mfc_fDisconnect_cgpn_1s_separate_packets/05_scp_mfc_hplmn_rel.xml
Adding         external_tests/experimental/matko.sanseovic/reroute_changes/testcases/iSig/CAPv2/mfc/50_mfc_fDisconnect_cgpn_1s_separate_packets/changelog.txt
Adding         external_tests/experimental/matko.sanseovic/reroute_changes/testcases/iSig/CAPv2/mfc/50_mfc_fDisconnect_cgpn_1s_separate_packets/sample-fleXml.csv
Adding         external_tests/experimental/matko.sanseovic/reroute_changes/testcases/iSig/CAPv2/moc
Adding         external_tests/experimental/matko.sanseovic/reroute_changes/testcases/iSig/CAPv2/moc/03_moc_EDP9_oDisconnect_cgpn_136s_separate_packets
Adding         external_tests/experimental/matko.sanseovic/reroute_changes/testcases/iSig/CAPv2/moc/03_moc_EDP9_oDisconnect_cgpn_136s_separate_packets/01_ssp_moc_hplmn_idp.xml
Adding         external_tests/experimental/matko.sanseovic/reroute_changes/testcases/iSig/CAPv2/moc/03_moc_EDP9_oDisconnect_cgpn_136s_separate_packets/02_scp_moc_hplmn_ac_rrbe_cue.xml
Adding         external_tests/experimental/matko.sanseovic/reroute_changes/testcases/iSig/CAPv2/moc/03_moc_EDP9_oDisconnect_cgpn_136s_separate_packets/03_1s_ssp_moc_hplmn_erb_answer.xml
Adding         external_tests/experimental/matko.sanseovic/reroute_changes/testcases/iSig/CAPv2/moc/03_moc_EDP9_oDisconnect_cgpn_136s_separate_packets/04_60s_ssp_moc_hplmn_acr.xml
Adding         external_tests/experimental/matko.sanseovic/reroute_changes/testcases/iSig/CAPv2/moc/03_moc_EDP9_oDisconnect_cgpn_136s_separate_packets/05_scp_moc_hplmn_ac.xml
Adding         external_tests/experimental/matko.sanseovic/reroute_changes/testcases/iSig/CAPv2/moc/03_moc_EDP9_oDisconnect_cgpn_136s_separate_packets/06_60s_ssp_moc_hplmn_acr.xml
Adding         external_tests/experimental/matko.sanseovic/reroute_changes/testcases/iSig/CAPv2/moc/03_moc_EDP9_oDisconnect_cgpn_136s_separate_packets/07_scp_moc_hplmn_ac.xml
Adding         external_tests/experimental/matko.sanseovic/reroute_changes/testcases/iSig/CAPv2/moc/03_moc_EDP9_oDisconnect_cgpn_136s_separate_packets/08_16s_ssp_moc_hplmn_acr_erb_discCg.xml
Adding         external_tests/experimental/matko.sanseovic/reroute_changes/testcases/iSig/CAPv2/moc/03_moc_EDP9_oDisconnect_cgpn_136s_separate_packets/09_scp_moc_hplmn_rel.xml
Adding         external_tests/experimental/matko.sanseovic/reroute_changes/testcases/iSig/CAPv2/moc/03_moc_EDP9_oDisconnect_cgpn_136s_separate_packets/changelog.txt
Adding         external_tests/experimental/matko.sanseovic/reroute_changes/testcases/iSig/CAPv2/moc/03_moc_EDP9_oDisconnect_cgpn_136s_separate_packets/sample-fleXml.csv
Adding         external_tests/experimental/matko.sanseovic/reroute_changes/testcases/iSig/CAPv2/moc/06_moc_EDP5_oBusy_10s_separate_packets
Adding         external_tests/experimental/matko.sanseovic/reroute_changes/testcases/iSig/CAPv2/moc/06_moc_EDP5_oBusy_10s_separate_packets/01_ssp_moc_hplmn_idp.xml
Adding         external_tests/experimental/matko.sanseovic/reroute_changes/testcases/iSig/CAPv2/moc/06_moc_EDP5_oBusy_10s_separate_packets/02_scp_moc_hplmn_ac_rrbe_cue.xml
Adding         external_tests/experimental/matko.sanseovic/reroute_changes/testcases/iSig/CAPv2/moc/06_moc_EDP5_oBusy_10s_separate_packets/03_10s_ssp_moc_hplmn_acr_erb_busy.xml
Adding         external_tests/experimental/matko.sanseovic/reroute_changes/testcases/iSig/CAPv2/moc/06_moc_EDP5_oBusy_10s_separate_packets/04_scp_moc_hplmn_cue.xml
Adding         external_tests/experimental/matko.sanseovic/reroute_changes/testcases/iSig/CAPv2/moc/06_moc_EDP5_oBusy_10s_separate_packets/changelog.txt
Adding         external_tests/experimental/matko.sanseovic/reroute_changes/testcases/iSig/CAPv2/moc/06_moc_EDP5_oBusy_10s_separate_packets/sample-fleXml.csv
Adding         external_tests/experimental/matko.sanseovic/reroute_changes/testcases/iSig/CAPv2/moc/07_moc_EDP10_oAbandon_20s_separate_packets
Adding         external_tests/experimental/matko.sanseovic/reroute_changes/testcases/iSig/CAPv2/moc/07_moc_EDP10_oAbandon_20s_separate_packets/01_ssp_moc_hplmn_idp.xml
Adding         external_tests/experimental/matko.sanseovic/reroute_changes/testcases/iSig/CAPv2/moc/07_moc_EDP10_oAbandon_20s_separate_packets/02_scp_moc_hplmn_ac_rrbe_cue.xml
Adding         external_tests/experimental/matko.sanseovic/reroute_changes/testcases/iSig/CAPv2/moc/07_moc_EDP10_oAbandon_20s_separate_packets/03_20s_ssp_moc_hplmn_acr_erb_abandon.xml
Adding         external_tests/experimental/matko.sanseovic/reroute_changes/testcases/iSig/CAPv2/moc/07_moc_EDP10_oAbandon_20s_separate_packets/04_scp_mfc_hplmn_cue.xml
Adding         external_tests/experimental/matko.sanseovic/reroute_changes/testcases/iSig/CAPv2/moc/07_moc_EDP10_oAbandon_20s_separate_packets/changelog.txt
Adding         external_tests/experimental/matko.sanseovic/reroute_changes/testcases/iSig/CAPv2/moc/07_moc_EDP10_oAbandon_20s_separate_packets/sample-fleXml.csv
Adding         external_tests/experimental/matko.sanseovic/reroute_changes/testcases/iSig/CAPv2/moc/50_moc_final_rerouting
Adding         external_tests/experimental/matko.sanseovic/reroute_changes/testcases/iSig/CAPv2/moc/50_moc_final_rerouting/01_ssp_moc_hplmn_idp.xml
Adding         external_tests/experimental/matko.sanseovic/reroute_changes/testcases/iSig/CAPv2/moc/50_moc_final_rerouting/02_scp_moc_hplmn_con.xml
Adding         external_tests/experimental/matko.sanseovic/reroute_changes/testcases/iSig/CAPv2/moc/50_moc_final_rerouting/changelog.txt
Adding         external_tests/experimental/matko.sanseovic/reroute_changes/testcases/iSig/CAPv2/moc/50_moc_final_rerouting/sample-fleXml.csv
Adding         external_tests/experimental/matko.sanseovic/reroute_changes/testcases/iSig/CAPv2/moc/53_moc_EDP9_oDisconnect_cgpn_1s_separate_packets
Adding         external_tests/experimental/matko.sanseovic/reroute_changes/testcases/iSig/CAPv2/moc/53_moc_EDP9_oDisconnect_cgpn_1s_separate_packets/01_ssp_moc_hplmn_idp.xml
Adding         external_tests/experimental/matko.sanseovic/reroute_changes/testcases/iSig/CAPv2/moc/53_moc_EDP9_oDisconnect_cgpn_1s_separate_packets/02_scp_moc_hplmn_ac_rrbe_cue.xml
Adding         external_tests/experimental/matko.sanseovic/reroute_changes/testcases/iSig/CAPv2/moc/53_moc_EDP9_oDisconnect_cgpn_1s_separate_packets/03_1s_ssp_moc_hplmn_erb_answer.xml
Adding         external_tests/experimental/matko.sanseovic/reroute_changes/testcases/iSig/CAPv2/moc/53_moc_EDP9_oDisconnect_cgpn_1s_separate_packets/04_1s_ssp_moc_hplmn_acr_erb_discCg.xml
Adding         external_tests/experimental/matko.sanseovic/reroute_changes/testcases/iSig/CAPv2/moc/53_moc_EDP9_oDisconnect_cgpn_1s_separate_packets/05_scp_moc_hplmn_rel.xml
Adding         external_tests/experimental/matko.sanseovic/reroute_changes/testcases/iSig/CAPv2/moc/53_moc_EDP9_oDisconnect_cgpn_1s_separate_packets/changelog.txt
Adding         external_tests/experimental/matko.sanseovic/reroute_changes/testcases/iSig/CAPv2/moc/53_moc_EDP9_oDisconnect_cgpn_1s_separate_packets/sample-fleXml.csv
Adding         external_tests/experimental/matko.sanseovic/reroute_changes/testcases/iSig/CAPv2/moc/54_moc_EDP6_noAnswer
Adding         external_tests/experimental/matko.sanseovic/reroute_changes/testcases/iSig/CAPv2/moc/54_moc_EDP6_noAnswer/1_ssp_moc_hplmn_idp.xml
Adding         external_tests/experimental/matko.sanseovic/reroute_changes/testcases/iSig/CAPv2/moc/54_moc_EDP6_noAnswer/2_scp_moc_hplmn_ac_rrbe_cue.xml
Adding         external_tests/experimental/matko.sanseovic/reroute_changes/testcases/iSig/CAPv2/moc/54_moc_EDP6_noAnswer/3_1s_ssp_moc_hplmn_acr_erb_noAnswer.xml
Adding         external_tests/experimental/matko.sanseovic/reroute_changes/testcases/iSig/CAPv2/moc/54_moc_EDP6_noAnswer/4_scp_moc_hplmn_cue.xml
Adding         external_tests/experimental/matko.sanseovic/reroute_changes/testcases/iSig/CAPv2/moc/54_moc_EDP6_noAnswer/changelog.txt
Adding         external_tests/experimental/matko.sanseovic/reroute_changes/testcases/iSig/CAPv2/moc/54_moc_EDP6_noAnswer/sample-fleXml.csv
Adding         external_tests/experimental/matko.sanseovic/reroute_changes/testcases/iSig/CAPv2/mtc
Adding         external_tests/experimental/matko.sanseovic/reroute_changes/testcases/iSig/CAPv2/mtc/50_mtc_EDP17_tDisconnect_cgpn_1s_separate_packets
Adding         external_tests/experimental/matko.sanseovic/reroute_changes/testcases/iSig/CAPv2/mtc/50_mtc_EDP17_tDisconnect_cgpn_1s_separate_packets/01_ssp_mtc_hplmn_idp.xml
Adding         external_tests/experimental/matko.sanseovic/reroute_changes/testcases/iSig/CAPv2/mtc/50_mtc_EDP17_tDisconnect_cgpn_1s_separate_packets/02_scp_mtc_hplmn_ac_rrbe_cue.xml
Adding         external_tests/experimental/matko.sanseovic/reroute_changes/testcases/iSig/CAPv2/mtc/50_mtc_EDP17_tDisconnect_cgpn_1s_separate_packets/03_1s_ssp_mtc_hplmn_erb_answer.xml
Adding         external_tests/experimental/matko.sanseovic/reroute_changes/testcases/iSig/CAPv2/mtc/50_mtc_EDP17_tDisconnect_cgpn_1s_separate_packets/04_1s_ssp_mtc_hplmn_acr_erb_discCg.xml
Adding         external_tests/experimental/matko.sanseovic/reroute_changes/testcases/iSig/CAPv2/mtc/50_mtc_EDP17_tDisconnect_cgpn_1s_separate_packets/05_scp_mtc_hplmn_rel.xml
Adding         external_tests/experimental/matko.sanseovic/reroute_changes/testcases/iSig/CAPv2/mtc/50_mtc_EDP17_tDisconnect_cgpn_1s_separate_packets/changelog.txt
Adding         external_tests/experimental/matko.sanseovic/reroute_changes/testcases/iSig/CAPv2/mtc/50_mtc_EDP17_tDisconnect_cgpn_1s_separate_packets/sample-fleXml.csv
Adding         external_tests/experimental/matko.sanseovic/reroute_changes/testcases/iSig/CAPv2/mtc/51_mtc_EDP18_tAbandon_10s_separate_packets
Adding         external_tests/experimental/matko.sanseovic/reroute_changes/testcases/iSig/CAPv2/mtc/51_mtc_EDP18_tAbandon_10s_separate_packets/01_ssp_mtc_hplmn_idp.xml
Adding         external_tests/experimental/matko.sanseovic/reroute_changes/testcases/iSig/CAPv2/mtc/51_mtc_EDP18_tAbandon_10s_separate_packets/02_scp_mtc_hplmn_ac_rrbe_cue.xml
Adding         external_tests/experimental/matko.sanseovic/reroute_changes/testcases/iSig/CAPv2/mtc/51_mtc_EDP18_tAbandon_10s_separate_packets/03_10s_ssp_mtc_hplmn_acr_erb_abandon.xml
Adding         external_tests/experimental/matko.sanseovic/reroute_changes/testcases/iSig/CAPv2/mtc/51_mtc_EDP18_tAbandon_10s_separate_packets/04_scp_mtc_hplmn_cue.xml
Adding         external_tests/experimental/matko.sanseovic/reroute_changes/testcases/iSig/CAPv2/mtc/51_mtc_EDP18_tAbandon_10s_separate_packets/changelog.txt
Adding         external_tests/experimental/matko.sanseovic/reroute_changes/testcases/iSig/CAPv2/mtc/51_mtc_EDP18_tAbandon_10s_separate_packets/sample-fleXml.csv
Adding         external_tests/experimental/matko.sanseovic/reroute_changes/testcases/iSig/CAPv2/mtc/52_mtc_EDP13_tBusy_5s_separate_packets
Adding         external_tests/experimental/matko.sanseovic/reroute_changes/testcases/iSig/CAPv2/mtc/52_mtc_EDP13_tBusy_5s_separate_packets/01_ssp_mtc_hplmn_idp.xml
Adding         external_tests/experimental/matko.sanseovic/reroute_changes/testcases/iSig/CAPv2/mtc/52_mtc_EDP13_tBusy_5s_separate_packets/02_scp_mtc_hplmn_ac_rrbe_cue.xml
Adding         external_tests/experimental/matko.sanseovic/reroute_changes/testcases/iSig/CAPv2/mtc/52_mtc_EDP13_tBusy_5s_separate_packets/03_5s_ssp_mtc_hplmn_acr_erb_busy.xml
Adding         external_tests/experimental/matko.sanseovic/reroute_changes/testcases/iSig/CAPv2/mtc/52_mtc_EDP13_tBusy_5s_separate_packets/04_scp_mtc_hplmn_cue.xml
Adding         external_tests/experimental/matko.sanseovic/reroute_changes/testcases/iSig/CAPv2/mtc/52_mtc_EDP13_tBusy_5s_separate_packets/changelog.txt
Adding         external_tests/experimental/matko.sanseovic/reroute_changes/testcases/iSig/CAPv2/mtc/52_mtc_EDP13_tBusy_5s_separate_packets/sample-fleXml.csv
Adding         external_tests/experimental/matko.sanseovic/reroute_changes/testcases/iSig/CAPv2/mtc/53_mtc_EDP14_noAnswer
Adding         external_tests/experimental/matko.sanseovic/reroute_changes/testcases/iSig/CAPv2/mtc/53_mtc_EDP14_noAnswer/01_ssp_mtc_hplmn_idp.xml
Adding         external_tests/experimental/matko.sanseovic/reroute_changes/testcases/iSig/CAPv2/mtc/53_mtc_EDP14_noAnswer/02_scp_mtc_hplmn_ac_rrbe_cue.xml
Adding         external_tests/experimental/matko.sanseovic/reroute_changes/testcases/iSig/CAPv2/mtc/53_mtc_EDP14_noAnswer/03_1s_ssp_mtc_hplmn_acr_erb_noAnswer.xml
Adding         external_tests/experimental/matko.sanseovic/reroute_changes/testcases/iSig/CAPv2/mtc/53_mtc_EDP14_noAnswer/04_scp_mtc_hplmn_cue.xml
Adding         external_tests/experimental/matko.sanseovic/reroute_changes/testcases/iSig/CAPv2/mtc/53_mtc_EDP14_noAnswer/changelog.txt
Adding         external_tests/experimental/matko.sanseovic/reroute_changes/testcases/iSig/CAPv2/mtc/53_mtc_EDP14_noAnswer/sample-fleXml.csv
Sending        libs/global-keyword-resources/cg-support/tmp/mfc1s-fleXml.csv
Sending        libs/global-keyword-resources/cg-support/tmp/mfc1s-subscribers.csv
Sending        libs/global-keyword-resources/cg-support/tmp/mfc1s-workspace.ini
Adding         libs/global-keyword-resources/cg-support/tmp/mfc30s-fleXml.csv
Adding         libs/global-keyword-resources/cg-support/tmp/mfc30s-subscribers.csv
Adding         libs/global-keyword-resources/cg-support/tmp/mfc30s-workspace.ini
Sending        libs/global-keyword-resources/cg-support/tmp/moc-abandon-fleXml.csv
Sending        libs/global-keyword-resources/cg-support/tmp/moc-abandon-workspace.ini
Sending        libs/global-keyword-resources/cg-support/tmp/moc-busy-fleXml.csv
Sending        libs/global-keyword-resources/cg-support/tmp/moc-busy-workspace.ini
Sending        libs/global-keyword-resources/cg-support/tmp/moc-final-rerouting-fleXml.csv
Sending        libs/global-keyword-resources/cg-support/tmp/moc-final-rerouting-workspace.ini
Sending        libs/global-keyword-resources/cg-support/tmp/moc-noanswer-fleXml.csv
Sending        libs/global-keyword-resources/cg-support/tmp/moc-noanswer-workspace.ini
Sending        libs/global-keyword-resources/cg-support/tmp/moc30s-fleXml.csv
Sending        libs/global-keyword-resources/cg-support/tmp/moc30s-subscribers.csv
Sending        libs/global-keyword-resources/cg-support/tmp/moc30s-workspace.ini
Sending        libs/global-keyword-resources/cg-support/tmp/mtc-abandon-fleXml.csv
Sending        libs/global-keyword-resources/cg-support/tmp/mtc-abandon-subscribers.csv
Sending        libs/global-keyword-resources/cg-support/tmp/mtc-abandon-workspace.ini
Sending        libs/global-keyword-resources/cg-support/tmp/mtc-busy-fleXml.csv
Sending        libs/global-keyword-resources/cg-support/tmp/mtc-busy-subscribers.csv
Sending        libs/global-keyword-resources/cg-support/tmp/mtc-busy-workspace.ini
Sending        libs/global-keyword-resources/cg-support/tmp/mtc-noanswer-fleXml.csv
Sending        libs/global-keyword-resources/cg-support/tmp/mtc-noanswer-subscribers.csv
Sending        libs/global-keyword-resources/cg-support/tmp/mtc-noanswer-workspace.ini
Sending        libs/global-keyword-resources/cg-support/tmp/mtc1s-fleXml.csv
Sending        libs/global-keyword-resources/cg-support/tmp/mtc1s-subscribers.csv
Sending        libs/global-keyword-resources/cg-support/tmp/mtc1s-workspace.ini
Adding         libs/global-keyword-resources/ssh-support/inew-ssh-lib.html
Adding         robot_testsuites/basic
Adding         robot_testsuites/basic/PrePaid
Adding         robot_testsuites/basic/PrePaid/MFC
Adding         robot_testsuites/basic/PrePaid/MFC/MFC_PREPAID-ShortDuration
Adding         robot_testsuites/basic/PrePaid/MFC/MFC_PREPAID-ShortDuration/MFC_PREPAID-ShortDuration-robot-suite.txt
Adding         robot_testsuites/basic/PrePaid/MFC/MFC_PREPAID-ShortDuration/log
Adding         robot_testsuites/basic/PrePaid/MFC/MFC_PREPAID-ShortDuration/log/log.html
Adding         robot_testsuites/basic/PrePaid/MFC/MFC_PREPAID-ShortDuration/log/output.xml
Adding         robot_testsuites/basic/PrePaid/MFC/MFC_PREPAID-ShortDuration/log/report.html
Adding         robot_testsuites/basic/PrePaid/MFC/MFC_PREPAID-ShortDuration/run-MFC-short-robot-suite.sh
Adding         robot_testsuites/basic/PrePaid/MOC
Adding         robot_testsuites/basic/PrePaid/MOC/OnNet
Adding         robot_testsuites/basic/PrePaid/MOC/OnNet/MOC_PREPAID_ONNET-Abandon
Adding         robot_testsuites/basic/PrePaid/MOC/OnNet/MOC_PREPAID_ONNET-Abandon/MOC_PREPAID_ONNET-Abandon-robot-suite.txt
Adding         robot_testsuites/basic/PrePaid/MOC/OnNet/MOC_PREPAID_ONNET-Abandon/log
Adding         robot_testsuites/basic/PrePaid/MOC/OnNet/MOC_PREPAID_ONNET-Abandon/log/log.html
Adding         robot_testsuites/basic/PrePaid/MOC/OnNet/MOC_PREPAID_ONNET-Abandon/log/output.xml
Adding         robot_testsuites/basic/PrePaid/MOC/OnNet/MOC_PREPAID_ONNET-Abandon/log/report.html
Adding         robot_testsuites/basic/PrePaid/MOC/OnNet/MOC_PREPAID_ONNET-Abandon/run-MOC-abandon-robot-suite.sh
Adding         robot_testsuites/basic/PrePaid/MOC/OnNet/MOC_PREPAID_ONNET-Busy
Adding         robot_testsuites/basic/PrePaid/MOC/OnNet/MOC_PREPAID_ONNET-Busy/MOC_PREPAID_ONNET-Busy-robot-suite.txt
Adding         robot_testsuites/basic/PrePaid/MOC/OnNet/MOC_PREPAID_ONNET-Busy/log
Adding         robot_testsuites/basic/PrePaid/MOC/OnNet/MOC_PREPAID_ONNET-Busy/log/log.html
Adding         robot_testsuites/basic/PrePaid/MOC/OnNet/MOC_PREPAID_ONNET-Busy/log/output.xml
Adding         robot_testsuites/basic/PrePaid/MOC/OnNet/MOC_PREPAID_ONNET-Busy/log/report.html
Adding         robot_testsuites/basic/PrePaid/MOC/OnNet/MOC_PREPAID_ONNET-Busy/run-MOC-busy-robot-suite.sh
Adding         robot_testsuites/basic/PrePaid/MOC/OnNet/MOC_PREPAID_ONNET-LongDuration
Adding         robot_testsuites/basic/PrePaid/MOC/OnNet/MOC_PREPAID_ONNET-LongDuration/MOC_PREPAID_ONNET-LongDuration-robot-suite.txt
Adding         robot_testsuites/basic/PrePaid/MOC/OnNet/MOC_PREPAID_ONNET-LongDuration/log
Adding         robot_testsuites/basic/PrePaid/MOC/OnNet/MOC_PREPAID_ONNET-LongDuration/log/log.html
Adding         robot_testsuites/basic/PrePaid/MOC/OnNet/MOC_PREPAID_ONNET-LongDuration/log/output.xml
Adding         robot_testsuites/basic/PrePaid/MOC/OnNet/MOC_PREPAID_ONNET-LongDuration/log/report.html
Adding         robot_testsuites/basic/PrePaid/MOC/OnNet/MOC_PREPAID_ONNET-LongDuration/run-MOC-long-robot-suite.sh
Adding         robot_testsuites/basic/PrePaid/MOC/OnNet/MOC_PREPAID_ONNET-NoAnswer
Adding         robot_testsuites/basic/PrePaid/MOC/OnNet/MOC_PREPAID_ONNET-NoAnswer/MOC_PREPAID_ONNET-NoAnswer-robot-suite.txt
Adding         robot_testsuites/basic/PrePaid/MOC/OnNet/MOC_PREPAID_ONNET-NoAnswer/log
Adding         robot_testsuites/basic/PrePaid/MOC/OnNet/MOC_PREPAID_ONNET-NoAnswer/log/log.html
Adding         robot_testsuites/basic/PrePaid/MOC/OnNet/MOC_PREPAID_ONNET-NoAnswer/log/output.xml
Adding         robot_testsuites/basic/PrePaid/MOC/OnNet/MOC_PREPAID_ONNET-NoAnswer/log/report.html
Adding         robot_testsuites/basic/PrePaid/MOC/OnNet/MOC_PREPAID_ONNET-NoAnswer/run-MOC-noAnswer-robot-suite.sh
Adding         robot_testsuites/basic/PrePaid/MOC/OnNet/MOC_PREPAID_ONNET-NoCredit
Adding         robot_testsuites/basic/PrePaid/MOC/OnNet/MOC_PREPAID_ONNET-NoCredit/MOC_PREPAID_ONNET-NoCredit-robot-suite.txt
Adding         robot_testsuites/basic/PrePaid/MOC/OnNet/MOC_PREPAID_ONNET-NoCredit/log
Adding         robot_testsuites/basic/PrePaid/MOC/OnNet/MOC_PREPAID_ONNET-NoCredit/log/log.html
Adding         robot_testsuites/basic/PrePaid/MOC/OnNet/MOC_PREPAID_ONNET-NoCredit/log/output.xml
Adding         robot_testsuites/basic/PrePaid/MOC/OnNet/MOC_PREPAID_ONNET-NoCredit/log/report.html
Adding         robot_testsuites/basic/PrePaid/MOC/OnNet/MOC_PREPAID_ONNET-NoCredit/run-MOC-NoCredit-robot-suite.sh
Adding         robot_testsuites/basic/PrePaid/MOC/OnNet/MOC_PREPAID_ONNET-ShortDuration
Adding         robot_testsuites/basic/PrePaid/MOC/OnNet/MOC_PREPAID_ONNET-ShortDuration/MOC_PREPAID_ONNET-ShortDuration-robot-suite.txt
Adding         robot_testsuites/basic/PrePaid/MOC/OnNet/MOC_PREPAID_ONNET-ShortDuration/log
Adding         robot_testsuites/basic/PrePaid/MOC/OnNet/MOC_PREPAID_ONNET-ShortDuration/log/log.html
Adding         robot_testsuites/basic/PrePaid/MOC/OnNet/MOC_PREPAID_ONNET-ShortDuration/log/output.xml
Adding         robot_testsuites/basic/PrePaid/MOC/OnNet/MOC_PREPAID_ONNET-ShortDuration/log/report.html
Adding         robot_testsuites/basic/PrePaid/MOC/OnNet/MOC_PREPAID_ONNET-ShortDuration/run-MOC-short-robot-suite.sh
Adding         robot_testsuites/basic/PrePaid/MTC
Adding         robot_testsuites/basic/PrePaid/MTC/MTC_PREPAID-Abandon
Adding         robot_testsuites/basic/PrePaid/MTC/MTC_PREPAID-Abandon/MTC_PREPAID-Abandon-robot-suite.txt
Adding         robot_testsuites/basic/PrePaid/MTC/MTC_PREPAID-Abandon/log
Adding         robot_testsuites/basic/PrePaid/MTC/MTC_PREPAID-Abandon/log/log.html
Adding         robot_testsuites/basic/PrePaid/MTC/MTC_PREPAID-Abandon/log/output.xml
Adding         robot_testsuites/basic/PrePaid/MTC/MTC_PREPAID-Abandon/log/report.html
Adding         robot_testsuites/basic/PrePaid/MTC/MTC_PREPAID-Abandon/run-MTC-abandon-robot-suite.sh
Adding         robot_testsuites/basic/PrePaid/MTC/MTC_PREPAID-Busy
Adding         robot_testsuites/basic/PrePaid/MTC/MTC_PREPAID-Busy/MTC_PREPAID-Busy-robot-suite.txt
Adding         robot_testsuites/basic/PrePaid/MTC/MTC_PREPAID-Busy/log
Adding         robot_testsuites/basic/PrePaid/MTC/MTC_PREPAID-Busy/run-MTC-busy-robot-suite.sh
Adding         robot_testsuites/basic/PrePaid/MTC/MTC_PREPAID-NoAnswer
Adding         robot_testsuites/basic/PrePaid/MTC/MTC_PREPAID-NoAnswer/MTC_PREPAID-NoAnswer-robot-suite.txt
Adding         robot_testsuites/basic/PrePaid/MTC/MTC_PREPAID-NoAnswer/log
Adding         robot_testsuites/basic/PrePaid/MTC/MTC_PREPAID-NoAnswer/log/log.html
Adding         robot_testsuites/basic/PrePaid/MTC/MTC_PREPAID-NoAnswer/log/output.xml
Adding         robot_testsuites/basic/PrePaid/MTC/MTC_PREPAID-NoAnswer/log/report.html
Adding         robot_testsuites/basic/PrePaid/MTC/MTC_PREPAID-NoAnswer/run-MTC-noAnswer-robot-suite.sh
Adding         robot_testsuites/basic/PrePaid/MTC/MTC_PREPAID-ShortDuration
Adding         robot_testsuites/basic/PrePaid/MTC/MTC_PREPAID-ShortDuration/MTC_PREPAID-ShortDuration-robot-suite.txt
Adding         robot_testsuites/basic/PrePaid/MTC/MTC_PREPAID-ShortDuration/log
Adding         robot_testsuites/basic/PrePaid/MTC/MTC_PREPAID-ShortDuration/log/log.html
Adding         robot_testsuites/basic/PrePaid/MTC/MTC_PREPAID-ShortDuration/log/output.xml
Adding         robot_testsuites/basic/PrePaid/MTC/MTC_PREPAID-ShortDuration/log/report.html
Adding         robot_testsuites/basic/PrePaid/MTC/MTC_PREPAID-ShortDuration/run-MTC-short-robot-suite.sh
Adding         robot_testsuites/basic/PrePaid/suite-global-keyword-resource.txt
Adding         robot_testsuites/basic/__init__.txt
Sending        robot_testsuites/experimental/hew/vitality-checking/vitality-checking-resource.txt
Sending        robot_testsuites/experimental/matko.sanseovic/MOC_demo/run-robot-suite.sh
Deleting       robot_testsuites/experimental/matko.sanseovic/basic/MOC
