D         robot_testsuites/basic/PrePaid/MOC/OnNet/MOC_PREPAID_ONNET-LongDuration
D         robot_testsuites/basic/PrePaid/MOC/OnNet/MOC_PREPAID_ONNET-LongDuration/MOC_PREPAID_ONNET-LongDuration-robot-suite.txt
D         robot_testsuites/basic/PrePaid/MOC/OnNet/MOC_PREPAID_ONNET-LongDuration/log
D         robot_testsuites/basic/PrePaid/MOC/OnNet/MOC_PREPAID_ONNET-LongDuration/log/log.html
D         robot_testsuites/basic/PrePaid/MOC/OnNet/MOC_PREPAID_ONNET-LongDuration/log/output.xml
D         robot_testsuites/basic/PrePaid/MOC/OnNet/MOC_PREPAID_ONNET-LongDuration/log/report.html
D         robot_testsuites/basic/PrePaid/MOC/OnNet/MOC_PREPAID_ONNET-LongDuration/run-MOC-long-robot-suite.sh
D         robot_testsuites/experimental/matko.sanseovic/basic/PrePaid/MOC/OnNet/MOC_PREPAID_ONNET-LongDuration
D         robot_testsuites/experimental/matko.sanseovic/basic/PrePaid/MOC/OnNet/MOC_PREPAID_ONNET-LongDuration/MOC_PREPAID_ONNET-LongDuration-robot-suite.txt
D         robot_testsuites/experimental/matko.sanseovic/basic/PrePaid/MOC/OnNet/MOC_PREPAID_ONNET-LongDuration/log
D         robot_testsuites/experimental/matko.sanseovic/basic/PrePaid/MOC/OnNet/MOC_PREPAID_ONNET-LongDuration/log/log.html
D         robot_testsuites/experimental/matko.sanseovic/basic/PrePaid/MOC/OnNet/MOC_PREPAID_ONNET-LongDuration/log/output.xml
D         robot_testsuites/experimental/matko.sanseovic/basic/PrePaid/MOC/OnNet/MOC_PREPAID_ONNET-LongDuration/log/report.html
D         robot_testsuites/experimental/matko.sanseovic/basic/PrePaid/MOC/OnNet/MOC_PREPAID_ONNET-LongDuration/run-MOC-long-robot-suite.sh
A         bulk_execution_scripts/Smartspace/run-ussd-tests.sh
A         bulk_execution_scripts/TNZ/run-ussd-tests.sh
A         bulk_execution_scripts/VMCO/run-ussd-tests.sh
A         bulk_execution_scripts/mTel/run-ussd-tests.sh
A         bulk_execution_scripts/mTel_PPLIGHT_TB25
A         bulk_execution_scripts/mTel_PPLIGHT_TB25/run-default-tests.sh
A  (bin)  bulk_execution_scripts/mTel_PPLIGHT_TB25/soapui.log
A         bulk_execution_scripts/mTel_PPLIGHT_TB25/tmp_query_result.txt
A         bulk_execution_scripts/mTel_PPLIGHT_TB25/log
A         bulk_execution_scripts/mTel_PPLIGHT_TB25/global-groovy.log
A         bulk_execution_scripts/mTel_PPLIGHT_TB25/run-XDR-tests.sh
A         bulk_execution_scripts/mTel_PPLIGHT_TB25/run-ussd-tests.sh
A         bulk_execution_scripts/mTel_PPLIGHT_TB25/sut-specific.args
A         bulk_execution_scripts/mTel_PPLIGHT_TB25/run-calls-tests.sh
A         bulk_execution_scripts/mTel_PPLIGHT_TB25/soapui-errors.log
A         external_tests/CG_unified_workspace/testcases/iSig/CAPv2/moc/10_moc_EDP9_oDisconnect_cgpn_196s_separate_packets
A         external_tests/CG_unified_workspace/testcases/iSig/CAPv2/moc/10_moc_EDP9_oDisconnect_cgpn_196s_separate_packets/sample-fleXml.csv
A         external_tests/CG_unified_workspace/testcases/iSig/CAPv2/moc/10_moc_EDP9_oDisconnect_cgpn_196s_separate_packets/04_180s_ssp_moc_hplmn_acr.xml
A         external_tests/CG_unified_workspace/testcases/iSig/CAPv2/moc/10_moc_EDP9_oDisconnect_cgpn_196s_separate_packets/changelog.txt
A         external_tests/CG_unified_workspace/testcases/iSig/CAPv2/moc/10_moc_EDP9_oDisconnect_cgpn_196s_separate_packets/05_scp_moc_hplmn_ac.xml
A         external_tests/CG_unified_workspace/testcases/iSig/CAPv2/moc/10_moc_EDP9_oDisconnect_cgpn_196s_separate_packets/06_16s_ssp_moc_hplmn_acr_erb_discCg.xml
A         external_tests/CG_unified_workspace/testcases/iSig/CAPv2/moc/10_moc_EDP9_oDisconnect_cgpn_196s_separate_packets/07_scp_moc_hplmn_rel.xml
A         external_tests/CG_unified_workspace/testcases/iSig/CAPv2/moc/10_moc_EDP9_oDisconnect_cgpn_196s_separate_packets/02_scp_moc_hplmn_ac_rrbe_cue.xml
A         external_tests/CG_unified_workspace/testcases/iSig/CAPv2/moc/10_moc_EDP9_oDisconnect_cgpn_196s_separate_packets/03_1s_ssp_moc_hplmn_erb_answer.xml
A         external_tests/CG_unified_workspace/testcases/iSig/CAPv2/moc/10_moc_EDP9_oDisconnect_cgpn_196s_separate_packets/01_ssp_moc_hplmn_idp.xml
A         external_tests/experimental/matko.sanseovic/reroute_changes/testcases/iSig/CAPv2/moc/10_moc_EDP9_oDisconnect_cgpn_196s_separate_packets
A         external_tests/experimental/matko.sanseovic/reroute_changes/testcases/iSig/CAPv2/moc/10_moc_EDP9_oDisconnect_cgpn_196s_separate_packets/2015-11-05_15-23-22
A         external_tests/experimental/matko.sanseovic/reroute_changes/testcases/iSig/CAPv2/moc/10_moc_EDP9_oDisconnect_cgpn_196s_separate_packets/2015-11-05_15-23-22/callsGen.log
A         external_tests/experimental/matko.sanseovic/reroute_changes/testcases/iSig/CAPv2/moc/10_moc_EDP9_oDisconnect_cgpn_196s_separate_packets/2015-11-05_15-23-22/TestReport.txt
A         external_tests/experimental/matko.sanseovic/reroute_changes/testcases/iSig/CAPv2/moc/10_moc_EDP9_oDisconnect_cgpn_196s_separate_packets/sample-fleXml.csv
A         external_tests/experimental/matko.sanseovic/reroute_changes/testcases/iSig/CAPv2/moc/10_moc_EDP9_oDisconnect_cgpn_196s_separate_packets/04_180s_ssp_moc_hplmn_acr.xml
A         external_tests/experimental/matko.sanseovic/reroute_changes/testcases/iSig/CAPv2/moc/10_moc_EDP9_oDisconnect_cgpn_196s_separate_packets/changelog.txt
A         external_tests/experimental/matko.sanseovic/reroute_changes/testcases/iSig/CAPv2/moc/10_moc_EDP9_oDisconnect_cgpn_196s_separate_packets/05_scp_moc_hplmn_ac.xml
A         external_tests/experimental/matko.sanseovic/reroute_changes/testcases/iSig/CAPv2/moc/10_moc_EDP9_oDisconnect_cgpn_196s_separate_packets/06_16s_ssp_moc_hplmn_acr_erb_discCg.xml
A         external_tests/experimental/matko.sanseovic/reroute_changes/testcases/iSig/CAPv2/moc/10_moc_EDP9_oDisconnect_cgpn_196s_separate_packets/07_scp_moc_hplmn_rel.xml
A         external_tests/experimental/matko.sanseovic/reroute_changes/testcases/iSig/CAPv2/moc/10_moc_EDP9_oDisconnect_cgpn_196s_separate_packets/2015-11-05_15-28-53
A         external_tests/experimental/matko.sanseovic/reroute_changes/testcases/iSig/CAPv2/moc/10_moc_EDP9_oDisconnect_cgpn_196s_separate_packets/2015-11-05_15-28-53/callsGen.log
A         external_tests/experimental/matko.sanseovic/reroute_changes/testcases/iSig/CAPv2/moc/10_moc_EDP9_oDisconnect_cgpn_196s_separate_packets/2015-11-05_15-28-53/TestReport.txt
A         external_tests/experimental/matko.sanseovic/reroute_changes/testcases/iSig/CAPv2/moc/10_moc_EDP9_oDisconnect_cgpn_196s_separate_packets/02_scp_moc_hplmn_ac_rrbe_cue.xml
A         external_tests/experimental/matko.sanseovic/reroute_changes/testcases/iSig/CAPv2/moc/10_moc_EDP9_oDisconnect_cgpn_196s_separate_packets/03_1s_ssp_moc_hplmn_erb_answer.xml
A         external_tests/experimental/matko.sanseovic/reroute_changes/testcases/iSig/CAPv2/moc/10_moc_EDP9_oDisconnect_cgpn_196s_separate_packets/01_ssp_moc_hplmn_idp.xml
A         libs/global-keyword-resources/cg-support/moc196s.cgs
A         libs/global-keyword-resources/cg-support/tmp/moc196s-fleXml.csv
A         libs/global-keyword-resources/cg-support/tmp/moc196s-fleXml.txt
A         libs/global-keyword-resources/cg-support/tmp/moc196s-subscribers.csv
A         libs/global-keyword-resources/cg-support/tmp/moc196s-workspace.ini
A         robot_testsuites/basic/PrePaid/MOC/OnNet/MOC_PREPAID_ONNET-LongDuration136s
A         robot_testsuites/basic/PrePaid/MOC/OnNet/MOC_PREPAID_ONNET-LongDuration136s/run-MOC-long-robot-suite.sh
A         robot_testsuites/basic/PrePaid/MOC/OnNet/MOC_PREPAID_ONNET-LongDuration136s/log
A         robot_testsuites/basic/PrePaid/MOC/OnNet/MOC_PREPAID_ONNET-LongDuration136s/log/output.xml
A         robot_testsuites/basic/PrePaid/MOC/OnNet/MOC_PREPAID_ONNET-LongDuration136s/log/log.html
A         robot_testsuites/basic/PrePaid/MOC/OnNet/MOC_PREPAID_ONNET-LongDuration136s/log/report.html
A         robot_testsuites/basic/PrePaid/MOC/OnNet/MOC_PREPAID_ONNET-LongDuration136s/MOC_PREPAID_ONNET-LongDuration136s-robot-suite.txt
A         robot_testsuites/basic/PrePaid/MOC/OnNet/MOC_PREPAID_ONNET-LongDuration196s
A         robot_testsuites/basic/PrePaid/MOC/OnNet/MOC_PREPAID_ONNET-LongDuration196s/run-MOC-long-robot-suite.sh
A         robot_testsuites/basic/PrePaid/MOC/OnNet/MOC_PREPAID_ONNET-LongDuration196s/log
A         robot_testsuites/basic/PrePaid/MOC/OnNet/MOC_PREPAID_ONNET-LongDuration196s/log/output.xml
A         robot_testsuites/basic/PrePaid/MOC/OnNet/MOC_PREPAID_ONNET-LongDuration196s/log/log.html
A         robot_testsuites/basic/PrePaid/MOC/OnNet/MOC_PREPAID_ONNET-LongDuration196s/log/report.html
A         robot_testsuites/basic/PrePaid/MOC/OnNet/MOC_PREPAID_ONNET-LongDuration196s/MOC_PREPAID_ONNET-LongDuration196s-robot-suite.txt
A         robot_testsuites/experimental/matko.sanseovic/basic/PrePaid/MOC/OnNet/MOC_PREPAID_ONNET-LongDuration136s
A         robot_testsuites/experimental/matko.sanseovic/basic/PrePaid/MOC/OnNet/MOC_PREPAID_ONNET-LongDuration136s/run-MOC-long-robot-suite.sh
A         robot_testsuites/experimental/matko.sanseovic/basic/PrePaid/MOC/OnNet/MOC_PREPAID_ONNET-LongDuration136s/log
A         robot_testsuites/experimental/matko.sanseovic/basic/PrePaid/MOC/OnNet/MOC_PREPAID_ONNET-LongDuration136s/log/output.xml
A         robot_testsuites/experimental/matko.sanseovic/basic/PrePaid/MOC/OnNet/MOC_PREPAID_ONNET-LongDuration136s/log/log.html
A         robot_testsuites/experimental/matko.sanseovic/basic/PrePaid/MOC/OnNet/MOC_PREPAID_ONNET-LongDuration136s/log/report.html
A         robot_testsuites/experimental/matko.sanseovic/basic/PrePaid/MOC/OnNet/MOC_PREPAID_ONNET-LongDuration136s/MOC_PREPAID_ONNET-LongDuration136s-robot-suite.txt
A         robot_testsuites/experimental/matko.sanseovic/basic/PrePaid/MOC/OnNet/MOC_PREPAID_ONNET-LongDuration196s
A         robot_testsuites/experimental/matko.sanseovic/basic/PrePaid/MOC/OnNet/MOC_PREPAID_ONNET-LongDuration196s/run-MOC-long-robot-suite.sh
A         robot_testsuites/experimental/matko.sanseovic/basic/PrePaid/MOC/OnNet/MOC_PREPAID_ONNET-LongDuration196s/log
A         robot_testsuites/experimental/matko.sanseovic/basic/PrePaid/MOC/OnNet/MOC_PREPAID_ONNET-LongDuration196s/log/output.xml
A         robot_testsuites/experimental/matko.sanseovic/basic/PrePaid/MOC/OnNet/MOC_PREPAID_ONNET-LongDuration196s/log/log.html
A         robot_testsuites/experimental/matko.sanseovic/basic/PrePaid/MOC/OnNet/MOC_PREPAID_ONNET-LongDuration196s/log/report.html
A         robot_testsuites/experimental/matko.sanseovic/basic/PrePaid/MOC/OnNet/MOC_PREPAID_ONNET-LongDuration196s/MOC_PREPAID_ONNET-LongDuration196s-robot-suite.txt
A         robot_testsuites/experimental/matko.sanseovic/ussd/TB25
A         robot_testsuites/experimental/matko.sanseovic/ussd/TB25/log
A         robot_testsuites/experimental/matko.sanseovic/ussd/TB25/log/output.xml
A         robot_testsuites/experimental/matko.sanseovic/ussd/TB25/log/log.html
A         robot_testsuites/experimental/matko.sanseovic/ussd/TB25/log/report.html
A         robot_testsuites/experimental/matko.sanseovic/ussd/TB25/ussd-robot-suite.txt
A         robot_testsuites/experimental/matko.sanseovic/ussd/TB25/run-robot-suite.sh
A         robot_testsuites/experimental/matko.sanseovic/ussd/VMCO
A         robot_testsuites/experimental/matko.sanseovic/ussd/VMCO/log
A         robot_testsuites/experimental/matko.sanseovic/ussd/VMCO/log/output.xml
A         robot_testsuites/experimental/matko.sanseovic/ussd/VMCO/log/log.html
A         robot_testsuites/experimental/matko.sanseovic/ussd/VMCO/log/report.html
A         robot_testsuites/experimental/matko.sanseovic/ussd/VMCO/ussd-robot-suite.txt
A         robot_testsuites/experimental/matko.sanseovic/ussd/VMCO/run-robot-suite.sh
A         robot_testsuites/experimental/matko.sanseovic/xdr_testsuite/R6.2_tickets-resource.txt
A         robot_testsuites/experimental/matko.sanseovic/xdr_testsuite/several-tests-run.sh
A         robot_testsuites/ussd
A         robot_testsuites/ussd/mTel
A         robot_testsuites/ussd/mTel/log
A         robot_testsuites/ussd/mTel/log/output.xml
A         robot_testsuites/ussd/mTel/log/log.html
A         robot_testsuites/ussd/mTel/log/report.html
A         robot_testsuites/ussd/mTel/ussd-robot-suite.txt
A         robot_testsuites/ussd/mTel/run-robot-suite.sh
A         robot_testsuites/ussd/Smartspace
A         robot_testsuites/ussd/Smartspace/log
A         robot_testsuites/ussd/Smartspace/log/output.xml
A         robot_testsuites/ussd/Smartspace/log/log.html
A         robot_testsuites/ussd/Smartspace/log/report.html
A         robot_testsuites/ussd/Smartspace/ussd-robot-suite.txt
A         robot_testsuites/ussd/Smartspace/run-robot-suite.sh
A         robot_testsuites/ussd/VMCO
A         robot_testsuites/ussd/VMCO/log
A         robot_testsuites/ussd/VMCO/log/output.xml
A         robot_testsuites/ussd/VMCO/log/log.html
A         robot_testsuites/ussd/VMCO/log/report.html
A         robot_testsuites/ussd/VMCO/ussd-robot-suite.txt
A         robot_testsuites/ussd/VMCO/run-robot-suite.sh
A         robot_testsuites/ussd/TNZ
A         robot_testsuites/ussd/TNZ/log
A         robot_testsuites/ussd/TNZ/log/output.xml
A         robot_testsuites/ussd/TNZ/log/log.html
A         robot_testsuites/ussd/TNZ/log/report.html
A         robot_testsuites/ussd/TNZ/ussd-robot-suite.txt
A         robot_testsuites/ussd/TNZ/run-robot-suite.sh
A         robot_testsuites/ussd/TB25
A         robot_testsuites/ussd/TB25/log
A         robot_testsuites/ussd/TB25/log/output.xml
A         robot_testsuites/ussd/TB25/log/log.html
A         robot_testsuites/ussd/TB25/log/report.html
A         robot_testsuites/ussd/TB25/ussd-robot-suite.txt
A         robot_testsuites/ussd/TB25/run-robot-suite.sh
A         robot_testsuites/ussd/tool
A         robot_testsuites/ussd/tool/USSDtest.py
A         robot_testsuites/xdr/XDR-ticket-verification/R6.2_tickets-resource.txt
A         suts/mTel_PPL_TB25-resource.txt
