D         robot_testsuites/experimental/matko.sanseovic/basic/MOC
D         robot_testsuites/experimental/matko.sanseovic/basic/MOC/PrePaid
D         robot_testsuites/experimental/matko.sanseovic/basic/MOC/PrePaid/OnNet
D         robot_testsuites/experimental/matko.sanseovic/basic/MOC/PrePaid/OnNet/MOC_PREPAID_ONNET-ShortDuration-robot-suite.txt
D         robot_testsuites/experimental/matko.sanseovic/basic/MOC/PrePaid/OnNet/log
D         robot_testsuites/experimental/matko.sanseovic/basic/MOC/PrePaid/OnNet/log/log.html
D         robot_testsuites/experimental/matko.sanseovic/basic/MOC/PrePaid/OnNet/log/output.xml
D         robot_testsuites/experimental/matko.sanseovic/basic/MOC/PrePaid/OnNet/log/report.html
D         robot_testsuites/experimental/matko.sanseovic/basic/MOC/PrePaid/OnNet/run-robot-suite.sh
D         robot_testsuites/experimental/matko.sanseovic/basic/MOC/PrePaid/OnNet/tmp_query_result.txt
D         robot_testsuites/experimental/matko.sanseovic/basic/calls-resource.txt
D         robot_testsuites/experimental/matko.sanseovic/standard_regression_testsuite/HighLevelOps-createTestSubscribers-cancel_on_SOAP_error-0-FAILED.txt
D         robot_testsuites/experimental/matko.sanseovic/standard_regression_testsuite/HighLevelOps-createTestSubscribers-getSubscriberProfileByImsi-0-FAILED.txt
A         robot_testsuites/experimental/matko.sanseovic/basic/PrePaid
A         robot_testsuites/experimental/matko.sanseovic/basic/PrePaid/suite-global-keyword-resource.txt
A         robot_testsuites/experimental/matko.sanseovic/basic/PrePaid/MOC
A         robot_testsuites/experimental/matko.sanseovic/basic/PrePaid/MOC/OnNet
A         robot_testsuites/experimental/matko.sanseovic/basic/PrePaid/MOC/OnNet/MOC_PREPAID_ONNET-ToUnknown
A         robot_testsuites/experimental/matko.sanseovic/basic/PrePaid/MOC/OnNet/MOC_PREPAID_ONNET-ToUnknown/log
A         robot_testsuites/experimental/matko.sanseovic/basic/PrePaid/MOC/OnNet/MOC_PREPAID_ONNET-ToUnknown/log/output.xml
A         robot_testsuites/experimental/matko.sanseovic/basic/PrePaid/MOC/OnNet/MOC_PREPAID_ONNET-ToUnknown/log/log.html
A         robot_testsuites/experimental/matko.sanseovic/basic/PrePaid/MOC/OnNet/MOC_PREPAID_ONNET-ToUnknown/log/report.html
A         robot_testsuites/experimental/matko.sanseovic/basic/PrePaid/MOC/OnNet/MOC_PREPAID_ONNET-ToUnknown/run-MOC-ToUnknown-robot-suite.sh
A         robot_testsuites/experimental/matko.sanseovic/basic/PrePaid/MOC/OnNet/MOC_PREPAID_ONNET-ToUnknown/MOC_PREPAID_ONNET-ToUnknown-robot-suite.txt
A         robot_testsuites/experimental/matko.sanseovic/basic/PrePaid/MOC/OnNet/MOC_PREPAID_ONNET-ShortDuration
A         robot_testsuites/experimental/matko.sanseovic/basic/PrePaid/MOC/OnNet/MOC_PREPAID_ONNET-ShortDuration/MOC_PREPAID_ONNET-ShortDuration-robot-suite.txt
A         robot_testsuites/experimental/matko.sanseovic/basic/PrePaid/MOC/OnNet/MOC_PREPAID_ONNET-ShortDuration/run-MOC-short-robot-suite.sh
A         robot_testsuites/experimental/matko.sanseovic/basic/PrePaid/MOC/OnNet/MOC_PREPAID_ONNET-ShortDuration/log
A         robot_testsuites/experimental/matko.sanseovic/basic/PrePaid/MOC/OnNet/MOC_PREPAID_ONNET-ShortDuration/log/output.xml
A         robot_testsuites/experimental/matko.sanseovic/basic/PrePaid/MOC/OnNet/MOC_PREPAID_ONNET-ShortDuration/log/log.html
A         robot_testsuites/experimental/matko.sanseovic/basic/PrePaid/MOC/OnNet/MOC_PREPAID_ONNET-ShortDuration/log/report.html
A         robot_testsuites/experimental/matko.sanseovic/basic/PrePaid/MOC/OnNet/MOC_PREPAID_ONNET-LongDuration
A         robot_testsuites/experimental/matko.sanseovic/basic/PrePaid/MOC/OnNet/MOC_PREPAID_ONNET-LongDuration/run-MOC-long-robot-suite.sh
A         robot_testsuites/experimental/matko.sanseovic/basic/PrePaid/MOC/OnNet/MOC_PREPAID_ONNET-LongDuration/MOC_PREPAID_ONNET-LongDuration-robot-suite.txt
A         robot_testsuites/experimental/matko.sanseovic/basic/PrePaid/MOC/OnNet/MOC_PREPAID_ONNET-LongDuration/log
A         robot_testsuites/experimental/matko.sanseovic/basic/PrePaid/MOC/OnNet/MOC_PREPAID_ONNET-LongDuration/log/output.xml
A         robot_testsuites/experimental/matko.sanseovic/basic/PrePaid/MOC/OnNet/MOC_PREPAID_ONNET-LongDuration/log/log.html
A         robot_testsuites/experimental/matko.sanseovic/basic/PrePaid/MOC/OnNet/MOC_PREPAID_ONNET-LongDuration/log/report.html
A         robot_testsuites/experimental/matko.sanseovic/basic/PrePaid/MOC/OnNet/MOC_PREPAID_ONNET-NoCredit
A         robot_testsuites/experimental/matko.sanseovic/basic/PrePaid/MOC/OnNet/MOC_PREPAID_ONNET-NoCredit/MOC_PREPAID_ONNET-NoCredit-robot-suite.txt
A         robot_testsuites/experimental/matko.sanseovic/basic/PrePaid/MOC/OnNet/MOC_PREPAID_ONNET-NoCredit/run-MOC-NoCredit-robot-suite.sh
Sending        robot_testsuites/experimental/hew/vitality-checking/vitality-checking-resource.txt
Deleting       robot_testsuites/experimental/matko.sanseovic/basic/MOC
