[2016-01-27T00:27:13,951][INFO ][Camel (ticket-router) thread #82 - JmsConsumer[inew-cs.crce.cdr]][PartitionedTicketRoute                            ][ 176] Received ticket [ticket=55555555|101|ssssss|1||CDR|crce01.tb13|2015-02-23T09:37:42.312+0000|2015-02-23T09:37:06.000+0000|DATA_NOK771376826XdrComponentTest|1|1|27800|642041999740|PREPAID|ACTIVE||0|NONE|OK||1.0|FinalCommit|BasicSession|1|530992041999740|642041999740|false||||Data|XdrComponentTest.cl|1||GPRS|false|||2015-02-23T09:37:06.000+0000|0|35509|10240|20481|20481|815390348|false||15734488|101026|25600|25600|MB|74754400|PREPAID|OK||]
[2016-01-27T00:27:13,956][ERROR][Camel (ticket-router) thread #82 - JmsConsumer[inew-cs.crce.cdr]][PartitionedTicketRoute                            ][ 173] An unknown exception occurred:
org.beanio.InvalidRecordException: Invalid 'callChargeTicket' record at line 1
 ==> Invalid 'chargeAmount':  Type conversion error: Invalid Long value 'MB'
 ==> Invalid 'transparentData':  Expected minimum 1 occurrences
 ==> Invalid 'accountType':  Type conversion error: Invalid AccountType enum value 'OK'
 ==> Invalid 'accountClosingBalance':  Type conversion error: Invalid Long value 'PREPAID'
 ==> Invalid 'additionalRatingInformation':  Expected minimum 1 occurrences
	at org.beanio.internal.parser.UnmarshallingContext.validate(UnmarshallingContext.java:196)
	at org.beanio.internal.parser.BeanReaderImpl.internalRead(BeanReaderImpl.java:111)
	at org.beanio.internal.parser.BeanReaderImpl.read(BeanReaderImpl.java:67)
	at com.inew.xdr.api.format.XdrCsvMarshaller.unmarshall(XdrCsvMarshaller.java:90)
	at sun.reflect.GeneratedMethodAccessor120.invoke(Unknown Source)
	at sun.reflect.DelegatingMethodAccessorImpl.invoke(DelegatingMethodAccessorImpl.java:43)
	at java.lang.reflect.Method.invoke(Method.java:606)
	at org.apache.camel.component.bean.MethodInfo.invoke(MethodInfo.java:408)
	at org.apache.camel.component.bean.MethodInfo$1.doProceed(MethodInfo.java:279)
	at org.apache.camel.component.bean.MethodInfo$1.proceed(MethodInfo.java:252)
	at org.apache.camel.component.bean.BeanProcessor.process(BeanProcessor.java:167)
	at org.apache.camel.management.InstrumentationProcessor.process(InstrumentationProcessor.java:72)
	at org.apache.camel.processor.RedeliveryErrorHandler.process(RedeliveryErrorHandler.java:398)
	at org.apache.camel.processor.CamelInternalProcessor.process(CamelInternalProcessor.java:191)
	at org.apache.camel.processor.Pipeline.process(Pipeline.java:118)
	at org.apache.camel.processor.Pipeline.process(Pipeline.java:80)
	at org.apache.camel.processor.CamelInternalProcessor.process(CamelInternalProcessor.java:191)
	at org.apache.camel.component.direct.DirectProducer.process(DirectProducer.java:51)
	at org.apache.camel.processor.SendProcessor.process(SendProcessor.java:120)
	at org.apache.camel.management.InstrumentationProcessor.process(InstrumentationProcessor.java:72)
	at org.apache.camel.processor.CamelInternalProcessor.process(CamelInternalProcessor.java:191)
	at org.apache.camel.processor.RedeliveryErrorHandler.process(RedeliveryErrorHandler.java:398)
	at org.apache.camel.processor.CamelInternalProcessor.process(CamelInternalProcessor.java:191)
	at org.apache.camel.processor.MulticastProcessor.doProcessSequential(MulticastProcessor.java:589)
	at org.apache.camel.processor.MulticastProcessor.doProcessSequential(MulticastProcessor.java:517)
	at org.apache.camel.processor.MulticastProcessor.process(MulticastProcessor.java:226)
	at org.apache.camel.management.InstrumentationProcessor.process(InstrumentationProcessor.java:72)
	at org.apache.camel.processor.CamelInternalProcessor.process(CamelInternalProcessor.java:191)
	at org.apache.camel.processor.Pipeline.process(Pipeline.java:118)
	at org.apache.camel.processor.Pipeline.process(Pipeline.java:80)
	at org.apache.camel.processor.CamelInternalProcessor.process(CamelInternalProcessor.java:191)
	at org.apache.camel.util.AsyncProcessorHelper.process(AsyncProcessorHelper.java:105)
	at org.apache.camel.processor.DelegateAsyncProcessor.process(DelegateAsyncProcessor.java:87)
	at org.apache.camel.component.jms.EndpointMessageListener.onMessage(EndpointMessageListener.java:103)
	at org.springframework.jms.listener.AbstractMessageListenerContainer.doInvokeListener(AbstractMessageListenerContainer.java:685)
	at org.springframework.jms.listener.AbstractMessageListenerContainer.invokeListener(AbstractMessageListenerContainer.java:623)
	at org.springframework.jms.listener.AbstractMessageListenerContainer.doExecuteListener(AbstractMessageListenerContainer.java:591)
	at org.springframework.jms.listener.AbstractPollingMessageListenerContainer.doReceiveAndExecute(AbstractPollingMessageListenerContainer.java:308)
	at org.springframework.jms.listener.AbstractPollingMessageListenerContainer.receiveAndExecute(AbstractPollingMessageListenerContainer.java:246)
	at org.springframework.jms.listener.DefaultMessageListenerContainer$AsyncMessageListenerInvoker.invokeListener(DefaultMessageListenerContainer.java:1142)
	at org.springframework.jms.listener.DefaultMessageListenerContainer$AsyncMessageListenerInvoker.executeOngoingLoop(DefaultMessageListenerContainer.java:1134)
	at org.springframework.jms.listener.DefaultMessageListenerContainer$AsyncMessageListenerInvoker.run(DefaultMessageListenerContainer.java:1031)
	at java.util.concurrent.ThreadPoolExecutor.runWorker(ThreadPoolExecutor.java:1145)
	at java.util.concurrent.ThreadPoolExecutor$Worker.run(ThreadPoolExecutor.java:615)
	at java.lang.Thread.run(Thread.java:745)