[2016-02-02 00:33:09,659][INFO ][ActiveMQ Session Task-160][XDRConsumerImpl                                   ][ 194] ------ start consuming from queue://inew-cs.crce.cdr -------
[2016-02-02 00:33:09,659][INFO ][ActiveMQ Session Task-160][HealthMonitor                                     ][ 115] it is time for next active db check.
[2016-02-02 00:33:09,660][INFO ][ActiveMQ Session Task-160][XDRConsumerImpl                                   ][ 308] --------- start processing record ---------
[2016-02-02 00:33:09,660][INFO ][ActiveMQ Session Task-160][XDRConsumerImpl                                   ][ 309] 1.4|101|true|1|CRCE|CDR|crce01.xxxx|2015-02-23T09:36:19.022+0000|2015-02-22T15:00:50.025+0000|SMS123456XdrComponentTest|1|1|74456|573190001000|PREPAID|ACTIVE||0|NONE|OK||1.0|Charge|BasicEvent|732123710001000|573190001000|false|573190001001|(network) XdrComponentTest|Local (on-net)|ShortMessage|||||false|573190|(network) XdrComponentTest|2015-02-22T15:00:25.025+0000|0|0|0|1|120|1|false|101026|15730641|0|0|Pesos|10000000|PREPAID|OK||
[2016-02-02 00:33:09,660][INFO ][pool-1-thread-1][HealthMonitor                                     ][ 167] performing db health check . . .
[2016-02-02 00:33:09,661][INFO ][pool-1-thread-1][HealthMonitor                                     ][ 175] connection is valid.
[2016-02-02 00:33:09,665][INFO ][ActiveMQ Session Task-160][XDRInserterImpl                                   ][  65] jdbc returns successful with result 0. (could be triggered insert)
[2016-02-02 00:33:09,666][INFO ][ActiveMQ Session Task-160][CrceCdrRVMNotificationXDRHandlerImpl              ][  72] ---> sent to revmon: [trafficType=SMSMO, category=null, currency=[currencyId=1, relation=100, currencyName=Pesos, unitName=centavos], revenue=0, RvmEvent=[sessionCreationTimestamp=1424617250025, sessionId=SMS123456XdrComponentTest]]
[2016-02-02 00:33:09,666][ERROR][pool-7-thread-1][RVMJBRPooledNotificationTransportHandlerImpl      ][  75] Error on JBR Transporter: 
java.lang.IndexOutOfBoundsException: Index: 0, Size: 0
	at java.util.ArrayList.rangeCheck(ArrayList.java:635)
	at java.util.ArrayList.get(ArrayList.java:411)
	at com.inewcs.remoting.balancers.FairPlayBalancer.selectLocator(Unknown Source)
	at com.inewcs.remoting.ClusteredTransporterClient.invoke(Unknown Source)
	at com.sun.proxy.$Proxy10.send(Unknown Source)
	at com.inewcs.mvno.xdr.handler.notification.rvm.RVMJBRPooledNotificationTransportHandlerImpl$RvmTask.run(RVMJBRPooledNotificationTransportHandlerImpl.java:65)
	at java.util.concurrent.ThreadPoolExecutor.runWorker(ThreadPoolExecutor.java:1145)
	at java.util.concurrent.ThreadPoolExecutor$Worker.run(ThreadPoolExecutor.java:615)
	at java.lang.Thread.run(Thread.java:744)
[2016-02-02 00:33:09,666][INFO ][ActiveMQ Session Task-160][LcmVoiceTrafficNotificationXDRHandlerImpl         ][ 100] LCM Call Notification enabled but not applicable.
[2016-02-02 00:33:09,666][INFO ][ActiveMQ Session Task-160][XDRConsumerImpl                                   ][ 313] -------- xdr processed successfully --------
[2016-02-02 00:33:09,667][INFO ][ActiveMQ Session Task-160][XDRConsumerImpl                                   ][ 211] ------ finished consuming from queue://inew-cs.crce.cdr -------
[2016-02-02 00:33:10,139][WARN ][Timer-50       ][AbstractXDRFileHandler                            ][ 165] FILE CLOSED::CRCE_CDR_20160202003140.csv.tmp
[2016-02-02 00:33:10,139][INFO ][Timer-50       ][AbstractXDRFileHandler                            ][ 210] deleted zero size file: CRCE_CDR_20160202003140.csv.tmp
[2016-02-02 00:33:10,139][WARN ][Timer-50       ][AbstractXDRFileHandler                            ][ 178] File Writer closed!
[2016-02-02 00:33:10,139][WARN ][Timer-50       ][AbstractXDRFileHandler                            ][  98] CREATING NEW FILE ...
[2016-02-02 00:33:10,139][INFO ][Timer-50       ][AbstractXDRFileHandler                            ][ 110] creationTime: 2016-02-02 00:33:10
[2016-02-02 00:33:10,140][WARN ][Timer-50       ][AbstractXDRFileHandler                            ][ 118] NEW FILE CREATED::/var/opt/inew/xdr/common/etl_export/crce_cdr/CRCE_CDR_20160202003310.csv.tmp
[2016-02-02 00:33:10,140][INFO ][Timer-50       ][AbstractXDRFileHandler                            ][ 126] expirationTime: 2016-02-02 00:34:10
[2016-02-02 00:33:10,140][INFO ][Timer-50       ][AbstractXDRFileHandler                            ][  78] --- started file handler ---
[2016-02-02 00:33:10,140][INFO ][Timer-50       ][XDRBackgroundFileWriter                           ][ 115] flushed 2 records to file CRCE_CDR_20160202003310.csv.tmp
[2016-02-02 00:33:10,565][WARN ][Timer-62       ][AbstractXDRFileHandler                            ][ 165] FILE CLOSED::CRCE_SIMSWAP_20160202003110.csv.tmp
[2016-02-02 00:33:10,566][INFO ][Timer-62       ][AbstractXDRFileHandler                            ][ 210] deleted zero size file: CRCE_SIMSWAP_20160202003110.csv.tmp
[2016-02-02 00:33:10,566][WARN ][Timer-62       ][AbstractXDRFileHandler                            ][ 178] File Writer closed!
[2016-02-02 00:33:10,566][WARN ][Timer-62       ][AbstractXDRFileHandler                            ][  98] CREATING NEW FILE ...
[2016-02-02 00:33:10,566][INFO ][Timer-62       ][AbstractXDRFileHandler                            ][ 110] creationTime: 2016-02-02 00:33:10
[2016-02-02 00:33:10,567][WARN ][Timer-62       ][AbstractXDRFileHandler                            ][ 118] NEW FILE CREATED::/var/opt/inew/xdr/common/etl_export/crce_simswap/CRCE_SIMSWAP_20160202003310.csv.tmp
[2016-02-02 00:33:10,567][INFO ][Timer-62       ][AbstractXDRFileHandler                            ][ 126] expirationTime: 2016-02-02 00:34:10
[2016-02-02 00:33:10,567][INFO ][Timer-62       ][AbstractXDRFileHandler                            ][  78] --- started file handler ---