[2016-01-26 00:33:02,287][INFO ][ActiveMQ Session Task-145][XDRInserterImpl                                   ][  65] jdbc returns successful with result 0. (could be triggered insert)
[2016-01-26 00:33:02,287][INFO ][ActiveMQ Session Task-145][CrceCdrRVMNotificationXDRHandlerImpl              ][  72] ---> sent to revmon: [trafficType=MOC, category=null, currency=[currencyId=1, relation=100, currencyName=Pesos, unitName=centavos], revenue=0, RvmEvent=[sessionCreationTimestamp=1424592772000, sessionId=MOC123456XdrComponentTest]]
[2016-01-26 00:33:02,288][ERROR][pool-7-thread-3][RVMJBRPooledNotificationTransportHandlerImpl      ][  75] Error on JBR Transporter: 
java.lang.IndexOutOfBoundsException: Index: 0, Size: 0
	at java.util.ArrayList.rangeCheck(ArrayList.java:635)
	at java.util.ArrayList.get(ArrayList.java:411)
	at com.inewcs.remoting.balancers.FairPlayBalancer.selectLocator(Unknown Source)
	at com.inewcs.remoting.ClusteredTransporterClient.invoke(Unknown Source)
	at com.sun.proxy.$Proxy10.send(Unknown Source)
	at com.inewcs.mvno.xdr.handler.notification.rvm.RVMJBRPooledNotificationTransportHandlerImpl$RvmTask.run(RVMJBRPooledNotificationTransportHandlerImpl.java:65)
	at java.util.concurrent.ThreadPoolExecutor.runWorker(ThreadPoolExecutor.java:1145)
	at java.util.concurrent.ThreadPoolExecutor$Worker.run(ThreadPoolExecutor.java:615)
	at java.lang.Thread.run(Thread.java:744)
[2016-01-26 00:33:02,288][ERROR][ActiveMQ Session Task-145][AbstractNotificationHandler                       ][ 124] Notification skipped - maxWaitTime reached.
[2016-01-26 00:33:02,292][INFO ][ActiveMQ Session Task-145][LcmVoiceTrafficNotificationXDRHandlerImpl         ][ 100] LCM Call Notification enabled but not applicable.
[2016-01-26 00:33:02,292][INFO ][ActiveMQ Session Task-145][XDRConsumerImpl                                   ][ 313] -------- xdr processed successfully --------
[2016-01-26 00:33:02,292][INFO ][ActiveMQ Session Task-145][XDRConsumerImpl                                   ][ 211] ------ finished consuming from queue://inew-cs.crce.cdr -------
[2016-01-26 00:33:06,034][WARN ][Timer-50       ][AbstractXDRFileHandler                            ][ 165] FILE CLOSED::CRCE_CDR_20160126003136.csv.tmp
[2016-01-26 00:33:06,034][INFO ][Timer-50       ][AbstractXDRFileHandler                            ][ 199] file renamed from: CRCE_CDR_20160126003136.csv.tmp to: CRCE_CDR_20160126003136.csv
[2016-01-26 00:33:06,034][WARN ][Timer-50       ][AbstractXDRFileHandler                            ][ 178] File Writer closed!
[2016-01-26 00:33:06,035][WARN ][Timer-50       ][AbstractXDRFileHandler                            ][  98] CREATING NEW FILE ...
[2016-01-26 00:33:06,035][INFO ][Timer-50       ][AbstractXDRFileHandler                            ][ 110] creationTime: 2016-01-26 00:33:06
[2016-01-26 00:33:06,035][WARN ][Timer-50       ][AbstractXDRFileHandler                            ][ 118] NEW FILE CREATED::/var/opt/inew/xdr/common/etl_export/crce_cdr/CRCE_CDR_20160126003306.csv.tmp
[2016-01-26 00:33:06,035][INFO ][Timer-50       ][AbstractXDRFileHandler                            ][ 126] expirationTime: 2016-01-26 00:34:06
[2016-01-26 00:33:06,035][INFO ][Timer-50       ][AbstractXDRFileHandler                            ][  78] --- started file handler ---
[2016-01-26 00:33:06,036][INFO ][Timer-50       ][XDRBackgroundFileWriter                           ][ 115] flushed 1 records to file CRCE_CDR_20160126003306.csv.tmp
[2016-01-26 00:33:08,406][WARN ][Timer-62       ][AbstractXDRFileHandler                            ][ 165] FILE CLOSED::CRCE_SIMSWAP_20160126003108.csv.tmp
[2016-01-26 00:33:08,407][INFO ][Timer-62       ][AbstractXDRFileHandler                            ][ 210] deleted zero size file: CRCE_SIMSWAP_20160126003108.csv.tmp
[2016-01-26 00:33:08,407][WARN ][Timer-62       ][AbstractXDRFileHandler                            ][ 178] File Writer closed!
[2016-01-26 00:33:08,407][WARN ][Timer-62       ][AbstractXDRFileHandler                            ][  98] CREATING NEW FILE ...
[2016-01-26 00:33:08,407][INFO ][Timer-62       ][AbstractXDRFileHandler                            ][ 110] creationTime: 2016-01-26 00:33:08
[2016-01-26 00:33:08,408][WARN ][Timer-62       ][AbstractXDRFileHandler                            ][ 118] NEW FILE CREATED::/var/opt/inew/xdr/common/etl_export/crce_simswap/CRCE_SIMSWAP_20160126003308.csv.tmp
[2016-01-26 00:33:08,408][INFO ][Timer-62       ][AbstractXDRFileHandler                            ][ 126] expirationTime: 2016-01-26 00:34:08
[2016-01-26 00:33:08,408][INFO ][Timer-62       ][AbstractXDRFileHandler                            ][  78] --- started file handler ---