[2016-01-26 00:33:13,139][INFO ][ActiveMQ Session Task-146][XDRInserterImpl                                   ][  65] jdbc returns successful with result 0. (could be triggered insert)
[2016-01-26 00:33:13,140][INFO ][ActiveMQ Session Task-146][CrceCdrRVMNotificationXDRHandlerImpl              ][  72] ---> sent to revmon: [trafficType=SMSMO, category=null, currency=[currencyId=1, relation=100, currencyName=Pesos, unitName=centavos], revenue=0, RvmEvent=[sessionCreationTimestamp=1424617250025, sessionId=SMS123456XdrComponentTest]]
[2016-01-26 00:33:13,140][ERROR][pool-7-thread-1][RVMJBRPooledNotificationTransportHandlerImpl      ][  75] Error on JBR Transporter: 
java.lang.IndexOutOfBoundsException: Index: 0, Size: 0
	at java.util.ArrayList.rangeCheck(ArrayList.java:635)
	at java.util.ArrayList.get(ArrayList.java:411)
	at com.inewcs.remoting.balancers.FairPlayBalancer.selectLocator(Unknown Source)
	at com.inewcs.remoting.ClusteredTransporterClient.invoke(Unknown Source)
	at com.sun.proxy.$Proxy10.send(Unknown Source)
	at com.inewcs.mvno.xdr.handler.notification.rvm.RVMJBRPooledNotificationTransportHandlerImpl$RvmTask.run(RVMJBRPooledNotificationTransportHandlerImpl.java:65)
	at java.util.concurrent.ThreadPoolExecutor.runWorker(ThreadPoolExecutor.java:1145)
	at java.util.concurrent.ThreadPoolExecutor$Worker.run(ThreadPoolExecutor.java:615)
	at java.lang.Thread.run(Thread.java:744)
[2016-01-26 00:33:13,140][INFO ][ActiveMQ Session Task-146][LcmVoiceTrafficNotificationXDRHandlerImpl         ][ 100] LCM Call Notification enabled but not applicable.
[2016-01-26 00:33:13,140][INFO ][ActiveMQ Session Task-146][XDRConsumerImpl                                   ][ 313] -------- xdr processed successfully --------
[2016-01-26 00:33:13,140][INFO ][ActiveMQ Session Task-146][XDRConsumerImpl                                   ][ 211] ------ finished consuming from queue://inew-cs.crce.cdr -------
[2016-01-26 00:33:17,379][WARN ][Timer-59       ][AbstractXDRFileHandler                            ][ 165] FILE CLOSED::CRCE_RECHARGE_20160126003147.csv.tmp
[2016-01-26 00:33:17,380][INFO ][Timer-59       ][AbstractXDRFileHandler                            ][ 199] file renamed from: CRCE_RECHARGE_20160126003147.csv.tmp to: CRCE_RECHARGE_20160126003147.csv
[2016-01-26 00:33:17,380][WARN ][Timer-59       ][AbstractXDRFileHandler                            ][ 178] File Writer closed!
[2016-01-26 00:33:17,380][WARN ][Timer-59       ][AbstractXDRFileHandler                            ][  98] CREATING NEW FILE ...
[2016-01-26 00:33:17,380][INFO ][Timer-59       ][AbstractXDRFileHandler                            ][ 110] creationTime: 2016-01-26 00:33:17
[2016-01-26 00:33:17,381][WARN ][Timer-59       ][AbstractXDRFileHandler                            ][ 118] NEW FILE CREATED::/var/opt/inew/xdr/common/etl_export/crce_recharge/CRCE_RECHARGE_20160126003317.csv.tmp
[2016-01-26 00:33:17,381][INFO ][Timer-59       ][AbstractXDRFileHandler                            ][ 126] expirationTime: 2016-01-26 00:34:17
[2016-01-26 00:33:17,381][INFO ][Timer-59       ][AbstractXDRFileHandler                            ][  78] --- started file handler ---