[2016-02-02 00:42:20,300][INFO ][Camel (ticket-router) thread #44 - JmsConsumer[inew-cs.crce.cdr]][PartitionedTicketRoute                            ][  96] Received ticket [ticket=6.1|160|true|16|CRCE|SIM_SWAP|crce013|2015-02-23T12:42:43.815+0000|2015-02-23T12:42:43.814+0000|swapSIMchangeMsisdn@crce01567123XdrComponentTest|1|1|155420|573190004020|PREPAID|INSTALLED||1|NONE|OK||1.0|changeMsisdn|CRM|1|732123710004017|732123710004017|573190004017||OK|]
[2016-02-02 00:42:20,328][ERROR][ActiveMQ Task-1][FailoverTransport                                 ][1064] Failed to connect to [tcp://amq-xdr-bus01-prod:61636?keepAlive=true] after: 1 attempt(s)
[2016-02-02 00:42:20,331][ERROR][Camel (ticket-router) thread #44 - JmsConsumer[inew-cs.crce.cdr]][PartitionedTicketRoute                            ][ 145] An unknown exception occurred:
org.springframework.jms.IllegalStateException: javax.jms.JMSException: Connection refused; nested exception is javax.jms.IllegalStateException: javax.jms.JMSException: Connection refused
	at org.springframework.jms.support.JmsUtils.convertJmsAccessException(JmsUtils.java:279)
	at org.springframework.jms.support.JmsAccessor.convertJmsAccessException(JmsAccessor.java:169)
	at org.springframework.jms.core.JmsTemplate.execute(JmsTemplate.java:496)
	at org.apache.camel.component.jms.JmsConfiguration$CamelJmsTemplate.send(JmsConfiguration.java:228)
	at org.apache.camel.component.jms.JmsProducer.doSend(JmsProducer.java:431)
	at org.apache.camel.component.jms.JmsProducer.processInOnly(JmsProducer.java:385)
	at org.apache.camel.component.jms.JmsProducer.process(JmsProducer.java:153)
	at org.apache.camel.processor.SendProcessor.process(SendProcessor.java:120)
	at org.apache.camel.management.InstrumentationProcessor.process(InstrumentationProcessor.java:72)
	at org.apache.camel.processor.RedeliveryErrorHandler.process(RedeliveryErrorHandler.java:398)
	at org.apache.camel.processor.CamelInternalProcessor.process(CamelInternalProcessor.java:191)
	at org.apache.camel.processor.Pipeline.process(Pipeline.java:118)
	at org.apache.camel.processor.Pipeline.process(Pipeline.java:80)
	at org.apache.camel.processor.CamelInternalProcessor.process(CamelInternalProcessor.java:191)
	at org.apache.camel.component.direct.DirectProducer.process(DirectProducer.java:51)
	at org.apache.camel.processor.SendProcessor.process(SendProcessor.java:120)
	at org.apache.camel.management.InstrumentationProcessor.process(InstrumentationProcessor.java:72)
	at org.apache.camel.processor.CamelInternalProcessor.process(CamelInternalProcessor.java:191)
	at org.apache.camel.processor.RedeliveryErrorHandler.process(RedeliveryErrorHandler.java:398)
	at org.apache.camel.processor.CamelInternalProcessor.process(CamelInternalProcessor.java:191)
	at org.apache.camel.processor.MulticastProcessor.doProcessSequential(MulticastProcessor.java:589)
	at org.apache.camel.processor.MulticastProcessor.doProcessSequential(MulticastProcessor.java:517)
	at org.apache.camel.processor.MulticastProcessor.process(MulticastProcessor.java:226)
	at org.apache.camel.management.InstrumentationProcessor.process(InstrumentationProcessor.java:72)
	at org.apache.camel.processor.CamelInternalProcessor.process(CamelInternalProcessor.java:191)
	at org.apache.camel.processor.Pipeline.process(Pipeline.java:118)
	at org.apache.camel.processor.Pipeline.process(Pipeline.java:80)
	at org.apache.camel.processor.CamelInternalProcessor.process(CamelInternalProcessor.java:191)
	at org.apache.camel.util.AsyncProcessorHelper.process(AsyncProcessorHelper.java:105)
	at org.apache.camel.processor.DelegateAsyncProcessor.process(DelegateAsyncProcessor.java:87)
	at org.apache.camel.component.jms.EndpointMessageListener.onMessage(EndpointMessageListener.java:103)
	at org.springframework.jms.listener.AbstractMessageListenerContainer.doInvokeListener(AbstractMessageListenerContainer.java:685)
	at org.springframework.jms.listener.AbstractMessageListenerContainer.invokeListener(AbstractMessageListenerContainer.java:623)
	at org.springframework.jms.listener.AbstractMessageListenerContainer.doExecuteListener(AbstractMessageListenerContainer.java:591)
	at org.springframework.jms.listener.AbstractPollingMessageListenerContainer.doReceiveAndExecute(AbstractPollingMessageListenerContainer.java:308)
	at org.springframework.jms.listener.AbstractPollingMessageListenerContainer.receiveAndExecute(AbstractPollingMessageListenerContainer.java:246)
	at org.springframework.jms.listener.DefaultMessageListenerContainer$AsyncMessageListenerInvoker.invokeListener(DefaultMessageListenerContainer.java:1142)
	at org.springframework.jms.listener.DefaultMessageListenerContainer$AsyncMessageListenerInvoker.executeOngoingLoop(DefaultMessageListenerContainer.java:1134)
	at org.springframework.jms.listener.DefaultMessageListenerContainer$AsyncMessageListenerInvoker.run(DefaultMessageListenerContainer.java:1031)
	at java.util.concurrent.ThreadPoolExecutor.runWorker(ThreadPoolExecutor.java:1110)
	at java.util.concurrent.ThreadPoolExecutor$Worker.run(ThreadPoolExecutor.java:603)
	at java.lang.Thread.run(Thread.java:722)
Caused by: javax.jms.IllegalStateException: javax.jms.JMSException: Connection refused
	at org.apache.activemq.jms.pool.ConnectionPool.createSession(ConnectionPool.java:135)
	at org.apache.activemq.jms.pool.PooledConnection.createSession(PooledConnection.java:167)
	at org.springframework.jms.support.JmsAccessor.createSession(JmsAccessor.java:192)
	at org.springframework.jms.core.JmsTemplate.execute(JmsTemplate.java:484)
	... 39 more
Caused by: javax.jms.JMSException: Connection refused
	at org.apache.activemq.util.JMSExceptionSupport.create(JMSExceptionSupport.java:62)
	at org.apache.activemq.ActiveMQConnection.syncSendPacket(ActiveMQConnection.java:1395)
	at org.apache.activemq.ActiveMQConnection.ensureConnectionInfoSent(ActiveMQConnection.java:1481)
	at org.apache.activemq.ActiveMQConnection.createSession(ActiveMQConnection.java:323)
	at org.apache.activemq.jms.pool.ConnectionPool.makeSession(ConnectionPool.java:104)
	at org.apache.activemq.jms.pool.ConnectionPool$1.makeObject(ConnectionPool.java:81)
	at org.apache.activemq.jms.pool.ConnectionPool$1.makeObject(ConnectionPool.java:66)
	at org.apache.commons.pool.impl.GenericKeyedObjectPool.borrowObject(GenericKeyedObjectPool.java:1220)
	at org.apache.activemq.jms.pool.ConnectionPool.createSession(ConnectionPool.java:133)
	... 42 more
Caused by: java.net.ConnectException: Connection refused
	at java.net.PlainSocketImpl.socketConnect(Native Method)
	at java.net.AbstractPlainSocketImpl.doConnect(AbstractPlainSocketImpl.java:339)
	at java.net.AbstractPlainSocketImpl.connectToAddress(AbstractPlainSocketImpl.java:200)
	at java.net.AbstractPlainSocketImpl.connect(AbstractPlainSocketImpl.java:182)
	at java.net.SocksSocketImpl.connect(SocksSocketImpl.java:391)
	at java.net.Socket.connect(Socket.java:579)
	at org.apache.activemq.transport.tcp.TcpTransport.connect(TcpTransport.java:504)
	at org.apache.activemq.transport.tcp.TcpTransport.doStart(TcpTransport.java:467)
	at org.apache.activemq.util.ServiceSupport.start(ServiceSupport.java:55)
	at org.apache.activemq.transport.AbstractInactivityMonitor.start(AbstractInactivityMonitor.java:132)
	at org.apache.activemq.transport.TransportFilter.start(TransportFilter.java:58)
	at org.apache.activemq.transport.WireFormatNegotiator.start(WireFormatNegotiator.java:72)
	at org.apache.activemq.transport.failover.FailoverTransport.doReconnect(FailoverTransport.java:993)
	at org.apache.activemq.transport.failover.FailoverTransport$2.iterate(FailoverTransport.java:143)
	at org.apache.activemq.thread.PooledTaskRunner.runTask(PooledTaskRunner.java:129)
	at org.apache.activemq.thread.PooledTaskRunner$1.run(PooledTaskRunner.java:47)
	... 3 more

[2016-02-02 00:42:20,333][INFO ][Camel (ticket-router) thread #44 - JmsConsumer[inew-cs.crce.cdr]][PartitionedTicketRoute                            ][ 426] Ticket successfully routed [ticket=6.1|160|true|16|CRCE|SIM_SWAP|crce013|2015-02-23T12:42:43.815+0000|2015-02-23T12:42:43.814+0000|swapSIMchangeMsisdn@crce01567123XdrComponentTest|1|1|155420|573190004020|PREPAID|INSTALLED||1|NONE|OK||1.0|changeMsisdn|CRM|1|732123710004017|732123710004017|573190004017||OK|, time=14ms]