[2016-02-01 00:33:45,566][INFO ][ActiveMQ Session Task-158][XDRInserterImpl                                   ][  65] jdbc returns successful with result 0. (could be triggered insert)
[2016-02-01 00:33:45,567][INFO ][ActiveMQ Session Task-158][CrceCdrRVMNotificationXDRHandlerImpl              ][  72] ---> sent to revmon: [trafficType=SMSMO, category=null, currency=[currencyId=1, relation=100, currencyName=Pesos, unitName=centavos], revenue=0, RvmEvent=[sessionCreationTimestamp=1424617250025, sessionId=SMS123456XdrComponentTest]]
[2016-02-01 00:33:45,567][INFO ][ActiveMQ Session Task-158][LcmVoiceTrafficNotificationXDRHandlerImpl         ][ 100] LCM Call Notification enabled but not applicable.
[2016-02-01 00:33:45,567][INFO ][ActiveMQ Session Task-158][XDRConsumerImpl                                   ][ 313] -------- xdr processed successfully --------
[2016-02-01 00:33:45,567][INFO ][ActiveMQ Session Task-158][XDRConsumerImpl                                   ][ 211] ------ finished consuming from queue://inew-cs.crce.cdr -------
[2016-02-01 00:33:45,567][ERROR][pool-7-thread-1][RVMJBRPooledNotificationTransportHandlerImpl      ][  75] Error on JBR Transporter: 
java.lang.IndexOutOfBoundsException: Index: 0, Size: 0
	at java.util.ArrayList.rangeCheck(ArrayList.java:635)
	at java.util.ArrayList.get(ArrayList.java:411)
	at com.inewcs.remoting.balancers.FairPlayBalancer.selectLocator(Unknown Source)
	at com.inewcs.remoting.ClusteredTransporterClient.invoke(Unknown Source)
	at com.sun.proxy.$Proxy10.send(Unknown Source)
	at com.inewcs.mvno.xdr.handler.notification.rvm.RVMJBRPooledNotificationTransportHandlerImpl$RvmTask.run(RVMJBRPooledNotificationTransportHandlerImpl.java:65)
	at java.util.concurrent.ThreadPoolExecutor.runWorker(ThreadPoolExecutor.java:1145)
	at java.util.concurrent.ThreadPoolExecutor$Worker.run(ThreadPoolExecutor.java:615)
	at java.lang.Thread.run(Thread.java:744)
[2016-02-01 00:33:47,798][INFO ][Timer-49       ][XDRBackgroundFileWriter                           ][ 115] flushed 2 records to file CRCE_CDR_20160131131247.csv.tmp
[2016-02-01 00:33:50,216][WARN ][Timer-81       ][AbstractXDRFileHandler                            ][ 165] FILE CLOSED::PROV_SDR_20160201003150.csv.tmp
[2016-02-01 00:33:50,216][INFO ][Timer-81       ][AbstractXDRFileHandler                            ][ 210] deleted zero size file: PROV_SDR_20160201003150.csv.tmp
[2016-02-01 00:33:50,216][WARN ][Timer-81       ][AbstractXDRFileHandler                            ][ 178] File Writer closed!
[2016-02-01 00:33:50,216][WARN ][Timer-81       ][AbstractXDRFileHandler                            ][  98] CREATING NEW FILE ...
[2016-02-01 00:33:50,217][INFO ][Timer-81       ][AbstractXDRFileHandler                            ][ 110] creationTime: 2016-02-01 00:33:50
[2016-02-01 00:33:50,217][WARN ][Timer-81       ][AbstractXDRFileHandler                            ][ 118] NEW FILE CREATED::/var/opt/inew/xdr/common/etl_export/prov_sdr/PROV_SDR_20160201003350.csv.tmp
[2016-02-01 00:33:50,217][INFO ][Timer-81       ][AbstractXDRFileHandler                            ][ 126] expirationTime: 2016-02-01 00:34:50
[2016-02-01 00:33:50,217][INFO ][Timer-81       ][AbstractXDRFileHandler                            ][  78] --- started file handler ---
[2016-02-01 00:33:50,231][WARN ][Timer-71       ][AbstractXDRFileHandler                            ][ 165] FILE CLOSED::IN_MOC_20160201002750.csv.tmp
[2016-02-01 00:33:50,231][INFO ][Timer-71       ][AbstractXDRFileHandler                            ][ 210] deleted zero size file: IN_MOC_20160201002750.csv.tmp
[2016-02-01 00:33:50,231][WARN ][Timer-71       ][AbstractXDRFileHandler                            ][ 178] File Writer closed!
[2016-02-01 00:33:50,231][WARN ][Timer-71       ][AbstractXDRFileHandler                            ][  98] CREATING NEW FILE ...
[2016-02-01 00:33:50,231][INFO ][Timer-71       ][AbstractXDRFileHandler                            ][ 110] creationTime: 2016-02-01 00:33:50
[2016-02-01 00:33:50,232][WARN ][Timer-71       ][AbstractXDRFileHandler                            ][ 118] NEW FILE CREATED::/var/opt/inew/xdr/common/olc_export/in_sdr/IN_MOC_20160201003350.csv.tmp
[2016-02-01 00:33:50,232][INFO ][Timer-71       ][AbstractXDRFileHandler                            ][ 126] expirationTime: 2016-02-01 00:38:50
[2016-02-01 00:33:50,232][INFO ][Timer-71       ][AbstractXDRFileHandler                            ][  78] --- started file handler ---