[2016-02-01 00:17:34,152][FINEST][9136][         SubscriberPeerImpl.getSubscriberProfile()] Reading subscriber profile by MSISDN [msisdn=43667725900]
[2016-02-01 00:17:34,156][FINEST][9136][                         LifeCycleResolver.touch()] Checking subsriber state transitions [subscriberId=195,550]
[2016-02-01 00:17:34,156][FINEST][9136][                     CountersFacetResolver.touch()] Checking if there are counters to delete [subscriberId=195,550, msisdn=43667725900]
[2016-02-01 00:17:34,157][FINEST][9136][                  TariffSubscriberListener.touch()] Checking subscribers tariff state [subscriberId=195,550]
[2016-02-01 00:17:34,162][FINEST][9136][            MonitorListenerImpl.methodInvocation()] Monitoring event received [class=com.tryge.negret.profiler.impl.SubscriberPeerImpl method=getSubscriberByMsisdn execTime=9.359]
[2016-02-01 00:17:34,162][FINEST][9136][            MonitorListenerImpl.handleInvocation()] Condition OK, process monitoring event [group=Profiler name=Lookup]
[2016-02-01 00:17:34,163][FINEST][9136][MethodResultMonitorListenerImpl.methodInvocation()] Method Result Monitoring event received [class=com.tryge.negret.profiler.impl.SubscriberPeerImpl method=getSubscriberByMsisdn execTime=com.tryge.negret.profiler.model.SubscriberImpl@5ab1e54c]
[2016-02-01 00:17:34,163][FINEST][9136][                SubscriberPeerImpl.getSubscriber()] Subscriber lookup returned [resultCode=OK subscriberId=195,550 msisdn=43667725900 imsi=232201667725900]
[2016-02-01 00:17:35,289][  INFO][9906][                     TraceInterceptorImpl.invoke()] reserve(DataReservationRequest [accumulatedData=0, accumulatedDuration=0, apn=wapaccess.mtel.at, bearerType=GPRS, calledParty=null, callingParty=43667725900, header=[sessionId=4621462415592134149, sessionBeginTimeStamp=Mon Feb 01 00:17:35 UTC 2016, chargingType=REGULAR], imsi=232201667725900, location=43667, referenceNumber=1879912368, roaming=false, startTime=Mon Feb 01 00:17:35 UTC 2016, subscriberId=null, ratingGroup=100])
[2016-02-01 00:17:35,293][FINEST][9906][                         LifeCycleResolver.touch()] Checking subsriber state transitions [subscriberId=195,550]
[2016-02-01 00:17:35,293][FINEST][9906][                     CountersFacetResolver.touch()] Checking if there are counters to delete [subscriberId=195,550, msisdn=43667725900]
[2016-02-01 00:17:35,294][FINEST][9906][                  TariffSubscriberListener.touch()] Checking subscribers tariff state [subscriberId=195,550]
[2016-02-01 00:17:35,299][FINEST][9906][            MonitorListenerImpl.methodInvocation()] Monitoring event received [class=com.tryge.negret.profiler.impl.SubscriberPeerImpl method=getSubscriberByImsi execTime=9.749]
[2016-02-01 00:17:35,300][FINEST][9906][            MonitorListenerImpl.handleInvocation()] Condition OK, process monitoring event [group=Profiler name=Lookup]
[2016-02-01 00:17:35,300][FINEST][9906][MethodResultMonitorListenerImpl.methodInvocation()] Method Result Monitoring event received [class=com.tryge.negret.profiler.impl.SubscriberPeerImpl method=getSubscriberByImsi execTime=com.tryge.negret.profiler.model.SubscriberImpl@7542d7cb]
[2016-02-01 00:17:35,305][FINEST][8941][      DataContextExpiryListener.onContextCreated()] Data context created [key=4621462415592134149]
[2016-02-01 00:17:35,306][FINEST][9906][            MonitorListenerImpl.methodInvocation()] Monitoring event received [class=com.inewcs.crce.contextsharing.persistent.DatabaseContextSharing method=create execTime=5.026]
[2016-02-01 00:17:35,306][FINEST][9906][            MonitorListenerImpl.handleInvocation()] Condition OK, process monitoring event [group=ContextDB name=Create]
[2016-02-01 00:17:35,307][FINEST][9906][MethodResultMonitorListenerImpl.methodInvocation()] Method Result Monitoring event received [class=com.inewcs.crce.contextsharing.persistent.DatabaseContextSharing method=create execTime=null]
[2016-02-01 00:17:35,310][FINEST][9906][            MonitorListenerImpl.methodInvocation()] Monitoring event received [class=com.inewcs.crce.contextsharing.persistent.DatabaseContextSharing method=selectContext execTime=2.361]
[2016-02-01 00:17:35,311][FINEST][9906][            MonitorListenerImpl.handleInvocation()] Condition OK, process monitoring event [group=ContextDB name=Select]
[2016-02-01 00:17:35,312][FINEST][9906][MethodResultMonitorListenerImpl.methodInvocation()] Method Result Monitoring event received [class=com.inewcs.crce.contextsharing.persistent.DatabaseContextSharing method=selectContext execTime=com.inewcs.crce.contextsharing.persistent.DatabaseSharedContext@30b8b6fe]
[2016-02-01 00:17:35,313][FINEST][9906][         CostControlServiceImpl.costLimitReached()] Checking cost control limit [subscriberId=195,550, trafficType=DATA, zoneType=HPLMN]
[2016-02-01 00:17:35,313][ FINER][9906][                    RateplanPeerImpl.getRateplan()] Getting the rateplan for key: a1ta.m:tel/101001/data
[2016-02-01 00:17:35,313][FINEST][9906][                     ReservationStoreImpl.create()] Creating a reservation [subscriberId=195,550, reservation=InternalReservationImpl{id='R195550T1454286755313@1748299093083303~-3355646486119660133', subscriberId=195550, expires=1454286755313, reservedAt=1454285855313, reservation=[]}]
[2016-02-01 00:17:35,314][  FINE][9906][                                DataRater.<init>()] DataRater initialized [subscriberId=195,550, transferredUnits=5,242,880, duration=0, setup=false, ratingGroup=100]
[2016-02-01 00:17:35,314][ FINER][9906][                   RatingGroupClauseImpl$1.check()] Executing rating group filter: 1
[2016-02-01 00:17:35,314][ FINER][9906][                   RatingGroupClauseImpl$1.check()] Executing rating group filter: 2
[2016-02-01 00:17:35,314][ FINER][9906][      BasicSessionFeatureFactoryImpl.newInstance()] Executing session feature: 1010010000020
[2016-02-01 00:17:35,315][ FINER][9906][                   CompiledRatingFilter.rateData()] Executing rating filter for session request [filterId=1,010,010,000,291]
[2016-02-01 00:17:35,315][ FINER][9906][                                   DataRater.add()] Try rating [setup=true, begin=0, duration=0, price=0, perPeriod=0, currency=MB Data, durationMillis=0]
[2016-02-01 00:17:35,315][FINEST][9906][                                  DataRater.rate()] Charging setup fee [setupPeriod=0B, setupPrice=0]
[2016-02-01 00:17:35,315][FINEST][9906][     DataConfigurationServiceImpl.getGrantedData()] Configuration item not found
[2016-02-01 00:17:35,315][ FINER][9906][                                   DataRater.add()] Try rating [setup=false, begin=0, duration=0, price=1024, perPeriod=1024, currency=MB Data, durationMillis=0]
[2016-02-01 00:17:35,316][FINEST][9906][     DataConfigurationServiceImpl.getGrantedData()] Configuration item not found
[2016-02-01 00:17:35,316][FINEST][9906][                                  DataRater.rate()] Charging segment part [transferredUnits=5,242,880, alreadyGranted=0, segmentSize=1,024, segmentPrice=1,024, numberOfSegments=5,120]
[2016-02-01 00:17:35,316][FINEST][9906][                AccountStoreImpl.loadDescriptors()] Loading descriptors from database [subscriberId=195,550, actionId=679754336]
[2016-02-01 00:17:35,317][FINEST][9906][                  TransactionalQueryExecutor.run()] Opening a new database transaction [thread=9,906]
[2016-02-01 00:17:35,320][FINEST][9906][                  TransactionalQueryExecutor.run()] Committed the transaction [thread=9,906]
[2016-02-01 00:17:35,320][FINEST][9906][            MonitorListenerImpl.methodInvocation()] Monitoring event received [class=com.tryge.negret.db.impl.TransactionalQueryExecutor method=execute execTime=3.819]
[2016-02-01 00:17:35,321][FINEST][9906][            MonitorListenerImpl.handleInvocation()] Condition OK, process monitoring event [group=CoreDB name=Read]
[2016-02-01 00:17:35,322][FINEST][9906][MethodResultMonitorListenerImpl.methodInvocation()] Method Result Monitoring event received [class=com.tryge.negret.db.impl.TransactionalQueryExecutor method=execute execTime=[SubscriberAccount [id=195551, subscriberId=195550, balance=100000, initialBalance=100000, currencyId=101000, categoryId=1, typeId=1, expires=2016-04-01 00:17:30.024, lastReset=2016-02-01 00:17:29.993]]]
[2016-02-01 00:17:35,322][FINEST][9906][            MonitorListenerImpl.methodInvocation()] Monitoring event received [class=com.inewcs.crce.accounting.persistence.impl.AccountDaoImpl method=loadDescriptors execTime=5.912]
[2016-02-01 00:17:35,323][FINEST][9906][            MonitorListenerImpl.handleInvocation()] Condition OK, process monitoring event [group=Accounting name=Lookup]
[2016-02-01 00:17:35,323][FINEST][9906][MethodResultMonitorListenerImpl.methodInvocation()] Method Result Monitoring event received [class=com.inewcs.crce.accounting.persistence.impl.AccountDaoImpl method=loadDescriptors execTime=[SubscriberAccount [id=195551, subscriberId=195550, balance=100000, initialBalance=100000, currencyId=101000, categoryId=1, typeId=1, expires=2016-04-01 00:17:30.024, lastReset=2016-02-01 00:17:29.993]]]
[2016-02-01 00:17:35,324][  FINE][9906][                                DataRater.<init>()] DataRater initialized [subscriberId=195,550, transferredUnits=5,242,880, duration=900,000, setup=true, ratingGroup=100]
[2016-02-01 00:17:35,325][ FINER][9906][                   CompiledRatingFilter.rateData()] Executing rating filter for session request [filterId=1,010,010,000,291]
[2016-02-01 00:17:35,326][ FINER][9906][                                   DataRater.add()] Try rating [setup=true, begin=0, duration=0, price=0, perPeriod=0, currency=MB Data, durationMillis=900000]
[2016-02-01 00:17:35,326][ FINER][9906][                                   DataRater.add()] Try rating [setup=false, begin=0, duration=0, price=1024, perPeriod=1024, currency=MB Data, durationMillis=900000]
[2016-02-01 00:17:35,327][FINEST][9906][                                  DataRater.rate()] Charging segment part [transferredUnits=5,242,880, alreadyGranted=0, segmentSize=1,024, segmentPrice=1,024, numberOfSegments=5,120]
[2016-02-01 00:17:35,327][FINEST][9906][                AccountStoreImpl.loadDescriptors()] Loading descriptors from cache [subscriberId=195550, actionId=679754336]
[2016-02-01 00:17:35,328][ FINER][9906][      BasicSessionFeatureFactoryImpl.newInstance()] Executing session feature: 1010010000021
[2016-02-01 00:17:35,328][ FINER][9906][                   CompiledRatingFilter.rateData()] Executing rating filter for session request [filterId=1,010,010,000,292]
[2016-02-01 00:17:35,329][ FINER][9906][                                   DataRater.add()] Try rating [setup=true, begin=0, duration=0, price=0, perPeriod=0, currency=Euro, durationMillis=0]
[2016-02-01 00:17:35,329][ FINER][9906][                                   DataRater.add()] Try rating [setup=false, begin=0, duration=0, price=4394, perPeriod=51200, currency=Euro, durationMillis=0]
[2016-02-01 00:17:35,330][FINEST][9906][     DataConfigurationServiceImpl.getGrantedData()] Configuration item not found
[2016-02-01 00:17:35,330][FINEST][9906][                                  DataRater.rate()] Charging segment part [transferredUnits=5,242,880, alreadyGranted=0, segmentSize=51,200, segmentPrice=4,394, numberOfSegments=103]
[2016-02-01 00:17:35,330][FINEST][9906][                AccountStoreImpl.loadDescriptors()] Loading descriptors from cache [subscriberId=195550, actionId=679754336]
[2016-02-01 00:17:35,331][ FINER][9906][                     AbstractAccountManager.load()] Loading acount from descriptor [accountId=195,551, subscriberId=195,550]
[2016-02-01 00:17:35,331][FINEST][9906][            ReservationStoreImpl.getReservations()] Loading all reservations from database [subscriberId=195,550]
[2016-02-01 00:17:35,332][FINEST][9906][                  TransactionalQueryExecutor.run()] Opening a new database transaction [thread=9,906]
[2016-02-01 00:17:35,336][FINEST][9906][                  TransactionalQueryExecutor.run()] Committed the transaction [thread=9,906]
[2016-02-01 00:17:35,337][FINEST][9906][            MonitorListenerImpl.methodInvocation()] Monitoring event received [class=com.tryge.negret.db.impl.TransactionalQueryExecutor method=execute execTime=5.263]
[2016-02-01 00:17:35,338][FINEST][9906][            MonitorListenerImpl.handleInvocation()] Condition OK, process monitoring event [group=CoreDB name=Read]
[2016-02-01 00:17:35,338][FINEST][9906][MethodResultMonitorListenerImpl.methodInvocation()] Method Result Monitoring event received [class=com.tryge.negret.db.impl.TransactionalQueryExecutor method=execute execTime=[]]
[2016-02-01 00:17:35,339][FINEST][9906][            MonitorListenerImpl.methodInvocation()] Monitoring event received [class=com.inewcs.crce.accounting.persistence.impl.ReservationDaoImpl method=getBySubscriber execTime=7.413]
[2016-02-01 00:17:35,339][FINEST][9906][            MonitorListenerImpl.handleInvocation()] Condition OK, process monitoring event [group=Accounting name=SelectReservation]
[2016-02-01 00:17:35,340][FINEST][9906][MethodResultMonitorListenerImpl.methodInvocation()] Method Result Monitoring event received [class=com.inewcs.crce.accounting.persistence.impl.ReservationDaoImpl method=getBySubscriber execTime=[Lcom.inewcs.crce.accounting.model.Reservation;@4522a94a]
[2016-02-01 00:17:35,340][ FINER][9906][     PrepaidAccountManager.createRealtimeAccount()] Detected first account usage [accountId=195,551, subscriberId=195,550, expiryDate=4/1/16 12:17 AM]
[2016-02-01 00:17:35,342][FINEST][9906][                         DataRater.updateAccount()] Store account data [subscriber=195,550 balance=100,000 currency=Euro unlimited=false expiry=1/31/17 12:17 AM]
[2016-02-01 00:17:35,343][FINEST][9906][                        AccountStoreImpl.getById()] Loading the account by id [subscriberId=195,550, accountId=195,551]
[2016-02-01 00:17:35,343][FINEST][9906][                AccountStoreImpl.loadDescriptors()] Loading descriptors from cache [subscriberId=195550, actionId=679754336]
[2016-02-01 00:17:35,343][FINEST][9906][                          AccountListImpl.charge()] Charging attempt succeeded [requestedCharge=100,000, accountId=195,551, available=100,000]
[2016-02-01 00:17:35,344][  FINE][9906][                         DataRater.chargeSegment()] Charged 22 segment(s) [chargedVolume=1,126,400, chargedAmount=100,000]
[2016-02-01 00:17:35,344][ FINER][9906][                   CompiledRatingFilter.rateData()] Executing rating filter for session request [filterId=1,010,010,000,292]
[2016-02-01 00:17:35,344][ FINER][9906][                                   DataRater.add()] Try rating [setup=true, begin=0, duration=0, price=0, perPeriod=0, currency=Euro, durationMillis=900000]
[2016-02-01 00:17:35,345][ FINER][9906][                                   DataRater.add()] Try rating [setup=false, begin=0, duration=0, price=4394, perPeriod=51200, currency=Euro, durationMillis=900000]
[2016-02-01 00:17:35,345][FINEST][9906][                                  DataRater.rate()] Charging segment part [transferredUnits=5,242,880, alreadyGranted=0, segmentSize=51,200, segmentPrice=4,394, numberOfSegments=103]
[2016-02-01 00:17:35,346][FINEST][9906][                AccountStoreImpl.loadDescriptors()] Loading descriptors from cache [subscriberId=195550, actionId=679754336]
[2016-02-01 00:17:35,347][FINEST][9906][                  TransactionalQueryExecutor.run()] Opening a new database transaction [thread=9,906]
[2016-02-01 00:17:35,348][FINEST][9906][                  TransactionalQueryExecutor.run()] Committed the transaction [thread=9,906]
[2016-02-01 00:17:35,348][FINEST][9906][            MonitorListenerImpl.methodInvocation()] Monitoring event received [class=com.tryge.negret.db.impl.TransactionalQueryExecutor method=execute execTime=1.654]
[2016-02-01 00:17:35,349][FINEST][9906][            MonitorListenerImpl.handleInvocation()] Condition OK, process monitoring event [group=CoreDB name=Write]
[2016-02-01 00:17:35,349][FINEST][9906][MethodResultMonitorListenerImpl.methodInvocation()] Method Result Monitoring event received [class=com.tryge.negret.db.impl.TransactionalQueryExecutor method=execute execTime=null]
[2016-02-01 00:17:35,349][ FINER][9906][                      ReservationStoreImpl.share()] Sharing reservation [reservationId=R195550T1454286755313@1748299093083303~-3355646486119660133, subscriberId=195,550, reservation=[100000@195551[61]]
[2016-02-01 00:17:35,350][FINEST][9906][                  TransactionalQueryExecutor.run()] Opening a new database transaction [thread=9,906]
[2016-02-01 00:17:35,355][FINEST][9906][                  TransactionalQueryExecutor.run()] Committed the transaction [thread=9,906]
[2016-02-01 00:17:35,355][FINEST][9906][            MonitorListenerImpl.methodInvocation()] Monitoring event received [class=com.tryge.negret.db.impl.TransactionalQueryExecutor method=execute execTime=5.578]
[2016-02-01 00:17:35,356][FINEST][9906][            MonitorListenerImpl.handleInvocation()] Condition OK, process monitoring event [group=CoreDB name=Write]
[2016-02-01 00:17:35,356][FINEST][9906][MethodResultMonitorListenerImpl.methodInvocation()] Method Result Monitoring event received [class=com.tryge.negret.db.impl.TransactionalQueryExecutor method=execute execTime=null]
[2016-02-01 00:17:35,357][FINEST][9906][            MonitorListenerImpl.methodInvocation()] Monitoring event received [class=com.inewcs.crce.accounting.persistence.impl.ReservationDaoImpl method=save execTime=6.832]
[2016-02-01 00:17:35,357][FINEST][9906][            MonitorListenerImpl.handleInvocation()] Condition OK, process monitoring event [group=Accounting name=CreateReservation]
[2016-02-01 00:17:35,357][FINEST][9906][MethodResultMonitorListenerImpl.methodInvocation()] Method Result Monitoring event received [class=com.inewcs.crce.accounting.persistence.impl.ReservationDaoImpl method=save execTime=null]
[2016-02-01 00:17:35,358][FINEST][9906][                AccountStoreImpl.releaseAccounts()] Releasing the cached accounts for subscriber [subscriberId=195550, actionId=679754336]
[2016-02-01 00:17:35,358][FINEST][9906][                DataChargingStrategy.newResponse()] Charging action: reserve
grantPart=DataRatingPart: begin=1454285855282, transferredData=0, grantedUnits=1126400, grantedTime=900000
[2016-02-01 00:17:35,358][FINEST][9906][                        BundleQuotaRule.evaluate()] Evaluating for [subscriberId=195,550]
[2016-02-01 00:17:35,358][FINEST][9906][           BundleServiceImpl.getActivatedBundles()] Getting activated bundles for subscriber [id=195,550]
[2016-02-01 00:17:35,359][FINEST][9906][                  TransactionalQueryExecutor.run()] Opening a new database transaction [thread=9,906]
[2016-02-01 00:17:35,362][FINEST][9906][                  TransactionalQueryExecutor.run()] Committed the transaction [thread=9,906]
[2016-02-01 00:17:35,362][FINEST][9906][            MonitorListenerImpl.methodInvocation()] Monitoring event received [class=com.tryge.negret.db.impl.TransactionalQueryExecutor method=execute execTime=3.586]
[2016-02-01 00:17:35,363][FINEST][9906][            MonitorListenerImpl.handleInvocation()] Condition OK, process monitoring event [group=CoreDB name=Read]
[2016-02-01 00:17:35,363][FINEST][9906][MethodResultMonitorListenerImpl.methodInvocation()] Method Result Monitoring event received [class=com.tryge.negret.db.impl.TransactionalQueryExecutor method=execute execTime=[]]
[2016-02-01 00:17:35,363][FINEST][9906][           BundleServiceImpl.getActivatedBundles()] Found [bundle statuses=[]] 
[2016-02-01 00:17:35,364][FINEST][9906][                        BundleQuotaRule.evaluate()] Subscriber does not have the configured bundle active [bundleCode=902]
[2016-02-01 00:17:35,364][FINEST][9906][                        BundleQuotaRule.evaluate()] Evaluating for [subscriberId=195,550]
[2016-02-01 00:17:35,364][FINEST][9906][                        BundleQuotaRule.evaluate()] Subscriber does not have the configured bundle active [bundleCode=901]
[2016-02-01 00:17:35,364][FINEST][9906][                        BundleQuotaRule.evaluate()] Evaluating for [subscriberId=195,550]
[2016-02-01 00:17:35,364][FINEST][9906][                        BundleQuotaRule.evaluate()] Subscriber does not have the configured bundle active [bundleCode=901]
[2016-02-01 00:17:35,365][FINEST][9906][                       BundleActiveRule.evaluate()] Evaluating for [subscriberId=195,550]
[2016-02-01 00:17:35,365][FINEST][9906][                       BundleActiveRule.evaluate()] Subscriber does not have the configured bundle active [bundleCode=901]
[2016-02-01 00:17:35,365][  INFO][9906][PccNotificationSender.sendPolicyChangedNotification()] Policy for subscriber has changed, sending the notification: [subscriberId=195550, notification=PolicyActivatedNotification [pccRuleId=Rule_1, ratingGroup=100, remainingBytes=null, validTo=null]]
[2016-02-01 00:17:35,365][FINEST][459][              InternalPolicyUpdateListener$1.run()] Updating PCRF listener [subscriberId=195550, msisdn=43667725900, policy=PolicyInfoRg [ratingGroup=100, pccRuleId=Rule_1, validTo=null, remainingBytes=null]]
[2016-02-01 00:17:35,366][FINEST][482][                    NotificationSenderImpl$2.run()] Sending notification to subscriber [subscriberId=195,550, msisdn=43667725900, notification=PolicyActivatedNotification [pccRuleId=Rule_1, ratingGroup=100, remainingBytes=null, validTo=null]]
[2016-02-01 00:17:35,366][WARNING][482][                    NotificationSenderImpl$2.run()] Failed to send subscriber notification [subscriberId=195550, msisdn=43667725900]
java.lang.reflect.UndeclaredThrowableException
	at com.sun.proxy.$Proxy85.send(Unknown Source)
	at com.inewcs.crce.plugins.notifications.service.impl.NotificationSenderImpl$2.run(NotificationSenderImpl.java:184)
	at java.util.concurrent.Executors$RunnableAdapter.call(Executors.java:471)
	at java.util.concurrent.FutureTask.run(FutureTask.java:262)
	at java.util.concurrent.ThreadPoolExecutor.runWorker(ThreadPoolExecutor.java:1145)
	at java.util.concurrent.ThreadPoolExecutor$Worker.run(ThreadPoolExecutor.java:615)
	at java.lang.Thread.run(Thread.java:745)
Caused by: java.lang.reflect.InvocationTargetException
	at sun.reflect.GeneratedMethodAccessor575.invoke(Unknown Source)
	at sun.reflect.DelegatingMethodAccessorImpl.invoke(DelegatingMethodAccessorImpl.java:43)
	at java.lang.reflect.Method.invoke(Method.java:606)
	at com.inewcs.crce.integration.impl.IntegrationImpl$ClassLoaderSwitchingInvocationHandler.invoke(IntegrationImpl.java:62)
	... 7 more
Caused by: java.lang.IndexOutOfBoundsException: Index: 0, Size: 0
	at java.util.ArrayList.rangeCheck(ArrayList.java:635)
	at java.util.ArrayList.get(ArrayList.java:411)
	at com.inewcs.remoting.balancers.FairPlayBalancer.selectLocator(Unknown Source)
	at com.inewcs.remoting.ClusteredTransporterClient.invoke(Unknown Source)
	at com.sun.proxy.$Proxy85.send(Unknown Source)
	... 11 more
[2016-02-01 00:17:35,372][FINEST][9906][            MonitorListenerImpl.methodInvocation()] Monitoring event received [class=com.inewcs.crce.contextsharing.persistent.DatabaseContextSharing method=updateContext execTime=6.013]
[2016-02-01 00:17:35,373][FINEST][9906][            MonitorListenerImpl.handleInvocation()] Condition OK, process monitoring event [group=ContextDB name=Update]
[2016-02-01 00:17:35,374][FINEST][9906][MethodResultMonitorListenerImpl.methodInvocation()] Method Result Monitoring event received [class=com.inewcs.crce.contextsharing.persistent.DatabaseContextSharing method=updateContext execTime=null]
[2016-02-01 00:17:35,376][FINEST][9906][            MonitorListenerImpl.methodInvocation()] Monitoring event received [class=com.inewcs.crce.apps.data.impl.DataApplicationImpl method=reserve execTime=86.918]
[2016-02-01 00:17:35,377][FINEST][9906][            MonitorListenerImpl.handleInvocation()] Condition OK, process monitoring event [group=Data name=Reserve]
[2016-02-01 00:17:35,377][FINEST][9906][            MonitorListenerImpl.handleInvocation()] Condition OK, process monitoring event [group=Data name=ReserveInitial]
[2016-02-01 00:17:35,378][FINEST][9906][MethodResultMonitorListenerImpl.methodInvocation()] Method Result Monitoring event received [class=com.inewcs.crce.apps.data.impl.DataApplicationImpl method=reserve execTime=DataReservationResponse [header=[sessionId=4621462415592134149, sessionBeginTimeStamp=Mon Feb 01 00:17:35 UTC 2016, chargingType=REGULAR], grantedTime=900000, grantedUnits=1126400, lastSegment=true, reservationId=R195550T1454286755313@1748299093083303~-3355646486119660133, reservedAccounts=[Account: id=195551, amount=100000, unitId=61], responseCode=OK]]
[2016-02-01 00:17:35,378][  INFO][9906][                     TraceInterceptorImpl.invoke()] reserve(...): DataReservationResponse [header=[sessionId=4621462415592134149, sessionBeginTimeStamp=Mon Feb 01 00:17:35 UTC 2016, chargingType=REGULAR], grantedTime=900000, grantedUnits=1126400, lastSegment=true, reservationId=R195550T1454286755313@1748299093083303~-3355646486119660133, reservedAccounts=[Account: id=195551, amount=100000, unitId=61], responseCode=OK] [88ms]
[2016-02-01 00:17:35,379][FINEST][9906][            MonitorListenerImpl.methodInvocation()] Monitoring event received [class=com.tryge.negret.gw.icca.data.DataMessageListener method=getProducingTime execTime=0.011]
[2016-02-01 00:17:35,380][FINEST][9906][MethodResultMonitorListenerImpl.methodInvocation()] Method Result Monitoring event received [class=com.tryge.negret.gw.icca.data.DataMessageListener method=getProducingTime execTime=2]
[2016-02-01 00:17:35,380][FINEST][9906][MethodResultMonitorListenerImpl.handleInvocation()] Condition OK, process monitoring event [group=Data name=ProducingTime]
[2016-02-01 00:17:35,380][FINEST][9906][            MonitorListenerImpl.methodInvocation()] Monitoring event received [class=com.tryge.negret.gw.icca.data.DataMessageListener method=getBrokerTime execTime=0.007]
[2016-02-01 00:17:35,381][FINEST][9906][MethodResultMonitorListenerImpl.methodInvocation()] Method Result Monitoring event received [class=com.tryge.negret.gw.icca.data.DataMessageListener method=getBrokerTime execTime=1]
[2016-02-01 00:17:35,381][FINEST][9906][MethodResultMonitorListenerImpl.handleInvocation()] Condition OK, process monitoring event [group=Data name=BrokerTime]
[2016-02-01 00:17:35,382][FINEST][9906][            MonitorListenerImpl.methodInvocation()] Monitoring event received [class=com.tryge.negret.gw.icca.data.DataMessageListener method=getConsumingTime execTime=0.008]
[2016-02-01 00:17:35,382][FINEST][9906][MethodResultMonitorListenerImpl.methodInvocation()] Method Result Monitoring event received [class=com.tryge.negret.gw.icca.data.DataMessageListener method=getConsumingTime execTime=96]
[2016-02-01 00:17:35,382][FINEST][9906][MethodResultMonitorListenerImpl.handleInvocation()] Condition OK, process monitoring event [group=Data name=ConsumingTime]
[2016-02-01 00:17:35,382][FINEST][9906][            MonitorListenerImpl.methodInvocation()] Monitoring event received [class=com.tryge.negret.gw.icca.common.IccaMessageListener method=onMessage execTime=93.314]
[2016-02-01 00:17:35,382][FINEST][9906][            MonitorListenerImpl.handleInvocation()] Condition OK, process monitoring event [group=IccaGateway name=onMessage]
[2016-02-01 00:17:35,383][FINEST][9906][MethodResultMonitorListenerImpl.methodInvocation()] Method Result Monitoring event received [class=com.tryge.negret.gw.icca.common.IccaMessageListener method=onMessage execTime=null]
[2016-02-01 00:17:35,383][FINEST][9906][            MonitorListenerImpl.methodInvocation()] Monitoring event received [class=com.tryge.negret.gw.icca.common.IccaMessageListener method=onMessage execTime=93.918]
[2016-02-01 00:17:35,383][FINEST][9906][            MonitorListenerImpl.handleInvocation()] Condition OK, process monitoring event [group=IccaGateway name=onMessage]
[2016-02-01 00:17:35,383][FINEST][9906][MethodResultMonitorListenerImpl.methodInvocation()] Method Result Monitoring event received [class=com.tryge.negret.gw.icca.common.IccaMessageListener method=onMessage execTime=null]
[2016-02-01 00:17:41,432][  INFO][9906][                     TraceInterceptorImpl.invoke()] continueReservation(DataContinueRequest [header=[sessionId=4621462415592134149, sessionBeginTimeStamp=Mon Feb 01 00:17:35 UTC 2016, chargingType=REGULAR], reservationId=R195550T1454286755313@1748299093083303~-3355646486119660133, accumulatedData=1024000, accumulatedDuration=6143, bearerType=GPRS, imsi=232201667725900, subscriberId=null, callingParty=43667725900, calledParty=null, suppressNumber=false, startTime=Mon Feb 01 00:17:35 UTC 2016, location=43667, roaming=false, referenceNumber=1879912368, apn=wapaccess.mtel.at, ratingGroup=100, strategy=PESSIMISTIC, usedUnits=1024000, usedTime=0, trafficType=data])
[2016-02-01 00:17:41,436][FINEST][9906][            MonitorListenerImpl.methodInvocation()] Monitoring event received [class=com.inewcs.crce.contextsharing.persistent.DatabaseContextSharing method=selectContext execTime=3.436]
[2016-02-01 00:17:41,437][FINEST][9906][            MonitorListenerImpl.handleInvocation()] Condition OK, process monitoring event [group=ContextDB name=Select]
[2016-02-01 00:17:41,438][FINEST][9906][MethodResultMonitorListenerImpl.methodInvocation()] Method Result Monitoring event received [class=com.inewcs.crce.contextsharing.persistent.DatabaseContextSharing method=selectContext execTime=com.inewcs.crce.contextsharing.persistent.DatabaseSharedContext@10e49652]
[2016-02-01 00:17:41,442][FINEST][9906][                         LifeCycleResolver.touch()] Checking subsriber state transitions [subscriberId=195,550]
[2016-02-01 00:17:41,443][FINEST][9906][                     CountersFacetResolver.touch()] Checking if there are counters to delete [subscriberId=195,550, msisdn=43667725900]
[2016-02-01 00:17:41,443][FINEST][9906][                  TariffSubscriberListener.touch()] Checking subscribers tariff state [subscriberId=195,550]
[2016-02-01 00:17:41,448][FINEST][9906][            MonitorListenerImpl.methodInvocation()] Monitoring event received [class=com.tryge.negret.profiler.impl.SubscriberPeerImpl method=getSubscriberById execTime=9.038]
[2016-02-01 00:17:41,449][FINEST][9906][            MonitorListenerImpl.handleInvocation()] Condition OK, process monitoring event [group=Profiler name=Lookup]
[2016-02-01 00:17:41,449][FINEST][9906][MethodResultMonitorListenerImpl.methodInvocation()] Method Result Monitoring event received [class=com.tryge.negret.profiler.impl.SubscriberPeerImpl method=getSubscriberById execTime=com.tryge.negret.profiler.model.SubscriberImpl@5ae7d6a1]
[2016-02-01 00:17:41,449][FINEST][9906][            ReservationStoreImpl.getReservations()] Loading all reservations from database [subscriberId=195,550]
[2016-02-01 00:17:41,450][FINEST][9906][                  TransactionalQueryExecutor.run()] Opening a new database transaction [thread=9,906]
[2016-02-01 00:17:41,453][FINEST][9906][                  TransactionalQueryExecutor.run()] Committed the transaction [thread=9,906]
[2016-02-01 00:17:41,453][FINEST][9906][            MonitorListenerImpl.methodInvocation()] Monitoring event received [class=com.tryge.negret.db.impl.TransactionalQueryExecutor method=execute execTime=3.64]
[2016-02-01 00:17:41,454][FINEST][9906][            MonitorListenerImpl.handleInvocation()] Condition OK, process monitoring event [group=CoreDB name=Read]
[2016-02-01 00:17:41,454][FINEST][9906][MethodResultMonitorListenerImpl.methodInvocation()] Method Result Monitoring event received [class=com.tryge.negret.db.impl.TransactionalQueryExecutor method=execute execTime=[com.inewcs.crce.accounting.model.Reservation@19eb8d1c]]
[2016-02-01 00:17:41,455][FINEST][9906][            MonitorListenerImpl.methodInvocation()] Monitoring event received [class=com.inewcs.crce.accounting.persistence.impl.ReservationDaoImpl method=getBySubscriber execTime=4.875]
[2016-02-01 00:17:41,455][FINEST][9906][            MonitorListenerImpl.handleInvocation()] Condition OK, process monitoring event [group=Accounting name=SelectReservation]
[2016-02-01 00:17:41,455][FINEST][9906][MethodResultMonitorListenerImpl.methodInvocation()] Method Result Monitoring event received [class=com.inewcs.crce.accounting.persistence.impl.ReservationDaoImpl method=getBySubscriber execTime=[Lcom.inewcs.crce.accounting.model.Reservation;@7d8902be]
[2016-02-01 00:17:41,455][  FINE][9906][             DataCommitClosure.commitReservation()] Commiting session part [unchargedUnits=1,024,000, unchargedTime=6,143, charged=0, overage=-102,400, sessionId=4621462415592134149]
[2016-02-01 00:17:41,456][FINEST][9906][                     ConsumeAction.commitPartial()] Partially commiting the reservation [subscriberId=195,550, reservationId=R195550T1454286755313@1748299093083303~-3355646486119660133, tuples=[87880@195551[61]]]
[2016-02-01 00:17:41,456][FINEST][9906][                        AccountStoreImpl.getById()] Loading the account by id [subscriberId=195,550, accountId=195,551]
[2016-02-01 00:17:41,456][FINEST][9906][                AccountStoreImpl.loadDescriptors()] Loading descriptors from database [subscriberId=195,550, actionId=1470873729]
[2016-02-01 00:17:41,457][FINEST][9906][                  TransactionalQueryExecutor.run()] Opening a new database transaction [thread=9,906]
[2016-02-01 00:17:41,460][FINEST][9906][                  TransactionalQueryExecutor.run()] Committed the transaction [thread=9,906]
[2016-02-01 00:17:41,461][FINEST][9906][            MonitorListenerImpl.methodInvocation()] Monitoring event received [class=com.tryge.negret.db.impl.TransactionalQueryExecutor method=execute execTime=4.33]
[2016-02-01 00:17:41,461][FINEST][9906][            MonitorListenerImpl.handleInvocation()] Condition OK, process monitoring event [group=CoreDB name=Read]
[2016-02-01 00:17:41,462][FINEST][9906][MethodResultMonitorListenerImpl.methodInvocation()] Method Result Monitoring event received [class=com.tryge.negret.db.impl.TransactionalQueryExecutor method=execute execTime=[SubscriberAccount [id=195551, subscriberId=195550, balance=100000, initialBalance=100000, currencyId=101000, categoryId=1, typeId=1, expires=2016-04-01 00:17:30.024, lastReset=2016-02-01 00:17:29.993]]]
[2016-02-01 00:17:41,462][FINEST][9906][            MonitorListenerImpl.methodInvocation()] Monitoring event received [class=com.inewcs.crce.accounting.persistence.impl.AccountDaoImpl method=loadDescriptors execTime=5.497]
[2016-02-01 00:17:41,462][FINEST][9906][            MonitorListenerImpl.handleInvocation()] Condition OK, process monitoring event [group=Accounting name=Lookup]
[2016-02-01 00:17:41,463][FINEST][9906][MethodResultMonitorListenerImpl.methodInvocation()] Method Result Monitoring event received [class=com.inewcs.crce.accounting.persistence.impl.AccountDaoImpl method=loadDescriptors execTime=[SubscriberAccount [id=195551, subscriberId=195550, balance=100000, initialBalance=100000, currencyId=101000, categoryId=1, typeId=1, expires=2016-04-01 00:17:30.024, lastReset=2016-02-01 00:17:29.993]]]
[2016-02-01 00:17:41,463][ FINER][9906][                     AbstractAccountManager.load()] Loading acount from descriptor [accountId=195,551, subscriberId=195,550]
[2016-02-01 00:17:41,463][FINEST][9906][            ReservationStoreImpl.getReservations()] Loading reservations from cache [subscriberId=195,550]
[2016-02-01 00:17:41,464][ FINER][9906][     PrepaidAccountManager.createRealtimeAccount()] Detected first account usage [accountId=195,551, subscriberId=195,550, expiryDate=4/1/16 12:17 AM]
[2016-02-01 00:17:41,464][  INFO][9906][             DataCommitClosure.commitReservation()] Charges: sessionId=4621462415592134149, [ChargedInfo [account=195551, amount=87880, unit=61, descriptor=15831640]]
[2016-02-01 00:17:41,465][FINEST][9906][    CostControlServiceImpl.updateCostLimitStatus()] Updating cost control limit status [subscriberId=195,550, trafficType=DATA, zoneType=HPLMN]
[2016-02-01 00:17:41,468][FINEST][9906][            CostControlCountersService$2.execute()] Incrementing cost control counter [subscriberId=195,550, trafficType=ALL, zoneType=ALL, chargedUnits=87,880]
[2016-02-01 00:17:41,469][ FINER][9906][                      TransparentProperties.bind()] Binding transparent properties: com.tryge.negret.profiler.impl.facets.CountersData@53cad22b
[2016-02-01 00:17:41,469][FINEST][9003][CostControlNotificationListener.onCostLimitStatusIncreased()] Checking cost control notifications for status change [subscriberId=195,550]
[2016-02-01 00:17:41,469][FINEST][9003][CostControlNotificationListener.onCostLimitStatusIncreased()] Calculating cost control notification threshold [subscriberId=195,550, oldUsedUnits=0, newUsedUnits=87,880, threashold=15,000,000]
[2016-02-01 00:17:41,469][FINEST][9003][CostControlNotificationListener.onCostLimitStatusIncreased()] Calculating cost control notification threshold [subscriberId=195,550, oldUsedUnits=0, newUsedUnits=87,880, threashold=20,000,000]
[2016-02-01 00:17:41,472][FINEST][9906][         CostControlServiceImpl.costLimitReached()] Checking cost control limit [subscriberId=195,550, trafficType=DATA, zoneType=HPLMN]
[2016-02-01 00:17:41,473][ FINER][9906][                    RateplanPeerImpl.getRateplan()] Getting the rateplan for key: a1ta.m:tel/101001/data
[2016-02-01 00:17:41,473][FINEST][9906][                     ReservationStoreImpl.create()] Creating a reservation [subscriberId=195,550, reservation=InternalReservationImpl{id='R195550T1454286761473@1748305252912610~-8033818618575262947', subscriberId=195550, expires=1454286761473, reservedAt=1454285861473, reservation=[]}]
[2016-02-01 00:17:41,474][  FINE][9906][                                DataRater.<init>()] DataRater initialized [subscriberId=195,550, transferredUnits=5,242,880, duration=6,143, setup=true, ratingGroup=100]
[2016-02-01 00:17:41,474][ FINER][9906][                   RatingGroupClauseImpl$1.check()] Executing rating group filter: 1
[2016-02-01 00:17:41,474][ FINER][9906][                   RatingGroupClauseImpl$1.check()] Executing rating group filter: 2
[2016-02-01 00:17:41,474][ FINER][9906][      BasicSessionFeatureFactoryImpl.newInstance()] Executing session feature: 1010010000020
[2016-02-01 00:17:41,475][ FINER][9906][                   CompiledRatingFilter.rateData()] Executing rating filter for session request [filterId=1,010,010,000,291]
[2016-02-01 00:17:41,475][ FINER][9906][                                   DataRater.add()] Try rating [setup=true, begin=0, duration=0, price=0, perPeriod=0, currency=MB Data, durationMillis=6143]
[2016-02-01 00:17:41,475][ FINER][9906][                                   DataRater.add()] Try rating [setup=false, begin=0, duration=0, price=1024, perPeriod=1024, currency=MB Data, durationMillis=6143]
[2016-02-01 00:17:41,475][FINEST][9906][     DataConfigurationServiceImpl.getGrantedData()] Configuration item not found
[2016-02-01 00:17:41,475][FINEST][9906][                                  DataRater.rate()] Charging segment part [transferredUnits=5,242,880, alreadyGranted=0, segmentSize=1,024, segmentPrice=1,024, numberOfSegments=5,120]
[2016-02-01 00:17:41,476][FINEST][9906][                AccountStoreImpl.loadDescriptors()] Loading descriptors from cache [subscriberId=195550, actionId=1470873729]
[2016-02-01 00:17:41,476][  FINE][9906][                                DataRater.<init>()] DataRater initialized [subscriberId=195,550, transferredUnits=5,242,880, duration=906,143, setup=true, ratingGroup=100]
[2016-02-01 00:17:41,476][ FINER][9906][                   CompiledRatingFilter.rateData()] Executing rating filter for session request [filterId=1,010,010,000,291]
[2016-02-01 00:17:41,477][ FINER][9906][                                   DataRater.add()] Try rating [setup=true, begin=0, duration=0, price=0, perPeriod=0, currency=MB Data, durationMillis=906143]
[2016-02-01 00:17:41,477][ FINER][9906][                                   DataRater.add()] Try rating [setup=false, begin=0, duration=0, price=1024, perPeriod=1024, currency=MB Data, durationMillis=906143]
[2016-02-01 00:17:41,477][FINEST][9906][                                  DataRater.rate()] Charging segment part [transferredUnits=5,242,880, alreadyGranted=0, segmentSize=1,024, segmentPrice=1,024, numberOfSegments=5,120]
[2016-02-01 00:17:41,477][FINEST][9906][                AccountStoreImpl.loadDescriptors()] Loading descriptors from cache [subscriberId=195550, actionId=1470873729]
[2016-02-01 00:17:41,477][ FINER][9906][      BasicSessionFeatureFactoryImpl.newInstance()] Executing session feature: 1010010000021
[2016-02-01 00:17:41,478][ FINER][9906][                   CompiledRatingFilter.rateData()] Executing rating filter for session request [filterId=1,010,010,000,292]
[2016-02-01 00:17:41,478][ FINER][9906][                                   DataRater.add()] Try rating [setup=true, begin=0, duration=0, price=0, perPeriod=0, currency=Euro, durationMillis=6143]
[2016-02-01 00:17:41,478][ FINER][9906][                                   DataRater.add()] Try rating [setup=false, begin=0, duration=0, price=4394, perPeriod=51200, currency=Euro, durationMillis=6143]
[2016-02-01 00:17:41,478][FINEST][9906][     DataConfigurationServiceImpl.getGrantedData()] Configuration item not found
[2016-02-01 00:17:41,479][FINEST][9906][                                  DataRater.rate()] Charging segment part [transferredUnits=5,242,880, alreadyGranted=0, segmentSize=51,200, segmentPrice=4,394, numberOfSegments=103]
[2016-02-01 00:17:41,479][FINEST][9906][                AccountStoreImpl.loadDescriptors()] Loading descriptors from cache [subscriberId=195550, actionId=1470873729]
[2016-02-01 00:17:41,479][FINEST][9906][                         DataRater.updateAccount()] Store account data [subscriber=195,550 balance=12,120 currency=Euro unlimited=false expiry=1/31/17 12:17 AM]
[2016-02-01 00:17:41,480][FINEST][9906][                        AccountStoreImpl.getById()] Loading the account by id [subscriberId=195,550, accountId=195,551]
[2016-02-01 00:17:41,480][FINEST][9906][                AccountStoreImpl.loadDescriptors()] Loading descriptors from cache [subscriberId=195550, actionId=1470873729]
[2016-02-01 00:17:41,480][FINEST][9906][                          AccountListImpl.charge()] Charging attempt succeeded [requestedCharge=12,120, accountId=195,551, available=12,120]
[2016-02-01 00:17:41,481][  FINE][9906][                         DataRater.chargeSegment()] Charged 2 segment(s) [chargedVolume=102,400, chargedAmount=12,120]
[2016-02-01 00:17:41,481][ FINER][9906][                   CompiledRatingFilter.rateData()] Executing rating filter for session request [filterId=1,010,010,000,292]
[2016-02-01 00:17:41,481][ FINER][9906][                                   DataRater.add()] Try rating [setup=true, begin=0, duration=0, price=0, perPeriod=0, currency=Euro, durationMillis=906143]
[2016-02-01 00:17:41,481][ FINER][9906][                                   DataRater.add()] Try rating [setup=false, begin=0, duration=0, price=4394, perPeriod=51200, currency=Euro, durationMillis=906143]
[2016-02-01 00:17:41,481][FINEST][9906][                                  DataRater.rate()] Charging segment part [transferredUnits=5,242,880, alreadyGranted=0, segmentSize=51,200, segmentPrice=4,394, numberOfSegments=103]
[2016-02-01 00:17:41,482][FINEST][9906][                AccountStoreImpl.loadDescriptors()] Loading descriptors from cache [subscriberId=195550, actionId=1470873729]
[2016-02-01 00:17:41,482][FINEST][9906][                DataChargingStrategy.newResponse()] Charging action: reserve
grantPart=DataRatingPart: begin=1454285861425, transferredData=1024000, grantedUnits=102400, grantedTime=900000
[2016-02-01 00:17:41,483][FINEST][9906][                  TransactionalQueryExecutor.run()] Opening a new database transaction [thread=9,906]
[2016-02-01 00:17:41,483][FINEST][9906][                            AccountDaoImpl.flush()] Flushing account [id=195,551, balance=12,120]
[2016-02-01 00:17:41,485][FINEST][9906][            MonitorListenerImpl.methodInvocation()] Monitoring event received [class=com.inewcs.crce.accounting.persistence.impl.AccountDaoImpl method=flush execTime=1.928]
[2016-02-01 00:17:41,486][FINEST][9906][            MonitorListenerImpl.handleInvocation()] Condition OK, process monitoring event [group=Accounting name=Flush]
[2016-02-01 00:17:41,486][FINEST][9906][MethodResultMonitorListenerImpl.methodInvocation()] Method Result Monitoring event received [class=com.inewcs.crce.accounting.persistence.impl.AccountDaoImpl method=flush execTime=null]
[2016-02-01 00:17:41,486][FINEST][9906][            MonitorListenerImpl.methodInvocation()] Monitoring event received [class=com.tryge.negret.db.impl.TransactionalQueryExecutor method=execute execTime=3.03]
[2016-02-01 00:17:41,487][FINEST][9906][            MonitorListenerImpl.handleInvocation()] Condition OK, process monitoring event [group=CoreDB name=Write]
[2016-02-01 00:17:41,487][FINEST][9906][MethodResultMonitorListenerImpl.methodInvocation()] Method Result Monitoring event received [class=com.tryge.negret.db.impl.TransactionalQueryExecutor method=execute execTime=null]
[2016-02-01 00:17:41,489][FINEST][9906][                  TransactionalQueryExecutor.run()] Committed the transaction [thread=9,906]
[2016-02-01 00:17:41,490][FINEST][9906][            MonitorListenerImpl.methodInvocation()] Monitoring event received [class=com.tryge.negret.db.impl.TransactionalQueryExecutor method=execute execTime=6.819]
[2016-02-01 00:17:41,490][FINEST][9906][            MonitorListenerImpl.handleInvocation()] Condition OK, process monitoring event [group=CoreDB name=Write]
[2016-02-01 00:17:41,490][FINEST][9906][MethodResultMonitorListenerImpl.methodInvocation()] Method Result Monitoring event received [class=com.tryge.negret.db.impl.TransactionalQueryExecutor method=execute execTime=null]
[2016-02-01 00:17:41,491][ FINER][9906][                    ReservationStoreImpl.discard()] Discarding reservation [reservationId=R195550T1454286755313@1748299093083303~-3355646486119660133]
[2016-02-01 00:17:41,491][FINEST][9906][                  TransactionalQueryExecutor.run()] Opening a new database transaction [thread=9,906]
[2016-02-01 00:17:41,494][FINEST][9906][                  TransactionalQueryExecutor.run()] Committed the transaction [thread=9,906]
[2016-02-01 00:17:41,494][FINEST][9906][            MonitorListenerImpl.methodInvocation()] Monitoring event received [class=com.tryge.negret.db.impl.TransactionalQueryExecutor method=execute execTime=3.086]
[2016-02-01 00:17:41,495][FINEST][9906][            MonitorListenerImpl.handleInvocation()] Condition OK, process monitoring event [group=CoreDB name=Read]
[2016-02-01 00:17:41,495][FINEST][9906][MethodResultMonitorListenerImpl.methodInvocation()] Method Result Monitoring event received [class=com.tryge.negret.db.impl.TransactionalQueryExecutor method=execute execTime=1]
[2016-02-01 00:17:41,495][FINEST][9906][            MonitorListenerImpl.methodInvocation()] Monitoring event received [class=com.inewcs.crce.accounting.persistence.impl.ReservationDaoImpl method=delete execTime=4.225]
[2016-02-01 00:17:41,496][FINEST][9906][            MonitorListenerImpl.handleInvocation()] Condition OK, process monitoring event [group=Accounting name=DeleteReservation]
[2016-02-01 00:17:41,496][FINEST][9906][MethodResultMonitorListenerImpl.methodInvocation()] Method Result Monitoring event received [class=com.inewcs.crce.accounting.persistence.impl.ReservationDaoImpl method=delete execTime=null]
[2016-02-01 00:17:41,496][  FINE][108][                  AccountChangeHook.eventOccured()] Received event: AccountChangeEvent [type=3, subscriberId=195550, timestamp=1454285861496, transactionId=b9ae10ae-434f-4363-853c-f698acac8805]
[2016-02-01 00:17:41,496][FINEST][108][                  AccountChangeHook.eventOccured()] Calling listener for account change: com.inewcs.crce.plugins.datacontrol.impl.DataControlTimerListener
[2016-02-01 00:17:41,496][FINEST][108][                  AccountChangeHook.eventOccured()] Calling listener for account change: com.inewcs.crce.emergencyloan.service.impl.EmergencyLoanRepaymentAccountListener
[2016-02-01 00:17:41,497][  FINE][108][EmergencyLoanRepaymentAccountListener.accountChanged()] Received accountChanged event for account id 195,551
[2016-02-01 00:17:41,497][FINEST][108][                  AccountChangeHook.eventOccured()] Calling listener for account change: com.inewcs.crce.integration.diameter.impl.listeners.DiameterReauthAccountListener
[2016-02-01 00:17:41,497][FINEST][108][                  AccountChangeHook.eventOccured()] Calling listener for account change: com.inewcs.crce.plugins.accountlimit.AccountChangeLimitListener
[2016-02-01 00:17:41,497][FINEST][108][       AccountChangeLimitListener.accountChanged()] Checking account limit [subscriberId=195550, remainingBalance=12120]
[2016-02-01 00:17:41,497][ FINER][9906][                      ReservationStoreImpl.share()] Sharing reservation [reservationId=R195550T1454286761473@1748305252912610~-8033818618575262947, subscriberId=195,550, reservation=[12120@195551[61]]
[2016-02-01 00:17:41,498][FINEST][108][       AccountChangeLimitListener.accountChanged()] Account limit not set for subscriber [subscriberId=195550]
[2016-02-01 00:17:41,498][FINEST][108][                  AccountChangeHook.eventOccured()] Calling listener for account change: com.inewcs.crce.plugins.notifications.accounts.AccountNotificationListener
[2016-02-01 00:17:41,498][FINEST][108][      AccountNotificationListener.accountChanged()] Rescheduling notifications as the main account expiry changed [subscriberId=195,550]
[2016-02-01 00:17:41,498][FINEST][9906][                  TransactionalQueryExecutor.run()] Opening a new database transaction [thread=9,906]
[2016-02-01 00:17:41,498][  FINE][108][                  SchedulerServiceImpl.deleteJob()] Deleting the job [name=expiryNotification.mainAccount_1_day, group=195550]
[2016-02-01 00:17:41,504][FINEST][9906][                  TransactionalQueryExecutor.run()] Committed the transaction [thread=9,906]
[2016-02-01 00:17:41,505][FINEST][9906][            MonitorListenerImpl.methodInvocation()] Monitoring event received [class=com.tryge.negret.db.impl.TransactionalQueryExecutor method=execute execTime=7.291]
[2016-02-01 00:17:41,506][FINEST][9906][            MonitorListenerImpl.handleInvocation()] Condition OK, process monitoring event [group=CoreDB name=Write]
[2016-02-01 00:17:41,506][FINEST][9906][MethodResultMonitorListenerImpl.methodInvocation()] Method Result Monitoring event received [class=com.tryge.negret.db.impl.TransactionalQueryExecutor method=execute execTime=null]
[2016-02-01 00:17:41,507][FINEST][9906][            MonitorListenerImpl.methodInvocation()] Monitoring event received [class=com.inewcs.crce.accounting.persistence.impl.ReservationDaoImpl method=save execTime=9.232]
[2016-02-01 00:17:41,507][FINEST][9906][            MonitorListenerImpl.handleInvocation()] Condition OK, process monitoring event [group=Accounting name=CreateReservation]
[2016-02-01 00:17:41,508][FINEST][9906][MethodResultMonitorListenerImpl.methodInvocation()] Method Result Monitoring event received [class=com.inewcs.crce.accounting.persistence.impl.ReservationDaoImpl method=save execTime=null]
[2016-02-01 00:17:41,514][FINEST][9906][            MonitorListenerImpl.methodInvocation()] Monitoring event received [class=com.inewcs.crce.contextsharing.persistent.DatabaseContextSharing method=updateContext execTime=5.68]
[2016-02-01 00:17:41,514][FINEST][9906][            MonitorListenerImpl.handleInvocation()] Condition OK, process monitoring event [group=ContextDB name=Update]
[2016-02-01 00:17:41,515][FINEST][9906][MethodResultMonitorListenerImpl.methodInvocation()] Method Result Monitoring event received [class=com.inewcs.crce.contextsharing.persistent.DatabaseContextSharing method=updateContext execTime=null]
[2016-02-01 00:17:41,519][FINEST][9906][            MonitorListenerImpl.methodInvocation()] Monitoring event received [class=com.inewcs.crce.apps.data.impl.DataApplicationImpl method=continueReservation execTime=85.976]
[2016-02-01 00:17:41,519][FINEST][9906][            MonitorListenerImpl.handleInvocation()] Condition OK, process monitoring event [group=Data name=Continue]
[2016-02-01 00:17:41,519][FINEST][9906][MethodResultMonitorListenerImpl.methodInvocation()] Method Result Monitoring event received [class=com.inewcs.crce.apps.data.impl.DataApplicationImpl method=continueReservation execTime=DataContinueResponse [reservationResponse=DataReservationResponse [header=[sessionId=4621462415592134149, sessionBeginTimeStamp=Mon Feb 01 00:17:35 UTC 2016, chargingType=REGULAR], grantedTime=900000, grantedUnits=102400, lastSegment=true, reservationId=R195550T1454286761473@1748305252912610~-8033818618575262947, reservedAccounts=[Account: id=195551, amount=12120, unitId=61], responseCode=OK], chargedAccounts=[Account: id=195551, amount=87880, unitId=61]]]
[2016-02-01 00:17:41,519][  FINE][108][               SchedulerServiceImpl.scheduleOnce()] Scheduling a one-time job [job=JobData [group=195550, name=expiryNotification.mainAccount_1_day], at=3/31/16 12:17 AM]
[2016-02-01 00:17:41,520][  INFO][9906][                     TraceInterceptorImpl.invoke()] continueReservation(...): DataContinueResponse [reservationResponse=DataReservationResponse [header=[sessionId=4621462415592134149, sessionBeginTimeStamp=Mon Feb 01 00:17:35 UTC 2016, chargingType=REGULAR], grantedTime=900000, grantedUnits=102400, lastSegment=true, reservationId=R195550T1454286761473@1748305252912610~-8033818618575262947, reservedAccounts=[Account: id=195551, amount=12120, unitId=61], responseCode=OK], chargedAccounts=[Account: id=195551, amount=87880, unitId=61]] [86ms]
[2016-02-01 00:17:41,521][FINEST][9906][            MonitorListenerImpl.methodInvocation()] Monitoring event received [class=com.tryge.negret.gw.icca.data.DataMessageListener method=getProducingTime execTime=0.013]
[2016-02-01 00:17:41,522][FINEST][9906][MethodResultMonitorListenerImpl.methodInvocation()] Method Result Monitoring event received [class=com.tryge.negret.gw.icca.data.DataMessageListener method=getProducingTime execTime=2]
[2016-02-01 00:17:41,522][FINEST][9906][MethodResultMonitorListenerImpl.handleInvocation()] Condition OK, process monitoring event [group=Data name=ProducingTime]
[2016-02-01 00:17:41,522][FINEST][9906][            MonitorListenerImpl.methodInvocation()] Monitoring event received [class=com.tryge.negret.gw.icca.data.DataMessageListener method=getBrokerTime execTime=0.007]
[2016-02-01 00:17:41,522][FINEST][9906][MethodResultMonitorListenerImpl.methodInvocation()] Method Result Monitoring event received [class=com.tryge.negret.gw.icca.data.DataMessageListener method=getBrokerTime execTime=0]
[2016-02-01 00:17:41,523][FINEST][9906][MethodResultMonitorListenerImpl.handleInvocation()] Condition OK, process monitoring event [group=Data name=BrokerTime]
[2016-02-01 00:17:41,524][FINEST][9906][            MonitorListenerImpl.methodInvocation()] Monitoring event received [class=com.tryge.negret.gw.icca.data.DataMessageListener method=getConsumingTime execTime=0.008]
[2016-02-01 00:17:41,524][FINEST][9906][MethodResultMonitorListenerImpl.methodInvocation()] Method Result Monitoring event received [class=com.tryge.negret.gw.icca.data.DataMessageListener method=getConsumingTime execTime=96]
[2016-02-01 00:17:41,524][FINEST][9906][MethodResultMonitorListenerImpl.handleInvocation()] Condition OK, process monitoring event [group=Data name=ConsumingTime]
[2016-02-01 00:17:41,524][FINEST][9906][            MonitorListenerImpl.methodInvocation()] Monitoring event received [class=com.tryge.negret.gw.icca.common.IccaMessageListener method=onMessage execTime=92.33]
[2016-02-01 00:17:41,524][FINEST][9906][            MonitorListenerImpl.handleInvocation()] Condition OK, process monitoring event [group=IccaGateway name=onMessage]
[2016-02-01 00:17:41,525][FINEST][9906][MethodResultMonitorListenerImpl.methodInvocation()] Method Result Monitoring event received [class=com.tryge.negret.gw.icca.common.IccaMessageListener method=onMessage execTime=null]
[2016-02-01 00:17:41,525][FINEST][9906][            MonitorListenerImpl.methodInvocation()] Monitoring event received [class=com.tryge.negret.gw.icca.common.IccaMessageListener method=onMessage execTime=93.045]
[2016-02-01 00:17:41,525][FINEST][9906][            MonitorListenerImpl.handleInvocation()] Condition OK, process monitoring event [group=IccaGateway name=onMessage]
[2016-02-01 00:17:41,525][FINEST][9906][MethodResultMonitorListenerImpl.methodInvocation()] Method Result Monitoring event received [class=com.tryge.negret.gw.icca.common.IccaMessageListener method=onMessage execTime=null]
[2016-02-01 00:17:41,536][  INFO][108][      AccountNotificationListener.accountChanged()] Scheduled main account exiry notification [subscriber=195,550, expires=4/1/16 12:17 AM, notification=MainAccountExpiryNotification::[notification=ExpiryNotification::[expiryOffset=86400000, expiryUnit=ms, parentNotification=none], jobClass=AccountExpiryNotificationJob, jobName=expiryNotification.mainAccount_1_day]]
[2016-02-01 00:17:41,536][FINEST][108][                  AccountChangeHook.eventOccured()] Calling listener for account change: com.inewcs.crce.plugins.notifications.accounts.AccountBalanceNotificationListener
[2016-02-01 00:17:41,537][FINEST][108][AccountBalanceNotificationListener.accountChanged()] Checking account notifications [subscriberId=195550]
[2016-02-01 00:17:41,537][FINEST][108][                   AccountQuotaEvaluator.applies()] Notification not applicable for the currency [notification=crce.data.mb.quota.100.used, currencyGroup=DATA]
[2016-02-01 00:17:41,538][FINEST][108][                   AccountQuotaEvaluator.applies()] Notification not applicable for the currency [notification=crce.sms.quota.100.used, currencyGroup=SMS]
[2016-02-01 00:17:41,538][FINEST][108][                   AccountQuotaEvaluator.applies()] Notification not applicable for the currency [notification=crce.voice.quota.100.used, currencyGroup=VOICE]
[2016-02-01 00:17:41,540][FINEST][108][                  TransactionalQueryExecutor.run()] Opening a new database transaction [thread=108]
[2016-02-01 00:17:41,543][FINEST][108][                  TransactionalQueryExecutor.run()] Committed the transaction [thread=108]
[2016-02-01 00:17:41,544][FINEST][108][            MonitorListenerImpl.methodInvocation()] Monitoring event received [class=com.tryge.negret.db.impl.TransactionalQueryExecutor method=execute execTime=3.678]
[2016-02-01 00:17:41,544][FINEST][108][            MonitorListenerImpl.handleInvocation()] Condition OK, process monitoring event [group=CoreDB name=Read]
[2016-02-01 00:17:41,544][FINEST][108][MethodResultMonitorListenerImpl.methodInvocation()] Method Result Monitoring event received [class=com.tryge.negret.db.impl.TransactionalQueryExecutor method=execute execTime=[SubscriberAccount [id=195551, subscriberId=195550, balance=12120, initialBalance=100000, currencyId=101000, categoryId=1, typeId=1, expires=2016-04-01 00:17:35.313, lastReset=2016-02-01 00:17:29.993]]]
[2016-02-01 00:17:41,545][FINEST][108][            MonitorListenerImpl.methodInvocation()] Monitoring event received [class=com.inewcs.crce.accounting.persistence.impl.AccountDaoImpl method=loadDescriptors execTime=4.868]
[2016-02-01 00:17:41,545][FINEST][108][            MonitorListenerImpl.handleInvocation()] Condition OK, process monitoring event [group=Accounting name=Lookup]
[2016-02-01 00:17:41,545][FINEST][108][MethodResultMonitorListenerImpl.methodInvocation()] Method Result Monitoring event received [class=com.inewcs.crce.accounting.persistence.impl.AccountDaoImpl method=loadDescriptors execTime=[SubscriberAccount [id=195551, subscriberId=195550, balance=12120, initialBalance=100000, currencyId=101000, categoryId=1, typeId=1, expires=2016-04-01 00:17:35.313, lastReset=2016-02-01 00:17:29.993]]]
[2016-02-01 00:17:41,546][ FINER][108][                     AbstractAccountManager.load()] Loading acount from descriptor [accountId=195,551, subscriberId=195,550]
[2016-02-01 00:17:41,546][FINEST][108][            ReservationStoreImpl.getReservations()] Loading all reservations from database [subscriberId=195,550]
[2016-02-01 00:17:41,546][FINEST][108][                  TransactionalQueryExecutor.run()] Opening a new database transaction [thread=108]
[2016-02-01 00:17:41,549][FINEST][108][                  TransactionalQueryExecutor.run()] Committed the transaction [thread=108]
[2016-02-01 00:17:41,549][FINEST][108][            MonitorListenerImpl.methodInvocation()] Monitoring event received [class=com.tryge.negret.db.impl.TransactionalQueryExecutor method=execute execTime=2.848]
[2016-02-01 00:17:41,549][FINEST][108][            MonitorListenerImpl.handleInvocation()] Condition OK, process monitoring event [group=CoreDB name=Read]
[2016-02-01 00:17:41,550][FINEST][108][MethodResultMonitorListenerImpl.methodInvocation()] Method Result Monitoring event received [class=com.tryge.negret.db.impl.TransactionalQueryExecutor method=execute execTime=[com.inewcs.crce.accounting.model.Reservation@44132aae]]
[2016-02-01 00:17:41,550][FINEST][108][            MonitorListenerImpl.methodInvocation()] Monitoring event received [class=com.inewcs.crce.accounting.persistence.impl.ReservationDaoImpl method=getBySubscriber execTime=3.862]
[2016-02-01 00:17:41,550][FINEST][108][            MonitorListenerImpl.handleInvocation()] Condition OK, process monitoring event [group=Accounting name=SelectReservation]
[2016-02-01 00:17:41,550][FINEST][108][MethodResultMonitorListenerImpl.methodInvocation()] Method Result Monitoring event received [class=com.inewcs.crce.accounting.persistence.impl.ReservationDaoImpl method=getBySubscriber execTime=[Lcom.inewcs.crce.accounting.model.Reservation;@41eee88]
[2016-02-01 00:17:41,551][ FINER][108][     PrepaidAccountManager.createRealtimeAccount()] Detected first account usage [accountId=195,551, subscriberId=195,550, expiryDate=4/1/16 12:17 AM]
[2016-02-01 00:17:41,553][FINEST][108][                  AccountQuotaEvaluator.evaluate()] Account summary of 1 account(s) is [summary=[currentBalance=12120, initialBalance=100000, ratio=0.1212]]
[2016-02-01 00:17:41,554][FINEST][481][                    NotificationSenderImpl$2.run()] Sending notification to subscriber [subscriberId=195,550, msisdn=43667725900, notification=AccountQuotaNotification [name=crce.credit.low.balance, amount=0.01212, currency=Euro, expiry=Fri Apr 01 00:17:35 UTC 2016]]
[2016-02-01 00:17:41,555][WARNING][481][                    NotificationSenderImpl$2.run()] Failed to send subscriber notification [subscriberId=195550, msisdn=43667725900]
java.lang.reflect.UndeclaredThrowableException
	at com.sun.proxy.$Proxy85.send(Unknown Source)
	at com.inewcs.crce.plugins.notifications.service.impl.NotificationSenderImpl$2.run(NotificationSenderImpl.java:184)
	at java.util.concurrent.Executors$RunnableAdapter.call(Executors.java:471)
	at java.util.concurrent.FutureTask.run(FutureTask.java:262)
	at java.util.concurrent.ThreadPoolExecutor.runWorker(ThreadPoolExecutor.java:1145)
	at java.util.concurrent.ThreadPoolExecutor$Worker.run(ThreadPoolExecutor.java:615)
	at java.lang.Thread.run(Thread.java:745)
Caused by: java.lang.reflect.InvocationTargetException
	at sun.reflect.GeneratedMethodAccessor575.invoke(Unknown Source)
	at sun.reflect.DelegatingMethodAccessorImpl.invoke(DelegatingMethodAccessorImpl.java:43)
	at java.lang.reflect.Method.invoke(Method.java:606)
	at com.inewcs.crce.integration.impl.IntegrationImpl$ClassLoaderSwitchingInvocationHandler.invoke(IntegrationImpl.java:62)
	... 7 more
Caused by: java.lang.IndexOutOfBoundsException: Index: 0, Size: 0
	at java.util.ArrayList.rangeCheck(ArrayList.java:635)
	at java.util.ArrayList.get(ArrayList.java:411)
	at com.inewcs.remoting.balancers.FairPlayBalancer.selectLocator(Unknown Source)
	at com.inewcs.remoting.ClusteredTransporterClient.invoke(Unknown Source)
	at com.sun.proxy.$Proxy85.send(Unknown Source)
	... 11 more
[2016-02-01 00:17:41,558][ FINER][108][                      TransparentProperties.bind()] Binding transparent properties: com.tryge.negret.profiler.impl.facets.NotificationData@176057e0
[2016-02-01 00:17:41,566][FINEST][108][                  AccountChangeHook.eventOccured()] Calling listener for account change: com.inewcs.crce.tariffs.service.TariffAccountListener
[2016-02-01 00:17:48,669][  INFO][9906][                     TraceInterceptorImpl.invoke()] continueReservation(DataContinueRequest [header=[sessionId=4621462415592134149, sessionBeginTimeStamp=Mon Feb 01 00:17:35 UTC 2016, chargingType=REGULAR], reservationId=R195550T1454286761473@1748305252912610~-8033818618575262947, accumulatedData=3072000, accumulatedDuration=13380, bearerType=GPRS, imsi=232201667725900, subscriberId=null, callingParty=43667725900, calledParty=null, suppressNumber=false, startTime=Mon Feb 01 00:17:35 UTC 2016, location=43667, roaming=false, referenceNumber=1879912368, apn=wapaccess.mtel.at, ratingGroup=100, strategy=PESSIMISTIC, usedUnits=3072000, usedTime=0, trafficType=data])
[2016-02-01 00:17:48,674][FINEST][9906][            MonitorListenerImpl.methodInvocation()] Monitoring event received [class=com.inewcs.crce.contextsharing.persistent.DatabaseContextSharing method=selectContext execTime=4.394]
[2016-02-01 00:17:48,675][FINEST][9906][            MonitorListenerImpl.handleInvocation()] Condition OK, process monitoring event [group=ContextDB name=Select]
[2016-02-01 00:17:48,676][FINEST][9906][MethodResultMonitorListenerImpl.methodInvocation()] Method Result Monitoring event received [class=com.inewcs.crce.contextsharing.persistent.DatabaseContextSharing method=selectContext execTime=com.inewcs.crce.contextsharing.persistent.DatabaseSharedContext@798cb8d8]
[2016-02-01 00:17:48,680][FINEST][9906][                         LifeCycleResolver.touch()] Checking subsriber state transitions [subscriberId=195,550]
[2016-02-01 00:17:48,681][FINEST][9906][                     CountersFacetResolver.touch()] Checking if there are counters to delete [subscriberId=195,550, msisdn=43667725900]
[2016-02-01 00:17:48,681][FINEST][9906][                  TariffSubscriberListener.touch()] Checking subscribers tariff state [subscriberId=195,550]
[2016-02-01 00:17:48,688][FINEST][9906][            MonitorListenerImpl.methodInvocation()] Monitoring event received [class=com.tryge.negret.profiler.impl.SubscriberPeerImpl method=getSubscriberById execTime=10.887]
[2016-02-01 00:17:48,688][FINEST][9906][            MonitorListenerImpl.handleInvocation()] Condition OK, process monitoring event [group=Profiler name=Lookup]
[2016-02-01 00:17:48,688][FINEST][9906][MethodResultMonitorListenerImpl.methodInvocation()] Method Result Monitoring event received [class=com.tryge.negret.profiler.impl.SubscriberPeerImpl method=getSubscriberById execTime=com.tryge.negret.profiler.model.SubscriberImpl@47db09c1]
[2016-02-01 00:17:48,689][FINEST][9906][            ReservationStoreImpl.getReservations()] Loading all reservations from database [subscriberId=195,550]
[2016-02-01 00:17:48,689][FINEST][9906][                  TransactionalQueryExecutor.run()] Opening a new database transaction [thread=9,906]
[2016-02-01 00:17:48,692][FINEST][9906][                  TransactionalQueryExecutor.run()] Committed the transaction [thread=9,906]
[2016-02-01 00:17:48,692][FINEST][9906][            MonitorListenerImpl.methodInvocation()] Monitoring event received [class=com.tryge.negret.db.impl.TransactionalQueryExecutor method=execute execTime=3.022]
[2016-02-01 00:17:48,692][FINEST][9906][            MonitorListenerImpl.handleInvocation()] Condition OK, process monitoring event [group=CoreDB name=Read]
[2016-02-01 00:17:48,693][FINEST][9906][MethodResultMonitorListenerImpl.methodInvocation()] Method Result Monitoring event received [class=com.tryge.negret.db.impl.TransactionalQueryExecutor method=execute execTime=[com.inewcs.crce.accounting.model.Reservation@5d2a13b9]]
[2016-02-01 00:17:48,693][FINEST][9906][            MonitorListenerImpl.methodInvocation()] Monitoring event received [class=com.inewcs.crce.accounting.persistence.impl.ReservationDaoImpl method=getBySubscriber execTime=4.195]
[2016-02-01 00:17:48,693][FINEST][9906][            MonitorListenerImpl.handleInvocation()] Condition OK, process monitoring event [group=Accounting name=SelectReservation]
[2016-02-01 00:17:48,694][FINEST][9906][MethodResultMonitorListenerImpl.methodInvocation()] Method Result Monitoring event received [class=com.inewcs.crce.accounting.persistence.impl.ReservationDaoImpl method=getBySubscriber execTime=[Lcom.inewcs.crce.accounting.model.Reservation;@55fbaadf]
[2016-02-01 00:17:48,694][  FINE][9906][             DataCommitClosure.commitReservation()] Commiting session part [unchargedUnits=2,048,000, unchargedTime=13,380, charged=1,024,000, overage=1,945,600, sessionId=4621462415592134149]
[2016-02-01 00:17:48,694][FINEST][9906][                     ConsumeAction.commitPartial()] Partially commiting the reservation [subscriberId=195,550, reservationId=R195550T1454286761473@1748305252912610~-8033818618575262947, tuples=[8788@195551[61]]]
[2016-02-01 00:17:48,695][FINEST][9906][                        AccountStoreImpl.getById()] Loading the account by id [subscriberId=195,550, accountId=195,551]
[2016-02-01 00:17:48,695][WARNING][9906][                AccountStoreImpl.loadDescriptors()] Cached descriptors expired [subscriberId=195550]
[2016-02-01 00:17:48,695][FINEST][9906][                AccountStoreImpl.releaseAccounts()] Releasing the cached accounts for subscriber [subscriberId=195550, actionId=null]
[2016-02-01 00:17:48,695][FINEST][9906][                AccountStoreImpl.loadDescriptors()] Loading descriptors from database [subscriberId=195,550, actionId=-2061545807]
[2016-02-01 00:17:48,696][FINEST][9906][                  TransactionalQueryExecutor.run()] Opening a new database transaction [thread=9,906]
[2016-02-01 00:17:48,699][FINEST][9906][                  TransactionalQueryExecutor.run()] Committed the transaction [thread=9,906]
[2016-02-01 00:17:48,699][FINEST][9906][            MonitorListenerImpl.methodInvocation()] Monitoring event received [class=com.tryge.negret.db.impl.TransactionalQueryExecutor method=execute execTime=3.312]
[2016-02-01 00:17:48,699][FINEST][9906][            MonitorListenerImpl.handleInvocation()] Condition OK, process monitoring event [group=CoreDB name=Read]
[2016-02-01 00:17:48,700][FINEST][9906][MethodResultMonitorListenerImpl.methodInvocation()] Method Result Monitoring event received [class=com.tryge.negret.db.impl.TransactionalQueryExecutor method=execute execTime=[SubscriberAccount [id=195551, subscriberId=195550, balance=12120, initialBalance=100000, currencyId=101000, categoryId=1, typeId=1, expires=2016-04-01 00:17:35.313, lastReset=2016-02-01 00:17:29.993]]]
[2016-02-01 00:17:48,700][FINEST][9906][            MonitorListenerImpl.methodInvocation()] Monitoring event received [class=com.inewcs.crce.accounting.persistence.impl.AccountDaoImpl method=loadDescriptors execTime=4.541]
[2016-02-01 00:17:48,700][FINEST][9906][            MonitorListenerImpl.handleInvocation()] Condition OK, process monitoring event [group=Accounting name=Lookup]
[2016-02-01 00:17:48,701][FINEST][9906][MethodResultMonitorListenerImpl.methodInvocation()] Method Result Monitoring event received [class=com.inewcs.crce.accounting.persistence.impl.AccountDaoImpl method=loadDescriptors execTime=[SubscriberAccount [id=195551, subscriberId=195550, balance=12120, initialBalance=100000, currencyId=101000, categoryId=1, typeId=1, expires=2016-04-01 00:17:35.313, lastReset=2016-02-01 00:17:29.993]]]
[2016-02-01 00:17:48,701][ FINER][9906][                     AbstractAccountManager.load()] Loading acount from descriptor [accountId=195,551, subscriberId=195,550]
[2016-02-01 00:17:48,701][FINEST][9906][            ReservationStoreImpl.getReservations()] Loading all reservations from database [subscriberId=195,550]
[2016-02-01 00:17:48,702][FINEST][9906][                  TransactionalQueryExecutor.run()] Opening a new database transaction [thread=9,906]
[2016-02-01 00:17:48,704][FINEST][9906][                  TransactionalQueryExecutor.run()] Committed the transaction [thread=9,906]
[2016-02-01 00:17:48,705][FINEST][9906][            MonitorListenerImpl.methodInvocation()] Monitoring event received [class=com.tryge.negret.db.impl.TransactionalQueryExecutor method=execute execTime=2.991]
[2016-02-01 00:17:48,705][FINEST][9906][            MonitorListenerImpl.handleInvocation()] Condition OK, process monitoring event [group=CoreDB name=Read]
[2016-02-01 00:17:48,705][FINEST][9906][MethodResultMonitorListenerImpl.methodInvocation()] Method Result Monitoring event received [class=com.tryge.negret.db.impl.TransactionalQueryExecutor method=execute execTime=[com.inewcs.crce.accounting.model.Reservation@61751f00]]
[2016-02-01 00:17:48,706][FINEST][9906][            MonitorListenerImpl.methodInvocation()] Monitoring event received [class=com.inewcs.crce.accounting.persistence.impl.ReservationDaoImpl method=getBySubscriber execTime=4.114]
[2016-02-01 00:17:48,706][FINEST][9906][            MonitorListenerImpl.handleInvocation()] Condition OK, process monitoring event [group=Accounting name=SelectReservation]
[2016-02-01 00:17:48,706][FINEST][9906][MethodResultMonitorListenerImpl.methodInvocation()] Method Result Monitoring event received [class=com.inewcs.crce.accounting.persistence.impl.ReservationDaoImpl method=getBySubscriber execTime=[Lcom.inewcs.crce.accounting.model.Reservation;@3f19ef90]
[2016-02-01 00:17:48,706][ FINER][9906][     PrepaidAccountManager.createRealtimeAccount()] Detected first account usage [accountId=195,551, subscriberId=195,550, expiryDate=4/1/16 12:17 AM]
[2016-02-01 00:17:48,707][  INFO][9906][             DataCommitClosure.commitReservation()] Charges: sessionId=4621462415592134149, [ChargedInfo [account=195551, amount=8788, unit=61, descriptor=15831640]]
[2016-02-01 00:17:48,707][FINEST][9906][    CostControlServiceImpl.updateCostLimitStatus()] Updating cost control limit status [subscriberId=195,550, trafficType=DATA, zoneType=HPLMN]
[2016-02-01 00:17:48,710][FINEST][9906][            CostControlCountersService$2.execute()] Incrementing cost control counter [subscriberId=195,550, trafficType=ALL, zoneType=ALL, chargedUnits=8,788]
[2016-02-01 00:17:48,711][ FINER][9906][                      TransparentProperties.bind()] Binding transparent properties: com.tryge.negret.profiler.impl.facets.CountersData@3752722e
[2016-02-01 00:17:48,712][FINEST][9003][CostControlNotificationListener.onCostLimitStatusIncreased()] Checking cost control notifications for status change [subscriberId=195,550]
[2016-02-01 00:17:48,712][FINEST][9003][CostControlNotificationListener.onCostLimitStatusIncreased()] Calculating cost control notification threshold [subscriberId=195,550, oldUsedUnits=87,880, newUsedUnits=96,668, threashold=15,000,000]
[2016-02-01 00:17:48,712][FINEST][9003][CostControlNotificationListener.onCostLimitStatusIncreased()] Calculating cost control notification threshold [subscriberId=195,550, oldUsedUnits=87,880, newUsedUnits=96,668, threashold=20,000,000]
[2016-02-01 00:17:48,715][ FINER][9906][                    RateplanPeerImpl.getRateplan()] Getting the rateplan for key: a1ta.m:tel/101001/data
[2016-02-01 00:17:48,716][  FINE][9906][                                DataRater.<init>()] DataRater initialized [subscriberId=195,550, transferredUnits=1,945,600, duration=6,143, setup=false, ratingGroup=100]
[2016-02-01 00:17:48,716][ FINER][9906][                   RatingGroupClauseImpl$1.check()] Executing rating group filter: 1
[2016-02-01 00:17:48,716][ FINER][9906][                   RatingGroupClauseImpl$1.check()] Executing rating group filter: 2
[2016-02-01 00:17:48,716][ FINER][9906][      BasicSessionFeatureFactoryImpl.newInstance()] Executing session feature: 1010010000020
[2016-02-01 00:17:48,717][ FINER][9906][                   CompiledRatingFilter.rateData()] Executing rating filter for session request [filterId=1,010,010,000,291]
[2016-02-01 00:17:48,717][ FINER][9906][                                   DataRater.add()] Try rating [setup=true, begin=0, duration=0, price=0, perPeriod=0, currency=MB Data, durationMillis=6143]
[2016-02-01 00:17:48,717][FINEST][9906][                                  DataRater.rate()] Charging setup fee [setupPeriod=0B, setupPrice=0]
[2016-02-01 00:17:48,717][ FINER][9906][                                   DataRater.add()] Try rating [setup=false, begin=0, duration=0, price=1024, perPeriod=1024, currency=MB Data, durationMillis=6143]
[2016-02-01 00:17:48,718][FINEST][9906][                                  DataRater.rate()] Charging segment part [transferredUnits=1,945,600, alreadyGranted=0, segmentSize=1,024, segmentPrice=1,024, numberOfSegments=1,900]
[2016-02-01 00:17:48,718][FINEST][9906][                AccountStoreImpl.loadDescriptors()] Loading descriptors from cache [subscriberId=195550, actionId=-2061545807]
[2016-02-01 00:17:48,718][ FINER][9906][      BasicSessionFeatureFactoryImpl.newInstance()] Executing session feature: 1010010000021
[2016-02-01 00:17:48,718][ FINER][9906][                   CompiledRatingFilter.rateData()] Executing rating filter for session request [filterId=1,010,010,000,292]
[2016-02-01 00:17:48,719][ FINER][9906][                                   DataRater.add()] Try rating [setup=true, begin=0, duration=0, price=0, perPeriod=0, currency=Euro, durationMillis=6143]
[2016-02-01 00:17:48,719][ FINER][9906][                                   DataRater.add()] Try rating [setup=false, begin=0, duration=0, price=4394, perPeriod=51200, currency=Euro, durationMillis=6143]
[2016-02-01 00:17:48,719][FINEST][9906][                                  DataRater.rate()] Charging segment part [transferredUnits=1,945,600, alreadyGranted=0, segmentSize=51,200, segmentPrice=4,394, numberOfSegments=38]
[2016-02-01 00:17:48,719][FINEST][9906][                AccountStoreImpl.loadDescriptors()] Loading descriptors from cache [subscriberId=195550, actionId=-2061545807]
[2016-02-01 00:17:48,720][FINEST][9906][                         DataRater.updateAccount()] Store account data [subscriber=195,550 balance=3,332 currency=Euro unlimited=false expiry=1/31/17 12:17 AM]
[2016-02-01 00:17:48,720][FINEST][9906][                DataChargingStrategy.newResponse()] Charging action: charge
grantPart=DataRatingPart: begin=1454285855000, transferredData=1945600, grantedUnits=0, grantedTime=900000
[2016-02-01 00:17:48,721][  FINE][9906][             DataCommitClosure.chargeOverageData()] Charged overage data [volume=1945600, charges=[]]
[2016-02-01 00:17:48,721][FINEST][9906][         CostControlServiceImpl.costLimitReached()] Checking cost control limit [subscriberId=195,550, trafficType=DATA, zoneType=HPLMN]
[2016-02-01 00:17:48,721][ FINER][9906][                    RateplanPeerImpl.getRateplan()] Getting the rateplan for key: a1ta.m:tel/101001/data
[2016-02-01 00:17:48,722][FINEST][9906][                     ReservationStoreImpl.create()] Creating a reservation [subscriberId=195,550, reservation=InternalReservationImpl{id='R195550T1454286768722@1748312501385354~-2433217247863935261', subscriberId=195550, expires=1454286768722, reservedAt=1454285868722, reservation=[]}]
[2016-02-01 00:17:48,722][  FINE][9906][                                DataRater.<init>()] DataRater initialized [subscriberId=195,550, transferredUnits=5,242,880, duration=13,380, setup=true, ratingGroup=100]
[2016-02-01 00:17:48,722][ FINER][9906][                   RatingGroupClauseImpl$1.check()] Executing rating group filter: 1
[2016-02-01 00:17:48,723][ FINER][9906][                   RatingGroupClauseImpl$1.check()] Executing rating group filter: 2
[2016-02-01 00:17:48,723][ FINER][9906][      BasicSessionFeatureFactoryImpl.newInstance()] Executing session feature: 1010010000020
[2016-02-01 00:17:48,723][ FINER][9906][                   CompiledRatingFilter.rateData()] Executing rating filter for session request [filterId=1,010,010,000,291]
[2016-02-01 00:17:48,723][ FINER][9906][                                   DataRater.add()] Try rating [setup=true, begin=0, duration=0, price=0, perPeriod=0, currency=MB Data, durationMillis=13380]
[2016-02-01 00:17:48,724][ FINER][9906][                                   DataRater.add()] Try rating [setup=false, begin=0, duration=0, price=1024, perPeriod=1024, currency=MB Data, durationMillis=13380]
[2016-02-01 00:17:48,724][FINEST][9906][     DataConfigurationServiceImpl.getGrantedData()] Configuration item not found
[2016-02-01 00:17:48,724][FINEST][9906][                                  DataRater.rate()] Charging segment part [transferredUnits=5,242,880, alreadyGranted=0, segmentSize=1,024, segmentPrice=1,024, numberOfSegments=5,120]
[2016-02-01 00:17:48,724][FINEST][9906][                AccountStoreImpl.loadDescriptors()] Loading descriptors from cache [subscriberId=195550, actionId=-2061545807]
[2016-02-01 00:17:48,725][  FINE][9906][                                DataRater.<init>()] DataRater initialized [subscriberId=195,550, transferredUnits=5,242,880, duration=913,380, setup=true, ratingGroup=100]
[2016-02-01 00:17:48,725][ FINER][9906][                   CompiledRatingFilter.rateData()] Executing rating filter for session request [filterId=1,010,010,000,291]
[2016-02-01 00:17:48,725][ FINER][9906][                                   DataRater.add()] Try rating [setup=true, begin=0, duration=0, price=0, perPeriod=0, currency=MB Data, durationMillis=913380]
[2016-02-01 00:17:48,725][ FINER][9906][                                   DataRater.add()] Try rating [setup=false, begin=0, duration=0, price=1024, perPeriod=1024, currency=MB Data, durationMillis=913380]
[2016-02-01 00:17:48,726][FINEST][9906][                                  DataRater.rate()] Charging segment part [transferredUnits=5,242,880, alreadyGranted=0, segmentSize=1,024, segmentPrice=1,024, numberOfSegments=5,120]
[2016-02-01 00:17:48,726][FINEST][9906][                AccountStoreImpl.loadDescriptors()] Loading descriptors from cache [subscriberId=195550, actionId=-2061545807]
[2016-02-01 00:17:48,726][ FINER][9906][      BasicSessionFeatureFactoryImpl.newInstance()] Executing session feature: 1010010000021
[2016-02-01 00:17:48,726][ FINER][9906][                   CompiledRatingFilter.rateData()] Executing rating filter for session request [filterId=1,010,010,000,292]
[2016-02-01 00:17:48,727][ FINER][9906][                                   DataRater.add()] Try rating [setup=true, begin=0, duration=0, price=0, perPeriod=0, currency=Euro, durationMillis=13380]
[2016-02-01 00:17:48,727][ FINER][9906][                                   DataRater.add()] Try rating [setup=false, begin=0, duration=0, price=4394, perPeriod=51200, currency=Euro, durationMillis=13380]
[2016-02-01 00:17:48,727][FINEST][9906][     DataConfigurationServiceImpl.getGrantedData()] Configuration item not found
[2016-02-01 00:17:48,727][FINEST][9906][                                  DataRater.rate()] Charging segment part [transferredUnits=5,242,880, alreadyGranted=0, segmentSize=51,200, segmentPrice=4,394, numberOfSegments=103]
[2016-02-01 00:17:48,728][FINEST][9906][                AccountStoreImpl.loadDescriptors()] Loading descriptors from cache [subscriberId=195550, actionId=-2061545807]
[2016-02-01 00:17:48,728][FINEST][9906][                         DataRater.updateAccount()] Store account data [subscriber=195,550 balance=3,332 currency=Euro unlimited=false expiry=1/31/17 12:17 AM]
[2016-02-01 00:17:48,728][ FINER][9906][                   CompiledRatingFilter.rateData()] Executing rating filter for session request [filterId=1,010,010,000,292]
[2016-02-01 00:17:48,729][ FINER][9906][                                   DataRater.add()] Try rating [setup=true, begin=0, duration=0, price=0, perPeriod=0, currency=Euro, durationMillis=913380]
[2016-02-01 00:17:48,729][ FINER][9906][                                   DataRater.add()] Try rating [setup=false, begin=0, duration=0, price=4394, perPeriod=51200, currency=Euro, durationMillis=913380]
[2016-02-01 00:17:48,729][FINEST][9906][                                  DataRater.rate()] Charging segment part [transferredUnits=5,242,880, alreadyGranted=0, segmentSize=51,200, segmentPrice=4,394, numberOfSegments=103]
[2016-02-01 00:17:48,729][FINEST][9906][                AccountStoreImpl.loadDescriptors()] Loading descriptors from cache [subscriberId=195550, actionId=-2061545807]
[2016-02-01 00:17:48,730][FINEST][9906][                         DataRater.updateAccount()] Store account data [subscriber=195,550 balance=3,332 currency=Euro unlimited=false expiry=1/31/17 12:17 AM]
[2016-02-01 00:17:48,730][FINEST][9906][                DataChargingStrategy.newResponse()] Charging action: reserve
grantPart=DataRatingPart: begin=1454285868662, transferredData=3072000, grantedUnits=0, grantedTime=900000
[2016-02-01 00:17:48,731][FINEST][9906][                  TransactionalQueryExecutor.run()] Opening a new database transaction [thread=9,906]
[2016-02-01 00:17:48,731][FINEST][9906][                            AccountDaoImpl.flush()] Flushing account [id=195,551, balance=3,332]
[2016-02-01 00:17:48,733][FINEST][9906][            MonitorListenerImpl.methodInvocation()] Monitoring event received [class=com.inewcs.crce.accounting.persistence.impl.AccountDaoImpl method=flush execTime=1.893]
[2016-02-01 00:17:48,734][FINEST][9906][            MonitorListenerImpl.handleInvocation()] Condition OK, process monitoring event [group=Accounting name=Flush]
[2016-02-01 00:17:48,734][FINEST][9906][MethodResultMonitorListenerImpl.methodInvocation()] Method Result Monitoring event received [class=com.inewcs.crce.accounting.persistence.impl.AccountDaoImpl method=flush execTime=null]
[2016-02-01 00:17:48,734][FINEST][9906][            MonitorListenerImpl.methodInvocation()] Monitoring event received [class=com.tryge.negret.db.impl.TransactionalQueryExecutor method=execute execTime=2.735]
[2016-02-01 00:17:48,735][FINEST][9906][            MonitorListenerImpl.handleInvocation()] Condition OK, process monitoring event [group=CoreDB name=Write]
[2016-02-01 00:17:48,735][FINEST][9906][MethodResultMonitorListenerImpl.methodInvocation()] Method Result Monitoring event received [class=com.tryge.negret.db.impl.TransactionalQueryExecutor method=execute execTime=null]
[2016-02-01 00:17:48,736][FINEST][9906][                  TransactionalQueryExecutor.run()] Committed the transaction [thread=9,906]
[2016-02-01 00:17:48,737][FINEST][9906][            MonitorListenerImpl.methodInvocation()] Monitoring event received [class=com.tryge.negret.db.impl.TransactionalQueryExecutor method=execute execTime=5.984]
[2016-02-01 00:17:48,737][FINEST][9906][            MonitorListenerImpl.handleInvocation()] Condition OK, process monitoring event [group=CoreDB name=Write]
[2016-02-01 00:17:48,737][FINEST][9906][MethodResultMonitorListenerImpl.methodInvocation()] Method Result Monitoring event received [class=com.tryge.negret.db.impl.TransactionalQueryExecutor method=execute execTime=null]
[2016-02-01 00:17:48,738][ FINER][9906][                    ReservationStoreImpl.discard()] Discarding reservation [reservationId=R195550T1454286761473@1748305252912610~-8033818618575262947]
[2016-02-01 00:17:48,738][FINEST][9906][                  TransactionalQueryExecutor.run()] Opening a new database transaction [thread=9,906]
[2016-02-01 00:17:48,741][FINEST][9906][                  TransactionalQueryExecutor.run()] Committed the transaction [thread=9,906]
[2016-02-01 00:17:48,741][FINEST][9906][            MonitorListenerImpl.methodInvocation()] Monitoring event received [class=com.tryge.negret.db.impl.TransactionalQueryExecutor method=execute execTime=2.98]
[2016-02-01 00:17:48,741][FINEST][9906][            MonitorListenerImpl.handleInvocation()] Condition OK, process monitoring event [group=CoreDB name=Read]
[2016-02-01 00:17:48,742][FINEST][9906][MethodResultMonitorListenerImpl.methodInvocation()] Method Result Monitoring event received [class=com.tryge.negret.db.impl.TransactionalQueryExecutor method=execute execTime=1]
[2016-02-01 00:17:48,742][FINEST][9906][            MonitorListenerImpl.methodInvocation()] Monitoring event received [class=com.inewcs.crce.accounting.persistence.impl.ReservationDaoImpl method=delete execTime=4.267]
[2016-02-01 00:17:48,743][FINEST][9906][            MonitorListenerImpl.handleInvocation()] Condition OK, process monitoring event [group=Accounting name=DeleteReservation]
[2016-02-01 00:17:48,743][FINEST][9906][MethodResultMonitorListenerImpl.methodInvocation()] Method Result Monitoring event received [class=com.inewcs.crce.accounting.persistence.impl.ReservationDaoImpl method=delete execTime=null]
[2016-02-01 00:17:48,743][  FINE][108][                  AccountChangeHook.eventOccured()] Received event: AccountChangeEvent [type=3, subscriberId=195550, timestamp=1454285868743, transactionId=43d1264e-1951-4906-81fd-eb393e228b67]
[2016-02-01 00:17:48,743][FINEST][108][                  AccountChangeHook.eventOccured()] Calling listener for account change: com.inewcs.crce.plugins.datacontrol.impl.DataControlTimerListener
[2016-02-01 00:17:48,743][FINEST][108][                  AccountChangeHook.eventOccured()] Calling listener for account change: com.inewcs.crce.emergencyloan.service.impl.EmergencyLoanRepaymentAccountListener
[2016-02-01 00:17:48,744][  FINE][108][EmergencyLoanRepaymentAccountListener.accountChanged()] Received accountChanged event for account id 195,551
[2016-02-01 00:17:48,744][FINEST][108][                  AccountChangeHook.eventOccured()] Calling listener for account change: com.inewcs.crce.integration.diameter.impl.listeners.DiameterReauthAccountListener
[2016-02-01 00:17:48,744][FINEST][108][                  AccountChangeHook.eventOccured()] Calling listener for account change: com.inewcs.crce.plugins.accountlimit.AccountChangeLimitListener
[2016-02-01 00:17:48,744][FINEST][108][       AccountChangeLimitListener.accountChanged()] Checking account limit [subscriberId=195550, remainingBalance=3332]
[2016-02-01 00:17:48,744][FINEST][108][       AccountChangeLimitListener.accountChanged()] Account limit not set for subscriber [subscriberId=195550]
[2016-02-01 00:17:48,745][FINEST][108][                  AccountChangeHook.eventOccured()] Calling listener for account change: com.inewcs.crce.plugins.notifications.accounts.AccountNotificationListener
[2016-02-01 00:17:48,745][  INFO][108][      AccountNotificationListener.accountChanged()] Not a main account or no expiry change happened [subscriber=195,550, account=com.inewcs.crce.accounting.services.impl.ReadOnlyAccountProxy@7826e617]
[2016-02-01 00:17:48,745][FINEST][108][                  AccountChangeHook.eventOccured()] Calling listener for account change: com.inewcs.crce.plugins.notifications.accounts.AccountBalanceNotificationListener
[2016-02-01 00:17:48,745][FINEST][108][AccountBalanceNotificationListener.accountChanged()] Checking account notifications [subscriberId=195550]
[2016-02-01 00:17:48,745][FINEST][108][                   AccountQuotaEvaluator.applies()] Notification not applicable for the currency [notification=crce.data.mb.quota.100.used, currencyGroup=DATA]
[2016-02-01 00:17:48,745][FINEST][108][                   AccountQuotaEvaluator.applies()] Notification not applicable for the currency [notification=crce.sms.quota.100.used, currencyGroup=SMS]
[2016-02-01 00:17:48,745][FINEST][108][                   AccountQuotaEvaluator.applies()] Notification not applicable for the currency [notification=crce.voice.quota.100.used, currencyGroup=VOICE]
[2016-02-01 00:17:48,746][FINEST][108][                  AccountQuotaEvaluator.evaluate()] Notification already sent [notification=crce.credit.low.balance]
[2016-02-01 00:17:48,746][FINEST][108][                   AccountQuotaEvaluator.applies()] Notification not applicable for the currency [notification=crce.Data.10MB.remaining, currencyId=101,003]
[2016-02-01 00:17:48,746][FINEST][108][                   AccountQuotaEvaluator.applies()] Notification not applicable for the currency [notification=crce.DataMB.10MB.remaining, currencyId=101,006]
[2016-02-01 00:17:48,746][FINEST][108][                   AccountQuotaEvaluator.applies()] Notification not applicable for the currency [notification=crce.AUTminutes.quota.100.used, currencyId=101,005]
[2016-02-01 00:17:48,746][FINEST][108][                   AccountQuotaEvaluator.applies()] Notification not applicable for the currency [notification=crce.AUTSMS.quota.100.used, currencyId=101,002]
[2016-02-01 00:17:48,747][FINEST][108][                   AccountQuotaEvaluator.applies()] Notification not applicable for the currency [notification=crce.TSGminutes.quota.100.used, currencyId=101,001]
[2016-02-01 00:17:48,747][FINEST][108][                   AccountQuotaEvaluator.applies()] Notification not applicable for the currency [notification=crce.TSGSMS.quota.100.used, currencyId=101,004]
[2016-02-01 00:17:48,747][FINEST][108][                   AccountQuotaEvaluator.applies()] Notification not applicable for the currency [notification=crce.AUTminutes.10minutes.remaining, currencyId=101,005]
[2016-02-01 00:17:48,747][FINEST][108][                   AccountQuotaEvaluator.applies()] Notification not applicable for the currency [notification=crce.TSGminutes.10minutes.remaining, currencyId=101,001]
[2016-02-01 00:17:48,747][FINEST][108][                   AccountQuotaEvaluator.applies()] Notification not applicable for the currency [notification=crce.AUTSMS.10sms.remaining, currencyId=101,002]
[2016-02-01 00:17:48,748][FINEST][108][                   AccountQuotaEvaluator.applies()] Notification not applicable for the currency [notification=crce.TSGSMS.10sms.remaining, currencyId=101,004]
[2016-02-01 00:17:48,748][FINEST][108][                  AccountChangeHook.eventOccured()] Calling listener for account change: com.inewcs.crce.tariffs.service.TariffAccountListener
[2016-02-01 00:17:48,752][FINEST][9906][            MonitorListenerImpl.methodInvocation()] Monitoring event received [class=com.inewcs.crce.contextsharing.persistent.DatabaseContextSharing method=updateContext execTime=4.259]
[2016-02-01 00:17:48,753][FINEST][9906][            MonitorListenerImpl.handleInvocation()] Condition OK, process monitoring event [group=ContextDB name=Update]
[2016-02-01 00:17:48,754][FINEST][9906][MethodResultMonitorListenerImpl.methodInvocation()] Method Result Monitoring event received [class=com.inewcs.crce.contextsharing.persistent.DatabaseContextSharing method=updateContext execTime=null]
[2016-02-01 00:17:48,756][FINEST][9906][            MonitorListenerImpl.methodInvocation()] Monitoring event received [class=com.inewcs.crce.apps.data.impl.DataApplicationImpl method=continueReservation execTime=86.276]
[2016-02-01 00:17:48,756][FINEST][9906][            MonitorListenerImpl.handleInvocation()] Condition OK, process monitoring event [group=Data name=Continue]
[2016-02-01 00:17:48,757][FINEST][9906][MethodResultMonitorListenerImpl.methodInvocation()] Method Result Monitoring event received [class=com.inewcs.crce.apps.data.impl.DataApplicationImpl method=continueReservation execTime=DataContinueResponse [reservationResponse=DataReservationResponse [header=[sessionId=4621462415592134149, sessionBeginTimeStamp=Mon Feb 01 00:17:35 UTC 2016, chargingType=REGULAR], grantedTime=900000, grantedUnits=0, lastSegment=true, reservationId=R195550T1454286768722@1748312501385354~-2433217247863935261, reservedAccounts=[], responseCode=INSUFFICIENT_FUNDS], chargedAccounts=[Account: id=195551, amount=8788, unitId=61]]]
[2016-02-01 00:17:48,757][  INFO][9906][                     TraceInterceptorImpl.invoke()] continueReservation(...): DataContinueResponse [reservationResponse=DataReservationResponse [header=[sessionId=4621462415592134149, sessionBeginTimeStamp=Mon Feb 01 00:17:35 UTC 2016, chargingType=REGULAR], grantedTime=900000, grantedUnits=0, lastSegment=true, reservationId=R195550T1454286768722@1748312501385354~-2433217247863935261, reservedAccounts=[], responseCode=INSUFFICIENT_FUNDS], chargedAccounts=[Account: id=195551, amount=8788, unitId=61]] [87ms]
[2016-02-01 00:17:48,758][FINEST][9906][            MonitorListenerImpl.methodInvocation()] Monitoring event received [class=com.tryge.negret.gw.icca.data.DataMessageListener method=getProducingTime execTime=0.011]
[2016-02-01 00:17:48,759][FINEST][9906][MethodResultMonitorListenerImpl.methodInvocation()] Method Result Monitoring event received [class=com.tryge.negret.gw.icca.data.DataMessageListener method=getProducingTime execTime=3]
[2016-02-01 00:17:48,759][FINEST][9906][MethodResultMonitorListenerImpl.handleInvocation()] Condition OK, process monitoring event [group=Data name=ProducingTime]
[2016-02-01 00:17:48,760][FINEST][9906][            MonitorListenerImpl.methodInvocation()] Monitoring event received [class=com.tryge.negret.gw.icca.data.DataMessageListener method=getBrokerTime execTime=0.011]
[2016-02-01 00:17:48,760][FINEST][9906][MethodResultMonitorListenerImpl.methodInvocation()] Method Result Monitoring event received [class=com.tryge.negret.gw.icca.data.DataMessageListener method=getBrokerTime execTime=0]
[2016-02-01 00:17:48,761][FINEST][9906][MethodResultMonitorListenerImpl.handleInvocation()] Condition OK, process monitoring event [group=Data name=BrokerTime]
[2016-02-01 00:17:48,761][FINEST][9906][            MonitorListenerImpl.methodInvocation()] Monitoring event received [class=com.tryge.negret.gw.icca.data.DataMessageListener method=getConsumingTime execTime=0.009]
[2016-02-01 00:17:48,762][FINEST][9906][MethodResultMonitorListenerImpl.methodInvocation()] Method Result Monitoring event received [class=com.tryge.negret.gw.icca.data.DataMessageListener method=getConsumingTime execTime=95]
[2016-02-01 00:17:48,762][FINEST][9906][MethodResultMonitorListenerImpl.handleInvocation()] Condition OK, process monitoring event [group=Data name=ConsumingTime]
[2016-02-01 00:17:48,762][FINEST][9906][            MonitorListenerImpl.methodInvocation()] Monitoring event received [class=com.tryge.negret.gw.icca.common.IccaMessageListener method=onMessage execTime=92.959]
[2016-02-01 00:17:48,762][FINEST][9906][            MonitorListenerImpl.handleInvocation()] Condition OK, process monitoring event [group=IccaGateway name=onMessage]
[2016-02-01 00:17:48,763][FINEST][9906][MethodResultMonitorListenerImpl.methodInvocation()] Method Result Monitoring event received [class=com.tryge.negret.gw.icca.common.IccaMessageListener method=onMessage execTime=null]
[2016-02-01 00:17:48,763][FINEST][9906][            MonitorListenerImpl.methodInvocation()] Monitoring event received [class=com.tryge.negret.gw.icca.common.IccaMessageListener method=onMessage execTime=93.823]
[2016-02-01 00:17:48,763][FINEST][9906][            MonitorListenerImpl.handleInvocation()] Condition OK, process monitoring event [group=IccaGateway name=onMessage]
[2016-02-01 00:17:48,764][FINEST][9906][MethodResultMonitorListenerImpl.methodInvocation()] Method Result Monitoring event received [class=com.tryge.negret.gw.icca.common.IccaMessageListener method=onMessage execTime=null]