2015-12-04 01:12:28,930 WARN  [SoapUI] Missing folder [/opt/robot/robotworkspace/bulk_execution_scripts/mTel/ext] for external libraries
2015-12-04 01:12:28,931 INFO  [DefaultSoapUICore] Creating new settings at [/root/soapui-settings.xml]
2015-12-04 01:12:30,862 INFO  [WsdlProject] Loaded project from [file:/opt/robot/robotworkspace/libs/global-keyword-resources/crce-subscriberadmin/robot_crce_bridge-soapui-project.xml]
2015-12-04 01:12:30,884 INFO  [SoapUITestCaseRunner] Setting project property [crceHost] to [10.105.121.159]
2015-12-04 01:12:30,884 INFO  [SoapUITestCaseRunner] Setting project property [crcePort] to [8080]
2015-12-04 01:12:30,884 INFO  [SoapUITestCaseRunner] Setting project property [crceWebservicesBasePath] to [/inew-mvno-crce-webservices/]
2015-12-04 01:12:30,884 INFO  [SoapUITestCaseRunner] Setting project property [HighLevelOps.createTestSubscribers.input.amount] to [2]
2015-12-04 01:12:30,884 INFO  [SoapUITestCaseRunner] Setting project property [HighLevelOps.createTestSubscribers.input.imsiRangeStart] to [232201667770900]
2015-12-04 01:12:30,885 INFO  [SoapUITestCaseRunner] Setting project property [HighLevelOps.createTestSubscribers.input.msisdnRangeStart] to [43667770900]
2015-12-04 01:12:30,885 INFO  [SoapUITestCaseRunner] Setting project property [HighLevelOps.createTestSubscribers.input.type] to [PREPAID]
2015-12-04 01:12:30,885 INFO  [SoapUITestCaseRunner] Setting project property [HighLevelOps.createTestSubscribers.input.languageid] to [1]
2015-12-04 01:12:30,885 INFO  [SoapUITestCaseRunner] Setting project property [HighLevelOps.createTestSubscribers.input.tariffId] to [101001]
2015-12-04 01:12:30,885 INFO  [SoapUITestCaseRunner] Setting project property [HighLevelOps.createTestSubscribers.input.balance] to [10000000]
2015-12-04 01:12:30,886 INFO  [SoapUITestCaseRunner] Running SoapUI tests in project [Robotframework_CRCE-Bridge]
2015-12-04 01:12:30,886 INFO  [SoapUITestCaseRunner] Running TestCase [createTestSubscribers]
2015-12-04 01:12:30,898 INFO  [SoapUITestCaseRunner] Running SoapUI testcase [createTestSubscribers]
2015-12-04 01:12:30,906 INFO  [SoapUITestCaseRunner] running step [init_repeat_counter]
2015-12-04 01:12:31,503 INFO  [SoapUITestCaseRunner] running step [01_init_next_subscriber]
2015-12-04 01:12:31,567 INFO  [SoapUITestCaseRunner] running step [getSubscriberProfileByImsi]
2015-12-04 01:12:31,990 INFO  [SoapUITestCaseRunner] Assertion [SOAP Response] has status VALID
2015-12-04 01:12:31,991 INFO  [SoapUITestCaseRunner] Assertion [Schema Compliance] has status UNKNOWN
2015-12-04 01:12:31,996 INFO  [SoapUITestCaseRunner] Assertion [Not SOAP Fault] has status VALID
2015-12-04 01:12:31,997 INFO  [SoapUITestCaseRunner] running step [cancel_on_SOAP_error]
2015-12-04 01:12:32,129 INFO  [SoapUITestCaseRunner] running step [transfer_response_values]
2015-12-04 01:12:32,474 INFO  [SoapUITestCaseRunner] running step [cancel_on_CRCE_error_OR_skip_delete_on_UnknownSubscriber]
2015-12-04 01:12:32,501 INFO  [SoapUITestCaseRunner] running step [deleteSubscriber]
2015-12-04 01:12:32,583 INFO  [SoapUITestCaseRunner] Assertion [SOAP Response] has status VALID
2015-12-04 01:12:32,583 INFO  [SoapUITestCaseRunner] Assertion [Schema Compliance] has status UNKNOWN
2015-12-04 01:12:32,583 INFO  [SoapUITestCaseRunner] Assertion [Not SOAP Fault] has status VALID
2015-12-04 01:12:32,583 INFO  [SoapUITestCaseRunner] running step [2nd_cancel_on_SOAP_error]
2015-12-04 01:12:32,618 INFO  [SoapUITestCaseRunner] running step [2nd_transfer_response_values]
2015-12-04 01:12:32,621 INFO  [SoapUITestCaseRunner] running step [cancel_on_deletion_error]
2015-12-04 01:12:32,671 INFO  [SoapUITestCaseRunner] running step [02_createSubscriber]
2015-12-04 01:12:32,692 INFO  [SoapUITestCaseRunner] Assertion [SOAP Response] has status VALID
2015-12-04 01:12:32,692 INFO  [SoapUITestCaseRunner] Assertion [Schema Compliance] has status UNKNOWN
2015-12-04 01:12:32,693 INFO  [SoapUITestCaseRunner] Assertion [Not SOAP Fault] has status VALID
2015-12-04 01:12:32,693 INFO  [SoapUITestCaseRunner] running step [3rd_cancel_on_SOAP_error]
2015-12-04 01:12:32,766 INFO  [SoapUITestCaseRunner] running step [3rd_transfer_response_values]
2015-12-04 01:12:32,777 INFO  [SoapUITestCaseRunner] running step [cancel_on_create_error]
2015-12-04 01:12:32,824 INFO  [SoapUITestCaseRunner] running step [activateSubscriber]
2015-12-04 01:12:32,859 INFO  [SoapUITestCaseRunner] Assertion [SOAP Response] has status VALID
2015-12-04 01:12:32,859 INFO  [SoapUITestCaseRunner] Assertion [Schema Compliance] has status UNKNOWN
2015-12-04 01:12:32,859 INFO  [SoapUITestCaseRunner] Assertion [Not SOAP Fault] has status VALID
2015-12-04 01:12:32,860 INFO  [SoapUITestCaseRunner] running step [4th_cancel_on_SOAP_error]
2015-12-04 01:12:32,902 INFO  [SoapUITestCaseRunner] running step [4th_transfer_response_values]
2015-12-04 01:12:32,905 INFO  [SoapUITestCaseRunner] running step [cancel_on_activate_error]
2015-12-04 01:12:32,927 INFO  [SoapUITestCaseRunner] running step [getMainAccount]
2015-12-04 01:12:32,948 INFO  [SoapUITestCaseRunner] Assertion [SOAP Response] has status VALID
2015-12-04 01:12:32,948 INFO  [SoapUITestCaseRunner] Assertion [Schema Compliance] has status UNKNOWN
2015-12-04 01:12:32,948 INFO  [SoapUITestCaseRunner] Assertion [Not SOAP Fault] has status VALID
2015-12-04 01:12:32,948 INFO  [SoapUITestCaseRunner] running step [5th_cancel_on_SOAP_error]
2015-12-04 01:12:32,982 INFO  [SoapUITestCaseRunner] running step [5th_transfer_response_values]
2015-12-04 01:12:32,992 INFO  [SoapUITestCaseRunner] running step [cancel_on_getmainaccount_error]
2015-12-04 01:12:33,018 INFO  [SoapUITestCaseRunner] running step [setBalance]
2015-12-04 01:12:33,050 INFO  [SoapUITestCaseRunner] Assertion [SOAP Response] has status VALID
2015-12-04 01:12:33,050 INFO  [SoapUITestCaseRunner] Assertion [Schema Compliance] has status UNKNOWN
2015-12-04 01:12:33,050 INFO  [SoapUITestCaseRunner] Assertion [Not SOAP Fault] has status VALID
2015-12-04 01:12:33,050 INFO  [SoapUITestCaseRunner] running step [6th_cancel_on_SOAP_error]
2015-12-04 01:12:33,087 INFO  [SoapUITestCaseRunner] running step [6th_transfer_response_values]
2015-12-04 01:12:33,092 INFO  [SoapUITestCaseRunner] running step [cancel_on_setbalance_error]
2015-12-04 01:12:33,117 INFO  [SoapUITestCaseRunner] running step [repeat_01_amount_times]
2015-12-04 01:12:33,155 INFO  [SoapUITestCaseRunner] running step [01_init_next_subscriber]
2015-12-04 01:12:33,157 INFO  [SoapUITestCaseRunner] running step [getSubscriberProfileByImsi]
2015-12-04 01:12:33,175 INFO  [SoapUITestCaseRunner] Assertion [SOAP Response] has status VALID
2015-12-04 01:12:33,175 INFO  [SoapUITestCaseRunner] Assertion [Schema Compliance] has status UNKNOWN
2015-12-04 01:12:33,175 INFO  [SoapUITestCaseRunner] Assertion [Not SOAP Fault] has status VALID
2015-12-04 01:12:33,175 INFO  [SoapUITestCaseRunner] running step [cancel_on_SOAP_error]
2015-12-04 01:12:33,176 INFO  [SoapUITestCaseRunner] running step [transfer_response_values]
2015-12-04 01:12:33,188 INFO  [SoapUITestCaseRunner] running step [cancel_on_CRCE_error_OR_skip_delete_on_UnknownSubscriber]
2015-12-04 01:12:33,189 INFO  [SoapUITestCaseRunner] running step [deleteSubscriber]
2015-12-04 01:12:33,242 INFO  [SoapUITestCaseRunner] Assertion [SOAP Response] has status VALID
2015-12-04 01:12:33,243 INFO  [SoapUITestCaseRunner] Assertion [Schema Compliance] has status UNKNOWN
2015-12-04 01:12:33,243 INFO  [SoapUITestCaseRunner] Assertion [Not SOAP Fault] has status VALID
2015-12-04 01:12:33,243 INFO  [SoapUITestCaseRunner] running step [2nd_cancel_on_SOAP_error]
2015-12-04 01:12:33,243 INFO  [SoapUITestCaseRunner] running step [2nd_transfer_response_values]
2015-12-04 01:12:33,246 INFO  [SoapUITestCaseRunner] running step [cancel_on_deletion_error]
2015-12-04 01:12:33,247 INFO  [SoapUITestCaseRunner] running step [02_createSubscriber]
2015-12-04 01:12:33,261 INFO  [SoapUITestCaseRunner] Assertion [SOAP Response] has status VALID
2015-12-04 01:12:33,261 INFO  [SoapUITestCaseRunner] Assertion [Schema Compliance] has status UNKNOWN
2015-12-04 01:12:33,262 INFO  [SoapUITestCaseRunner] Assertion [Not SOAP Fault] has status VALID
2015-12-04 01:12:33,262 INFO  [SoapUITestCaseRunner] running step [3rd_cancel_on_SOAP_error]
2015-12-04 01:12:33,262 INFO  [SoapUITestCaseRunner] running step [3rd_transfer_response_values]
2015-12-04 01:12:33,267 INFO  [SoapUITestCaseRunner] running step [cancel_on_create_error]
2015-12-04 01:12:33,268 INFO  [SoapUITestCaseRunner] running step [activateSubscriber]
2015-12-04 01:12:33,292 INFO  [SoapUITestCaseRunner] Assertion [SOAP Response] has status VALID
2015-12-04 01:12:33,292 INFO  [SoapUITestCaseRunner] Assertion [Schema Compliance] has status UNKNOWN
2015-12-04 01:12:33,292 INFO  [SoapUITestCaseRunner] Assertion [Not SOAP Fault] has status VALID
2015-12-04 01:12:33,293 INFO  [SoapUITestCaseRunner] running step [4th_cancel_on_SOAP_error]
2015-12-04 01:12:33,293 INFO  [SoapUITestCaseRunner] running step [4th_transfer_response_values]
2015-12-04 01:12:33,296 INFO  [SoapUITestCaseRunner] running step [cancel_on_activate_error]
2015-12-04 01:12:33,296 INFO  [SoapUITestCaseRunner] running step [getMainAccount]
2015-12-04 01:12:33,320 INFO  [SoapUITestCaseRunner] Assertion [SOAP Response] has status VALID
2015-12-04 01:12:33,320 INFO  [SoapUITestCaseRunner] Assertion [Schema Compliance] has status UNKNOWN
2015-12-04 01:12:33,320 INFO  [SoapUITestCaseRunner] Assertion [Not SOAP Fault] has status VALID
2015-12-04 01:12:33,320 INFO  [SoapUITestCaseRunner] running step [5th_cancel_on_SOAP_error]
2015-12-04 01:12:33,320 INFO  [SoapUITestCaseRunner] running step [5th_transfer_response_values]
2015-12-04 01:12:33,330 INFO  [SoapUITestCaseRunner] running step [cancel_on_getmainaccount_error]
2015-12-04 01:12:33,331 INFO  [SoapUITestCaseRunner] running step [setBalance]
2015-12-04 01:12:33,364 INFO  [SoapUITestCaseRunner] Assertion [SOAP Response] has status VALID
2015-12-04 01:12:33,364 INFO  [SoapUITestCaseRunner] Assertion [Schema Compliance] has status UNKNOWN
2015-12-04 01:12:33,364 INFO  [SoapUITestCaseRunner] Assertion [Not SOAP Fault] has status VALID
2015-12-04 01:12:33,364 INFO  [SoapUITestCaseRunner] running step [6th_cancel_on_SOAP_error]
2015-12-04 01:12:33,364 INFO  [SoapUITestCaseRunner] running step [6th_transfer_response_values]
2015-12-04 01:12:33,370 INFO  [SoapUITestCaseRunner] running step [cancel_on_setbalance_error]
2015-12-04 01:12:33,371 INFO  [SoapUITestCaseRunner] running step [repeat_01_amount_times]
2015-12-04 01:12:33,372 INFO  [SoapUITestCaseRunner] running step [finish_successful]
2015-12-04 01:12:33,439 INFO  [log] HighLevelOps.createTestSubscribers.output.resultCode=OK
2015-12-04 01:12:33,439 INFO  [SoapUITestCaseRunner] Finished running SoapUI testcase [createTestSubscribers], time taken: 2485ms, status: FINISHED
2015-12-04 01:12:33,440 INFO  [SoapUITestCaseRunner] TestCase [createTestSubscribers] finished with status [FINISHED] in 2485ms
